TMS320C6x COFF Assembler         Version 4.10     Thu Mar 21 16:23:52 2024
Copyright (c) 1996-2001 Texas Instruments Incorporated
temp\interrupt.asm                                                   PAGE    1

       1                    ;******************************************************************************
       2                    ;* TMS320C6x ANSI C Codegen                                      Version 4.10 *
       3                    ;* Date/Time created: Thu Mar 21 16:23:52 2024                                *
       4                    ;******************************************************************************
       5                    
       6                    ;******************************************************************************
       7                    ;* GLOBAL FILE PARAMETERS                                                     *
       8                    ;*                                                                            *
       9                    ;*   Architecture      : TMS320C670x                                          *
      10                    ;*   Optimization      : Disabled                                             *
      11                    ;*   Optimizing for    : Compile time, Ease of Development                    *
      12                    ;*                       Based on options: no -o, no -ms                      *
      13                    ;*   Endian            : Little                                               *
      14                    ;*   Interrupt Thrshld : Disabled                                             *
      15                    ;*   Memory Model      : Large                                                *
      16                    ;*   Calls to RTS      : Far                                                  *
      17                    ;*   Pipelining        : Disabled                                             *
      18                    ;*   Memory Aliases    : Presume are aliases (pessimistic)                    *
      19                    ;*   Debug Info        : No Debug Info                                        *
      20                    ;*                                                                            *
      21                    ;******************************************************************************
      22                    
      23                            .asg    A15, FP
      24                            .asg    B14, DP
      25                            .asg    B15, SP
      26                            .global $bss
      27                    
      28                    
      29 00000000                   .sect   ".cinit"
      30                            .align  8
      31 00000000 00000004          .field          4,32
      32 00000004 00000000-         .field          _prevErr+0,32
      33 00000008 00000000          .word   000000000h              ; _prevErr @ 0
      34 00000000                   .sect   ".text"
      35                            .global _prevErr
      36 00000000           _prevErr:       .usect  .far,4,4
      37                    
      38 0000000c                   .sect   ".cinit"
      39                            .align  8
      40 00000010 00000004          .field          4,32
      41 00000014 00000004-         .field          _sumErr+0,32
      42 00000018 00000000          .word   000000000h              ; _sumErr @ 0
      43 00000000                   .sect   ".text"
      44                            .global _sumErr
      45 00000004           _sumErr:        .usect  .far,4,4
      46                    
      47 0000001c                   .sect   ".cinit"
      48                            .align  8
      49 00000020 00000004          .field          4,32
      50 00000024 00000008-         .field          _timerCheckCnt+0,32
      51 00000028 00000000          .field          0,32                    ; _timerCheckCnt @ 0
      52 00000000                   .sect   ".text"
      53                            .global _timerCheckCnt
      54 00000008           _timerCheckCnt: .usect  .far,4,4
      55                    
TMS320C6x COFF Assembler         Version 4.10     Thu Mar 21 16:23:52 2024
Copyright (c) 1996-2001 Texas Instruments Incorporated
temp\interrupt.asm                                                   PAGE    2

      56 0000002c                   .sect   ".cinit"
      57                            .align  8
      58 00000030 00000004          .field          4,32
      59 00000034 0000000C-         .field          _TFlag+0,32
      60 00000038 00000000          .field          0,32                    ; _TFlag @ 0
      61 00000000                   .sect   ".text"
      62                            .global _TFlag
      63 0000000c           _TFlag: .usect  .far,4,4
      64                    ;       acp6x -q -D_FAR_RTS=1 --large_model=3 --version=6701 -m --i_output_file C:\Users\hge42\AppData
      65 00000000                   .sect   ".text"
      66                            .global _ISRextint4
      67                    
      68                    ;******************************************************************************
      69                    ;* FUNCTION NAME: _ISRextint4                                                 *
      70                    ;*                                                                            *
      71                    ;*   Regs Modified     :                                                      *
      72                    ;*   Regs Used         :                                                      *
      73                    ;*   Local Frame Size  : 0 Args + 0 Auto + 0 Save = 0 byte                    *
      74                    ;******************************************************************************
      75 00000000           _ISRextint4:
      76                    ;** --------------------------------------------------------------------------*
      77 00000000 001800E2             B       .S2     IRP               ; |11| 
      78 00000004 00008000             NOP             5
      79                               ; BRANCH OCCURS                   ; |11| 
      80                    
      81                    
      82 00000008                   .sect   ".text"
      83                            .global _ISRextint5
      84                    
      85                    ;******************************************************************************
      86                    ;* FUNCTION NAME: _ISRextint5                                                 *
      87                    ;*                                                                            *
      88                    ;*   Regs Modified     :                                                      *
      89                    ;*   Regs Used         :                                                      *
      90                    ;*   Local Frame Size  : 0 Args + 0 Auto + 0 Save = 0 byte                    *
      91                    ;******************************************************************************
      92 00000008           _ISRextint5:
      93                    ;** --------------------------------------------------------------------------*
      94 00000008 001800E2             B       .S2     IRP               ; |17| 
      95 0000000c 00008000             NOP             5
      96                               ; BRANCH OCCURS                   ; |17| 
      97                    
      98                    
      99 00000010                   .sect   ".text"
     100                            .global _c_int08
     101                    
     102                    ;******************************************************************************
     103                    ;* FUNCTION NAME: _c_int08                                                    *
     104                    ;*                                                                            *
     105                    ;*   Regs Modified     :                                                      *
     106                    ;*   Regs Used         :                                                      *
     107                    ;*   Local Frame Size  : 0 Args + 0 Auto + 0 Save = 0 byte                    *
     108                    ;******************************************************************************
     109 00000010           _c_int08:
     110                    ;** --------------------------------------------------------------------------*
TMS320C6x COFF Assembler         Version 4.10     Thu Mar 21 16:23:52 2024
Copyright (c) 1996-2001 Texas Instruments Incorporated
temp\interrupt.asm                                                   PAGE    3

     111 00000010 001800E2             B       .S2     IRP               ; |29| 
     112 00000014 00008000             NOP             5
     113                               ; BRANCH OCCURS                   ; |29| 
     114                    
     115                    
     116 00000018                   .sect   ".text"
     117                            .global _c_int09
     118                    
     119                    ;******************************************************************************
     120                    ;* FUNCTION NAME: _c_int09                                                    *
     121                    ;*                                                                            *
     122                    ;*   Regs Modified     :                                                      *
     123                    ;*   Regs Used         :                                                      *
     124                    ;*   Local Frame Size  : 0 Args + 0 Auto + 0 Save = 0 byte                    *
     125                    ;******************************************************************************
     126 00000018           _c_int09:
     127                    ;** --------------------------------------------------------------------------*
     128 00000018 001800E2             B       .S2     IRP               ; |35| 
     129 0000001c 00008000             NOP             5
     130                               ; BRANCH OCCURS                   ; |35| 
     131                    
     132                    
     133 00000020                   .sect   ".text"
     134                            .global _ISRNMI
     135                    
     136                    ;******************************************************************************
     137                    ;* FUNCTION NAME: _ISRNMI                                                     *
     138                    ;*                                                                            *
     139                    ;*   Regs Modified     :                                                      *
     140                    ;*   Regs Used         :                                                      *
     141                    ;*   Local Frame Size  : 0 Args + 0 Auto + 0 Save = 0 byte                    *
     142                    ;******************************************************************************
     143 00000020           _ISRNMI:
     144                    ;** --------------------------------------------------------------------------*
     145 00000020 001800E2             B       .S2     IRP               ; |19| 
     146 00000024 00008000             NOP             5
     147                               ; BRANCH OCCURS                   ; |19| 
     148                    
     149                    
     150 00000028                   .sect   ".text"
     151                            .global _ISRextint6
     152                    
     153                    ;******************************************************************************
     154                    ;* FUNCTION NAME: _ISRextint6                                                 *
     155                    ;*                                                                            *
     156                    ;*   Regs Modified     : A0,A1,A2,A3,A4,A5,A6,A7,A8,A9,B0,B1,B2,B3,B4,B5,B6,  *
     157                    ;*                           B7,B8,B9,SP                                      *
     158                    ;*   Regs Used         : A0,A1,A2,A3,A4,A5,A6,A7,A8,A9,B0,B1,B2,B3,B4,B5,B6,  *
     159                    ;*                           B7,B8,B9,SP                                      *
     160                    ;*   Local Frame Size  : 0 Args + 4 Auto + 84 Save = 88 byte                  *
     161                    ;******************************************************************************
     162 00000028           _ISRextint6:
     163                    ;** --------------------------------------------------------------------------*
     164 00000028 04BED4F6             STW     .D2T2   B9,*SP--(88)      ; |22| 
     165 0000002c 003C62F4             STW     .D2T1   A0,*+SP(12)       ; |22| 
TMS320C6x COFF Assembler         Version 4.10     Thu Mar 21 16:23:52 2024
Copyright (c) 1996-2001 Texas Instruments Incorporated
temp\interrupt.asm                                                   PAGE    4

     166 00000030 03BE82F6             STW     .D2T2   B7,*+SP(80)       ; |22| 
     167 00000034 033E62F6             STW     .D2T2   B6,*+SP(76)       ; |22| 
     168 00000038 02BE42F6             STW     .D2T2   B5,*+SP(72)       ; |22| 
     169 0000003c 023E22F6             STW     .D2T2   B4,*+SP(68)       ; |22| 
     170 00000040 01BE02F6             STW     .D2T2   B3,*+SP(64)       ; |22| 
     171 00000044 013DE2F6             STW     .D2T2   B2,*+SP(60)       ; |22| 
     172 00000048 00BDC2F6             STW     .D2T2   B1,*+SP(56)       ; |22| 
     173 0000004c 003DA2F6             STW     .D2T2   B0,*+SP(52)       ; |22| 
     174 00000050 04BD82F4             STW     .D2T1   A9,*+SP(48)       ; |22| 
     175 00000054 043D62F4             STW     .D2T1   A8,*+SP(44)       ; |22| 
     176 00000058 03BD42F4             STW     .D2T1   A7,*+SP(40)       ; |22| 
     177 0000005c 033D22F4             STW     .D2T1   A6,*+SP(36)       ; |22| 
     178 00000060 02BD02F4             STW     .D2T1   A5,*+SP(32)       ; |22| 
     179 00000064 023CE2F4             STW     .D2T1   A4,*+SP(28)       ; |22| 
     180 00000068 01BCC2F4             STW     .D2T1   A3,*+SP(24)       ; |22| 
     181 0000006c 013CA2F4             STW     .D2T1   A2,*+SP(20)       ; |22| 
     182                    
     183 00000070 00BC82F5             STW     .D2T1   A1,*+SP(16)       ; |22| 
     184 00000074 00000428  ||         MVKL    .S1     0x2000008,A0      ; |25| 
     185                    
     186 00000078 00010069             MVKH    .S1     0x2000008,A0      ; |25| 
     187 0000007c 043EA2F6  ||         STW     .D2T2   B8,*+SP(84)       ; |22| 
     188                    
     189 00000080 00000264             LDW     .D1T1   *A0,A0            ; |25| 
     190 00000084 00006000             NOP             4
     191 00000088 0001E7A0             AND     .S1     15,A0,A0          ; |25| 
     192 0000008c 00802A58             CMPEQ   .L1     A0,1,A1           ; |25| 
     193 00000090 80005710     [ A1]   B       .S1     L8                ; |25| 
     194 00000094 003C22F4             STW     .D2T1   A0,*+SP(4)        ; |25| 
     195 00000098 83BE82E6     [ A1]   LDW     .D2T2   *+SP(80),B7       ; |59| 
     196 0000009c 833E62E6     [ A1]   LDW     .D2T2   *+SP(76),B6       ; |59| 
     197 000000a0 82BE42E6     [ A1]   LDW     .D2T2   *+SP(72),B5       ; |59| 
     198 000000a4 823E22E6     [ A1]   LDW     .D2T2   *+SP(68),B4       ; |59| 
     199                               ; BRANCH OCCURS                   ; |25| 
     200                    ;** --------------------------------------------------------------------------*
     201 000000a8 023C22E6             LDW     .D2T2   *+SP(4),B4        ; |26| 
     202 000000ac 00004000             NOP             3
     203                    ;** --------------------------------------------------------------------------*
     204                    ;**   BEGIN LOOP L1
     205                    ;** --------------------------------------------------------------------------*
     206 000000b0           L1:    
     207 000000b0 00000000             NOP             1
     208 000000b4 00108A5A             CMPEQ   .L2     B4,4,B0           ; |26| 
     209 000000b8 30002510     [!B0]   B       .S1     L3                ; |26| 
     210                    
     211 000000c0 323C22E7     [!B0]   LDW     .D2T2   *+SP(4),B4        ; |38| 
     212 000000c4 20000A28  || [ B0]   MVKL    .S1     0x2000014,A0      ; |27| 
     213                    
     214 000000c8 20010068     [ B0]   MVKH    .S1     0x2000014,A0      ; |27| 
     215 000000cc 20000264     [ B0]   LDW     .D1T1   *A0,A0            ; |27| 
     216 000000d0 00002000             NOP             2
     217                               ; BRANCH OCCURS                   ; |26| 
     218                    ;** --------------------------------------------------------------------------*
     219 000000d4 00002000             NOP             2
     220 000000d8 008027A0             AND     .S1     1,A0,A1           ; |27| 
TMS320C6x COFF Assembler         Version 4.10     Thu Mar 21 16:23:52 2024
Copyright (c) 1996-2001 Texas Instruments Incorporated
temp\interrupt.asm                                                   PAGE    5

     221 000000dc 90004A10     [!A1]   B       .S1     L7                ; |27| 
     222 000000e0 90000428     [!A1]   MVKL    .S1     0x2000008,A0      ; |58| 
     223 000000e4 90010068     [!A1]   MVKH    .S1     0x2000008,A0      ; |58| 
     224                    
     225 000000e8 820428C3     [ A1]   ZERO    .D2     B4                ; |28| 
     226 000000ec 82803E2B! || [ A1]   MVKL    .S2     _compacket+124,B5 ; |28| 
     227 000000f0 90000264  || [!A1]   LDW     .D1T1   *A0,A0            ; |58| 
     228                    
     229 000000f4 8201006A     [ A1]   MVKH    .S2     0x2000000,B4      ; |28| 
     230                    
     231 000000f8 8280006B!    [ A1]   MVKH    .S2     _compacket+124,B5 ; |28| 
     232 000000fc 821002E6  || [ A1]   LDW     .D2T2   *B4,B4            ; |28| 
     233                    
     234                               ; BRANCH OCCURS                   ; |27| 
     235                    ;** --------------------------------------------------------------------------*
     236 00000100 029402E6             LDW     .D2T2   *B5,B5            ; |28| 
     237 00000104 00000000             NOP             1
     238                    ;*----------------------------------------------------------------------------*
     239                    ;*   SOFTWARE PIPELINE INFORMATION
     240                    ;*      Disqualified loop: software pipelining disabled
     241                    ;*----------------------------------------------------------------------------*
     242 00000108           L2:    
     243 00000108 00003E28!            MVKL    .S1     _compacket+124,A0 ; |29| 
     244 0000010c 00000068!            MVKH    .S1     _compacket+124,A0 ; |29| 
     245 00000110 0213180A             EXTU    .S2     B4,24,24,B4       ; |28| 
     246 00000114 021402B6             STB     .D2T2   B4,*B5            ; |28| 
     247 00000118 01800264             LDW     .D1T1   *A0,A3            ; |29| 
     248 0000011c 00000028!            MVKL    .S1     _SendByte,A0      ; |29| 
     249 00000120 00000068!            MVKH    .S1     _SendByte,A0      ; |29| 
     250 00000124 01809C2A'            MVKL    .S2     RL0,B3            ; |29| 
     251 00000128 00001362             B       .S2X    A0                ; |29| 
     252 0000012c 020C0224             LDB     .D1T1   *A3,A4            ; |29| 
     253 00000130 0180006A'            MVKH    .S2     RL0,B3            ; |29| 
     254 00000134 00004000             NOP             3
     255 00000138           RL0:       ; CALL OCCURS                     ; |29| 
     256 00000138 02003E2A!            MVKL    .S2     _compacket+124,B4 ; |30| 
     257 0000013c 0200006A!            MVKH    .S2     _compacket+124,B4 ; |30| 
     258 00000140 021002E6             LDW     .D2T2   *B4,B4            ; |30| 
     259 00000144 000031A8!            MVKL    .S1     _compacket+99,A0  ; |30| 
     260 00000148 00000068!            MVKH    .S1     _compacket+99,A0  ; |30| 
     261 0000014c 00002000             NOP             2
     262 00000150 00901A78             CMPEQ   .L1X    B4,A0,A1          ; |30| 
     263 00000154 92003E2A!    [!A1]   MVKL    .S2     _compacket+124,B4 ; |34| 
     264 00000158 9200006A!    [!A1]   MVKH    .S2     _compacket+124,B4 ; |34| 
     265 0000015c 929002E6     [!A1]   LDW     .D2T2   *B4,B5            ; |34| 
     266 00000160 82003E2A!    [ A1]   MVKL    .S2     _compacket+124,B4 ; |31| 
     267 00000164 80000028!    [ A1]   MVKL    .S1     _compacket,A0     ; |31| 
     268 00000168 8200006A!    [ A1]   MVKH    .S2     _compacket+124,B4 ; |31| 
     269 0000016c 80000068!    [ A1]   MVKH    .S1     _compacket,A0     ; |31| 
     270                    
     271 00000170 02800A2B             MVKL    .S2     0x2000014,B5      ; |36| 
     272 00000174 93142942  || [!A1]   ADD     .D2     1,B5,B6           ; |34| 
     273                    
     274 00000178 931002F6     [!A1]   STW     .D2T2   B6,*B4            ; |34| 
     275                    
TMS320C6x COFF Assembler         Version 4.10     Thu Mar 21 16:23:52 2024
Copyright (c) 1996-2001 Texas Instruments Incorporated
temp\interrupt.asm                                                   PAGE    6

     276 00000180 801002F5     [ A1]   STW     .D2T1   A0,*B4            ; |31| 
     277 00000184 0281006A  ||         MVKH    .S2     0x2000014,B5      ; |36| 
     278                    
     279 00000188 021402E6             LDW     .D2T2   *B5,B4            ; |36| 
     280 0000018c 00006000             NOP             4
     281 00000190 001027A2             AND     .S2     1,B4,B0           ; |36| 
     282 00000194 2FFFF110     [ B0]   B       .S1     L2                ; |36| 
     283                    
     284 00000198 220428C3     [ B0]   ZERO    .D2     B4                ; |28| 
     285 0000019c 22803E2A! || [ B0]   MVKL    .S2     _compacket+124,B5 ; |28| 
     286                    
     287 000001a0 2201006A     [ B0]   MVKH    .S2     0x2000000,B4      ; |28| 
     288                    
     289 000001a4 2280006B!    [ B0]   MVKH    .S2     _compacket+124,B5 ; |28| 
     290 000001a8 221002E6  || [ B0]   LDW     .D2T2   *B4,B4            ; |28| 
     291                    
     292 000001ac 229402E6     [ B0]   LDW     .D2T2   *B5,B5            ; |28| 
     293 000001b0 00000000             NOP             1
     294                               ; BRANCH OCCURS                   ; |36| 
     295                    ;** --------------------------------------------------------------------------*
     296 000001b4 00002E10             B       .S1     L7                ; |37| 
     297 000001b8 00000428             MVKL    .S1     0x2000008,A0      ; |58| 
     298 000001bc 00010068             MVKH    .S1     0x2000008,A0      ; |58| 
     299 000001c0 00000264             LDW     .D1T1   *A0,A0            ; |58| 
     300 000001c4 00002000             NOP             2
     301                               ; BRANCH OCCURS                   ; |37| 
     302                    ;** --------------------------------------------------------------------------*
     303 000001c8           L3:    
     304 000001c8 00104A5A             CMPEQ   .L2     B4,2,B0           ; |38| 
     305 000001cc 30001090     [!B0]   B       .S1     L4                ; |38| 
     306 000001d0 2200642A!    [ B0]   MVKL    .S2     _respacket+200,B4 ; |39| 
     307 000001d4 00004000             NOP             3
     308 000001d8 323C22E6     [!B0]   LDW     .D2T2   *+SP(4),B4        ; |47| 
     309                               ; BRANCH OCCURS                   ; |38| 
     310                    ;** --------------------------------------------------------------------------*
     311 000001dc 0200006A!            MVKH    .S2     _respacket+200,B4 ; |39| 
     312 000001e0 029002E6             LDW     .D2T2   *B4,B5            ; |39| 
     313 000001e4 00006000             NOP             4
     314 000001e8 00140ADA             CMPGT   .L2     B5,0,B0           ; |39| 
     315                    
     316 000001ec 20006629!    [ B0]   MVKL    .S1     _respacket+204,A0 ; |40| 
     317 000001f0 029429C2  ||         SUB     .D2     B5,1,B5           ; |39| 
     318                    
     319 000001f4 20000069!    [ B0]   MVKH    .S1     _respacket+204,A0 ; |40| 
     320 000001f8 029002F6  ||         STW     .D2T2   B5,*B4            ; |39| 
     321                    
     322 000001fc 21800264     [ B0]   LDW     .D1T1   *A0,A3            ; |40| 
     323 00000200 22000028!    [ B0]   MVKL    .S1     _respacket,A4     ; |40| 
     324 00000204 22000068!    [ B0]   MVKH    .S1     _respacket,A4     ; |40| 
     325 00000208 30000228     [!B0]   MVKL    .S1     0x2000004,A0      ; |43| 
     326 0000020c 3200682A!    [!B0]   MVKL    .S2     _respacket+208,B4 ; |44| 
     327 00000210 228C2940     [ B0]   ADD     .D1     1,A3,A5           ; |40| 
     328 00000214 22800274     [ B0]   STW     .D1T1   A5,*A0            ; |40| 
     329                    
     330 00000218 00002011             B       .S1     L6                ; |46| 
TMS320C6x COFF Assembler         Version 4.10     Thu Mar 21 16:23:52 2024
Copyright (c) 1996-2001 Texas Instruments Incorporated
temp\interrupt.asm                                                   PAGE    7

     331 0000021c 200C8A24  || [ B0]   LDB     .D1T1   *+A3[A4],A0       ; |40| 
     332                    
     333 00000220 30010068     [!B0]   MVKH    .S1     0x2000004,A0      ; |43| 
     334 00000224 328000AA     [!B0]   MVK     .S2     1,B5              ; |43| 
     335                    
     336 00000228 328428C3     [!B0]   ZERO    .D2     B5                ; |44| 
     337 0000022c 220840FB  || [ B0]   ZERO    .L2     B4                ; |40| 
     338 00000230 3200006B! || [!B0]   MVKH    .S2     _respacket+208,B4 ; |44| 
     339 00000234 32800276  || [!B0]   STW     .D1T2   B5,*A0            ; |43| 
     340                    
     341 00000238 2201006B     [ B0]   MVKH    .S2     0x2000000,B4      ; |40| 
     342 0000023c 329002F6  || [!B0]   STW     .D2T2   B5,*B4            ; |44| 
     343                    
     344 00000240 201002F4     [ B0]   STW     .D2T1   A0,*B4            ; |40| 
     345                               ; BRANCH OCCURS                   ; |46| 
     346                    ;** --------------------------------------------------------------------------*
     347 00000244           L4:    
     348 00000244 00006000             NOP             4
     349 00000248 00118A5A             CMPEQ   .L2     B4,12,B0          ; |47| 
     350 0000024c 30001810     [!B0]   B       .S1     L6                ; |47| 
     351 00000250 00002000             NOP             2
     352 00000254 20000A28     [ B0]   MVKL    .S1     0x2000014,A0      ; |48| 
     353 00000258 20010068     [ B0]   MVKH    .S1     0x2000014,A0      ; |48| 
     354 0000025c 20000264     [ B0]   LDW     .D1T1   *A0,A0            ; |48| 
     355                               ; BRANCH OCCURS                   ; |47| 
     356                    ;** --------------------------------------------------------------------------*
     357 00000260 00006000             NOP             4
     358 00000264 008027A0             AND     .S1     1,A0,A1           ; |48| 
     359 00000268 90001410     [!A1]   B       .S1     L6                ; |48| 
     360 0000026c 00006000             NOP             4
     361 00000270 820008C2     [ A1]   ZERO    .D2     B4                ; |49| 
     362                               ; BRANCH OCCURS                   ; |48| 
     363                    ;*----------------------------------------------------------------------------*
     364                    ;*   SOFTWARE PIPELINE INFORMATION
     365                    ;*      Disqualified loop: software pipelining disabled
     366                    ;*----------------------------------------------------------------------------*
     367 00000274           L5:    
     368                    
     369 00000274 0201006B             MVKH    .S2     0x2000000,B4      ; |49| 
     370 00000278 00003E28! ||         MVKL    .S1     _compacket+124,A0 ; |49| 
     371                    
     372 00000280 021002E7             LDW     .D2T2   *B4,B4            ; |49| 
     373 00000284 00000068! ||         MVKH    .S1     _compacket+124,A0 ; |49| 
     374                    
     375 00000288 01800264             LDW     .D1T1   *A0,A3            ; |49| 
     376 0000028c 00003E28!            MVKL    .S1     _compacket+124,A0 ; |50| 
     377 00000290 00000068!            MVKH    .S1     _compacket+124,A0 ; |50| 
     378 00000294 00000000             NOP             1
     379 00000298 0213180A             EXTU    .S2     B4,24,24,B4       ; |49| 
     380 0000029c 020C0236             STB     .D1T2   B4,*A3            ; |49| 
     381 000002a0 00000264             LDW     .D1T1   *A0,A0            ; |50| 
     382 000002a4 020031AA!            MVKL    .S2     _compacket+99,B4  ; |50| 
     383 000002a8 0200006A!            MVKH    .S2     _compacket+99,B4  ; |50| 
     384 000002ac 00002000             NOP             2
     385 000002b0 00009A7A             CMPEQ   .L2X    A0,B4,B0          ; |50| 
TMS320C6x COFF Assembler         Version 4.10     Thu Mar 21 16:23:52 2024
Copyright (c) 1996-2001 Texas Instruments Incorporated
temp\interrupt.asm                                                   PAGE    8

     386 000002b4 30003E28!    [!B0]   MVKL    .S1     _compacket+124,A0 ; |54| 
     387 000002b8 30000068!    [!B0]   MVKH    .S1     _compacket+124,A0 ; |54| 
     388 000002bc 32000940     [!B0]   MV      .D1     A0,A4             ; |54| 
     389 000002c0 30100264     [!B0]   LDW     .D1T1   *A4,A0            ; |54| 
     390 000002c4 20003E28!    [ B0]   MVKL    .S1     _compacket+124,A0 ; |51| 
     391 000002c8 2200002A!    [ B0]   MVKL    .S2     _compacket,B4     ; |51| 
     392 000002cc 20000068!    [ B0]   MVKH    .S1     _compacket+124,A0 ; |51| 
     393 000002d0 2200006A!    [ B0]   MVKH    .S2     _compacket,B4     ; |51| 
     394                    
     395 000002d4 00000A29             MVKL    .S1     0x2000014,A0      ; |56| 
     396 000002d8 31802059  || [!B0]   ADD     .L1     1,A0,A3           ; |54| 
     397 000002dc 22000276  || [ B0]   STW     .D1T2   B4,*A0            ; |51| 
     398                    
     399 000002e0 00010069             MVKH    .S1     0x2000014,A0      ; |56| 
     400 000002e4 31900274  || [!B0]   STW     .D1T1   A3,*A4            ; |54| 
     401                    
     402 000002e8 00000264             LDW     .D1T1   *A0,A0            ; |56| 
     403 000002ec 00006000             NOP             4
     404 000002f0 008027A0             AND     .S1     1,A0,A1           ; |56| 
     405 000002f4 8FFFF290     [ A1]   B       .S1     L5                ; |56| 
     406 000002f8 00006000             NOP             4
     407 000002fc 820008C2     [ A1]   ZERO    .D2     B4                ; |49| 
     408                               ; BRANCH OCCURS                   ; |56| 
     409                    ;** --------------------------------------------------------------------------*
     410 00000300           L6:    
     411 00000300 00000428             MVKL    .S1     0x2000008,A0      ; |58| 
     412 00000304 00010068             MVKH    .S1     0x2000008,A0      ; |58| 
     413 00000308 00000264             LDW     .D1T1   *A0,A0            ; |58| 
     414 0000030c 00002000             NOP             2
     415                    ;** --------------------------------------------------------------------------*
     416 00000310           L7:    
     417 00000310 00002000             NOP             2
     418 00000314 0001E7A0             AND     .S1     15,A0,A0          ; |58| 
     419 00000318 00802A58             CMPEQ   .L1     A0,1,A1           ; |58| 
     420 0000031c 9FFFB610     [!A1]   B       .S1     L1                ; |58| 
     421 00000320 003C22F4             STW     .D2T1   A0,*+SP(4)        ; |58| 
     422 00000324 923C22E6     [!A1]   LDW     .D2T2   *+SP(4),B4        ; |26| 
     423 00000328 83BE82E6     [ A1]   LDW     .D2T2   *+SP(80),B7       ; |59| 
     424 0000032c 833E62E6     [ A1]   LDW     .D2T2   *+SP(76),B6       ; |59| 
     425 00000330 82BE42E6     [ A1]   LDW     .D2T2   *+SP(72),B5       ; |59| 
     426                               ; BRANCH OCCURS                   ; |58| 
     427                    ;** --------------------------------------------------------------------------*
     428 00000334 023E22E6             LDW     .D2T2   *+SP(68),B4       ; |59| 
     429                    ;** --------------------------------------------------------------------------*
     430 00000338           L8:    
     431 00000338 01BE02E6             LDW     .D2T2   *+SP(64),B3       ; |59| 
     432 0000033c 013DE2E6             LDW     .D2T2   *+SP(60),B2       ; |59| 
     433 00000340 00BDC2E6             LDW     .D2T2   *+SP(56),B1       ; |59| 
     434 00000344 003DA2E6             LDW     .D2T2   *+SP(52),B0       ; |59| 
     435 00000348 04BD82E4             LDW     .D2T1   *+SP(48),A9       ; |59| 
     436 0000034c 043D62E4             LDW     .D2T1   *+SP(44),A8       ; |59| 
     437 00000350 03BD42E4             LDW     .D2T1   *+SP(40),A7       ; |59| 
     438 00000354 033D22E4             LDW     .D2T1   *+SP(36),A6       ; |59| 
     439 00000358 02BD02E4             LDW     .D2T1   *+SP(32),A5       ; |59| 
     440 0000035c 023CE2E4             LDW     .D2T1   *+SP(28),A4       ; |59| 
TMS320C6x COFF Assembler         Version 4.10     Thu Mar 21 16:23:52 2024
Copyright (c) 1996-2001 Texas Instruments Incorporated
temp\interrupt.asm                                                   PAGE    9

     441 00000360 01BCC2E4             LDW     .D2T1   *+SP(24),A3       ; |59| 
     442 00000364 013CA2E4             LDW     .D2T1   *+SP(20),A2       ; |59| 
     443 00000368 00BC82E4             LDW     .D2T1   *+SP(16),A1       ; |59| 
     444 0000036c 003C62E4             LDW     .D2T1   *+SP(12),A0       ; |59| 
     445                    
     446 00000370 001800E3             B       .S2     IRP               ; |59| 
     447 00000374 043EA2E6  ||         LDW     .D2T2   *+SP(84),B8       ; |59| 
     448                    
     449 00000378 04BED2E6             LDW     .D2T2   *++SP(88),B9      ; |59| 
     450 0000037c 00006000             NOP             4
     451                               ; BRANCH OCCURS                   ; |59| 
     452                    
     453                    
     454 00000380                   .sect   ".text"
     455                            .global _PID
     456                    
     457                    ;******************************************************************************
     458                    ;* FUNCTION NAME: _PID                                                        *
     459                    ;*                                                                            *
     460                    ;*   Regs Modified     : A0,A1,A2,A3,A4,A5,A6,A7,A8,A9,B0,B1,B2,B3,B4,B5,B6,  *
     461                    ;*                           B7,B8,B9,SP                                      *
     462                    ;*   Regs Used         : A0,A1,A2,A3,A4,A5,A6,A7,A8,A9,B0,B1,B2,B3,B4,B5,B6,  *
     463                    ;*                           B7,B8,B9,SP                                      *
     464                    ;*   Local Frame Size  : 0 Args + 16 Auto + 4 Save = 20 byte                  *
     465                    ;******************************************************************************
     466 00000380           _PID:
     467                    ;** --------------------------------------------------------------------------*
     468                    
     469 00000380 0300002B!            MVKL    .S2     _GetAngle,B6      ; |75| 
     470 00000384 001811A0  ||         MV      .S1X    B6,A0             ; |66| 
     471                    
     472 00000388 0300006A!            MVKH    .S2     _GetAngle,B6      ; |75| 
     473 0000038c 00180362             B       .S2     B6                ; |75| 
     474 00000390 01BCD4F6             STW     .D2T2   B3,*SP--(24)      ; |66| 
     475 00000394 033C62F4             STW     .D2T1   A6,*+SP(12)       ; |66| 
     476                    
     477 00000398 023C42F7             STW     .D2T2   B4,*+SP(8)        ; |66| 
     478 0000039c 029011A2  ||         MV      .S2X    A4,B5             ; |66| 
     479                    
     480 000003a0 02BC22F7             STW     .D2T2   B5,*+SP(4)        ; |66| 
     481 000003a4 0181D82A' ||         MVKL    .S2     RL2,B3            ; |75| 
     482                    
     483 000003a8 003C82F5             STW     .D2T1   A0,*+SP(16)       ; |66| 
     484 000003ac 0180006A' ||         MVKH    .S2     RL2,B3            ; |75| 
     485                    
     486 000003b0           RL2:       ; CALL OCCURS                     ; |75| 
     487 000003b0 003C42E4             LDW     .D2T1   *+SP(8),A0        ; |75| 
     488 000003b4 030008C2             ZERO    .D2     B6                ; |82| 
     489 000003b8 00004000             NOP             3
     490 000003bc 02000274             STW     .D1T1   A4,*A0            ; |75| 
     491 000003c0 003C42E4             LDW     .D2T1   *+SP(8),A0        ; |78| 
     492 000003c4 023C22E6             LDW     .D2T2   *+SP(4),B4        ; |78| 
     493 000003c8 02BC62E6             LDW     .D2T2   *+SP(12),B5       ; |78| 
     494 000003cc 00002000             NOP             2
     495 000003d0 00000264             LDW     .D1T1   *A0,A0            ; |78| 
TMS320C6x COFF Assembler         Version 4.10     Thu Mar 21 16:23:52 2024
Copyright (c) 1996-2001 Texas Instruments Incorporated
temp\interrupt.asm                                                   PAGE   10

     496 000003d4 00006000             NOP             4
     497 000003d8 0200923A             SUBSP   .L2X    B4,A0,B4          ; |78| 
     498 000003dc 00004000             NOP             3
     499 000003e0 021402F6             STW     .D2T2   B4,*B5            ; |78| 
     500 000003e4 01BC62E4             LDW     .D2T1   *+SP(12),A3       ; |81| 
     501 000003e8 0200022A-            MVKL    .S2     _sumErr,B4        ; |81| 
     502 000003ec 0200006A-            MVKH    .S2     _sumErr,B4        ; |81| 
     503 000003f0 001011A0             MV      .S1X    B4,A0             ; |81| 
     504 000003f4 02000266             LDW     .D1T2   *A0,B4            ; |81| 
     505 000003f8 018C0264             LDW     .D1T1   *A3,A3            ; |81| 
     506 000003fc 0280022A-            MVKL    .S2     _sumErr,B5        ; |82| 
     507 00000400 0280006A-            MVKH    .S2     _sumErr,B5        ; |82| 
     508 00000404 00002000             NOP             2
     509 00000408 020C921A             ADDSP   .L2X    A3,B4,B4          ; |81| 
     510 0000040c 00004000             NOP             3
     511 00000410 02000276             STW     .D1T2   B4,*A0            ; |81| 
     512 00000414 01BC62E4             LDW     .D2T1   *+SP(12),A3       ; |82| 
     513 00000418 00000028-            MVKL    .S1     _prevErr,A0       ; |82| 
     514 0000041c 00000068-            MVKH    .S1     _prevErr,A0       ; |82| 
     515 00000420 02000264             LDW     .D1T1   *A0,A4            ; |82| 
     516 00000424 029402E6             LDW     .D2T2   *B5,B5            ; |82| 
     517                    
     518 00000428 018C0265             LDW     .D1T1   *A3,A3            ; |82| 
     519 0000042c 020C105A  ||         MV      .L2X    A3,B4             ; |82| 
     520                    
     521 00000430 021002E6             LDW     .D2T2   *B4,B4            ; |82| 
     522 00000434 004CCD28             MVKL    .S1     0x3e99999a,A0     ; |82| 
     523 00000438 001F4CE8             MVKH    .S1     0x3e99999a,A0     ; |82| 
     524 0000043c 00000000             NOP             1
     525 00000440 01906238             SUBSP   .L1     A3,A4,A3          ; |82| 
     526                    
     527 00000444 00101E01             MPYSP   .M1X    B4,A0,A0          ; |82| 
     528 00000448 0298AE02  ||         MPYSP   .M2     B5,B6,B5          ; |82| 
     529                    
     530 0000044c 024CCD2A             MVKL    .S2     0x3e99999a,B4     ; |82| 
     531 00000450 021F4CEA             MVKH    .S2     0x3e99999a,B4     ; |82| 
     532 00000454 01907E00             MPYSP   .M1X    A3,B4,A3          ; |82| 
     533 00000458 00141218             ADDSP   .L1X    B5,A0,A0          ; |82| 
     534 0000045c 023C82E6             LDW     .D2T2   *+SP(16),B4       ; |82| 
     535 00000460 00002000             NOP             2
     536 00000464 00006218             ADDSP   .L1     A3,A0,A0          ; |82| 
     537 00000468 00004000             NOP             3
     538 0000046c 001002F4             STW     .D2T1   A0,*B4            ; |82| 
     539 00000470 003C62E4             LDW     .D2T1   *+SP(12),A0       ; |83| 
     540 00000474 00006000             NOP             4
     541 00000478 01800264             LDW     .D1T1   *A0,A3            ; |83| 
     542 0000047c 00000028-            MVKL    .S1     _prevErr,A0       ; |83| 
     543 00000480 00000068-            MVKH    .S1     _prevErr,A0       ; |83| 
     544 00000484 00002000             NOP             2
     545 00000488 01800274             STW     .D1T1   A3,*A0            ; |83| 
     546 0000048c 01BCD2E6             LDW     .D2T2   *++SP(24),B3      ; |84| 
     547 00000490 00006000             NOP             4
     548 00000494 000C0362             B       .S2     B3                ; |84| 
     549 00000498 00008000             NOP             5
     550                               ; BRANCH OCCURS                   ; |84| 
TMS320C6x COFF Assembler         Version 4.10     Thu Mar 21 16:23:52 2024
Copyright (c) 1996-2001 Texas Instruments Incorporated
temp\interrupt.asm                                                   PAGE   11

     551                    
     552                    
     553 0000049c                   .sect   ".text"
     554                            .global _ISRtimer0
     555                    
     556                    ;******************************************************************************
     557                    ;* FUNCTION NAME: _ISRtimer0                                                  *
     558                    ;*                                                                            *
     559                    ;*   Regs Modified     : A0,A1,A2,A3,A4,A5,A6,A7,A8,A9,A10,A11,B0,B1,B2,B3,B4,*
     560                    ;*                           B5,B6,B7,B8,B9,B10,SP                            *
     561                    ;*   Regs Used         : A0,A1,A2,A3,A4,A5,A6,A7,A8,A9,A10,A11,B0,B1,B2,B3,B4,*
     562                    ;*                           B5,B6,B7,B8,B9,B10,SP                            *
     563                    ;*   Local Frame Size  : 32 Args + 32 Auto + 96 Save = 160 byte               *
     564                    ;******************************************************************************
     565 0000049c           _ISRtimer0:
     566                    ;** --------------------------------------------------------------------------*
     567 0000049c 07FFB052             ADDK    .S2     -160,SP           ; |91| 
     568 000004a0 020022FE             STW     .D2T2   B4,*+SP(136)      ; |91| 
     569 000004a4 028023FE             STW     .D2T2   B5,*+SP(140)      ; |91| 
     570 000004a8 003E42F4             STW     .D2T1   A0,*+SP(72)       ; |91| 
     571 000004ac 033F02F4             STW     .D2T1   A6,*+SP(96)       ; |91| 
     572 000004b0 018021FE             STW     .D2T2   B3,*+SP(132)      ; |91| 
     573 000004b4 023EC2F4             STW     .D2T1   A4,*+SP(88)       ; |91| 
     574 000004b8 040026FE             STW     .D2T2   B8,*+SP(152)      ; |91| 
     575 000004bc 038025FE             STW     .D2T2   B7,*+SP(148)      ; |91| 
     576 000004c0 030024FE             STW     .D2T2   B6,*+SP(144)      ; |91| 
     577 000004c4 010020FE             STW     .D2T2   B2,*+SP(128)      ; |91| 
     578 000004c8 00BFE2F6             STW     .D2T2   B1,*+SP(124)      ; |91| 
     579 000004cc 003FC2F6             STW     .D2T2   B0,*+SP(120)      ; |91| 
     580 000004d0 05BFA2F4             STW     .D2T1   A11,*+SP(116)     ; |91| 
     581 000004d4 053F82F4             STW     .D2T1   A10,*+SP(112)     ; |91| 
     582 000004d8 04BF62F4             STW     .D2T1   A9,*+SP(108)      ; |91| 
     583 000004dc 043F42F4             STW     .D2T1   A8,*+SP(104)      ; |91| 
     584 000004e0 03BF22F4             STW     .D2T1   A7,*+SP(100)      ; |91| 
     585                    
     586 000004e4 02BEE2F5             STW     .D2T1   A5,*+SP(92)       ; |91| 
     587 000004e8 020425E2  ||         ZERO    .S2     B4                ; |94| 
     588                    
     589 000004ec 01BEA2F5             STW     .D2T1   A3,*+SP(84)       ; |91| 
     590 000004f0 0220506B  ||         MVKH    .S2     0x40a00000,B4     ; |94| 
     591 000004f4 028420FA  ||         ZERO    .L2     B5                ; |94| 
     592                    
     593 000004f8 023DE2F7             STW     .D2T2   B4,*+SP(60)       ; |94| 
     594 000004fc 02A0206A  ||         MVKH    .S2     0x40400000,B5     ; |94| 
     595                    
     596 00000500 02BDC2F7             STW     .D2T2   B5,*+SP(56)       ; |94| 
     597 00000504 00000028! ||         MVKL    .S1     _GetRefAngle,A0   ; |98| 
     598                    
     599 00000508 013E82F5             STW     .D2T1   A2,*+SP(80)       ; |91| 
     600 0000050c 00000068! ||         MVKH    .S1     _GetRefAngle,A0   ; |98| 
     601                    
     602 00000510 00001363             B       .S2X    A0                ; |98| 
     603 00000514 033DE2E4  ||         LDW     .D2T1   *+SP(60),A6       ; |98| 
     604                    
     605 00000518 023DC2E6             LDW     .D2T2   *+SP(56),B4       ; |98| 
TMS320C6x COFF Assembler         Version 4.10     Thu Mar 21 16:23:52 2024
Copyright (c) 1996-2001 Texas Instruments Incorporated
temp\interrupt.asm                                                   PAGE   12

     606 0000051c 00BE62F4             STW     .D2T1   A1,*+SP(76)       ; |91| 
     607                    
     608 00000520 028420FB             ZERO    .L2     B5                ; |93| 
     609 00000524 0182A02B' ||         MVKL    .S2     RL6,B3            ; |98| 
     610 00000528 048027FE  ||         STW     .D2T2   B9,*+SP(156)      ; |91| 
     611                    
     612 0000052c 02A19A6B             MVKH    .S2     0x43340000,B5     ; |93| 
     613 00000530 050028FE  ||         STW     .D2T2   B10,*+SP(160)     ; |91| 
     614                    
     615 00000534 021411A1             MV      .S1X    B5,A4             ; |98| 
     616 00000538 02BDA2F7  ||         STW     .D2T2   B5,*+SP(52)       ; |93| 
     617 0000053c 0180006A' ||         MVKH    .S2     RL6,B3            ; |98| 
     618                    
     619 00000540           RL6:       ; CALL OCCURS                     ; |98| 
     620 00000540 0281C02A'            MVKL    .S2     _PID,B5           ; |101| 
     621 00000544 0280006A'            MVKH    .S2     _PID,B5           ; |101| 
     622 00000548 00140362             B       .S2     B5                ; |101| 
     623 0000054c 03BCBEC2             ADDAD   .D2     SP,5,B7           ; |101| 
     624 00000550 033D7D42             ADDAW   .D2     SP,11,B6          ; |101| 
     625 00000554 023D3D42             ADDAW   .D2     SP,9,B4           ; |101| 
     626 00000558 0182B62A'            MVKL    .S2     RL8,B3            ; |101| 
     627                    
     628 00000560 031C11A1             MV      .S1X    B7,A6             ; |101| 
     629 00000564 023E02F5  ||         STW     .D2T1   A4,*+SP(64)       ; |98| 
     630 00000568 0180006A' ||         MVKH    .S2     RL8,B3            ; |101| 
     631                    
     632 0000056c           RL8:       ; CALL OCCURS                     ; |101| 
     633 0000056c 0200002A!            MVKL    .S2     _PWMOut,B4        ; |104| 
     634 00000570 0200006A!            MVKH    .S2     _PWMOut,B4        ; |104| 
     635 00000574 00100362             B       .S2     B4                ; |104| 
     636 00000578 023D62E4             LDW     .D2T1   *+SP(44),A4       ; |104| 
     637 0000057c 0182C42A'            MVKL    .S2     RL10,B3           ; |104| 
     638 00000580 0180006A'            MVKH    .S2     RL10,B3           ; |104| 
     639 00000584 00002000             NOP             2
     640 00000588           RL10:      ; CALL OCCURS                     ; |104| 
     641                    
     642 00000588 023D82F5             STW     .D2T1   A4,*+SP(48)       ; |104| 
     643 0000058c 00000028! ||         MVKL    .S1     _UMAddData,A0     ; |106| 
     644                    
     645 00000590 023DA2E5             LDW     .D2T1   *+SP(52),A4       ; |106| 
     646 00000594 031011A3  ||         MV      .S2X    A4,B6             ; |104| 
     647 00000598 00000068! ||         MVKH    .S1     _UMAddData,A0     ; |106| 
     648                    
     649 000005a0 033D62E5             LDW     .D2T1   *+SP(44),A6       ; |106| 
     650 000005a4 00001362  ||         B       .S2X    A0                ; |106| 
     651                    
     652 000005a8 023D22E6             LDW     .D2T2   *+SP(36),B4       ; |106| 
     653 000005ac 0182DC2A'            MVKL    .S2     RL12,B3           ; |106| 
     654 000005b0 0180006A'            MVKH    .S2     RL12,B3           ; |106| 
     655 000005b4 00002000             NOP             2
     656 000005b8           RL12:      ; CALL OCCURS                     ; |106| 
     657 000005b8 00000028!            MVKL    .S1     _TINTCnt,A0       ; |109| 
     658 000005bc 00000068!            MVKH    .S1     _TINTCnt,A0       ; |109| 
     659 000005c0 01800264             LDW     .D1T1   *A0,A3            ; |109| 
     660 000005c4 0400002A!            MVKL    .S2     _sprintf,B8       ; |113| 
TMS320C6x COFF Assembler         Version 4.10     Thu Mar 21 16:23:52 2024
Copyright (c) 1996-2001 Texas Instruments Incorporated
temp\interrupt.asm                                                   PAGE   13

     661 000005c8 0380042A-            MVKL    .S2     _timerCheckCnt,B7 ; |113| 
     662 000005cc 0400006A!            MVKH    .S2     _sprintf,B8       ; |113| 
     663 000005d0 0300002A!            MVKL    .S2     _tmp_string,B6    ; |113| 
     664                    
     665 000005d4 01800029!            MVKL    .S1     _TINTCnt,A3       ; |110| 
     666 000005d8 020C2940  ||         ADD     .D1     1,A3,A4           ; |109| 
     667                    
     668 000005e0 01800069!            MVKH    .S1     _TINTCnt,A3       ; |110| 
     669 000005e4 02000274  ||         STW     .D1T1   A4,*A0            ; |109| 
     670                    
     671 000005e8 020C0264             LDW     .D1T1   *A3,A4            ; |110| 
     672 000005ec 0500002A!            MVKL    .S2     _Report,B10       ; |113| 
     673 000005f0 0203E82A             MVK     .S2     2000,B4           ; |110| 
     674 000005f4 0280002A+            MVKL    .S2     SL1+0,B5          ; |113| 
     675 000005f8 0380006A-            MVKH    .S2     _timerCheckCnt,B7 ; |113| 
     676 000005fc 001099FA             CMPLTU  .L2X    A4,B4,B0          ; |110| 
     677 00000600 20004B90     [ B0]   B       .S1     L10               ; |110| 
     678 00000604 0300006A!            MVKH    .S2     _tmp_string,B6    ; |113| 
     679                    
     680 00000608 0500006B!            MVKH    .S2     _Report,B10       ; |113| 
     681 0000060c 01800028! ||         MVKL    .S1     _TINTCnt,A3       ; |111| 
     682                    
     683 00000610 0280006B+            MVKH    .S2     SL1+0,B5          ; |113| 
     684 00000614 01800068! ||         MVKH    .S1     _TINTCnt,A3       ; |111| 
     685                    
     686 00000620 02181059             MV      .L1X    B6,A4             ; |113| 
     687 00000624 01833C2B' ||         MVKL    .S2     RL14,B3           ; |113| 
     688 00000628 050428C1  ||         ZERO    .D1     A10               ; |116| 
     689 0000062c 05C00028  ||         MVKL    .S1     0x40668000,A11    ; |116| 
     690                    
     691 00000640 001C1059             MV      .L1X    B7,A0             ; |113| 
     692 00000644 0180006B' ||         MVKH    .S2     RL14,B3           ; |113| 
     693 00000648 05A03369  ||         MVKH    .S1     0x40668000,A11    ; |116| 
     694 0000064c 028428C1  ||         ZERO    .D1     A5                ; |111| 
     695 00000650 248027EE  || [ B0]   LDW     .D2T2   *+SP(156),B9      ; |124| 
     696                    
     697                               ; BRANCH OCCURS                   ; |110| 
     698                    ;** --------------------------------------------------------------------------*
     699 00000654 028C0274             STW     .D1T1   A5,*A3            ; |111| 
     700 00000658 02BC22F6             STW     .D2T2   B5,*+SP(4)        ; |113| 
     701 0000065c 01800264             LDW     .D1T1   *A0,A3            ; |113| 
     702 00000660 00000000             NOP             1
     703 00000664 00200362             B       .S2     B8                ; |113| 
     704 00000668 00002000             NOP             2
     705 0000066c 028C2940             ADD     .D1     1,A3,A5           ; |113| 
     706 00000670 02800274             STW     .D1T1   A5,*A0            ; |113| 
     707 00000674 01BC42F4             STW     .D2T1   A3,*+SP(8)        ; |113| 
     708 00000678           RL14:      ; CALL OCCURS                     ; |113| 
     709 00000678 00280362             B       .S2     B10               ; |113| 
     710 0000067c 0183442A'            MVKL    .S2     RL16,B3           ; |113| 
     711 00000680 0180006A'            MVKH    .S2     RL16,B3           ; |113| 
     712 00000684 00004000             NOP             3
     713 00000688           RL16:      ; CALL OCCURS                     ; |113| 
     714 00000688 02BDA2E6             LDW     .D2T2   *+SP(52),B5       ; |116| 
     715 0000068c 040008C2             ZERO    .D2     B8                ; |116| 
TMS320C6x COFF Assembler         Version 4.10     Thu Mar 21 16:23:52 2024
Copyright (c) 1996-2001 Texas Instruments Incorporated
temp\interrupt.asm                                                   PAGE   14

     716 00000690 00004000             NOP             3
     717 00000694 001410A0             SPDP    .S1X    B5,A1:A0          ; |116| 
     718 00000698 02140942             MV      .D2     B5,B4             ; |116| 
     719 0000069c 00A80A20             CMPEQDP .S1     A1:A0,A11:A10,A1  ; |116| 
     720 000006a0 030004FA             ZERO    .L2     B7:B6             ; |117| 
     721 000006a4 80000510     [ A1]   B       .S1     L9                ; |116| 
     722 000006a8 843DA2F6     [ A1]   STW     .D2T2   B8,*+SP(52)       ; |116| 
     723 000006ac 021000A2             SPDP    .S2     B4,B5:B4          ; |117| 
     724 000006b0 900008C0     [!A1]   ZERO    .D1     A0                ; |117| 
     725 000006b4 00188A22             CMPEQDP .S2     B5:B4,B7:B6,B0    ; |117| 
     726 000006b8 83000028!    [ A1]   MVKL    .S1     _sprintf,A6       ; |120| 
     727                               ; BRANCH OCCURS                   ; |116| 
     728                    ;** --------------------------------------------------------------------------*
     729 000006bc 00219A68             MVKH    .S1     0x43340000,A0     ; |117| 
     730 000006c0 203DA2F4     [ B0]   STW     .D2T1   A0,*+SP(52)       ; |117| 
     731 000006c4 03000028!            MVKL    .S1     _sprintf,A6       ; |120| 
     732                    ;** --------------------------------------------------------------------------*
     733 000006c8           L9:    
     734 000006c8 001999A8             MVKL    .S1     0x33333333,A0     ; |120| 
     735                    
     736 000006cc 029999A9             MVKL    .S1     0x3fd33333,A5     ; |120| 
     737 000006d0 020424FA  ||         ZERO    .L2     B5:B4             ; |120| 
     738                    
     739 000006d4 01839C2B'            MVKL    .S2     RL18,B3           ; |120| 
     740 000006d8 023CC2F7  ||         STW     .D2T2   B4,*+SP(24)       ; |120| 
     741 000006dc 03000068! ||         MVKH    .S1     _sprintf,A6       ; |120| 
     742                    
     743 000006e0 00181363             B       .S2X    A6                ; |120| 
     744 000006e4 02BCE2F7  ||         STW     .D2T2   B5,*+SP(28)       ; |120| 
     745 000006e8 001999E8  ||         MVKH    .S1     0x33333333,A0     ; |120| 
     746                    
     747 000006ec 003C82F5             STW     .D2T1   A0,*+SP(16)       ; |120| 
     748 000006f0 020009AB+ ||         MVKL    .S2     SL2+0,B4          ; |120| 
     749 000006f4 029FE9E8  ||         MVKH    .S1     0x3fd33333,A5     ; |120| 
     750                    
     751 00000700 02BCA2F5             STW     .D2T1   A5,*+SP(20)       ; |120| 
     752 00000704 0200006B+ ||         MVKH    .S2     SL2+0,B4          ; |120| 
     753 00000708 019999A8  ||         MVKL    .S1     0x33333333,A3     ; |120| 
     754                    
     755 0000070c 021999AB             MVKL    .S2     0x3fd33333,B4     ; |120| 
     756 00000710 023C22F7  ||         STW     .D2T2   B4,*+SP(4)        ; |120| 
     757 00000714 019999E8  ||         MVKH    .S1     0x33333333,A3     ; |120| 
     758                    
     759 00000720 021FE9EB             MVKH    .S2     0x3fd33333,B4     ; |120| 
     760 00000724 01BC42F5  ||         STW     .D2T1   A3,*+SP(8)        ; |120| 
     761 00000728 02000028! ||         MVKL    .S1     _tmp_string,A4    ; |120| 
     762                    
     763 0000072c 023C62F7             STW     .D2T2   B4,*+SP(12)       ; |120| 
     764 00000730 0180006B' ||         MVKH    .S2     RL18,B3           ; |120| 
     765 00000734 02000068! ||         MVKH    .S1     _tmp_string,A4    ; |120| 
     766                    
     767 00000738           RL18:      ; CALL OCCURS                     ; |120| 
     768 00000738 0200002A!            MVKL    .S2     _Report,B4        ; |120| 
     769 0000073c 0200006A!            MVKH    .S2     _Report,B4        ; |120| 
     770 00000740 00100362             B       .S2     B4                ; |120| 
TMS320C6x COFF Assembler         Version 4.10     Thu Mar 21 16:23:52 2024
Copyright (c) 1996-2001 Texas Instruments Incorporated
temp\interrupt.asm                                                   PAGE   15

     771 00000744 0183A82A'            MVKL    .S2     RL20,B3           ; |120| 
     772 00000748 0180006A'            MVKH    .S2     RL20,B3           ; |120| 
     773 0000074c 00004000             NOP             3
     774 00000750           RL20:      ; CALL OCCURS                     ; |120| 
     775 00000750 00000028!            MVKL    .S1     _GetAngle,A0      ; |121| 
     776 00000754 00000068!            MVKH    .S1     _GetAngle,A0      ; |121| 
     777 00000758 00001362             B       .S2X    A0                ; |121| 
     778 0000075c 0183B42A'            MVKL    .S2     RL24,B3           ; |121| 
     779 00000760 0180006A'            MVKH    .S2     RL24,B3           ; |121| 
     780 00000764 00004000             NOP             3
     781 00000768           RL24:      ; CALL OCCURS                     ; |121| 
     782 00000768 00001D28+            MVKL    .S1     SL3+0,A0          ; |121| 
     783                    
     784 0000076c 00000069+            MVKH    .S1     SL3+0,A0          ; |121| 
     785 00000770 0200042A- ||         MVKL    .S2     _timerCheckCnt,B4 ; |121| 
     786                    
     787 00000774 0200006B-            MVKH    .S2     _timerCheckCnt,B4 ; |121| 
     788 00000778 003C22F4  ||         STW     .D2T1   A0,*+SP(4)        ; |121| 
     789                    
     790 00000780 029002E7             LDW     .D2T2   *B4,B5            ; |121| 
     791 00000784 041010A2  ||         SPDP    .S2X    A4,B9:B8          ; |121| 
     792                    
     793 00000788 00000000             NOP             1
     794                    
     795 0000078c 0400002B!            MVKL    .S2     _sprintf,B8       ; |121| 
     796 00000790 03A00942  ||         MV      .D2     B8,B7             ; |121| 
     797                    
     798 00000794 0400006A!            MVKH    .S2     _sprintf,B8       ; |121| 
     799 00000798 00200362             B       .S2     B8                ; |121| 
     800 0000079c 00942942             ADD     .D2     1,B5,B1           ; |121| 
     801                    
     802 000007a0 009002F7             STW     .D2T2   B1,*B4            ; |121| 
     803 000007a4 0324005B  ||         MV      .L2     B9,B6             ; |121| 
     804 000007a8 0000002A! ||         MVKL    .S2     _tmp_string,B0    ; |121| 
     805                    
     806 000007ac 033CA2F7             STW     .D2T2   B6,*+SP(20)       ; |121| 
     807 000007b0 0183E62A' ||         MVKL    .S2     RL26,B3           ; |121| 
     808                    
     809 000007b4 03BC82F7             STW     .D2T2   B7,*+SP(16)       ; |121| 
     810 000007b8 0000006A! ||         MVKH    .S2     _tmp_string,B0    ; |121| 
     811                    
     812 000007c0 0180006B'            MVKH    .S2     RL26,B3           ; |121| 
     813 000007c4 02BC42F7  ||         STW     .D2T2   B5,*+SP(8)        ; |121| 
     814 000007c8 020011A0  ||         MV      .S1X    B0,A4             ; |121| 
     815                    
     816 000007cc           RL26:      ; CALL OCCURS                     ; |121| 
     817 000007cc 00000028!            MVKL    .S1     _Report,A0        ; |121| 
     818 000007d0 00000068!            MVKH    .S1     _Report,A0        ; |121| 
     819 000007d4 00001362             B       .S2X    A0                ; |121| 
     820 000007d8 0183F22A'            MVKL    .S2     RL28,B3           ; |121| 
     821 000007dc 0180006A'            MVKH    .S2     RL28,B3           ; |121| 
     822 000007e0 00004000             NOP             3
     823 000007e4           RL28:      ; CALL OCCURS                     ; |121| 
     824 000007e4 020029AA+            MVKL    .S2     SL4+0,B4          ; |122| 
     825                    
TMS320C6x COFF Assembler         Version 4.10     Thu Mar 21 16:23:52 2024
Copyright (c) 1996-2001 Texas Instruments Incorporated
temp\interrupt.asm                                                   PAGE   16

     826 000007e8 0200006B+            MVKH    .S2     SL4+0,B4          ; |122| 
     827 000007ec 00000428- ||         MVKL    .S1     _timerCheckCnt,A0 ; |122| 
     828                    
     829 000007f0 023C22F7             STW     .D2T2   B4,*+SP(4)        ; |122| 
     830 000007f4 00000068- ||         MVKH    .S1     _timerCheckCnt,A0 ; |122| 
     831                    
     832 000007f8 01800264             LDW     .D1T1   *A0,A3            ; |122| 
     833 000007fc 0184202A'            MVKL    .S2     RL30,B3           ; |122| 
     834 00000800 0180006A'            MVKH    .S2     RL30,B3           ; |122| 
     835 00000804 00002000             NOP             2
     836 00000808 020C2940             ADD     .D1     1,A3,A4           ; |122| 
     837                    
     838 0000080c 00010629             MVKL    .S1     0x200020c,A0      ; |122| 
     839 00000810 02000274  ||         STW     .D1T1   A4,*A0            ; |122| 
     840                    
     841 00000814 01800029!            MVKL    .S1     _sprintf,A3       ; |122| 
     842 00000818 01BC42F4  ||         STW     .D2T1   A3,*+SP(8)        ; |122| 
     843                    
     844 0000081c 00010068             MVKH    .S1     0x200020c,A0      ; |122| 
     845                    
     846 00000820 01800069!            MVKH    .S1     _sprintf,A3       ; |122| 
     847 00000824 00000264  ||         LDW     .D1T1   *A0,A0            ; |122| 
     848                    
     849 00000828 000C1362             B       .S2X    A3                ; |122| 
     850 0000082c 00002000             NOP             2
     851 00000830 02000028!            MVKL    .S1     _tmp_string,A4    ; |122| 
     852 00000834 00021008             EXTU    .S1     A0,16,16,A0       ; |122| 
     853                    
     854 00000838 003C62F5             STW     .D2T1   A0,*+SP(12)       ; |122| 
     855 0000083c 02000068! ||         MVKH    .S1     _tmp_string,A4    ; |122| 
     856                    
     857 00000840           RL30:      ; CALL OCCURS                     ; |122| 
     858 00000840 0200002A!            MVKL    .S2     _Report,B4        ; |122| 
     859 00000844 0200006A!            MVKH    .S2     _Report,B4        ; |122| 
     860 00000848 00100362             B       .S2     B4                ; |122| 
     861 0000084c 01842C2A'            MVKL    .S2     RL32,B3           ; |122| 
     862 00000850 0180006A'            MVKH    .S2     RL32,B3           ; |122| 
     863 00000854 00004000             NOP             3
     864 00000858           RL32:      ; CALL OCCURS                     ; |122| 
     865 00000858 048027EE             LDW     .D2T2   *+SP(156),B9      ; |124| 
     866                    ;** --------------------------------------------------------------------------*
     867 0000085c           L10:    
     868 0000085c 040026EE             LDW     .D2T2   *+SP(152),B8      ; |124| 
     869 00000860 038025EE             LDW     .D2T2   *+SP(148),B7      ; |124| 
     870 00000864 030024EE             LDW     .D2T2   *+SP(144),B6      ; |124| 
     871 00000868 028023EE             LDW     .D2T2   *+SP(140),B5      ; |124| 
     872 0000086c 020022EE             LDW     .D2T2   *+SP(136),B4      ; |124| 
     873 00000870 018021EE             LDW     .D2T2   *+SP(132),B3      ; |124| 
     874 00000874 010020EE             LDW     .D2T2   *+SP(128),B2      ; |124| 
     875 00000878 00BFE2E6             LDW     .D2T2   *+SP(124),B1      ; |124| 
     876 0000087c 003FC2E6             LDW     .D2T2   *+SP(120),B0      ; |124| 
     877 00000880 05BFA2E4             LDW     .D2T1   *+SP(116),A11     ; |124| 
     878 00000884 053F82E4             LDW     .D2T1   *+SP(112),A10     ; |124| 
     879 00000888 04BF62E4             LDW     .D2T1   *+SP(108),A9      ; |124| 
     880 0000088c 043F42E4             LDW     .D2T1   *+SP(104),A8      ; |124| 
TMS320C6x COFF Assembler         Version 4.10     Thu Mar 21 16:23:52 2024
Copyright (c) 1996-2001 Texas Instruments Incorporated
temp\interrupt.asm                                                   PAGE   17

     881 00000890 03BF22E4             LDW     .D2T1   *+SP(100),A7      ; |124| 
     882 00000894 033F02E4             LDW     .D2T1   *+SP(96),A6       ; |124| 
     883 00000898 02BEE2E4             LDW     .D2T1   *+SP(92),A5       ; |124| 
     884 0000089c 023EC2E4             LDW     .D2T1   *+SP(88),A4       ; |124| 
     885 000008a0 01BEA2E4             LDW     .D2T1   *+SP(84),A3       ; |124| 
     886 000008a4 013E82E4             LDW     .D2T1   *+SP(80),A2       ; |124| 
     887 000008a8 00BE62E4             LDW     .D2T1   *+SP(76),A1       ; |124| 
     888                    
     889 000008ac 001800E3             B       .S2     IRP               ; |124| 
     890 000008b0 050028EE  ||         LDW     .D2T2   *+SP(160),B10     ; |124| 
     891                    
     892 000008b4 003E42E4             LDW     .D2T1   *+SP(72),A0       ; |124| 
     893 000008b8 07805052             ADDK    .S2     160,SP            ; |124| 
     894 000008bc 00004000             NOP             3
     895                               ; BRANCH OCCURS                   ; |124| 
     896                    
     897                    
     898                    ;******************************************************************************
     899                    ;* STRINGS                                                                    *
     900                    ;******************************************************************************
     901 00000000                   .sect   ".const"
     902 00000000 00000054  SL1:    .string "Timer Check: %d ",13,10,0
         00000001 00000069 
         00000002 0000006D 
         00000003 00000065 
         00000004 00000072 
         00000005 00000020 
         00000006 00000043 
         00000007 00000068 
         00000008 00000065 
         00000009 00000063 
         0000000a 0000006B 
         0000000b 0000003A 
         0000000c 00000020 
         0000000d 00000025 
         0000000e 00000064 
         0000000f 00000020 
         00000010 0000000D 
         00000011 0000000A 
         00000012 00000000 
     903 00000013 00000063  SL2:    .string "current kp, kd, ki: %.2f, %.2f, %.2f",13,10,0
         00000014 00000075 
         00000015 00000072 
         00000016 00000072 
         00000017 00000065 
         00000018 0000006E 
         00000019 00000074 
         0000001a 00000020 
         0000001b 0000006B 
         0000001c 00000070 
         0000001d 0000002C 
         0000001e 00000020 
         0000001f 0000006B 
         00000020 00000064 
         00000021 0000002C 
TMS320C6x COFF Assembler         Version 4.10     Thu Mar 21 16:23:52 2024
Copyright (c) 1996-2001 Texas Instruments Incorporated
temp\interrupt.asm                                                   PAGE   18

         00000022 00000020 
         00000023 0000006B 
         00000024 00000069 
         00000025 0000003A 
         00000026 00000020 
         00000027 00000025 
         00000028 0000002E 
         00000029 00000032 
         0000002a 00000066 
         0000002b 0000002C 
         0000002c 00000020 
         0000002d 00000025 
         0000002e 0000002E 
         0000002f 00000032 
         00000030 00000066 
         00000031 0000002C 
         00000032 00000020 
         00000033 00000025 
         00000034 0000002E 
         00000035 00000032 
         00000036 00000066 
         00000037 0000000D 
         00000038 0000000A 
         00000039 00000000 
     904 0000003a 00000054  SL3:    .string "Timer Check: %d %6.2f ",13,10,0
         0000003b 00000069 
         0000003c 0000006D 
         0000003d 00000065 
         0000003e 00000072 
         0000003f 00000020 
         00000040 00000043 
         00000041 00000068 
         00000042 00000065 
         00000043 00000063 
         00000044 0000006B 
         00000045 0000003A 
         00000046 00000020 
         00000047 00000025 
         00000048 00000064 
         00000049 00000020 
         0000004a 00000025 
         0000004b 00000036 
         0000004c 0000002E 
         0000004d 00000032 
         0000004e 00000066 
         0000004f 00000020 
         00000050 0000000D 
         00000051 0000000A 
         00000052 00000000 
     905 00000053 00000054  SL4:    .string "Timer Check: %d 0x%04x ",13,10,0
         00000054 00000069 
         00000055 0000006D 
         00000056 00000065 
         00000057 00000072 
         00000058 00000020 
TMS320C6x COFF Assembler         Version 4.10     Thu Mar 21 16:23:52 2024
Copyright (c) 1996-2001 Texas Instruments Incorporated
temp\interrupt.asm                                                   PAGE   19

         00000059 00000043 
         0000005a 00000068 
         0000005b 00000065 
         0000005c 00000063 
         0000005d 0000006B 
         0000005e 0000003A 
         0000005f 00000020 
         00000060 00000025 
         00000061 00000064 
         00000062 00000020 
         00000063 00000030 
         00000064 00000078 
         00000065 00000025 
         00000066 00000030 
         00000067 00000034 
         00000068 00000078 
         00000069 00000020 
         0000006a 0000000D 
         0000006b 0000000A 
         0000006c 00000000 
     906                    ;******************************************************************************
     907                    ;* UNDEFINED EXTERNAL REFERENCES                                              *
     908                    ;******************************************************************************
     909                            .global _sprintf
     910                            .global _SendByte
     911                            .global _Report
     912                            .global _PWMOut
     913                            .global _GetAngle
     914                            .global _GetRefAngle
     915                            .global _UMAddData
     916                            .global _compacket
     917                            .global _respacket
     918                            .global _tmp_string
     919                            .global _TINTCnt

No Assembly Errors, No Assembly Warnings
