TMS320C6x COFF Assembler         Version 4.10     Thu Mar 21 16:23:52 2024
Copyright (c) 1996-2001 Texas Instruments Incorporated
temp\main.asm                                                        PAGE    1

       1                    ;******************************************************************************
       2                    ;* TMS320C6x ANSI C Codegen                                      Version 4.10 *
       3                    ;* Date/Time created: Thu Mar 21 16:23:52 2024                                *
       4                    ;******************************************************************************
       5                    
       6                    ;******************************************************************************
       7                    ;* GLOBAL FILE PARAMETERS                                                     *
       8                    ;*                                                                            *
       9                    ;*   Architecture      : TMS320C670x                                          *
      10                    ;*   Optimization      : Disabled                                             *
      11                    ;*   Optimizing for    : Compile time, Ease of Development                    *
      12                    ;*                       Based on options: no -o, no -ms                      *
      13                    ;*   Endian            : Little                                               *
      14                    ;*   Interrupt Thrshld : Disabled                                             *
      15                    ;*   Memory Model      : Large                                                *
      16                    ;*   Calls to RTS      : Far                                                  *
      17                    ;*   Pipelining        : Disabled                                             *
      18                    ;*   Memory Aliases    : Presume are aliases (pessimistic)                    *
      19                    ;*   Debug Info        : No Debug Info                                        *
      20                    ;*                                                                            *
      21                    ;******************************************************************************
      22                    
      23                            .asg    A15, FP
      24                            .asg    B14, DP
      25                            .asg    B15, SP
      26                            .global $bss
      27                    
      28                            .global _TINTCnt
      29 00000000           _TINTCnt:       .usect  .far,4,4
      30                    ;       acp6x -q -D_FAR_RTS=1 --large_model=3 --version=6701 -m --i_output_file C:\Users\hge42\AppData
      31 00000000                   .sect   ".text"
      32                            .global _InitEXINTF
      33                    
      34                    ;******************************************************************************
      35                    ;* FUNCTION NAME: _InitEXINTF                                                 *
      36                    ;*                                                                            *
      37                    ;*   Regs Modified     : A0,A3,A4,B4,B5,B6                                    *
      38                    ;*   Regs Used         : A0,A3,A4,B3,B4,B5,B6                                 *
      39                    ;*   Local Frame Size  : 0 Args + 0 Auto + 0 Save = 0 byte                    *
      40                    ;******************************************************************************
      41 00000000           _InitEXINTF:
      42                    ;** --------------------------------------------------------------------------*
      43 00000000 000008C0             ZERO    .D1     A0                ; |18| 
      44 00000004 0000C068             MVKH    .S1     0x1800000,A0      ; |18| 
      45 00000008 02000264             LDW     .D1T1   *A0,A4            ; |18| 
      46 0000000c 0280042A             MVKL    .S2     0x1800008,B5      ; |21| 
      47 00000010 030290AA             MVKL    .S2     0x21520521,B6     ; |33| 
      48 00000014 000C0362             B       .S2     B3                ; |43| 
      49                    
      50 00000018 0200082B             MVKL    .S2     0x1800010,B4      ; |33| 
      51 0000001c 018190A8  ||         MVKL    .S1     0xd00321,A3       ; |21| 
      52                    
      53 00000020 021065C9             CLR     .S1     A4,3,5,A4         ; |18| 
      54 00000024 0280C06A  ||         MVKH    .S2     0x1800008,B5      ; |21| 
      55                    
TMS320C6x COFF Assembler         Version 4.10     Thu Mar 21 16:23:52 2024
Copyright (c) 1996-2001 Texas Instruments Incorporated
temp\main.asm                                                        PAGE    2

      56 00000028 02000275             STW     .D1T1   A4,*A0            ; |18| 
      57 0000002c 0310A96B  ||         MVKH    .S2     0x21520521,B6     ; |33| 
      58 00000030 01806868  ||         MVKH    .S1     0xd00321,A3       ; |21| 
      59                    
      60 00000034 019402F5             STW     .D2T1   A3,*B5            ; |21| 
      61 00000038 0200C06A  ||         MVKH    .S2     0x1800010,B4      ; |33| 
      62                    
      63 0000003c 031002F6             STW     .D2T2   B6,*B4            ; |33| 
      64                               ; BRANCH OCCURS                   ; |43| 
      65                    
      66                    
      67 00000040                   .sect   ".text"
      68                            .global _InitTimer
      69                    
      70                    ;******************************************************************************
      71                    ;* FUNCTION NAME: _InitTimer                                                  *
      72                    ;*                                                                            *
      73                    ;*   Regs Modified     : A0,A3,B4,B5                                          *
      74                    ;*   Regs Used         : A0,A3,B3,B4,B5                                       *
      75                    ;*   Local Frame Size  : 0 Args + 0 Auto + 0 Save = 0 byte                    *
      76                    ;******************************************************************************
      77 00000040           _InitTimer:
      78                    ;** --------------------------------------------------------------------------*
      79 00000040 020008C2             ZERO    .D2     B4                ; |48| 
      80 00000044 0200CA6A             MVKH    .S2     0x1940000,B4      ; |48| 
      81 00000048 029002E6             LDW     .D2T2   *B4,B5            ; |48| 
      82 0000004c 00000228             MVKL    .S1     0x1940004,A0      ; |51| 
      83 00000050 0000CA68             MVKH    .S1     0x1940004,A0      ; |51| 
      84 00000054 018008C0             ZERO    .D1     A3                ; |54| 
      85 00000058 0180CA68             MVKH    .S1     0x1940000,A3      ; |54| 
      86 0000005c 0295098A             SET     .S2     B5,8,9,B5         ; |48| 
      87                    
      88 00000060 0227102B             MVK     .S2     20000,B4          ; |51| 
      89 00000064 029002F6  ||         STW     .D2T2   B5,*B4            ; |48| 
      90                    
      91 00000068 02000276             STW     .D1T2   B4,*A0            ; |51| 
      92 0000006c 000C0264             LDW     .D1T1   *A3,A0            ; |54| 
      93 00000070 000C0362             B       .S2     B3                ; |55| 
      94 00000074 00004000             NOP             3
      95 00000078 0000C788             SET     .S1     A0,6,7,A0         ; |54| 
      96 0000007c 000C0274             STW     .D1T1   A0,*A3            ; |54| 
      97                               ; BRANCH OCCURS                   ; |55| 
      98                    
      99                    
     100 00000080                   .sect   ".text"
     101                            .global _InitINT
     102                    
     103                    ;******************************************************************************
     104                    ;* FUNCTION NAME: _InitINT                                                    *
     105                    ;*                                                                            *
     106                    ;*   Regs Modified     : A0,B4                                                *
     107                    ;*   Regs Used         : A0,B3,B4                                             *
     108                    ;*   Local Frame Size  : 0 Args + 0 Auto + 0 Save = 0 byte                    *
     109                    ;******************************************************************************
     110 00000080           _InitINT:
TMS320C6x COFF Assembler         Version 4.10     Thu Mar 21 16:23:52 2024
Copyright (c) 1996-2001 Texas Instruments Incorporated
temp\main.asm                                                        PAGE    3

     111                    ;** --------------------------------------------------------------------------*
     112 00000080 021003E2             MVC     .S2     IER,B4            ; |60| 
     113 00000084 00202128             MVK     .S1     16450,A0          ; |60| 
     114 00000088 020096E2             OR      .S2X    A0,B4,B4          ; |60| 
     115 0000008c 021003A2             MVC     .S2     B4,IER            ; |60| 
     116 00000090 000C0362             B       .S2     B3                ; |61| 
     117 00000094 00008000             NOP             5
     118                               ; BRANCH OCCURS                   ; |61| 
     119                    
     120                    
     121 00000098                   .sect   ".text"
     122                            .global _GIE
     123                    
     124                    ;******************************************************************************
     125                    ;* FUNCTION NAME: _GIE                                                        *
     126                    ;*                                                                            *
     127                    ;*   Regs Modified     : B4                                                   *
     128                    ;*   Regs Used         : B3,B4                                                *
     129                    ;*   Local Frame Size  : 0 Args + 0 Auto + 0 Save = 0 byte                    *
     130                    ;******************************************************************************
     131 00000098           _GIE:
     132                    ;** --------------------------------------------------------------------------*
     133 00000098 020403E2             MVC     .S2     CSR,B4            ; |66| 
     134 0000009c 021026A2             OR      .S2     1,B4,B4           ; |66| 
     135 000000a0 009003A2             MVC     .S2     B4,CSR            ; |66| 
     136 000000a4 000C0362             B       .S2     B3                ; |67| 
     137 000000a8 00008000             NOP             5
     138                               ; BRANCH OCCURS                   ; |67| 
     139                    
     140                    
     141 000000ac                   .sect   ".text"
     142                            .global _delay_us
     143                    
     144                    ;******************************************************************************
     145                    ;* FUNCTION NAME: _delay_us                                                   *
     146                    ;*                                                                            *
     147                    ;*   Regs Modified     : B0,B4,B5,B6,SP                                       *
     148                    ;*   Regs Used         : A4,B0,B3,B4,B5,B6,SP                                 *
     149                    ;*   Local Frame Size  : 0 Args + 4 Auto + 0 Save = 4 byte                    *
     150                    ;******************************************************************************
     151 000000ac           _delay_us:
     152                    ;** --------------------------------------------------------------------------*
     153 000000ac 021011A2             MV      .S2X    A4,B4             ; |71| 
     154 000000b0 02908CA2             SHL     .S2     B4,4,B5           ; |74| 
     155                    
     156 000000b4 020425E3             ZERO    .S2     B4                ; |74| 
     157 000000b8 02949AC2  ||         SUBAH   .D2     B5,B4,B5          ; |74| 
     158                    
     159 000000bc 00148BFA             CMPLTU  .L2     B4,B5,B0          ; |74| 
     160 000000c0 30000710     [!B0]   B       .S1     L2                ; |74| 
     161 000000c4 07BD09C2             SUB     .D2     SP,8,SP           ; |71| 
     162 000000c8 023C22F4             STW     .D2T1   A4,*+SP(4)        ; |71| 
     163 000000cc 22BC22E6     [ B0]   LDW     .D2T2   *+SP(4),B5        ; |74| 
     164 000000d0 00002000             NOP             2
     165                               ; BRANCH OCCURS                   ; |74| 
TMS320C6x COFF Assembler         Version 4.10     Thu Mar 21 16:23:52 2024
Copyright (c) 1996-2001 Texas Instruments Incorporated
temp\main.asm                                                        PAGE    4

     166                    ;** --------------------------------------------------------------------------*
     167 000000d4 00002000             NOP             2
     168                    ;*----------------------------------------------------------------------------*
     169                    ;*   SOFTWARE PIPELINE INFORMATION
     170                    ;*      Disqualified loop: software pipelining disabled
     171                    ;*----------------------------------------------------------------------------*
     172 000000d8           L1:    
     173 000000d8 03148CA2             SHL     .S2     B5,4,B6           ; |74| 
     174                    
     175 000000e0 0298BAC3             SUBAH   .D2     B6,B5,B5          ; |74| 
     176 000000e4 021021A2  ||         ADD     .S2     1,B4,B4           ; |74| 
     177                    
     178 000000e8 00148BFA             CMPLTU  .L2     B4,B5,B0          ; |74| 
     179 000000ec 2FFFFF10     [ B0]   B       .S1     L1                ; |74| 
     180 000000f0 22BC22E6     [ B0]   LDW     .D2T2   *+SP(4),B5        ; |74| 
     181 000000f4 00006000             NOP             4
     182                               ; BRANCH OCCURS                   ; |74| 
     183                    ;** --------------------------------------------------------------------------*
     184 000000f8           L2:    
     185 000000f8 000C0362             B       .S2     B3                ; |75| 
     186 000000fc 07BD0942             ADD     .D2     8,SP,SP           ; |75| 
     187 00000100 00006000             NOP             4
     188                               ; BRANCH OCCURS                   ; |75| 
     189                    
     190                    
     191 00000104                   .sect   ".text"
     192                            .global _delay_ms
     193                    
     194                    ;******************************************************************************
     195                    ;* FUNCTION NAME: _delay_ms                                                   *
     196                    ;*                                                                            *
     197                    ;*   Regs Modified     : A4,B0,B3,B4,B5,B6,B7,B9,SP                           *
     198                    ;*   Regs Used         : A4,B0,B3,B4,B5,B6,B7,B9,SP                           *
     199                    ;*   Local Frame Size  : 0 Args + 4 Auto + 0 Save = 4 byte                    *
     200                    ;******************************************************************************
     201 00000104           _delay_ms:
     202                    ;** --------------------------------------------------------------------------*
     203 00000104 038008C2             ZERO    .D2     B7                ; |82| 
     204 00000108 0010FBFA             CMPLTU  .L2X    B7,A4,B0
     205 0000010c 30000B10     [!B0]   B       .S1     L4                ; |82| 
     206 00000110 07BD09C2             SUB     .D2     SP,8,SP           ; |79| 
     207 00000114 023C22F4             STW     .D2T1   A4,*+SP(4)        ; |79| 
     208 00000118 048C005A             MV      .L2     B3,B9             ; |79| 
     209 0000011c 2200562A'    [ B0]   MVKL    .S2     _delay_us,B4      ; |83| 
     210 00000120 2200006A'    [ B0]   MVKH    .S2     _delay_us,B4      ; |83| 
     211                               ; BRANCH OCCURS                   ; |82| 
     212                    ;*----------------------------------------------------------------------------*
     213                    ;*   SOFTWARE PIPELINE INFORMATION
     214                    ;*      Disqualified loop: software pipelining disabled
     215                    ;*----------------------------------------------------------------------------*
     216 00000124           L3:    
     217 00000124 00100362             B       .S2     B4                ; |83| 
     218 00000128 01809C2A'            MVKL    .S2     RL0,B3            ; |83| 
     219 0000012c 0180006A'            MVKH    .S2     RL0,B3            ; |83| 
     220 00000130 0201F428             MVK     .S1     0x3e8,A4          ; |83| 
TMS320C6x COFF Assembler         Version 4.10     Thu Mar 21 16:23:52 2024
Copyright (c) 1996-2001 Texas Instruments Incorporated
temp\main.asm                                                        PAGE    5

     221 00000134 00002000             NOP             2
     222 00000138           RL0:       ; CALL OCCURS                     ; |83| 
     223 00000138 023C22E6             LDW     .D2T2   *+SP(4),B4        ; |84| 
     224 0000013c 039C2942             ADD     .D2     1,B7,B7           ; |84| 
     225 00000140 00004000             NOP             3
     226 00000144 0010EBFA             CMPLTU  .L2     B7,B4,B0          ; |84| 
     227 00000148 2FFFFC90     [ B0]   B       .S1     L3                ; |84| 
     228 0000014c 2200562A'    [ B0]   MVKL    .S2     _delay_us,B4      ; |83| 
     229 00000150 2200006A'    [ B0]   MVKH    .S2     _delay_us,B4      ; |83| 
     230 00000154 00004000             NOP             3
     231                               ; BRANCH OCCURS                   ; |84| 
     232                    ;** --------------------------------------------------------------------------*
     233 00000158           L4:    
     234 00000158 00240362             B       .S2     B9                ; |85| 
     235 0000015c 07BD0942             ADD     .D2     8,SP,SP           ; |85| 
     236 00000160 00006000             NOP             4
     237                               ; BRANCH OCCURS                   ; |85| 
     238                    
     239                    
     240 00000164                   .sect   ".text"
     241                            .global _WaitTFlag
     242                    
     243                    ;******************************************************************************
     244                    ;* FUNCTION NAME: _WaitTFlag                                                  *
     245                    ;*                                                                            *
     246                    ;*   Regs Modified     : A0,A1,A3                                             *
     247                    ;*   Regs Used         : A0,A1,A3,B3                                          *
     248                    ;*   Local Frame Size  : 0 Args + 0 Auto + 0 Save = 0 byte                    *
     249                    ;******************************************************************************
     250 00000164           _WaitTFlag:
     251                    ;** --------------------------------------------------------------------------*
     252 00000164 00000028!            MVKL    .S1     _TFlag,A0         ; |90| 
     253 00000168 00000068!            MVKH    .S1     _TFlag,A0         ; |90| 
     254 0000016c 00800264             LDW     .D1T1   *A0,A1            ; |90| 
     255 00000170 00006000             NOP             4
     256 00000174 80000810     [ A1]   B       .S1     L6                ; |90| 
     257 00000178 90000028!    [!A1]   MVKL    .S1     _TFlag,A0         ; |90| 
     258 0000017c 90000068!    [!A1]   MVKH    .S1     _TFlag,A0         ; |90| 
     259 00000180 90800264     [!A1]   LDW     .D1T1   *A0,A1            ; |90| 
     260 00000184 00002000             NOP             2
     261                               ; BRANCH OCCURS                   ; |90| 
     262                    ;*----------------------------------------------------------------------------*
     263                    ;*   SOFTWARE PIPELINE INFORMATION
     264                    ;*      Disqualified loop: software pipelining disabled
     265                    ;*----------------------------------------------------------------------------*
     266 00000188           L5:    
     267 00000188 00002000             NOP             2
     268 0000018c 90000110     [!A1]   B       .S1     L5                ; |90| 
     269 00000190 90000028!    [!A1]   MVKL    .S1     _TFlag,A0         ; |90| 
     270 00000194 90000068!    [!A1]   MVKH    .S1     _TFlag,A0         ; |90| 
     271 00000198 90800264     [!A1]   LDW     .D1T1   *A0,A1            ; |90| 
     272 0000019c 00002000             NOP             2
     273                               ; BRANCH OCCURS                   ; |90| 
     274                    ;** --------------------------------------------------------------------------*
     275 000001a0           L6:    
TMS320C6x COFF Assembler         Version 4.10     Thu Mar 21 16:23:52 2024
Copyright (c) 1996-2001 Texas Instruments Incorporated
temp\main.asm                                                        PAGE    6

     276 000001a0 000C0362             B       .S2     B3                ; |92| 
     277 000001a4 00000028!            MVKL    .S1     _TFlag,A0         ; |91| 
     278 000001a8 00000068!            MVKH    .S1     _TFlag,A0         ; |91| 
     279 000001ac 018008C0             ZERO    .D1     A3                ; |91| 
     280 000001b0 01800274             STW     .D1T1   A3,*A0            ; |91| 
     281 000001b4 00000000             NOP             1
     282                               ; BRANCH OCCURS                   ; |92| 
     283                    
     284                    
     285 000001b8                   .sect   ".text"
     286                            .global _WaitTFlagCnt
     287                    
     288                    ;******************************************************************************
     289                    ;* FUNCTION NAME: _WaitTFlagCnt                                               *
     290                    ;*                                                                            *
     291                    ;*   Regs Modified     : A0,A1,A3,B0,B3,B4,B5,B9,SP                           *
     292                    ;*   Regs Used         : A0,A1,A3,A4,B0,B3,B4,B5,B9,SP                        *
     293                    ;*   Local Frame Size  : 0 Args + 8 Auto + 0 Save = 8 byte                    *
     294                    ;******************************************************************************
     295 000001b8           _WaitTFlagCnt:
     296                    ;** --------------------------------------------------------------------------*
     297                    
     298 000001b8 07BD09C3             SUB     .D2     SP,8,SP           ; |96| 
     299 000001bc 00000028! ||         MVKL    .S1     _TFlag,A0         ; |99| 
     300                    
     301 000001c0 023C22F5             STW     .D2T1   A4,*+SP(4)        ; |96| 
     302 000001c4 00000069! ||         MVKH    .S1     _TFlag,A0         ; |99| 
     303 000001c8 018428C0  ||         ZERO    .D1     A3                ; |99| 
     304                    
     305 000001cc 01800274             STW     .D1T1   A3,*A0            ; |99| 
     306 000001d0 02BC22E6             LDW     .D2T2   *+SP(4),B5        ; |101| 
     307 000001d4 020008C2             ZERO    .D2     B4                ; |101| 
     308 000001d8 023C42F6             STW     .D2T2   B4,*+SP(8)        ; |101| 
     309 000001dc 048C01A2             MV      .S2     B3,B9             ; |96| 
     310 000001e0 00000000             NOP             1
     311 000001e4 00148BFA             CMPLTU  .L2     B4,B5,B0          ; |101| 
     312 000001e8 30000A10     [!B0]   B       .S1     L8                ; |101| 
     313 000001ec 2000B228'    [ B0]   MVKL    .S1     _WaitTFlag,A0     ; |102| 
     314 000001f0 20000068'    [ B0]   MVKH    .S1     _WaitTFlag,A0     ; |102| 
     315 000001f4 00004000             NOP             3
     316                               ; BRANCH OCCURS                   ; |101| 
     317                    ;*----------------------------------------------------------------------------*
     318                    ;*   SOFTWARE PIPELINE INFORMATION
     319                    ;*      Disqualified loop: software pipelining disabled
     320                    ;*----------------------------------------------------------------------------*
     321 000001f8           L7:    
     322 000001f8 00001362             B       .S2X    A0                ; |102| 
     323 000001fc 0181042A'            MVKL    .S2     RL2,B3            ; |102| 
     324 00000200 0180006A'            MVKH    .S2     RL2,B3            ; |102| 
     325 00000204 00004000             NOP             3
     326 00000208           RL2:       ; CALL OCCURS                     ; |102| 
     327 00000208 023C42E6             LDW     .D2T2   *+SP(8),B4        ; |103| 
     328 0000020c 02BC22E6             LDW     .D2T2   *+SP(4),B5        ; |103| 
     329 00000210 00004000             NOP             3
     330 00000214 02102942             ADD     .D2     1,B4,B4           ; |103| 
TMS320C6x COFF Assembler         Version 4.10     Thu Mar 21 16:23:52 2024
Copyright (c) 1996-2001 Texas Instruments Incorporated
temp\main.asm                                                        PAGE    7

     331 00000218 00148BFA             CMPLTU  .L2     B4,B5,B0          ; |103| 
     332 0000021c 2FFFFF10     [ B0]   B       .S1     L7                ; |103| 
     333 00000220 023C42F6             STW     .D2T2   B4,*+SP(8)        ; |103| 
     334 00000224 2000B228'    [ B0]   MVKL    .S1     _WaitTFlag,A0     ; |102| 
     335 00000228 20000068'    [ B0]   MVKH    .S1     _WaitTFlag,A0     ; |102| 
     336 0000022c 00002000             NOP             2
     337                               ; BRANCH OCCURS                   ; |103| 
     338                    ;** --------------------------------------------------------------------------*
     339 00000230           L8:    
     340 00000230 00240362             B       .S2     B9                ; |104| 
     341 00000234 07BD0942             ADD     .D2     8,SP,SP           ; |104| 
     342 00000238 00006000             NOP             4
     343                               ; BRANCH OCCURS                   ; |104| 
     344                    
     345                    
     346 0000023c                   .sect   ".text"
     347                            .global _PWMOut
     348                    
     349                    ;******************************************************************************
     350                    ;* FUNCTION NAME: _PWMOut                                                     *
     351                    ;*                                                                            *
     352                    ;*   Regs Modified     : A0,A1,A2,A3,A4,A5,A6,A7,A8,A9,A10,A11,A12,B0,B1,B2,  *
     353                    ;*                           B3,B4,B5,B6,B7,B8,B9,SP                          *
     354                    ;*   Regs Used         : A0,A1,A2,A3,A4,A5,A6,A7,A8,A9,A10,A11,A12,B0,B1,B2,  *
     355                    ;*                           B3,B4,B5,B6,B7,B8,B9,SP                          *
     356                    ;*   Local Frame Size  : 0 Args + 8 Auto + 16 Save = 24 byte                  *
     357                    ;******************************************************************************
     358 0000023c           _PWMOut:
     359                    ;** --------------------------------------------------------------------------*
     360 0000023c 031011A2             MV      .S2X    A4,B6             ; |106| 
     361 00000240 041800A2             SPDP    .S2     B6,B9:B8          ; |114| 
     362 00000244 038008C2             ZERO    .D2     B7                ; |113| 
     363 00000248 021011A2             MV      .S2X    A4,B4             ; |106| 
     364 0000024c 021000A2             SPDP    .S2     B4,B5:B4          ; |113| 
     365 00000250 030008C2             ZERO    .D2     B6                ; |113| 
     366 00000254 03E024EA             MVKH    .S2     0xc0490000,B7     ; |113| 
     367 00000258 00188AA2             CMPLTDP .S2     B5:B4,B7:B6,B0    ; |113| 
     368 0000025c 063CD4F4             STW     .D2T1   A12,*SP--(24)     ; |106| 
     369 00000260 20001610     [ B0]   B       .S1     L9                ; |113| 
     370                    
     371 00000264 023C22F5             STW     .D2T1   A4,*+SP(4)        ; |106| 
     372 00000268 00004229  ||         MVKL    .S1     0x2000084,A0      ; |113| 
     373 0000026c 028428C0  ||         ZERO    .D1     A5                ; |114| 
     374                    
     375 00000270 05BC82F5             STW     .D2T1   A11,*+SP(16)      ; |106| 
     376 00000274 02A024E8  ||         MVKH    .S1     0x40490000,A5     ; |114| 
     377                    
     378 00000280 053C62F5             STW     .D2T1   A10,*+SP(12)      ; |106| 
     379 00000284 020428C1  ||         ZERO    .D1     A4                ; |114| 
     380 00000288 00010068  ||         MVKH    .S1     0x2000084,A0      ; |113| 
     381                    
     382 0000028c 00A09AA1             CMPGTDP .S1X    B9:B8,A5:A4,A1    ; |114| 
     383 00000290 01BCA2F7  ||         STW     .D2T2   B3,*+SP(20)       ; |106| 
     384 00000294 018428C0  ||         ZERO    .D1     A3                ; |113| 
     385                    
TMS320C6x COFF Assembler         Version 4.10     Thu Mar 21 16:23:52 2024
Copyright (c) 1996-2001 Texas Instruments Incorporated
temp\main.asm                                                        PAGE    8

     386 00000298 21800275     [ B0]   STW     .D1T1   A3,*A0            ; |113| 
     387 0000029c 323C22E6  || [!B0]   LDW     .D2T2   *+SP(4),B4        ; |118| 
     388                    
     389                               ; BRANCH OCCURS                   ; |113| 
     390                    ;** --------------------------------------------------------------------------*
     391 000002a0 0380422A             MVKL    .S2     0x2000084,B7      ; |114| 
     392 000002a4 01817E2A'            MVKL    .S2     RL4,B3            ; |118| 
     393 000002a8 05FF0028             MVKL    .S1     0x40affe00,A11    ; |118| 
     394 000002ac 0007FFA8             MVK     .S1     4095,A0           ; |114| 
     395 000002b0 021000A2             SPDP    .S2     B4,B5:B4          ; |118| 
     396 000002b4 028008C0             ZERO    .D1     A5                ; |118| 
     397 000002b8 0381006A             MVKH    .S2     0x2000084,B7      ; |114| 
     398 000002bc 02A024E8             MVKH    .S1     0x40490000,A5     ; |118| 
     399 000002c0 80000A12     [ A1]   B       .S2     L9                ; |114| 
     400 000002c4 0300002A!            MVKL    .S2     __divd,B6         ; |118| 
     401 000002c8 0180006A'            MVKH    .S2     RL4,B3            ; |118| 
     402                    
     403 000002cc 02109319             ADDDP   .L1X    A5:A4,B5:B4,A5:A4 ; |118| 
     404 000002d0 06004228  ||         MVKL    .S1     0x2000084,A12     ; |118| 
     405                    
     406 000002d4 028428C3             ZERO    .D2     B5                ; |118| 
     407 000002d8 0300006B! ||         MVKH    .S2     __divd,B6         ; |118| 
     408 000002dc 05A057E8  ||         MVKH    .S1     0x40affe00,A11    ; |118| 
     409                    
     410 000002e0 02A02CEB             MVKH    .S2     0x40590000,B5     ; |118| 
     411 000002e4 020420FB  ||         ZERO    .L2     B4                ; |118| 
     412 000002e8 801C02F5  || [ A1]   STW     .D2T1   A0,*B7            ; |114| 
     413 000002ec 06010069  ||         MVKH    .S1     0x2000084,A12     ; |118| 
     414 000002f0 050428C0  ||         ZERO    .D1     A10               ; |118| 
     415                    
     416                               ; BRANCH OCCURS                   ; |114| 
     417                    ;** --------------------------------------------------------------------------*
     418 000002f4 00180362             B       .S2     B6                ; |118| 
     419 000002f8 00008000             NOP             5
     420 000002fc           RL4:       ; CALL OCCURS                     ; |118| 
     421 000002fc 00114700             MPYDP   .M1     A11:A10,A5:A4,A1:A0 ; |118| 
     422 00000300 00010000             NOP             9
     423 00000304 00040038             DPTRUNC .L1     A1:A0,A0          ; |118| 
     424 00000308 00004000             NOP             3
     425 0000030c 00300274             STW     .D1T1   A0,*A12           ; |118| 
     426                    ;** --------------------------------------------------------------------------*
     427 00000310           L9:    
     428 00000310 00004228             MVKL    .S1     0x2000084,A0      ; |122| 
     429 00000314 00010068             MVKH    .S1     0x2000084,A0      ; |122| 
     430 00000318 00000264             LDW     .D1T1   *A0,A0            ; |122| 
     431 0000031c 01BCA2E6             LDW     .D2T2   *+SP(20),B3       ; |124| 
     432 00000320 05BC82E4             LDW     .D2T1   *+SP(16),A11      ; |124| 
     433 00000324 053C62E4             LDW     .D2T1   *+SP(12),A10      ; |124| 
     434 00000328 00000000             NOP             1
     435 0000032c 00000938             INTSPU  .L1     A0,A0             ; |122| 
     436 00000330 020008C2             ZERO    .D2     B4                ; |122| 
     437 00000334 0222806A             MVKH    .S2     0x45000000,B4     ; |122| 
     438 00000338 00000000             NOP             1
     439 0000033c 021012BA             SUBSP   .L2X    A0,B4,B4          ; |122| 
     440 00000340 00004000             NOP             3
TMS320C6x COFF Assembler         Version 4.10     Thu Mar 21 16:23:52 2024
Copyright (c) 1996-2001 Texas Instruments Incorporated
temp\main.asm                                                        PAGE    9

     441                    
     442 00000344 023C42F7             STW     .D2T2   B4,*+SP(8)        ; |122| 
     443 00000348 000C0362  ||         B       .S2     B3                ; |124| 
     444                    
     445 0000034c 063CD2E4             LDW     .D2T1   *++SP(24),A12     ; |124| 
     446 00000350 021011A0             MV      .S1X    B4,A4             ; |122| 
     447 00000354 00004000             NOP             3
     448                               ; BRANCH OCCURS                   ; |124| 
     449                    
     450                    
     451 00000358                   .sect   ".text"
     452                            .global _GetAngle
     453                    
     454                    ;******************************************************************************
     455                    ;* FUNCTION NAME: _GetAngle                                                   *
     456                    ;*                                                                            *
     457                    ;*   Regs Modified     : A0,A1,A3,A4,B4,B5,B6,SP                              *
     458                    ;*   Regs Used         : A0,A1,A3,A4,B3,B4,B5,B6,SP                           *
     459                    ;*   Local Frame Size  : 0 Args + 12 Auto + 0 Save = 12 byte                  *
     460                    ;******************************************************************************
     461 00000358           _GetAngle:
     462                    ;** --------------------------------------------------------------------------*
     463 00000358 0201062A             MVKL    .S2     0x200020c,B4      ; |132| 
     464 0000035c 0201006A             MVKH    .S2     0x200020c,B4      ; |132| 
     465 00000360 021002E6             LDW     .D2T2   *B4,B4            ; |132| 
     466 00000364 00006000             NOP             4
     467                    
     468 00000368 0212100B             EXTU    .S2     B4,16,16,B4       ; |132| 
     469 0000036c 000428C1  ||         ZERO    .D1     A0                ; |136| 
     470 00000370 01BFFFA9  ||         MVK     .S1     32767,A3          ; |135| 
     471 00000374 07BE09C2  ||         SUB     .D2     SP,16,SP          ; |126| 
     472                    
     473 00000380 023C22F7             STW     .D2T2   B4,*+SP(4)        ; |132| 
     474 00000384 00907AF9  ||         CMPGT   .L1X    B4,A3,A1
     475 00000388 031001A3  ||         MV      .S2     B4,B6             ; |132| 
     476 0000038c 000000E8  ||         MVKH    .S1     0x10000,A0        ; |136| 
     477                    
     478 00000390 933C42F7     [!A1]   STW     .D2T2   B6,*+SP(8)        ; |135| 
     479 00000394 020090FA  ||         SUB     .L2X    B4,A0,B4          ; |136| 
     480                    
     481 00000398 823C42F6     [ A1]   STW     .D2T2   B4,*+SP(8)        ; |136| 
     482 0000039c 023C42E6             LDW     .D2T2   *+SP(8),B4        ; |139| 
     483 000003a0 00006000             NOP             4
     484 000003a4 0210073A             INTDP   .L2     B4,B5:B4          ; |139| 
     485 000003a8 00002000             NOP             2
     486 000003ac 008008C0             ZERO    .D1     A1                ; |139| 
     487                    
     488 000003b0 009FDC69             MVKH    .S1     0x3fb80000,A1     ; |139| 
     489 000003b4 000848C0  ||         ZERO    .D1     A0                ; |139| 
     490                    
     491 000003b8 00101700             MPYDP   .M1X    A1:A0,B5:B4,A1:A0 ; |139| 
     492 000003bc 0000E000             NOP             8
     493 000003c0 000C0362             B       .S2     B3                ; |141| 
     494 000003c4 00040138             DPSP    .L1     A1:A0,A0          ; |139| 
     495 000003c8 00004000             NOP             3
TMS320C6x COFF Assembler         Version 4.10     Thu Mar 21 16:23:52 2024
Copyright (c) 1996-2001 Texas Instruments Incorporated
temp\main.asm                                                        PAGE   10

     496                    
     497 000003cc 07800853             ADDK    .S2     16,SP             ; |141| 
     498 000003d0 003C62F5  ||         STW     .D2T1   A0,*+SP(12)       ; |139| 
     499 000003d4 02000940  ||         MV      .D1     A0,A4             ; |139| 
     500                    
     501                               ; BRANCH OCCURS                   ; |141| 
     502                    
     503                    
     504 000003d8                   .sect   ".text"
     505                            .global _GetRefAngle
     506                    
     507                    ;******************************************************************************
     508                    ;* FUNCTION NAME: _GetRefAngle                                                *
     509                    ;*                                                                            *
     510                    ;*   Regs Modified     : A0,A1,A2,A3,A4,A5,A6,A7,A8,A9,A10,B0,B1,B2,B3,B4,B5, *
     511                    ;*                           B6,B7,B8,B9,B10,B11,B12,B13,SP                   *
     512                    ;*   Regs Used         : A0,A1,A2,A3,A4,A5,A6,A7,A8,A9,A10,B0,B1,B2,B3,B4,B5, *
     513                    ;*                           B6,B7,B8,B9,B10,B11,B12,B13,SP                   *
     514                    ;*   Local Frame Size  : 0 Args + 36 Auto + 24 Save = 60 byte                 *
     515                    ;******************************************************************************
     516 000003d8           _GetRefAngle:
     517                    ;** --------------------------------------------------------------------------*
     518                    
     519 000003d8 001011A1             MV      .S1X    B4,A0
     520 000003dc 06BE14F6  ||         STW     .D2T2   B13,*SP--(64)     ; |144| 
     521                    
     522 000003e0 000428C1             ZERO    .D1     A0                ; |154| 
     523 000003e4 003C42F4  ||         STW     .D2T1   A0,*+SP(8)        ; |144| 
     524                    
     525 000003e8 00000029!            MVKL    .S1     __divf,A0         ; |157| 
     526 000003ec 003D22F4  ||         STW     .D2T1   A0,*+SP(36)       ; |154| 
     527                    
     528 000003f0 00000069!            MVKH    .S1     __divf,A0         ; |157| 
     529 000003f4 01BD82F6  ||         STW     .D2T2   B3,*+SP(48)       ; |144| 
     530                    
     531 000003f8 00001363             B       .S2X    A0                ; |157| 
     532 000003fc 023C22F4  ||         STW     .D2T1   A4,*+SP(4)        ; |144| 
     533                    
     534 00000400 05BDC2F6             STW     .D2T2   B11,*+SP(56)      ; |144| 
     535 00000404 053DA2F6             STW     .D2T2   B10,*+SP(52)      ; |144| 
     536 00000408 053D62F4             STW     .D2T1   A10,*+SP(44)      ; |144| 
     537                    
     538 0000040c 033C62F5             STW     .D2T1   A6,*+SP(12)       ; |144| 
     539 00000410 0182182B' ||         MVKL    .S2     RL8,B3            ; |157| 
     540 00000414 0290005A  ||         MV      .L2     B4,B5
     541                    
     542 00000420 0180006B'            MVKH    .S2     RL8,B3            ; |157| 
     543 00000424 021411A1  ||         MV      .S1X    B5,A4             ; |157| 
     544 00000428 063DE2F7  ||         STW     .D2T2   B12,*+SP(60)      ; |144| 
     545 0000042c 0218105A  ||         MV      .L2X    A6,B4             ; |144| 
     546                    
     547 00000430           RL8:       ; CALL OCCURS                     ; |157| 
     548 00000430 03BC42E6             LDW     .D2T2   *+SP(8),B7        ; |158| 
     549 00000434 023C62E6             LDW     .D2T2   *+SP(12),B4       ; |158| 
     550 00000438 0300002A!            MVKL    .S2     __divf,B6         ; |158| 
TMS320C6x COFF Assembler         Version 4.10     Thu Mar 21 16:23:52 2024
Copyright (c) 1996-2001 Texas Instruments Incorporated
temp\main.asm                                                        PAGE   11

     551 0000043c 0300006A!            MVKH    .S2     __divf,B6         ; |158| 
     552                    
     553 00000440 00180363             B       .S2     B6                ; |158| 
     554 00000444 000428C0  ||         ZERO    .D1     A0                ; |158| 
     555                    
     556 00000448 029CEE03             MPYSP   .M2     B7,B7,B5
     557 0000044c 00200068  ||         MVKH    .S1     0x40000000,A0     ; |158| 
     558                    
     559 00000450 02009E02             MPYSP   .M2X    B4,A0,B4          ; |158| 
     560 00000454 0182342A'            MVKL    .S2     RL10,B3           ; |158| 
     561 00000458 023C82F4             STW     .D2T1   A4,*+SP(16)       ; |157| 
     562                    
     563 00000460 0180006B'            MVKH    .S2     RL10,B3           ; |158| 
     564 00000464 021411A0  ||         MV      .S1X    B5,A4             ; |158| 
     565                    
     566 00000468           RL10:      ; CALL OCCURS                     ; |158| 
     567 00000468 00000028!            MVKL    .S1     __divf,A0         ; |161| 
     568                    
     569 0000046c 023C42E7             LDW     .D2T2   *+SP(8),B4        ; |161| 
     570 00000470 00000068! ||         MVKH    .S1     __divf,A0         ; |161| 
     571                    
     572 00000474 00001363             B       .S2X    A0                ; |161| 
     573 00000478 023CE2F4  ||         STW     .D2T1   A4,*+SP(28)       ; |158| 
     574                    
     575 0000047c 023C22E4             LDW     .D2T1   *+SP(4),A4
     576 00000480 0182462A'            MVKL    .S2     RL12,B3           ; |161| 
     577 00000484 0180006A'            MVKH    .S2     RL12,B3           ; |161| 
     578 00000488 00002000             NOP             2
     579 0000048c           RL12:      ; CALL OCCURS                     ; |161| 
     580 0000048c 043C82E6             LDW     .D2T2   *+SP(16),B8       ; |165| 
     581 00000490 033CE2E6             LDW     .D2T2   *+SP(28),B6       ; |168| 
     582 00000494 003C22E6             LDW     .D2T2   *+SP(4),B0        ; |162| 
     583 00000498 020008C2             ZERO    .D2     B4                ; |168| 
     584 0000049c 0220006A             MVKH    .S2     0x40000000,B4     ; |168| 
     585 000004a0 0391121A             ADDSP   .L2X    B8,A4,B7
     586 000004a4 0410CE02             MPYSP   .M2     B6,B4,B8          ; |168| 
     587 000004a8 01000942             MV      .D2     B0,B2
     588 000004ac 01829A2A'            MVKL    .S2     RL16,B3           ; |171| 
     589                    
     590 000004b0 0480005B             MV      .L2     B0,B9             ; |172| 
     591 000004b4 023CA2F5  ||         STW     .D2T1   A4,*+SP(20)       ; |161| 
     592 000004b8 0500002A! ||         MVKL    .S2     _sqrt,B10         ; |171| 
     593                    
     594 000004c0 00212E63             CMPGTSP .S2     B9,B8,B0          ; |168| 
     595 000004c4 0318023B  ||         SUBSP   .L2     B0,B6,B6
     596 000004c8 020011A1  ||         MV      .S1X    B0,A4
     597 000004cc 00980942  ||         MV      .D2     B6,B1
     598                    
     599 000004d0 068428C3             ZERO    .D2     B13               ; |177| 
     600 000004d4 0180006A' ||         MVKH    .S2     RL16,B3           ; |171| 
     601                    
     602 000004d8 06A0006A             MVKH    .S2     0x40000000,B13    ; |177| 
     603                    
     604 000004e0 0600002B!            MVKL    .S2     __divf,B12        ; |172| 
     605 000004e4 20003F90  || [ B0]   B       .S1     L11               ; |168| 
TMS320C6x COFF Assembler         Version 4.10     Thu Mar 21 16:23:52 2024
Copyright (c) 1996-2001 Texas Instruments Incorporated
temp\main.asm                                                        PAGE   12

     606                    
     607 000004e8 0500006A!            MVKH    .S2     _sqrt,B10         ; |171| 
     608                    
     609 000004ec 023C62E7             LDW     .D2T2   *+SP(12),B4       ; |171| 
     610 000004f0 058420FB  ||         ZERO    .L2     B11               ; |172| 
     611 000004f4 05000029- ||         MVKL    .S1     _TINTCnt,A10      ; |180| 
     612 000004f8 0600006A! ||         MVKH    .S2     __divf,B12        ; |172| 
     613                    
     614 00000500 05000069-            MVKH    .S1     _TINTCnt,A10      ; |180| 
     615 00000504 05A0006B  ||         MVKH    .S2     0x40000000,B11    ; |172| 
     616 00000508 033D02F6  ||         STW     .D2T2   B6,*+SP(32)       ; |162| 
     617                    
     618 0000050c 0280002B!            MVKL    .S2     __divf,B5         ; |171| 
     619 00000510 00000029- ||         MVKL    .S1     _TINTCnt,A0       ; |189| 
     620 00000514 03BCC2F6  ||         STW     .D2T2   B7,*+SP(24)       ; |165| 
     621                    
     622 00000520 0280006B!            MVKH    .S2     __divf,B5         ; |171| 
     623 00000524 01BC82E5  ||         LDW     .D2T1   *+SP(16),A3       ; |189| 
     624 00000528 00000068- ||         MVKH    .S1     _TINTCnt,A0       ; |189| 
     625                    
     626                               ; BRANCH OCCURS                   ; |168| 
     627                    ;** --------------------------------------------------------------------------*
     628 0000052c 00140362             B       .S2     B5                ; |171| 
     629 00000530 00008000             NOP             5
     630 00000534           RL16:      ; CALL OCCURS                     ; |171| 
     631 00000534 00280362             B       .S2     B10               ; |171| 
     632 00000538 0182A42A'            MVKL    .S2     RL18,B3           ; |171| 
     633 0000053c 00002000             NOP             2
     634 00000540 021000A0             SPDP    .S1     A4,A5:A4          ; |171| 
     635 00000544 0180006A'            MVKH    .S2     RL18,B3           ; |171| 
     636 00000548           RL18:      ; CALL OCCURS                     ; |171| 
     637 00000548 00300362             B       .S2     B12               ; |172| 
     638                    
     639 0000054c 023C22E5             LDW     .D2T1   *+SP(4),A4
     640 00000550 00148138  ||         DPSP    .L1     A5:A4,A0          ; |171| 
     641                    
     642 00000554 022C005A             MV      .L2     B11,B4            ; |172| 
     643 00000558 00000000             NOP             1
     644 0000055c 0182B42A'            MVKL    .S2     RL20,B3           ; |172| 
     645                    
     646 00000560 0180006B'            MVKH    .S2     RL20,B3           ; |172| 
     647 00000564 003C82F4  ||         STW     .D2T1   A0,*+SP(16)       ; |171| 
     648                    
     649 00000568           RL20:      ; CALL OCCURS                     ; |172| 
     650 00000568 02BC62E6             LDW     .D2T2   *+SP(12),B5       ; |174| 
     651 0000056c 023C82E6             LDW     .D2T2   *+SP(16),B4       ; |177| 
     652 00000570 023CE2F4             STW     .D2T1   A4,*+SP(28)       ; |172| 
     653 00000574 00004000             NOP             3
     654 00000578 02948E02             MPYSP   .M2     B4,B5,B5
     655                    
     656 00000580 02348E03             MPYSP   .M2     B4,B13,B4         ; |177| 
     657 00000584 03100942  ||         MV      .D2     B4,B6
     658                    
     659 00000588 00004000             NOP             3
     660 0000058c 023CA2F6             STW     .D2T2   B4,*+SP(20)       ; |177| 
TMS320C6x COFF Assembler         Version 4.10     Thu Mar 21 16:23:52 2024
Copyright (c) 1996-2001 Texas Instruments Incorporated
temp\main.asm                                                        PAGE   13

     661 00000590 02BC42F6             STW     .D2T2   B5,*+SP(8)        ; |174| 
     662 00000594 00280264             LDW     .D1T1   *A10,A0           ; |180| 
     663 00000598 02180942             MV      .D2     B6,B4             ; |180| 
     664 0000059c 02BC62E6             LDW     .D2T2   *+SP(12),B5       ; |180| 
     665 000005a0 030005E2             ZERO    .S2     B6                ; |180| 
     666 000005a4 00000000             NOP             1
     667 000005a8 01800938             INTSPU  .L1     A0,A3             ; |180| 
     668 000005ac 00000028-            MVKL    .S1     _TINTCnt,A0       ; |180| 
     669 000005b0 00000068-            MVKH    .S1     _TINTCnt,A0       ; |180| 
     670 000005b4 00000000             NOP             1
     671 000005b8 00907E60             CMPGTSP .S1X    A3,B4,A1          ; |180| 
     672 000005bc 90000264     [!A1]   LDW     .D1T1   *A0,A0            ; |180| 
     673 000005c0 0200002A-            MVKL    .S2     _TINTCnt,B4       ; |180| 
     674 000005c4 0200006A-            MVKH    .S2     _TINTCnt,B4       ; |180| 
     675 000005c8 921002E6     [!A1]   LDW     .D2T2   *B4,B4            ; |180| 
     676 000005cc 01BC82E4             LDW     .D2T1   *+SP(16),A3       ; |182| 
     677                    
     678 000005d0 0298AE03             MPYSP   .M2     B5,B6,B5          ; |180| 
     679 000005d4 90000938  || [!A1]   INTSPU  .L1     A0,A0             ; |180| 
     680                    
     681 000005d8 00004000             NOP             3
     682                    
     683 000005e0 9280BE03     [!A1]   MPYSP   .M2X    A0,B5,B5          ; |180| 
     684 000005e4 9210093A  || [!A1]   INTSPU  .L2     B4,B4             ; |180| 
     685                    
     686 000005e8 00000028-            MVKL    .S1     _TINTCnt,A0       ; |182| 
     687 000005ec 00000068-            MVKH    .S1     _TINTCnt,A0       ; |182| 
     688 000005f0 90006590     [!A1]   B       .S1     L14               ; |180| 
     689 000005f4 92148E02     [!A1]   MPYSP   .M2     B4,B5,B4          ; |180| 
     690 000005f8 00004000             NOP             3
     691 000005fc 923D22F6     [!A1]   STW     .D2T2   B4,*+SP(36)       ; |180| 
     692                               ; BRANCH OCCURS                   ; |180| 
     693                    ;** --------------------------------------------------------------------------*
     694 00000600 00000264             LDW     .D1T1   *A0,A0            ; |182| 
     695 00000604 033CA2E6             LDW     .D2T2   *+SP(20),B6       ; |182| 
     696 00000608 043C62E6             LDW     .D2T2   *+SP(12),B8       ; |182| 
     697 0000060c 02800028-            MVKL    .S1     _TINTCnt,A5       ; |182| 
     698 00000610 02800068-            MVKH    .S1     _TINTCnt,A5       ; |182| 
     699 00000614 02000938             INTSPU  .L1     A0,A4             ; |182| 
     700 00000618 00000028-            MVKL    .S1     _TINTCnt,A0       ; |182| 
     701 0000061c 00000068-            MVKH    .S1     _TINTCnt,A0       ; |182| 
     702 00000620 04BC22E6             LDW     .D2T2   *+SP(4),B9        ; |183| 
     703 00000624 00906EA0             CMPLTSP .S1     A3,A4,A1          ; |182| 
     704 00000628 80000264     [ A1]   LDW     .D1T1   *A0,A0            ; |182| 
     705 0000062c 020411A2             MV      .S2X    A1,B4             ; |182| 
     706 00000630 023C82E4             LDW     .D2T1   *+SP(16),A4       ; |182| 
     707 00000634 033CE2E4             LDW     .D2T1   *+SP(28),A6       ; |182| 
     708 00000638 0280002A-            MVKL    .S2     _TINTCnt,B5       ; |182| 
     709 0000063c 81800938     [ A1]   INTSPU  .L1     A0,A3             ; |182| 
     710 00000640 00000028-            MVKL    .S1     _TINTCnt,A0       ; |182| 
     711 00000644 00000068-            MVKH    .S1     _TINTCnt,A0       ; |182| 
     712 00000648 0280006A-            MVKH    .S2     _TINTCnt,B5       ; |182| 
     713 0000064c 838CDEA2     [ A1]   CMPGTSP .S2X    A3,B6,B7          ; |182| 
     714 00000650 821C22A2     [ A1]   XOR     .S2     1,B7,B4           ; |182| 
     715 00000654 009011A0             MV      .S1X    B4,A1             ; |182| 
TMS320C6x COFF Assembler         Version 4.10     Thu Mar 21 16:23:52 2024
Copyright (c) 1996-2001 Texas Instruments Incorporated
temp\main.asm                                                        PAGE   14

     716 00000658 90001090     [!A1]   B       .S1     L10               ; |182| 
     717 0000065c 018008C0             ZERO    .D1     A3                ; |182| 
     718 00000660 0310105A             MV      .L2X    A4,B6             ; |182| 
     719 00000664 043C42E4             LDW     .D2T1   *+SP(8),A8        ; |182| 
     720 00000668 00000000             NOP             1
     721                    
     722 0000066c 01900941             MV      .D1     A4,A3             ; |182| 
     723 00000670 03A07E00  ||         MPYSP   .M1X    B8,A3,A7          ; |182| 
     724                    
     725                               ; BRANCH OCCURS                   ; |182| 
     726                    ;** --------------------------------------------------------------------------*
     727 00000674 00000264             LDW     .D1T1   *A0,A0            ; |182| 
     728 00000678 02940264             LDW     .D1T1   *A5,A5            ; |182| 
     729 0000067c 021402E6             LDW     .D2T2   *B5,B4            ; |182| 
     730 00000680 00002000             NOP             2
     731 00000684 00000938             INTSPU  .L1     A0,A0             ; |182| 
     732 00000688 02940938             INTSPU  .L1     A5,A5             ; |182| 
     733 0000068c 00002000             NOP             2
     734 00000690 00100238             SUBSP   .L1     A0,A4,A0          ; |182| 
     735                    
     736 00000694 018CA239             SUBSP   .L1     A5,A3,A3          ; |182| 
     737 00000698 0210093A  ||         INTSPU  .L2     B4,B4             ; |182| 
     738                    
     739 0000069c 00002000             NOP             2
     740 000006a0 00200E00             MPYSP   .M1     A0,A8,A0          ; |182| 
     741                    
     742 000006a4 0218823B             SUBSP   .L2     B4,B6,B4          ; |182| 
     743 000006a8 019C6E00  ||         MPYSP   .M1     A3,A7,A3          ; |182| 
     744                    
     745 000006ac 00002000             NOP             2
     746 000006b0 00004A90             B       .S1     L12               ; |182| 
     747                    
     748 000006b4 020C9E03             MPYSP   .M2X    B4,A3,B4          ; |182| 
     749 000006b8 00180218  ||         ADDSP   .L1     A0,A6,A0          ; |182| 
     750                    
     751 000006bc 00004000             NOP             3
     752 000006c0 021012BA             SUBSP   .L2X    A0,B4,B4          ; |182| 
     753                               ; BRANCH OCCURS                   ; |182| 
     754                    ;** --------------------------------------------------------------------------*
     755 000006c4           L10:    
     756 000006c4 00004B10             B       .S1     L16               ; |184| 
     757 000006c8 01BD82E6             LDW     .D2T2   *+SP(48),B3       ; |198| 
     758 000006cc 063DE2E6             LDW     .D2T2   *+SP(60),B12      ; |198| 
     759 000006d0 05BDC2E6             LDW     .D2T2   *+SP(56),B11      ; |198| 
     760 000006d4 00000000             NOP             1
     761 000006d8 04BD22F6             STW     .D2T2   B9,*+SP(36)       ; |183| 
     762                               ; BRANCH OCCURS                   ; |184| 
     763                    ;** --------------------------------------------------------------------------*
     764 000006dc           L11:    
     765 000006dc 00000264             LDW     .D1T1   *A0,A0            ; |189| 
     766 000006e0 00006000             NOP             4
     767 000006e4 02000938             INTSPU  .L1     A0,A4             ; |189| 
     768 000006e8 00002000             NOP             2
     769 000006ec 00000028-            MVKL    .S1     _TINTCnt,A0       ; |189| 
     770                    
TMS320C6x COFF Assembler         Version 4.10     Thu Mar 21 16:23:52 2024
Copyright (c) 1996-2001 Texas Instruments Incorporated
temp\main.asm                                                        PAGE   15

     771 000006f0 008C8E61             CMPGTSP .S1     A4,A3,A1          ; |189| 
     772 000006f4 0200002A- ||         MVKL    .S2     _TINTCnt,B4       ; |189| 
     773                    
     774 000006f8 00000069-            MVKH    .S1     _TINTCnt,A0       ; |189| 
     775 000006fc 0200006A- ||         MVKH    .S2     _TINTCnt,B4       ; |189| 
     776                    
     777 00000700 90000265     [!A1]   LDW     .D1T1   *A0,A0            ; |189| 
     778 00000704 921002E6  || [!A1]   LDW     .D2T2   *B4,B4            ; |189| 
     779                    
     780 00000708 00006000             NOP             4
     781 0000070c 90101200     [!A1]   MPYI    .M1X    B4,A0,A0          ; |189| 
     782 00000710 00004000             NOP             3
     783 00000714 02BC62E6             LDW     .D2T2   *+SP(12),B5       ; |189| 
     784 00000718 00004000             NOP             3
     785 0000071c 020008C2             ZERO    .D2     B4                ; |189| 
     786                    
     787 00000720 90000939     [!A1]   INTSPU  .L1     A0,A0             ; |189| 
     788 00000724 0210AE02  ||         MPYSP   .M2     B5,B4,B4          ; |189| 
     789                    
     790 00000728 00002000             NOP             2
     791 0000072c 90003D90     [!A1]   B       .S1     L14               ; |189| 
     792 00000730 92009E02     [!A1]   MPYSP   .M2X    A0,B4,B4          ; |189| 
     793 00000734 00002000             NOP             2
     794 00000738 00000028-            MVKL    .S1     _TINTCnt,A0       ; |191| 
     795                    
     796 00000740 00000069-            MVKH    .S1     _TINTCnt,A0       ; |191| 
     797 00000744 923D22F6  || [!A1]   STW     .D2T2   B4,*+SP(36)       ; |189| 
     798                    
     799                               ; BRANCH OCCURS                   ; |189| 
     800                    ;** --------------------------------------------------------------------------*
     801 00000748 00000264             LDW     .D1T1   *A0,A0            ; |191| 
     802 0000074c 0200002A-            MVKL    .S2     _TINTCnt,B4       ; |191| 
     803 00000750 0200006A-            MVKH    .S2     _TINTCnt,B4       ; |191| 
     804 00000754 033CA2E6             LDW     .D2T2   *+SP(20),B6       ; |191| 
     805 00000758 00000000             NOP             1
     806 0000075c 00000938             INTSPU  .L1     A0,A0             ; |191| 
     807 00000760 00004000             NOP             3
     808 00000764 00806EA0             CMPLTSP .S1     A3,A0,A1          ; |191| 
     809 00000768 821002E6     [ A1]   LDW     .D2T2   *B4,B4            ; |191| 
     810 0000076c 00000028-            MVKL    .S1     _TINTCnt,A0       ; |191| 
     811 00000770 00000068-            MVKH    .S1     _TINTCnt,A0       ; |191| 
     812 00000774 00002000             NOP             2
     813 00000778 8290093A     [ A1]   INTSPU  .L2     B4,B5             ; |191| 
     814 0000077c 0204105A             MV      .L2X    A1,B4             ; |191| 
     815 00000780 00002000             NOP             2
     816 00000784 8298AE62     [ A1]   CMPGTSP .S2     B5,B6,B5          ; |191| 
     817 00000788 821422A2     [ A1]   XOR     .S2     1,B5,B4           ; |191| 
     818 0000078c 00901058             MV      .L1X    B4,A1             ; |191| 
     819 00000790 80000264     [ A1]   LDW     .D1T1   *A0,A0            ; |191| 
     820 00000794 02BC42E6             LDW     .D2T2   *+SP(8),B5        ; |191| 
     821 00000798 020C11A2             MV      .S2X    A3,B4             ; |191| 
     822 0000079c 01BCA2E4             LDW     .D2T1   *+SP(20),A3       ; |193| 
     823 000007a0 00000000             NOP             1
     824 000007a4 80000938     [ A1]   INTSPU  .L1     A0,A0             ; |191| 
     825 000007a8 00004000             NOP             3
TMS320C6x COFF Assembler         Version 4.10     Thu Mar 21 16:23:52 2024
Copyright (c) 1996-2001 Texas Instruments Incorporated
temp\main.asm                                                        PAGE   16

     826 000007ac 831012BA     [ A1]   SUBSP   .L2X    A0,B4,B6          ; |191| 
     827 000007b0 02040942             MV      .D2     B1,B4
     828 000007b4 00000028-            MVKL    .S1     _TINTCnt,A0       ; |193| 
     829 000007b8 00000068-            MVKH    .S1     _TINTCnt,A0       ; |193| 
     830 000007bc 8294CE02     [ A1]   MPYSP   .M2     B6,B5,B5          ; |191| 
     831 000007c0 00002000             NOP             2
     832 000007c4 80002990     [ A1]   B       .S1     L14               ; |191| 
     833 000007c8 8204A21A     [ A1]   ADDSP   .L2     B5,B1,B4
     834 000007cc 00004000             NOP             3
     835 000007d0 823D22F6     [ A1]   STW     .D2T2   B4,*+SP(36)       ; |191| 
     836                               ; BRANCH OCCURS                   ; |191| 
     837                    ;** --------------------------------------------------------------------------*
     838 000007d4 00000264             LDW     .D1T1   *A0,A0            ; |193| 
     839 000007d8 00006000             NOP             4
     840 000007dc 02000938             INTSPU  .L1     A0,A4             ; |193| 
     841 000007e0 00002000             NOP             2
     842 000007e4 00000028-            MVKL    .S1     _TINTCnt,A0       ; |193| 
     843 000007e8 00906EA0             CMPLTSP .S1     A3,A4,A1          ; |193| 
     844 000007ec 00000068-            MVKH    .S1     _TINTCnt,A0       ; |193| 
     845 000007f0 80000264     [ A1]   LDW     .D1T1   *A0,A0            ; |193| 
     846 000007f4 00006000             NOP             4
     847                    
     848 000007f8 81800939     [ A1]   INTSPU  .L1     A0,A3             ; |193| 
     849 000007fc 023C62E6  ||         LDW     .D2T2   *+SP(12),B4       ; |193| 
     850                    
     851 00000800 00002000             NOP             2
     852                    
     853 00000804 048411A3             MV      .S2X    A1,B9             ; |193| 
     854 00000808 029C0942  ||         MV      .D2     B7,B5             ; |193| 
     855                    
     856 0000080c 828CBEA2     [ A1]   CMPGTSP .S2X    A3,B5,B5          ; |193| 
     857                    
     858 00000810 021000A3             SPDP    .S2     B4,B5:B4          ; |193| 
     859 00000814 84942DDB  || [ A1]   XOR     .L2     1,B5,B9           ; |193| 
     860 00000818 028428C0  ||         ZERO    .D1     A5                ; |193| 
     861                    
     862 00000820 00A41059             MV      .L1X    B9,A1             ; |193| 
     863 00000824 020428C1  ||         ZERO    .D1     A4                ; |193| 
     864 00000828 029FF068  ||         MVKH    .S1     0x3fe00000,A5     ; |193| 
     865                    
     866 0000082c 02109700             MPYDP   .M1X    B5:B4,A5:A4,A5:A4 ; |193| 
     867                    
     868 00000830 90001D11     [!A1]   B       .S1     L13               ; |193| 
     869 00000834 01BCA2E4  ||         LDW     .D2T1   *+SP(20),A3       ; |193| 
     870                    
     871 00000838 00000000             NOP             1
     872 0000083c 04800028-            MVKL    .S1     _TINTCnt,A9       ; |193| 
     873 00000840 04800068-            MVKH    .S1     _TINTCnt,A9       ; |193| 
     874                    
     875 00000844 00000029-            MVKL    .S1     _TINTCnt,A0       ; |193| 
     876 00000848 033D02E5  ||         LDW     .D2T1   *+SP(32),A6       ; |193| 
     877 0000084c 0308005B  ||         MV      .L2     B2,B6             ; |193| 
     878 00000850 0400002A- ||         MVKL    .S2     _TINTCnt,B8       ; |193| 
     879                    
     880 00000860 038C105B             MV      .L2X    A3,B7             ; |193| 
TMS320C6x COFF Assembler         Version 4.10     Thu Mar 21 16:23:52 2024
Copyright (c) 1996-2001 Texas Instruments Incorporated
temp\main.asm                                                        PAGE   17

     881 00000864 040C0941  ||         MV      .D1     A3,A8             ; |193| 
     882 00000868 00000069- ||         MVKH    .S1     _TINTCnt,A0       ; |193| 
     883 0000086c 0400006B- ||         MVKH    .S2     _TINTCnt,B8       ; |193| 
     884 00000870 03BC42E4  ||         LDW     .D2T1   *+SP(8),A7        ; |193| 
     885                    
     886                               ; BRANCH OCCURS                   ; |193| 
     887                    ;** --------------------------------------------------------------------------*
     888 00000874 00000264             LDW     .D1T1   *A0,A0            ; |193| 
     889 00000878 00006000             NOP             4
     890 0000087c 00000938             INTSPU  .L1     A0,A0             ; |193| 
     891 00000880 00004000             NOP             3
     892 00000884 00200238             SUBSP   .L1     A0,A8,A0          ; |193| 
     893 00000888 022002E6             LDW     .D2T2   *B8,B4            ; |193| 
     894 0000088c 00000000             NOP             1
     895 00000890 04240264             LDW     .D1T1   *A9,A8            ; |193| 
     896 00000894 000000A0             SPDP    .S1     A0,A1:A0          ; |193| 
     897 00000898 00000000             NOP             1
     898                    
     899 000008a0 00100701             MPYDP   .M1     A1:A0,A5:A4,A1:A0 ; |193| 
     900 000008a4 0210093A  ||         INTSPU  .L2     B4,B4             ; |193| 
     901                    
     902 000008a8 00000000             NOP             1
     903 000008ac 02200938             INTSPU  .L1     A8,A4             ; |193| 
     904 000008b0 00000000             NOP             1
     905 000008b4 021C823A             SUBSP   .L2     B4,B7,B4          ; |193| 
     906 000008b8 00000000             NOP             1
     907 000008bc 018C8238             SUBSP   .L1     A4,A3,A3          ; |193| 
     908 000008c0 00000000             NOP             1
     909 000008c4 021000A2             SPDP    .S2     B4,B5:B4          ; |193| 
     910 000008c8 00000000             NOP             1
     911                    
     912 000008cc 001C6E01             MPYSP   .M1     A3,A7,A0          ; |193| 
     913 000008d0 02009702  ||         MPYDP   .M2X    B5:B4,A1:A0,B5:B4 ; |193| 
     914                    
     915 000008d4 00004000             NOP             3
     916 000008d8 00180218             ADDSP   .L1     A0,A6,A0          ; |193| 
     917 000008dc 00004000             NOP             3
     918 000008e0 000000A0             SPDP    .S1     A0,A1:A0          ; |193| 
     919 000008e4 00000000             NOP             1
     920 000008e8 021013BA             SUBDP   .L2X    A1:A0,B5:B4,B5:B4 ; |193| 
     921 000008ec 0000A000             NOP             6
     922 000008f0 0214813A             DPSP    .L2     B5:B4,B4          ; |193| 
     923                    ;** --------------------------------------------------------------------------*
     924 000008f4           L12:    
     925 000008f4 00000690             B       .S1     L15               ; |193| 
     926 000008f8 01BD82E6             LDW     .D2T2   *+SP(48),B3       ; |198| 
     927 000008fc 063DE2E6             LDW     .D2T2   *+SP(60),B12      ; |198| 
     928 00000900 00002000             NOP             2
     929 00000904 023D22F6             STW     .D2T2   B4,*+SP(36)       ; |193| 
     930                               ; BRANCH OCCURS                   ; |193| 
     931                    ;** --------------------------------------------------------------------------*
     932 00000908           L13:    
     933 00000908 033D22F6             STW     .D2T2   B6,*+SP(36)       ; |194| 
     934                    ;** --------------------------------------------------------------------------*
     935 0000090c           L14:    
TMS320C6x COFF Assembler         Version 4.10     Thu Mar 21 16:23:52 2024
Copyright (c) 1996-2001 Texas Instruments Incorporated
temp\main.asm                                                        PAGE   18

     936 0000090c 01BD82E6             LDW     .D2T2   *+SP(48),B3       ; |198| 
     937 00000910 063DE2E6             LDW     .D2T2   *+SP(60),B12      ; |198| 
     938                    ;** --------------------------------------------------------------------------*
     939 00000914           L15:    
     940 00000914 05BDC2E6             LDW     .D2T2   *+SP(56),B11      ; |198| 
     941                    ;** --------------------------------------------------------------------------*
     942 00000918           L16:    
     943 00000918 053DA2E6             LDW     .D2T2   *+SP(52),B10      ; |198| 
     944 0000091c 053D62E4             LDW     .D2T1   *+SP(44),A10      ; |198| 
     945                    
     946 00000920 000C0363             B       .S2     B3                ; |198| 
     947 00000924 023D22E4  ||         LDW     .D2T1   *+SP(36),A4       ; |197| 
     948                    
     949 00000928 06BE12E6             LDW     .D2T2   *++SP(64),B13     ; |198| 
     950 0000092c 00006000             NOP             4
     951                               ; BRANCH OCCURS                   ; |198| 
     952                    
     953                    
     954 00000930                   .sect   ".text"
     955                            .global _main
     956                    
     957                    ;******************************************************************************
     958                    ;* FUNCTION NAME: _main                                                       *
     959                    ;*                                                                            *
     960                    ;*   Regs Modified     : A0,A1,A2,A3,A4,A5,A6,A7,A8,A9,B0,B1,B2,B3,B4,B5,B6,  *
     961                    ;*                           B7,B8,B9,SP                                      *
     962                    ;*   Regs Used         : A0,A1,A2,A3,A4,A5,A6,A7,A8,A9,B0,B1,B2,B3,B4,B5,B6,  *
     963                    ;*                           B7,B8,B9,SP                                      *
     964                    ;*   Local Frame Size  : 16 Args + 0 Auto + 4 Save = 20 byte                  *
     965                    ;******************************************************************************
     966 00000930           _main:
     967                    ;** --------------------------------------------------------------------------*
     968 00000930 00000028'            MVKL    .S1     _InitEXINTF,A0    ; |202| 
     969 00000934 00000068'            MVKH    .S1     _InitEXINTF,A0    ; |202| 
     970 00000938 00001362             B       .S2X    A0                ; |202| 
     971 0000093c 01BCD4F6             STW     .D2T2   B3,*SP--(24)      ; |201| 
     972 00000940 0184A62A'            MVKL    .S2     RL22,B3           ; |202| 
     973 00000944 0180006A'            MVKH    .S2     RL22,B3           ; |202| 
     974 00000948 00002000             NOP             2
     975 0000094c           RL22:      ; CALL OCCURS                     ; |202| 
     976 0000094c 00002028'            MVKL    .S1     _InitTimer,A0     ; |203| 
     977 00000950 00000068'            MVKH    .S1     _InitTimer,A0     ; |203| 
     978 00000954 00001362             B       .S2X    A0                ; |203| 
     979 00000958 0184B22A'            MVKL    .S2     RL24,B3           ; |203| 
     980 0000095c 0180006A'            MVKH    .S2     RL24,B3           ; |203| 
     981 00000960 00004000             NOP             3
     982 00000964           RL24:      ; CALL OCCURS                     ; |203| 
     983 00000964 0200002A!            MVKL    .S2     _InitUART,B4      ; |204| 
     984 00000968 0200006A!            MVKH    .S2     _InitUART,B4      ; |204| 
     985 0000096c 00100362             B       .S2     B4                ; |204| 
     986 00000970 0184BE2A'            MVKL    .S2     RL26,B3           ; |204| 
     987 00000974 0180006A'            MVKH    .S2     RL26,B3           ; |204| 
     988 00000978 00004000             NOP             3
     989 0000097c           RL26:      ; CALL OCCURS                     ; |204| 
     990 0000097c 00004028'            MVKL    .S1     _InitINT,A0       ; |205| 
TMS320C6x COFF Assembler         Version 4.10     Thu Mar 21 16:23:52 2024
Copyright (c) 1996-2001 Texas Instruments Incorporated
temp\main.asm                                                        PAGE   19

     991 00000980 00000068'            MVKH    .S1     _InitINT,A0       ; |205| 
     992 00000984 00001362             B       .S2X    A0                ; |205| 
     993 00000988 0184CA2A'            MVKL    .S2     RL28,B3           ; |205| 
     994 0000098c 0180006A'            MVKH    .S2     RL28,B3           ; |205| 
     995 00000990 00004000             NOP             3
     996 00000994           RL28:      ; CALL OCCURS                     ; |205| 
     997 00000994 00000028!            MVKL    .S1     _InitUSBMon,A0    ; |206| 
     998 00000998 00000068!            MVKH    .S1     _InitUSBMon,A0    ; |206| 
     999 0000099c 00001362             B       .S2X    A0                ; |206| 
    1000 000009a0 0184D62A'            MVKL    .S2     RL30,B3           ; |206| 
    1001 000009a4 0180006A'            MVKH    .S2     RL30,B3           ; |206| 
    1002 000009a8 00004000             NOP             3
    1003 000009ac           RL30:      ; CALL OCCURS                     ; |206| 
    1004 000009ac 00000028!            MVKL    .S1     _sprintf,A0       ; |208| 
    1005                    
    1006 000009b0 00000069!            MVKH    .S1     _sprintf,A0       ; |208| 
    1007 000009b4 0280002A! ||         MVKL    .S2     _tmp_string,B5    ; |208| 
    1008                    
    1009 000009b8 00001362             B       .S2X    A0                ; |208| 
    1010 000009bc 0184EC2A'            MVKL    .S2     RL32,B3           ; |208| 
    1011 000009c0 0280006A!            MVKH    .S2     _tmp_string,B5    ; |208| 
    1012 000009c4 0200002A+            MVKL    .S2     SL1+0,B4          ; |208| 
    1013 000009c8 0200006A+            MVKH    .S2     SL1+0,B4          ; |208| 
    1014                    
    1015 000009cc 0180006B'            MVKH    .S2     RL32,B3           ; |208| 
    1016 000009d0 021411A1  ||         MV      .S1X    B5,A4             ; |208| 
    1017 000009d4 023C22F6  ||         STW     .D2T2   B4,*+SP(4)        ; |208| 
    1018                    
    1019 000009d8           RL32:      ; CALL OCCURS                     ; |208| 
    1020 000009d8 00000028!            MVKL    .S1     _Report,A0        ; |208| 
    1021 000009dc 00000068!            MVKH    .S1     _Report,A0        ; |208| 
    1022 000009e0 00001362             B       .S2X    A0                ; |208| 
    1023 000009e4 0184F82A'            MVKL    .S2     RL34,B3           ; |208| 
    1024 000009e8 0180006A'            MVKH    .S2     RL34,B3           ; |208| 
    1025 000009ec 00004000             NOP             3
    1026 000009f0           RL34:      ; CALL OCCURS                     ; |208| 
    1027 000009f0 0003F428             MVK     .S1     2024,A0           ; |209| 
    1028                    
    1029 000009f4 00000029!            MVKL    .S1     _sprintf,A0       ; |209| 
    1030 000009f8 003C42F4  ||         STW     .D2T1   A0,*+SP(8)        ; |209| 
    1031                    
    1032 00000a00 00000069!            MVKH    .S1     _sprintf,A0       ; |209| 
    1033 00000a04 020002AA+ ||         MVKL    .S2     SL2+0,B4          ; |209| 
    1034                    
    1035 00000a08 00001362             B       .S2X    A0                ; |209| 
    1036 00000a0c 0200006A+            MVKH    .S2     SL2+0,B4          ; |209| 
    1037 00000a10 0280002A!            MVKL    .S2     _tmp_string,B5    ; |209| 
    1038 00000a14 0280006A!            MVKH    .S2     _tmp_string,B5    ; |209| 
    1039 00000a18 0185162A'            MVKL    .S2     RL36,B3           ; |209| 
    1040                    
    1041 00000a20 023C22F7             STW     .D2T2   B4,*+SP(4)        ; |209| 
    1042 00000a24 0180006B' ||         MVKH    .S2     RL36,B3           ; |209| 
    1043 00000a28 021411A0  ||         MV      .S1X    B5,A4             ; |209| 
    1044                    
    1045 00000a2c           RL36:      ; CALL OCCURS                     ; |209| 
TMS320C6x COFF Assembler         Version 4.10     Thu Mar 21 16:23:52 2024
Copyright (c) 1996-2001 Texas Instruments Incorporated
temp\main.asm                                                        PAGE   20

    1046 00000a2c 00000028!            MVKL    .S1     _Report,A0        ; |209| 
    1047 00000a30 00000068!            MVKH    .S1     _Report,A0        ; |209| 
    1048 00000a34 00001362             B       .S2X    A0                ; |209| 
    1049 00000a38 0185222A'            MVKL    .S2     RL38,B3           ; |209| 
    1050 00000a3c 0180006A'            MVKH    .S2     RL38,B3           ; |209| 
    1051 00000a40 00004000             NOP             3
    1052 00000a44           RL38:      ; CALL OCCURS                     ; |209| 
    1053 00000a44 02000F2A+            MVKL    .S2     SL3+0,B4          ; |210| 
    1054 00000a48 0281FE2A             MVKL    .S2     0x20003fc,B5      ; |210| 
    1055 00000a4c 0200006A+            MVKH    .S2     SL3+0,B4          ; |210| 
    1056                    
    1057 00000a50 0281006B             MVKH    .S2     0x20003fc,B5      ; |210| 
    1058 00000a54 023C22F6  ||         STW     .D2T2   B4,*+SP(4)        ; |210| 
    1059                    
    1060 00000a58 021402E6             LDW     .D2T2   *B5,B4            ; |210| 
    1061 00000a5c 01800028!            MVKL    .S1     _sprintf,A3       ; |210| 
    1062 00000a60 0001FE28             MVKL    .S1     0x20003fc,A0      ; |210| 
    1063 00000a64 00010068             MVKH    .S1     0x20003fc,A0      ; |210| 
    1064 00000a68 01800068!            MVKH    .S1     _sprintf,A3       ; |210| 
    1065 00000a6c 0212180A             EXTU    .S2     B4,16,24,B4       ; |210| 
    1066 00000a70 023C42F6             STW     .D2T2   B4,*+SP(8)        ; |210| 
    1067 00000a74 00000264             LDW     .D1T1   *A0,A0            ; |210| 
    1068 00000a78 000C1362             B       .S2X    A3                ; |210| 
    1069 00000a7c 01854A2A'            MVKL    .S2     RL40,B3           ; |210| 
    1070 00000a80 0180006A'            MVKH    .S2     RL40,B3           ; |210| 
    1071 00000a84 02000028!            MVKL    .S1     _tmp_string,A4    ; |210| 
    1072 00000a88 00031808             EXTU    .S1     A0,24,24,A0       ; |210| 
    1073                    
    1074 00000a8c 003C62F5             STW     .D2T1   A0,*+SP(12)       ; |210| 
    1075 00000a90 02000068! ||         MVKH    .S1     _tmp_string,A4    ; |210| 
    1076                    
    1077 00000a94           RL40:      ; CALL OCCURS                     ; |210| 
    1078 00000a94 00000028!            MVKL    .S1     _Report,A0        ; |210| 
    1079 00000a98 00000068!            MVKH    .S1     _Report,A0        ; |210| 
    1080 00000a9c 00001362             B       .S2X    A0                ; |210| 
    1081 00000aa0 0185562A'            MVKL    .S2     RL42,B3           ; |210| 
    1082 00000aa4 0180006A'            MVKH    .S2     RL42,B3           ; |210| 
    1083 00000aa8 00004000             NOP             3
    1084 00000aac           RL42:      ; CALL OCCURS                     ; |210| 
    1085                    ;** --------------------------------------------------------------------------*
    1086 00000aac 00004C28'            MVKL    .S1     _GIE,A0           ; |214| 
    1087 00000ab0 00000068'            MVKH    .S1     _GIE,A0           ; |214| 
    1088 00000ab4 00001362             B       .S2X    A0                ; |214| 
    1089 00000ab8 0200002A!            MVKL    .S2     _TFlag,B4         ; |212| 
    1090 00000abc 0185682A'            MVKL    .S2     RL44,B3           ; |214| 
    1091 00000ac0 0200006A!            MVKH    .S2     _TFlag,B4         ; |212| 
    1092 00000ac4 028008C2             ZERO    .D2     B5                ; |212| 
    1093                    
    1094 00000ac8 029002F7             STW     .D2T2   B5,*B4            ; |212| 
    1095 00000acc 0180006A' ||         MVKH    .S2     RL44,B3           ; |214| 
    1096                    
    1097 00000ad0           RL44:      ; CALL OCCURS                     ; |214| 
    1098 00000ad0 030000AA             MVK     .S2     1,B6              ; |217| 
    1099 00000ad4 0280402A             MVKL    .S2     0x2000080,B5      ; |217| 
    1100 00000ad8 0200262A             MVKL    .S2     0x200004c,B4      ; |216| 
TMS320C6x COFF Assembler         Version 4.10     Thu Mar 21 16:23:52 2024
Copyright (c) 1996-2001 Texas Instruments Incorporated
temp\main.asm                                                        PAGE   21

    1101                    
    1102 00000ae0 0201006B             MVKH    .S2     0x200004c,B4      ; |216| 
    1103 00000ae4 000000A8  ||         MVK     .S1     1,A0              ; |216| 
    1104                    
    1105 00000ae8 00000029-            MVKL    .S1     _TINTCnt,A0       ; |220| 
    1106 00000aec 001002F5  ||         STW     .D2T1   A0,*B4            ; |216| 
    1107 00000af0 0281006A  ||         MVKH    .S2     0x2000080,B5      ; |217| 
    1108                    
    1109 00000af4 031402F7             STW     .D2T2   B6,*B5            ; |217| 
    1110 00000af8 00000069- ||         MVKH    .S1     _TINTCnt,A0       ; |220| 
    1111 00000afc 018428C0  ||         ZERO    .D1     A3                ; |220| 
    1112                    
    1113 00000b00 01800274             STW     .D1T1   A3,*A0            ; |220| 
    1114 00000b04 0200262A             MVKL    .S2     0x200004c,B4      ; |223| 
    1115 00000b08 0201006A             MVKH    .S2     0x200004c,B4      ; |223| 
    1116 00000b0c 029002E6             LDW     .D2T2   *B4,B5            ; |223| 
    1117 00000b10 00002000             NOP             2
    1118                    ;*----------------------------------------------------------------------------*
    1119                    ;*   SOFTWARE PIPELINE INFORMATION
    1120                    ;*      Disqualified loop: software pipelining disabled
    1121                    ;*----------------------------------------------------------------------------*
    1122 00000b14           L17:    
    1123 00000b14 01800028-            MVKL    .S1     _TINTCnt,A3       ; |224| 
    1124 00000b18 01800068-            MVKH    .S1     _TINTCnt,A3       ; |224| 
    1125                    
    1126 00000b20 028018AB+            MVKL    .S2     SL4+0,B5          ; |224| 
    1127 00000b24 03142DDA  ||         XOR     .L2     1,B5,B6           ; |223| 
    1128                    
    1129 00000b28 031002F7             STW     .D2T2   B6,*B4            ; |223| 
    1130 00000b2c 0280006A+ ||         MVKH    .S2     SL4+0,B5          ; |224| 
    1131                    
    1132 00000b30 02BC22F6             STW     .D2T2   B5,*+SP(4)        ; |224| 
    1133                    
    1134 00000b34 000C0265             LDW     .D1T1   *A3,A0            ; |224| 
    1135 00000b38 0280002A! ||         MVKL    .S2     _sprintf,B5       ; |224| 
    1136                    
    1137 00000b3c 0280006A!            MVKH    .S2     _sprintf,B5       ; |224| 
    1138 00000b40 00140362             B       .S2     B5                ; |224| 
    1139 00000b44 0185B62A'            MVKL    .S2     RL46,B3           ; |224| 
    1140 00000b48 0200002A!            MVKL    .S2     _tmp_string,B4    ; |224| 
    1141 00000b4c 02002940             ADD     .D1     1,A0,A4           ; |224| 
    1142                    
    1143 00000b50 020C0275             STW     .D1T1   A4,*A3            ; |224| 
    1144 00000b54 0200006A! ||         MVKH    .S2     _tmp_string,B4    ; |224| 
    1145                    
    1146 00000b60 003C42F5             STW     .D2T1   A0,*+SP(8)        ; |224| 
    1147 00000b64 021011A1  ||         MV      .S1X    B4,A4             ; |224| 
    1148 00000b68 0180006A' ||         MVKH    .S2     RL46,B3           ; |224| 
    1149                    
    1150 00000b6c           RL46:      ; CALL OCCURS                     ; |224| 
    1151 00000b6c 00000028!            MVKL    .S1     _Report,A0        ; |224| 
    1152 00000b70 00000068!            MVKH    .S1     _Report,A0        ; |224| 
    1153 00000b74 00001362             B       .S2X    A0                ; |224| 
    1154 00000b78 0185C22A'            MVKL    .S2     RL48,B3           ; |224| 
    1155 00000b7c 0180006A'            MVKH    .S2     RL48,B3           ; |224| 
TMS320C6x COFF Assembler         Version 4.10     Thu Mar 21 16:23:52 2024
Copyright (c) 1996-2001 Texas Instruments Incorporated
temp\main.asm                                                        PAGE   22

    1156 00000b80 00004000             NOP             3
    1157 00000b84           RL48:      ; CALL OCCURS                     ; |224| 
    1158 00000b84 0000DC28'            MVKL    .S1     _WaitTFlagCnt,A0  ; |225| 
    1159 00000b88 00000068'            MVKH    .S1     _WaitTFlagCnt,A0  ; |225| 
    1160 00000b8c 00001362             B       .S2X    A0                ; |225| 
    1161 00000b90 0185D02A'            MVKL    .S2     RL50,B3           ; |225| 
    1162 00000b94 0180006A'            MVKH    .S2     RL50,B3           ; |225| 
    1163 00000b98 0200FA28             MVK     .S1     0x1f4,A4          ; |225| 
    1164 00000b9c 00002000             NOP             2
    1165 00000ba0           RL50:      ; CALL OCCURS                     ; |225| 
    1166 00000ba0 0FFFEE90             B       .S1     L17               ; |226| 
    1167 00000ba4 0200262A             MVKL    .S2     0x200004c,B4      ; |223| 
    1168 00000ba8 0201006A             MVKH    .S2     0x200004c,B4      ; |223| 
    1169 00000bac 029002E6             LDW     .D2T2   *B4,B5            ; |223| 
    1170 00000bb0 00002000             NOP             2
    1171                               ; BRANCH OCCURS                   ; |226| 
    1172                    
    1173                    
    1174                    ;******************************************************************************
    1175                    ;* STRINGS                                                                    *
    1176                    ;******************************************************************************
    1177 00000000                   .sect   ".const"
    1178 00000000 0000000D  SL1:    .string 13,10,13,10,0
         00000001 0000000A 
         00000002 0000000D 
         00000003 0000000A 
         00000004 00000000 
    1179 00000005 0000004D  SL2:    .string "Mechatronics Course %d",13,10,0
         00000006 00000065 
         00000007 00000063 
         00000008 00000068 
         00000009 00000061 
         0000000a 00000074 
         0000000b 00000072 
         0000000c 0000006F 
         0000000d 0000006E 
         0000000e 00000069 
         0000000f 00000063 
         00000010 00000073 
         00000011 00000020 
         00000012 00000043 
         00000013 0000006F 
         00000014 00000075 
         00000015 00000072 
         00000016 00000073 
         00000017 00000065 
         00000018 00000020 
         00000019 00000025 
         0000001a 00000064 
         0000001b 0000000D 
         0000001c 0000000A 
         0000001d 00000000 
    1180 0000001e 00000046  SL3:    .string "FPGA Ver%2x.%02x",13,10,0
         0000001f 00000050 
         00000020 00000047 
TMS320C6x COFF Assembler         Version 4.10     Thu Mar 21 16:23:52 2024
Copyright (c) 1996-2001 Texas Instruments Incorporated
temp\main.asm                                                        PAGE   23

         00000021 00000041 
         00000022 00000020 
         00000023 00000056 
         00000024 00000065 
         00000025 00000072 
         00000026 00000025 
         00000027 00000032 
         00000028 00000078 
         00000029 0000002E 
         0000002a 00000025 
         0000002b 00000030 
         0000002c 00000032 
         0000002d 00000078 
         0000002e 0000000D 
         0000002f 0000000A 
         00000030 00000000 
    1181 00000031 00000054  SL4:    .string "Timer Check: %d ",13,10,0
         00000032 00000069 
         00000033 0000006D 
         00000034 00000065 
         00000035 00000072 
         00000036 00000020 
         00000037 00000043 
         00000038 00000068 
         00000039 00000065 
         0000003a 00000063 
         0000003b 0000006B 
         0000003c 0000003A 
         0000003d 00000020 
         0000003e 00000025 
         0000003f 00000064 
         00000040 00000020 
         00000041 0000000D 
         00000042 0000000A 
         00000043 00000000 
    1182                    ;******************************************************************************
    1183                    ;* UNDEFINED EXTERNAL REFERENCES                                              *
    1184                    ;******************************************************************************
    1185                            .global _sqrt
    1186                            .global _sprintf
    1187                            .global _InitUART
    1188                            .global _Report
    1189                            .global _InitUSBMon
    1190                            .global _tmp_string
    1191                            .global _TFlag
    1192                            .global __divd
    1193                            .global __divf

No Assembly Errors, No Assembly Warnings
