TMS320C6x COFF Assembler         Version 4.10     Tue Apr 23 13:19:04 2024
Copyright (c) 1996-2001 Texas Instruments Incorporated
temp\interrupt.asm                                                   PAGE    1

       1                    ;******************************************************************************
       2                    ;* TMS320C6x ANSI C Codegen                                      Version 4.10 *
       3                    ;* Date/Time created: Tue Apr 23 13:19:04 2024                                *
       4                    ;******************************************************************************
       5                    
       6                    ;******************************************************************************
       7                    ;* GLOBAL FILE PARAMETERS                                                     *
       8                    ;*                                                                            *
       9                    ;*   Architecture      : TMS320C670x                                          *
      10                    ;*   Optimization      : Disabled                                             *
      11                    ;*   Optimizing for    : Compile time, Ease of Development                    *
      12                    ;*                       Based on options: no -o, no -ms                      *
      13                    ;*   Endian            : Little                                               *
      14                    ;*   Interrupt Thrshld : Disabled                                             *
      15                    ;*   Memory Model      : Large                                                *
      16                    ;*   Calls to RTS      : Far                                                  *
      17                    ;*   Pipelining        : Disabled                                             *
      18                    ;*   Memory Aliases    : Presume are aliases (pessimistic)                    *
      19                    ;*   Debug Info        : No Debug Info                                        *
      20                    ;*                                                                            *
      21                    ;******************************************************************************
      22                    
      23                            .asg    A15, FP
      24                            .asg    B14, DP
      25                            .asg    B15, SP
      26                            .global $bss
      27                    
      28                    
      29 00000000                   .sect   ".cinit"
      30                            .align  8
      31 00000000 00000004          .field          4,32
      32 00000004 00000000-         .field          _TFlag+0,32
      33 00000008 00000000          .field          0,32                    ; _TFlag @ 0
      34 00000000                   .sect   ".text"
      35                            .global _TFlag
      36 00000000           _TFlag: .usect  .far,4,4
      37                    
      38 0000000c                   .sect   ".cinit"
      39                            .align  8
      40 00000010 00000004          .field          4,32
      41 00000014 00000004-         .field          _cnt1K$1+0,32
      42 00000018 00000000          .field          0,32                    ; _cnt1K$1 @ 0
      43 00000000                   .sect   ".text"
      44 00000004           _cnt1K$1:       .usect  .far,4,4
      45                    ;       acp6x -q -D_FAR_RTS=1 --large_model=3 --version=6701 -m --i_output_file C:\Users\hge42\AppData
      46 00000000                   .sect   ".text"
      47                            .global _ISRextint4
      48                    
      49                    ;******************************************************************************
      50                    ;* FUNCTION NAME: _ISRextint4                                                 *
      51                    ;*                                                                            *
      52                    ;*   Regs Modified     :                                                      *
      53                    ;*   Regs Used         :                                                      *
      54                    ;*   Local Frame Size  : 0 Args + 0 Auto + 0 Save = 0 byte                    *
      55                    ;******************************************************************************
TMS320C6x COFF Assembler         Version 4.10     Tue Apr 23 13:19:04 2024
Copyright (c) 1996-2001 Texas Instruments Incorporated
temp\interrupt.asm                                                   PAGE    2

      56 00000000           _ISRextint4:
      57                    ;** --------------------------------------------------------------------------*
      58 00000000 001800E2             B       .S2     IRP               ; |11| 
      59 00000004 00008000             NOP             5
      60                               ; BRANCH OCCURS                   ; |11| 
      61                    
      62                    
      63 00000008                   .sect   ".text"
      64                            .global _ISRextint5
      65                    
      66                    ;******************************************************************************
      67                    ;* FUNCTION NAME: _ISRextint5                                                 *
      68                    ;*                                                                            *
      69                    ;*   Regs Modified     :                                                      *
      70                    ;*   Regs Used         :                                                      *
      71                    ;*   Local Frame Size  : 0 Args + 0 Auto + 0 Save = 0 byte                    *
      72                    ;******************************************************************************
      73 00000008           _ISRextint5:
      74                    ;** --------------------------------------------------------------------------*
      75 00000008 001800E2             B       .S2     IRP               ; |17| 
      76 0000000c 00008000             NOP             5
      77                               ; BRANCH OCCURS                   ; |17| 
      78                    
      79                    
      80 00000010                   .sect   ".text"
      81                            .global _c_int08
      82                    
      83                    ;******************************************************************************
      84                    ;* FUNCTION NAME: _c_int08                                                    *
      85                    ;*                                                                            *
      86                    ;*   Regs Modified     :                                                      *
      87                    ;*   Regs Used         :                                                      *
      88                    ;*   Local Frame Size  : 0 Args + 0 Auto + 0 Save = 0 byte                    *
      89                    ;******************************************************************************
      90 00000010           _c_int08:
      91                    ;** --------------------------------------------------------------------------*
      92 00000010 001800E2             B       .S2     IRP               ; |29| 
      93 00000014 00008000             NOP             5
      94                               ; BRANCH OCCURS                   ; |29| 
      95                    
      96                    
      97 00000018                   .sect   ".text"
      98                            .global _c_int09
      99                    
     100                    ;******************************************************************************
     101                    ;* FUNCTION NAME: _c_int09                                                    *
     102                    ;*                                                                            *
     103                    ;*   Regs Modified     :                                                      *
     104                    ;*   Regs Used         :                                                      *
     105                    ;*   Local Frame Size  : 0 Args + 0 Auto + 0 Save = 0 byte                    *
     106                    ;******************************************************************************
     107 00000018           _c_int09:
     108                    ;** --------------------------------------------------------------------------*
     109 00000018 001800E2             B       .S2     IRP               ; |35| 
     110 0000001c 00008000             NOP             5
TMS320C6x COFF Assembler         Version 4.10     Tue Apr 23 13:19:04 2024
Copyright (c) 1996-2001 Texas Instruments Incorporated
temp\interrupt.asm                                                   PAGE    3

     111                               ; BRANCH OCCURS                   ; |35| 
     112                    
     113                    
     114 00000020                   .sect   ".text"
     115                            .global _ISRNMI
     116                    
     117                    ;******************************************************************************
     118                    ;* FUNCTION NAME: _ISRNMI                                                     *
     119                    ;*                                                                            *
     120                    ;*   Regs Modified     :                                                      *
     121                    ;*   Regs Used         :                                                      *
     122                    ;*   Local Frame Size  : 0 Args + 0 Auto + 0 Save = 0 byte                    *
     123                    ;******************************************************************************
     124 00000020           _ISRNMI:
     125                    ;** --------------------------------------------------------------------------*
     126 00000020 001800E2             B       .S2     IRP               ; |19| 
     127 00000024 00008000             NOP             5
     128                               ; BRANCH OCCURS                   ; |19| 
     129                    
     130                    
     131 00000028                   .sect   ".text"
     132                            .global _ISRextint6
     133                    
     134                    ;******************************************************************************
     135                    ;* FUNCTION NAME: _ISRextint6                                                 *
     136                    ;*                                                                            *
     137                    ;*   Regs Modified     : A0,A1,A2,A3,A4,A5,A6,A7,A8,A9,B0,B1,B2,B3,B4,B5,B6,  *
     138                    ;*                           B7,B8,B9,SP                                      *
     139                    ;*   Regs Used         : A0,A1,A2,A3,A4,A5,A6,A7,A8,A9,B0,B1,B2,B3,B4,B5,B6,  *
     140                    ;*                           B7,B8,B9,SP                                      *
     141                    ;*   Local Frame Size  : 0 Args + 4 Auto + 84 Save = 88 byte                  *
     142                    ;******************************************************************************
     143 00000028           _ISRextint6:
     144                    ;** --------------------------------------------------------------------------*
     145 00000028 04BED4F6             STW     .D2T2   B9,*SP--(88)      ; |22| 
     146 0000002c 003C62F4             STW     .D2T1   A0,*+SP(12)       ; |22| 
     147 00000030 03BE82F6             STW     .D2T2   B7,*+SP(80)       ; |22| 
     148 00000034 033E62F6             STW     .D2T2   B6,*+SP(76)       ; |22| 
     149 00000038 02BE42F6             STW     .D2T2   B5,*+SP(72)       ; |22| 
     150 0000003c 023E22F6             STW     .D2T2   B4,*+SP(68)       ; |22| 
     151 00000040 01BE02F6             STW     .D2T2   B3,*+SP(64)       ; |22| 
     152 00000044 013DE2F6             STW     .D2T2   B2,*+SP(60)       ; |22| 
     153 00000048 00BDC2F6             STW     .D2T2   B1,*+SP(56)       ; |22| 
     154 0000004c 003DA2F6             STW     .D2T2   B0,*+SP(52)       ; |22| 
     155 00000050 04BD82F4             STW     .D2T1   A9,*+SP(48)       ; |22| 
     156 00000054 043D62F4             STW     .D2T1   A8,*+SP(44)       ; |22| 
     157 00000058 03BD42F4             STW     .D2T1   A7,*+SP(40)       ; |22| 
     158 0000005c 033D22F4             STW     .D2T1   A6,*+SP(36)       ; |22| 
     159 00000060 02BD02F4             STW     .D2T1   A5,*+SP(32)       ; |22| 
     160 00000064 023CE2F4             STW     .D2T1   A4,*+SP(28)       ; |22| 
     161 00000068 01BCC2F4             STW     .D2T1   A3,*+SP(24)       ; |22| 
     162 0000006c 013CA2F4             STW     .D2T1   A2,*+SP(20)       ; |22| 
     163                    
     164 00000070 00BC82F5             STW     .D2T1   A1,*+SP(16)       ; |22| 
     165 00000074 00000428  ||         MVKL    .S1     0x2000008,A0      ; |25| 
TMS320C6x COFF Assembler         Version 4.10     Tue Apr 23 13:19:04 2024
Copyright (c) 1996-2001 Texas Instruments Incorporated
temp\interrupt.asm                                                   PAGE    4

     166                    
     167 00000078 00010069             MVKH    .S1     0x2000008,A0      ; |25| 
     168 0000007c 043EA2F6  ||         STW     .D2T2   B8,*+SP(84)       ; |22| 
     169                    
     170 00000080 00000264             LDW     .D1T1   *A0,A0            ; |25| 
     171 00000084 00006000             NOP             4
     172 00000088 0001E7A0             AND     .S1     15,A0,A0          ; |25| 
     173 0000008c 00802A58             CMPEQ   .L1     A0,1,A1           ; |25| 
     174 00000090 80005710     [ A1]   B       .S1     L8                ; |25| 
     175 00000094 003C22F4             STW     .D2T1   A0,*+SP(4)        ; |25| 
     176 00000098 83BE82E6     [ A1]   LDW     .D2T2   *+SP(80),B7       ; |59| 
     177 0000009c 833E62E6     [ A1]   LDW     .D2T2   *+SP(76),B6       ; |59| 
     178 000000a0 82BE42E6     [ A1]   LDW     .D2T2   *+SP(72),B5       ; |59| 
     179 000000a4 823E22E6     [ A1]   LDW     .D2T2   *+SP(68),B4       ; |59| 
     180                               ; BRANCH OCCURS                   ; |25| 
     181                    ;** --------------------------------------------------------------------------*
     182 000000a8 023C22E6             LDW     .D2T2   *+SP(4),B4        ; |26| 
     183 000000ac 00004000             NOP             3
     184                    ;** --------------------------------------------------------------------------*
     185                    ;**   BEGIN LOOP L1
     186                    ;** --------------------------------------------------------------------------*
     187 000000b0           L1:    
     188 000000b0 00000000             NOP             1
     189 000000b4 00108A5A             CMPEQ   .L2     B4,4,B0           ; |26| 
     190 000000b8 30002510     [!B0]   B       .S1     L3                ; |26| 
     191                    
     192 000000c0 323C22E7     [!B0]   LDW     .D2T2   *+SP(4),B4        ; |38| 
     193 000000c4 20000A28  || [ B0]   MVKL    .S1     0x2000014,A0      ; |27| 
     194                    
     195 000000c8 20010068     [ B0]   MVKH    .S1     0x2000014,A0      ; |27| 
     196 000000cc 20000264     [ B0]   LDW     .D1T1   *A0,A0            ; |27| 
     197 000000d0 00002000             NOP             2
     198                               ; BRANCH OCCURS                   ; |26| 
     199                    ;** --------------------------------------------------------------------------*
     200 000000d4 00002000             NOP             2
     201 000000d8 008027A0             AND     .S1     1,A0,A1           ; |27| 
     202 000000dc 90004A10     [!A1]   B       .S1     L7                ; |27| 
     203 000000e0 90000428     [!A1]   MVKL    .S1     0x2000008,A0      ; |58| 
     204 000000e4 90010068     [!A1]   MVKH    .S1     0x2000008,A0      ; |58| 
     205                    
     206 000000e8 820428C3     [ A1]   ZERO    .D2     B4                ; |28| 
     207 000000ec 82803E2B! || [ A1]   MVKL    .S2     _compacket+124,B5 ; |28| 
     208 000000f0 90000264  || [!A1]   LDW     .D1T1   *A0,A0            ; |58| 
     209                    
     210 000000f4 8201006A     [ A1]   MVKH    .S2     0x2000000,B4      ; |28| 
     211                    
     212 000000f8 8280006B!    [ A1]   MVKH    .S2     _compacket+124,B5 ; |28| 
     213 000000fc 821002E6  || [ A1]   LDW     .D2T2   *B4,B4            ; |28| 
     214                    
     215                               ; BRANCH OCCURS                   ; |27| 
     216                    ;** --------------------------------------------------------------------------*
     217 00000100 029402E6             LDW     .D2T2   *B5,B5            ; |28| 
     218 00000104 00000000             NOP             1
     219                    ;*----------------------------------------------------------------------------*
     220                    ;*   SOFTWARE PIPELINE INFORMATION
TMS320C6x COFF Assembler         Version 4.10     Tue Apr 23 13:19:04 2024
Copyright (c) 1996-2001 Texas Instruments Incorporated
temp\interrupt.asm                                                   PAGE    5

     221                    ;*      Disqualified loop: software pipelining disabled
     222                    ;*----------------------------------------------------------------------------*
     223 00000108           L2:    
     224 00000108 00003E28!            MVKL    .S1     _compacket+124,A0 ; |29| 
     225 0000010c 00000068!            MVKH    .S1     _compacket+124,A0 ; |29| 
     226 00000110 0213180A             EXTU    .S2     B4,24,24,B4       ; |28| 
     227 00000114 021402B6             STB     .D2T2   B4,*B5            ; |28| 
     228 00000118 01800264             LDW     .D1T1   *A0,A3            ; |29| 
     229 0000011c 00000028!            MVKL    .S1     _SendByte,A0      ; |29| 
     230 00000120 00000068!            MVKH    .S1     _SendByte,A0      ; |29| 
     231 00000124 01809C2A'            MVKL    .S2     RL0,B3            ; |29| 
     232 00000128 00001362             B       .S2X    A0                ; |29| 
     233 0000012c 020C0224             LDB     .D1T1   *A3,A4            ; |29| 
     234 00000130 0180006A'            MVKH    .S2     RL0,B3            ; |29| 
     235 00000134 00004000             NOP             3
     236 00000138           RL0:       ; CALL OCCURS                     ; |29| 
     237 00000138 02003E2A!            MVKL    .S2     _compacket+124,B4 ; |30| 
     238 0000013c 0200006A!            MVKH    .S2     _compacket+124,B4 ; |30| 
     239 00000140 021002E6             LDW     .D2T2   *B4,B4            ; |30| 
     240 00000144 000031A8!            MVKL    .S1     _compacket+99,A0  ; |30| 
     241 00000148 00000068!            MVKH    .S1     _compacket+99,A0  ; |30| 
     242 0000014c 00002000             NOP             2
     243 00000150 00901A78             CMPEQ   .L1X    B4,A0,A1          ; |30| 
     244 00000154 92003E2A!    [!A1]   MVKL    .S2     _compacket+124,B4 ; |34| 
     245 00000158 9200006A!    [!A1]   MVKH    .S2     _compacket+124,B4 ; |34| 
     246 0000015c 929002E6     [!A1]   LDW     .D2T2   *B4,B5            ; |34| 
     247 00000160 82003E2A!    [ A1]   MVKL    .S2     _compacket+124,B4 ; |31| 
     248 00000164 80000028!    [ A1]   MVKL    .S1     _compacket,A0     ; |31| 
     249 00000168 8200006A!    [ A1]   MVKH    .S2     _compacket+124,B4 ; |31| 
     250 0000016c 80000068!    [ A1]   MVKH    .S1     _compacket,A0     ; |31| 
     251                    
     252 00000170 02800A2B             MVKL    .S2     0x2000014,B5      ; |36| 
     253 00000174 93142942  || [!A1]   ADD     .D2     1,B5,B6           ; |34| 
     254                    
     255 00000178 931002F6     [!A1]   STW     .D2T2   B6,*B4            ; |34| 
     256                    
     257 00000180 801002F5     [ A1]   STW     .D2T1   A0,*B4            ; |31| 
     258 00000184 0281006A  ||         MVKH    .S2     0x2000014,B5      ; |36| 
     259                    
     260 00000188 021402E6             LDW     .D2T2   *B5,B4            ; |36| 
     261 0000018c 00006000             NOP             4
     262 00000190 001027A2             AND     .S2     1,B4,B0           ; |36| 
     263 00000194 2FFFF110     [ B0]   B       .S1     L2                ; |36| 
     264                    
     265 00000198 220428C3     [ B0]   ZERO    .D2     B4                ; |28| 
     266 0000019c 22803E2A! || [ B0]   MVKL    .S2     _compacket+124,B5 ; |28| 
     267                    
     268 000001a0 2201006A     [ B0]   MVKH    .S2     0x2000000,B4      ; |28| 
     269                    
     270 000001a4 2280006B!    [ B0]   MVKH    .S2     _compacket+124,B5 ; |28| 
     271 000001a8 221002E6  || [ B0]   LDW     .D2T2   *B4,B4            ; |28| 
     272                    
     273 000001ac 229402E6     [ B0]   LDW     .D2T2   *B5,B5            ; |28| 
     274 000001b0 00000000             NOP             1
     275                               ; BRANCH OCCURS                   ; |36| 
TMS320C6x COFF Assembler         Version 4.10     Tue Apr 23 13:19:04 2024
Copyright (c) 1996-2001 Texas Instruments Incorporated
temp\interrupt.asm                                                   PAGE    6

     276                    ;** --------------------------------------------------------------------------*
     277 000001b4 00002E10             B       .S1     L7                ; |37| 
     278 000001b8 00000428             MVKL    .S1     0x2000008,A0      ; |58| 
     279 000001bc 00010068             MVKH    .S1     0x2000008,A0      ; |58| 
     280 000001c0 00000264             LDW     .D1T1   *A0,A0            ; |58| 
     281 000001c4 00002000             NOP             2
     282                               ; BRANCH OCCURS                   ; |37| 
     283                    ;** --------------------------------------------------------------------------*
     284 000001c8           L3:    
     285 000001c8 00104A5A             CMPEQ   .L2     B4,2,B0           ; |38| 
     286 000001cc 30001090     [!B0]   B       .S1     L4                ; |38| 
     287 000001d0 2200642A!    [ B0]   MVKL    .S2     _respacket+200,B4 ; |39| 
     288 000001d4 00004000             NOP             3
     289 000001d8 323C22E6     [!B0]   LDW     .D2T2   *+SP(4),B4        ; |47| 
     290                               ; BRANCH OCCURS                   ; |38| 
     291                    ;** --------------------------------------------------------------------------*
     292 000001dc 0200006A!            MVKH    .S2     _respacket+200,B4 ; |39| 
     293 000001e0 029002E6             LDW     .D2T2   *B4,B5            ; |39| 
     294 000001e4 00006000             NOP             4
     295 000001e8 00140ADA             CMPGT   .L2     B5,0,B0           ; |39| 
     296                    
     297 000001ec 20006629!    [ B0]   MVKL    .S1     _respacket+204,A0 ; |40| 
     298 000001f0 029429C2  ||         SUB     .D2     B5,1,B5           ; |39| 
     299                    
     300 000001f4 20000069!    [ B0]   MVKH    .S1     _respacket+204,A0 ; |40| 
     301 000001f8 029002F6  ||         STW     .D2T2   B5,*B4            ; |39| 
     302                    
     303 000001fc 21800264     [ B0]   LDW     .D1T1   *A0,A3            ; |40| 
     304 00000200 22000028!    [ B0]   MVKL    .S1     _respacket,A4     ; |40| 
     305 00000204 22000068!    [ B0]   MVKH    .S1     _respacket,A4     ; |40| 
     306 00000208 30000228     [!B0]   MVKL    .S1     0x2000004,A0      ; |43| 
     307 0000020c 3200682A!    [!B0]   MVKL    .S2     _respacket+208,B4 ; |44| 
     308 00000210 228C2940     [ B0]   ADD     .D1     1,A3,A5           ; |40| 
     309 00000214 22800274     [ B0]   STW     .D1T1   A5,*A0            ; |40| 
     310                    
     311 00000218 00002011             B       .S1     L6                ; |46| 
     312 0000021c 200C8A24  || [ B0]   LDB     .D1T1   *+A3[A4],A0       ; |40| 
     313                    
     314 00000220 30010068     [!B0]   MVKH    .S1     0x2000004,A0      ; |43| 
     315 00000224 328000AA     [!B0]   MVK     .S2     1,B5              ; |43| 
     316                    
     317 00000228 328428C3     [!B0]   ZERO    .D2     B5                ; |44| 
     318 0000022c 220840FB  || [ B0]   ZERO    .L2     B4                ; |40| 
     319 00000230 3200006B! || [!B0]   MVKH    .S2     _respacket+208,B4 ; |44| 
     320 00000234 32800276  || [!B0]   STW     .D1T2   B5,*A0            ; |43| 
     321                    
     322 00000238 2201006B     [ B0]   MVKH    .S2     0x2000000,B4      ; |40| 
     323 0000023c 329002F6  || [!B0]   STW     .D2T2   B5,*B4            ; |44| 
     324                    
     325 00000240 201002F4     [ B0]   STW     .D2T1   A0,*B4            ; |40| 
     326                               ; BRANCH OCCURS                   ; |46| 
     327                    ;** --------------------------------------------------------------------------*
     328 00000244           L4:    
     329 00000244 00006000             NOP             4
     330 00000248 00118A5A             CMPEQ   .L2     B4,12,B0          ; |47| 
TMS320C6x COFF Assembler         Version 4.10     Tue Apr 23 13:19:04 2024
Copyright (c) 1996-2001 Texas Instruments Incorporated
temp\interrupt.asm                                                   PAGE    7

     331 0000024c 30001810     [!B0]   B       .S1     L6                ; |47| 
     332 00000250 00002000             NOP             2
     333 00000254 20000A28     [ B0]   MVKL    .S1     0x2000014,A0      ; |48| 
     334 00000258 20010068     [ B0]   MVKH    .S1     0x2000014,A0      ; |48| 
     335 0000025c 20000264     [ B0]   LDW     .D1T1   *A0,A0            ; |48| 
     336                               ; BRANCH OCCURS                   ; |47| 
     337                    ;** --------------------------------------------------------------------------*
     338 00000260 00006000             NOP             4
     339 00000264 008027A0             AND     .S1     1,A0,A1           ; |48| 
     340 00000268 90001410     [!A1]   B       .S1     L6                ; |48| 
     341 0000026c 00006000             NOP             4
     342 00000270 820008C2     [ A1]   ZERO    .D2     B4                ; |49| 
     343                               ; BRANCH OCCURS                   ; |48| 
     344                    ;*----------------------------------------------------------------------------*
     345                    ;*   SOFTWARE PIPELINE INFORMATION
     346                    ;*      Disqualified loop: software pipelining disabled
     347                    ;*----------------------------------------------------------------------------*
     348 00000274           L5:    
     349                    
     350 00000274 0201006B             MVKH    .S2     0x2000000,B4      ; |49| 
     351 00000278 00003E28! ||         MVKL    .S1     _compacket+124,A0 ; |49| 
     352                    
     353 00000280 021002E7             LDW     .D2T2   *B4,B4            ; |49| 
     354 00000284 00000068! ||         MVKH    .S1     _compacket+124,A0 ; |49| 
     355                    
     356 00000288 01800264             LDW     .D1T1   *A0,A3            ; |49| 
     357 0000028c 00003E28!            MVKL    .S1     _compacket+124,A0 ; |50| 
     358 00000290 00000068!            MVKH    .S1     _compacket+124,A0 ; |50| 
     359 00000294 00000000             NOP             1
     360 00000298 0213180A             EXTU    .S2     B4,24,24,B4       ; |49| 
     361 0000029c 020C0236             STB     .D1T2   B4,*A3            ; |49| 
     362 000002a0 00000264             LDW     .D1T1   *A0,A0            ; |50| 
     363 000002a4 020031AA!            MVKL    .S2     _compacket+99,B4  ; |50| 
     364 000002a8 0200006A!            MVKH    .S2     _compacket+99,B4  ; |50| 
     365 000002ac 00002000             NOP             2
     366 000002b0 00009A7A             CMPEQ   .L2X    A0,B4,B0          ; |50| 
     367 000002b4 30003E28!    [!B0]   MVKL    .S1     _compacket+124,A0 ; |54| 
     368 000002b8 30000068!    [!B0]   MVKH    .S1     _compacket+124,A0 ; |54| 
     369 000002bc 32000940     [!B0]   MV      .D1     A0,A4             ; |54| 
     370 000002c0 30100264     [!B0]   LDW     .D1T1   *A4,A0            ; |54| 
     371 000002c4 20003E28!    [ B0]   MVKL    .S1     _compacket+124,A0 ; |51| 
     372 000002c8 2200002A!    [ B0]   MVKL    .S2     _compacket,B4     ; |51| 
     373 000002cc 20000068!    [ B0]   MVKH    .S1     _compacket+124,A0 ; |51| 
     374 000002d0 2200006A!    [ B0]   MVKH    .S2     _compacket,B4     ; |51| 
     375                    
     376 000002d4 00000A29             MVKL    .S1     0x2000014,A0      ; |56| 
     377 000002d8 31802059  || [!B0]   ADD     .L1     1,A0,A3           ; |54| 
     378 000002dc 22000276  || [ B0]   STW     .D1T2   B4,*A0            ; |51| 
     379                    
     380 000002e0 00010069             MVKH    .S1     0x2000014,A0      ; |56| 
     381 000002e4 31900274  || [!B0]   STW     .D1T1   A3,*A4            ; |54| 
     382                    
     383 000002e8 00000264             LDW     .D1T1   *A0,A0            ; |56| 
     384 000002ec 00006000             NOP             4
     385 000002f0 008027A0             AND     .S1     1,A0,A1           ; |56| 
TMS320C6x COFF Assembler         Version 4.10     Tue Apr 23 13:19:04 2024
Copyright (c) 1996-2001 Texas Instruments Incorporated
temp\interrupt.asm                                                   PAGE    8

     386 000002f4 8FFFF290     [ A1]   B       .S1     L5                ; |56| 
     387 000002f8 00006000             NOP             4
     388 000002fc 820008C2     [ A1]   ZERO    .D2     B4                ; |49| 
     389                               ; BRANCH OCCURS                   ; |56| 
     390                    ;** --------------------------------------------------------------------------*
     391 00000300           L6:    
     392 00000300 00000428             MVKL    .S1     0x2000008,A0      ; |58| 
     393 00000304 00010068             MVKH    .S1     0x2000008,A0      ; |58| 
     394 00000308 00000264             LDW     .D1T1   *A0,A0            ; |58| 
     395 0000030c 00002000             NOP             2
     396                    ;** --------------------------------------------------------------------------*
     397 00000310           L7:    
     398 00000310 00002000             NOP             2
     399 00000314 0001E7A0             AND     .S1     15,A0,A0          ; |58| 
     400 00000318 00802A58             CMPEQ   .L1     A0,1,A1           ; |58| 
     401 0000031c 9FFFB610     [!A1]   B       .S1     L1                ; |58| 
     402 00000320 003C22F4             STW     .D2T1   A0,*+SP(4)        ; |58| 
     403 00000324 923C22E6     [!A1]   LDW     .D2T2   *+SP(4),B4        ; |26| 
     404 00000328 83BE82E6     [ A1]   LDW     .D2T2   *+SP(80),B7       ; |59| 
     405 0000032c 833E62E6     [ A1]   LDW     .D2T2   *+SP(76),B6       ; |59| 
     406 00000330 82BE42E6     [ A1]   LDW     .D2T2   *+SP(72),B5       ; |59| 
     407                               ; BRANCH OCCURS                   ; |58| 
     408                    ;** --------------------------------------------------------------------------*
     409 00000334 023E22E6             LDW     .D2T2   *+SP(68),B4       ; |59| 
     410                    ;** --------------------------------------------------------------------------*
     411 00000338           L8:    
     412 00000338 01BE02E6             LDW     .D2T2   *+SP(64),B3       ; |59| 
     413 0000033c 013DE2E6             LDW     .D2T2   *+SP(60),B2       ; |59| 
     414 00000340 00BDC2E6             LDW     .D2T2   *+SP(56),B1       ; |59| 
     415 00000344 003DA2E6             LDW     .D2T2   *+SP(52),B0       ; |59| 
     416 00000348 04BD82E4             LDW     .D2T1   *+SP(48),A9       ; |59| 
     417 0000034c 043D62E4             LDW     .D2T1   *+SP(44),A8       ; |59| 
     418 00000350 03BD42E4             LDW     .D2T1   *+SP(40),A7       ; |59| 
     419 00000354 033D22E4             LDW     .D2T1   *+SP(36),A6       ; |59| 
     420 00000358 02BD02E4             LDW     .D2T1   *+SP(32),A5       ; |59| 
     421 0000035c 023CE2E4             LDW     .D2T1   *+SP(28),A4       ; |59| 
     422 00000360 01BCC2E4             LDW     .D2T1   *+SP(24),A3       ; |59| 
     423 00000364 013CA2E4             LDW     .D2T1   *+SP(20),A2       ; |59| 
     424 00000368 00BC82E4             LDW     .D2T1   *+SP(16),A1       ; |59| 
     425 0000036c 003C62E4             LDW     .D2T1   *+SP(12),A0       ; |59| 
     426                    
     427 00000370 001800E3             B       .S2     IRP               ; |59| 
     428 00000374 043EA2E6  ||         LDW     .D2T2   *+SP(84),B8       ; |59| 
     429                    
     430 00000378 04BED2E6             LDW     .D2T2   *++SP(88),B9      ; |59| 
     431 0000037c 00006000             NOP             4
     432                               ; BRANCH OCCURS                   ; |59| 
     433                    
     434                    
     435 00000380                   .sect   ".text"
     436                            .global _ISRtimer0
     437                    
     438                    ;******************************************************************************
     439                    ;* FUNCTION NAME: _ISRtimer0                                                  *
     440                    ;*                                                                            *
TMS320C6x COFF Assembler         Version 4.10     Tue Apr 23 13:19:04 2024
Copyright (c) 1996-2001 Texas Instruments Incorporated
temp\interrupt.asm                                                   PAGE    9

     441                    ;*   Regs Modified     : A0,A1,A2,A3,A4,A5,A6,A7,A8,A9,B0,B1,B2,B3,B4,B5,B6,  *
     442                    ;*                           B7,B8,B9,SP                                      *
     443                    ;*   Regs Used         : A0,A1,A2,A3,A4,A5,A6,A7,A8,A9,B0,B1,B2,B3,B4,B5,B6,  *
     444                    ;*                           B7,B8,B9,SP                                      *
     445                    ;*   Local Frame Size  : 0 Args + 0 Auto + 84 Save = 84 byte                  *
     446                    ;******************************************************************************
     447 00000380           _ISRtimer0:
     448                    ;** --------------------------------------------------------------------------*
     449 00000380 04BED4F6             STW     .D2T2   B9,*SP--(88)      ; |64| 
     450 00000384 02BE42F6             STW     .D2T2   B5,*+SP(72)       ; |64| 
     451 00000388 003C62F4             STW     .D2T1   A0,*+SP(12)       ; |64| 
     452 0000038c 023E22F6             STW     .D2T2   B4,*+SP(68)       ; |64| 
     453 00000390 01BCC2F4             STW     .D2T1   A3,*+SP(24)       ; |64| 
     454 00000394 023CE2F4             STW     .D2T1   A4,*+SP(28)       ; |64| 
     455 00000398 02BD02F4             STW     .D2T1   A5,*+SP(32)       ; |64| 
     456 0000039c 033D22F4             STW     .D2T1   A6,*+SP(36)       ; |64| 
     457 000003a0 03BD42F4             STW     .D2T1   A7,*+SP(40)       ; |64| 
     458 000003a4 043D62F4             STW     .D2T1   A8,*+SP(44)       ; |64| 
     459 000003a8 04BD82F4             STW     .D2T1   A9,*+SP(48)       ; |64| 
     460 000003ac 003DA2F6             STW     .D2T2   B0,*+SP(52)       ; |64| 
     461 000003b0 00BDC2F6             STW     .D2T2   B1,*+SP(56)       ; |64| 
     462 000003b4 013DE2F6             STW     .D2T2   B2,*+SP(60)       ; |64| 
     463 000003b8 01BE02F6             STW     .D2T2   B3,*+SP(64)       ; |64| 
     464 000003bc 033E62F6             STW     .D2T2   B6,*+SP(76)       ; |64| 
     465 000003c0 03BE82F6             STW     .D2T2   B7,*+SP(80)       ; |64| 
     466 000003c4 043EA2F6             STW     .D2T2   B8,*+SP(84)       ; |64| 
     467                    
     468 000003c8 028000AB             MVK     .S2     1,B5              ; |67| 
     469 000003cc 00000029- ||         MVKL    .S1     _TFlag,A0         ; |67| 
     470 000003d0 013CA2F4  ||         STW     .D2T1   A2,*+SP(20)       ; |64| 
     471                    
     472 000003d4 00000069-            MVKH    .S1     _TFlag,A0         ; |67| 
     473 000003d8 0200202B  ||         MVKL    .S2     0x2000040,B4      ; |69| 
     474 000003dc 00BC82F4  ||         STW     .D2T1   A1,*+SP(16)       ; |64| 
     475                    
     476 000003e0 02800277             STW     .D1T2   B5,*A0            ; |67| 
     477 000003e4 0201006A  ||         MVKH    .S2     0x2000040,B4      ; |69| 
     478                    
     479 000003e8 029002E6             LDW     .D2T2   *B4,B5            ; |69| 
     480 000003ec 0200202A             MVKL    .S2     0x2000040,B4      ; |69| 
     481 000003f0 0201006A             MVKH    .S2     0x2000040,B4      ; |69| 
     482 000003f4 00000228-            MVKL    .S1     _cnt1K$1,A0       ; |72| 
     483 000003f8 00000068-            MVKH    .S1     _cnt1K$1,A0       ; |72| 
     484 000003fc 0297EDDA             NOT     .L2     B5,B5             ; |69| 
     485 00000400 029002F6             STW     .D2T2   B5,*B4            ; |69| 
     486 00000404 01800264             LDW     .D1T1   *A0,A3            ; |72| 
     487 00000408 02000228-            MVKL    .S1     _cnt1K$1,A4       ; |73| 
     488 0000040c 02000068-            MVKH    .S1     _cnt1K$1,A4       ; |73| 
     489 00000410 01824C2A'            MVKL    .S2     RL2,B3            ; |77| 
     490 00000414 0300002A!            MVKL    .S2     _USBvelocity,B6   ; |77| 
     491 00000418 028C2940             ADD     .D1     1,A3,A5           ; |72| 
     492 0000041c 02800274             STW     .D1T1   A5,*A0            ; |72| 
     493 00000420 03100264             LDW     .D1T1   *A4,A6            ; |73| 
     494 00000424 02803228             MVK     .S1     100,A5            ; |73| 
     495 00000428 0180006A'            MVKH    .S2     RL2,B3            ; |77| 
TMS320C6x COFF Assembler         Version 4.10     Tue Apr 23 13:19:04 2024
Copyright (c) 1996-2001 Texas Instruments Incorporated
temp\interrupt.asm                                                   PAGE   10

     496 0000042c 01800028!            MVKL    .S1     _USBacc,A3        ; |77| 
     497 00000430 02000028!            MVKL    .S1     _USBdelayCnt,A4   ; |77| 
     498 00000434 0094CBF8             CMPLTU  .L1     A6,A5,A1          ; |73| 
     499 00000438 80000F92     [ A1]   B       .S2     L9                ; |73| 
     500 0000043c 0300006A!            MVKH    .S2     _USBvelocity,B6   ; |77| 
     501                    
     502 00000440 01800069!            MVKH    .S1     _USBacc,A3        ; |77| 
     503 00000444 0280002A! ||         MVKL    .S2     _UMAddData,B5     ; |77| 
     504                    
     505 00000448 00000029!            MVKL    .S1     _USBposition,A0   ; |77| 
     506 0000044c 0280006A! ||         MVKH    .S2     _UMAddData,B5     ; |77| 
     507                    
     508 00000450 02000069!            MVKH    .S1     _USBdelayCnt,A4   ; |77| 
     509 00000454 0200022A- ||         MVKL    .S2     _cnt1K$1,B4       ; |75| 
     510                    
     511 00000460 00000069!            MVKH    .S1     _USBposition,A0   ; |77| 
     512 00000464 0200006B- ||         MVKH    .S2     _cnt1K$1,B4       ; |75| 
     513 00000468 038420FB  ||         ZERO    .L2     B7                ; |75| 
     514 0000046c 83BE82E6  || [ A1]   LDW     .D2T2   *+SP(80),B7       ; |79| 
     515                    
     516                               ; BRANCH OCCURS                   ; |73| 
     517                    ;** --------------------------------------------------------------------------*
     518 00000470 039002F6             STW     .D2T2   B7,*B4            ; |75| 
     519 00000474 02100264             LDW     .D1T1   *A4,A4            ; |77| 
     520 00000478 030C0264             LDW     .D1T1   *A3,A6            ; |77| 
     521 0000047c 021802E6             LDW     .D2T2   *B6,B4            ; |77| 
     522 00000480 00000000             NOP             1
     523 00000484 00140362             B       .S2     B5                ; |77| 
     524                    
     525 00000488 02000265             LDW     .D1T1   *A0,A4            ; |77| 
     526 0000048c 02900938  ||         INTSPU  .L1     A4,A5             ; |77| 
     527                    
     528 00000490 00004000             NOP             3
     529 00000494 031411A2             MV      .S2X    A5,B6             ; |77| 
     530 00000498           RL2:       ; CALL OCCURS                     ; |77| 
     531 00000498 03BE82E6             LDW     .D2T2   *+SP(80),B7       ; |79| 
     532                    ;** --------------------------------------------------------------------------*
     533 0000049c           L9:    
     534 0000049c 033E62E6             LDW     .D2T2   *+SP(76),B6       ; |79| 
     535 000004a0 02BE42E6             LDW     .D2T2   *+SP(72),B5       ; |79| 
     536 000004a4 023E22E6             LDW     .D2T2   *+SP(68),B4       ; |79| 
     537 000004a8 01BE02E6             LDW     .D2T2   *+SP(64),B3       ; |79| 
     538 000004ac 013DE2E6             LDW     .D2T2   *+SP(60),B2       ; |79| 
     539 000004b0 00BDC2E6             LDW     .D2T2   *+SP(56),B1       ; |79| 
     540 000004b4 003DA2E6             LDW     .D2T2   *+SP(52),B0       ; |79| 
     541 000004b8 04BD82E4             LDW     .D2T1   *+SP(48),A9       ; |79| 
     542 000004bc 043D62E4             LDW     .D2T1   *+SP(44),A8       ; |79| 
     543 000004c0 03BD42E4             LDW     .D2T1   *+SP(40),A7       ; |79| 
     544 000004c4 033D22E4             LDW     .D2T1   *+SP(36),A6       ; |79| 
     545 000004c8 02BD02E4             LDW     .D2T1   *+SP(32),A5       ; |79| 
     546 000004cc 023CE2E4             LDW     .D2T1   *+SP(28),A4       ; |79| 
     547 000004d0 01BCC2E4             LDW     .D2T1   *+SP(24),A3       ; |79| 
     548 000004d4 013CA2E4             LDW     .D2T1   *+SP(20),A2       ; |79| 
     549 000004d8 00BC82E4             LDW     .D2T1   *+SP(16),A1       ; |79| 
     550 000004dc 003C62E4             LDW     .D2T1   *+SP(12),A0       ; |79| 
TMS320C6x COFF Assembler         Version 4.10     Tue Apr 23 13:19:04 2024
Copyright (c) 1996-2001 Texas Instruments Incorporated
temp\interrupt.asm                                                   PAGE   11

     551                    
     552 000004e0 001800E3             B       .S2     IRP               ; |79| 
     553 000004e4 043EA2E6  ||         LDW     .D2T2   *+SP(84),B8       ; |79| 
     554                    
     555 000004e8 04BED2E6             LDW     .D2T2   *++SP(88),B9      ; |79| 
     556 000004ec 00006000             NOP             4
     557                               ; BRANCH OCCURS                   ; |79| 
     558                    
     559                    
     560                    ;******************************************************************************
     561                    ;* UNDEFINED EXTERNAL REFERENCES                                              *
     562                    ;******************************************************************************
     563                            .global _SendByte
     564                            .global _UMAddData
     565                            .global _compacket
     566                            .global _respacket
     567                            .global _USBposition
     568                            .global _USBvelocity
     569                            .global _USBacc
     570                            .global _USBdelayCnt

No Assembly Errors, No Assembly Warnings
