TMS320C6x COFF Assembler         Version 4.10     Sat Apr 13 17:30:51 2024
Copyright (c) 1996-2001 Texas Instruments Incorporated
temp\interrupt.asm                                                   PAGE    1

       1                    ;******************************************************************************
       2                    ;* TMS320C6x ANSI C Codegen                                      Version 4.10 *
       3                    ;* Date/Time created: Sat Apr 13 17:30:51 2024                                *
       4                    ;******************************************************************************
       5                    
       6                    ;******************************************************************************
       7                    ;* GLOBAL FILE PARAMETERS                                                     *
       8                    ;*                                                                            *
       9                    ;*   Architecture      : TMS320C670x                                          *
      10                    ;*   Optimization      : Disabled                                             *
      11                    ;*   Optimizing for    : Compile time, Ease of Development                    *
      12                    ;*                       Based on options: no -o, no -ms                      *
      13                    ;*   Endian            : Little                                               *
      14                    ;*   Interrupt Thrshld : Disabled                                             *
      15                    ;*   Memory Model      : Large                                                *
      16                    ;*   Calls to RTS      : Far                                                  *
      17                    ;*   Pipelining        : Disabled                                             *
      18                    ;*   Memory Aliases    : Presume are aliases (pessimistic)                    *
      19                    ;*   Debug Info        : No Debug Info                                        *
      20                    ;*                                                                            *
      21                    ;******************************************************************************
      22                    
      23                            .asg    A15, FP
      24                            .asg    B14, DP
      25                            .asg    B15, SP
      26                            .global $bss
      27                    
      28                    
      29 00000000                   .sect   ".cinit"
      30                            .align  8
      31 00000000 00000004          .field          4,32
      32 00000004 00000000-         .field          _TFlag+0,32
      33 00000008 00000000          .field          0,32                    ; _TFlag @ 0
      34 00000000                   .sect   ".text"
      35                            .global _TFlag
      36 00000000           _TFlag: .usect  .far,4,4
      37                    
      38 0000000c                   .sect   ".cinit"
      39                            .align  8
      40 00000010 00000004          .field          4,32
      41 00000014 00000004-         .field          _cnt1K$1+0,32
      42 00000018 00000000          .field          0,32                    ; _cnt1K$1 @ 0
      43 00000000                   .sect   ".text"
      44 00000004           _cnt1K$1:       .usect  .far,4,4
      45                    
      46 0000001c                   .sect   ".cinit"
      47                            .align  8
      48 00000020 00000004          .field          4,32
      49 00000024 00000008-         .field          _cnt$2+0,32
      50 00000028 00000000          .field          0,32                    ; _cnt$2 @ 0
      51 00000000                   .sect   ".text"
      52 00000008           _cnt$2: .usect  .far,4,4
      53                    
      54 0000002c                   .sect   ".cinit"
      55                            .align  8
TMS320C6x COFF Assembler         Version 4.10     Sat Apr 13 17:30:51 2024
Copyright (c) 1996-2001 Texas Instruments Incorporated
temp\interrupt.asm                                                   PAGE    2

      56 00000030 00000004          .field          4,32
      57 00000034 0000000C-         .field          _mmag$3+0,32
      58 00000038 3E4CCCCD          .word   03e4ccccdh              ; _mmag$3 @ 0
      59 00000000                   .sect   ".text"
      60 0000000c           _mmag$3:        .usect  .far,4,4
      61                    ;       acp6x -q -D_FAR_RTS=1 --large_model=3 --version=6701 -m --i_output_file C:\Users\hge42\AppData
      62 00000000                   .sect   ".text"
      63                            .global _ISRextint4
      64                    
      65                    ;******************************************************************************
      66                    ;* FUNCTION NAME: _ISRextint4                                                 *
      67                    ;*                                                                            *
      68                    ;*   Regs Modified     :                                                      *
      69                    ;*   Regs Used         :                                                      *
      70                    ;*   Local Frame Size  : 0 Args + 0 Auto + 0 Save = 0 byte                    *
      71                    ;******************************************************************************
      72 00000000           _ISRextint4:
      73                    ;** --------------------------------------------------------------------------*
      74 00000000 001800E2             B       .S2     IRP               ; |11| 
      75 00000004 00008000             NOP             5
      76                               ; BRANCH OCCURS                   ; |11| 
      77                    
      78                    
      79 00000008                   .sect   ".text"
      80                            .global _ISRextint5
      81                    
      82                    ;******************************************************************************
      83                    ;* FUNCTION NAME: _ISRextint5                                                 *
      84                    ;*                                                                            *
      85                    ;*   Regs Modified     :                                                      *
      86                    ;*   Regs Used         :                                                      *
      87                    ;*   Local Frame Size  : 0 Args + 0 Auto + 0 Save = 0 byte                    *
      88                    ;******************************************************************************
      89 00000008           _ISRextint5:
      90                    ;** --------------------------------------------------------------------------*
      91 00000008 001800E2             B       .S2     IRP               ; |17| 
      92 0000000c 00008000             NOP             5
      93                               ; BRANCH OCCURS                   ; |17| 
      94                    
      95                    
      96 00000010                   .sect   ".text"
      97                            .global _c_int08
      98                    
      99                    ;******************************************************************************
     100                    ;* FUNCTION NAME: _c_int08                                                    *
     101                    ;*                                                                            *
     102                    ;*   Regs Modified     :                                                      *
     103                    ;*   Regs Used         :                                                      *
     104                    ;*   Local Frame Size  : 0 Args + 0 Auto + 0 Save = 0 byte                    *
     105                    ;******************************************************************************
     106 00000010           _c_int08:
     107                    ;** --------------------------------------------------------------------------*
     108 00000010 001800E2             B       .S2     IRP               ; |29| 
     109 00000014 00008000             NOP             5
     110                               ; BRANCH OCCURS                   ; |29| 
TMS320C6x COFF Assembler         Version 4.10     Sat Apr 13 17:30:51 2024
Copyright (c) 1996-2001 Texas Instruments Incorporated
temp\interrupt.asm                                                   PAGE    3

     111                    
     112                    
     113 00000018                   .sect   ".text"
     114                            .global _c_int09
     115                    
     116                    ;******************************************************************************
     117                    ;* FUNCTION NAME: _c_int09                                                    *
     118                    ;*                                                                            *
     119                    ;*   Regs Modified     :                                                      *
     120                    ;*   Regs Used         :                                                      *
     121                    ;*   Local Frame Size  : 0 Args + 0 Auto + 0 Save = 0 byte                    *
     122                    ;******************************************************************************
     123 00000018           _c_int09:
     124                    ;** --------------------------------------------------------------------------*
     125 00000018 001800E2             B       .S2     IRP               ; |35| 
     126 0000001c 00008000             NOP             5
     127                               ; BRANCH OCCURS                   ; |35| 
     128                    
     129                    
     130 00000020                   .sect   ".text"
     131                            .global _ISRNMI
     132                    
     133                    ;******************************************************************************
     134                    ;* FUNCTION NAME: _ISRNMI                                                     *
     135                    ;*                                                                            *
     136                    ;*   Regs Modified     :                                                      *
     137                    ;*   Regs Used         :                                                      *
     138                    ;*   Local Frame Size  : 0 Args + 0 Auto + 0 Save = 0 byte                    *
     139                    ;******************************************************************************
     140 00000020           _ISRNMI:
     141                    ;** --------------------------------------------------------------------------*
     142 00000020 001800E2             B       .S2     IRP               ; |19| 
     143 00000024 00008000             NOP             5
     144                               ; BRANCH OCCURS                   ; |19| 
     145                    
     146                    
     147 00000028                   .sect   ".text"
     148                            .global _ISRextint6
     149                    
     150                    ;******************************************************************************
     151                    ;* FUNCTION NAME: _ISRextint6                                                 *
     152                    ;*                                                                            *
     153                    ;*   Regs Modified     : A0,A1,A2,A3,A4,A5,A6,A7,A8,A9,B0,B1,B2,B3,B4,B5,B6,  *
     154                    ;*                           B7,B8,B9,SP                                      *
     155                    ;*   Regs Used         : A0,A1,A2,A3,A4,A5,A6,A7,A8,A9,B0,B1,B2,B3,B4,B5,B6,  *
     156                    ;*                           B7,B8,B9,SP                                      *
     157                    ;*   Local Frame Size  : 0 Args + 4 Auto + 84 Save = 88 byte                  *
     158                    ;******************************************************************************
     159 00000028           _ISRextint6:
     160                    ;** --------------------------------------------------------------------------*
     161 00000028 04BED4F6             STW     .D2T2   B9,*SP--(88)      ; |22| 
     162 0000002c 003C62F4             STW     .D2T1   A0,*+SP(12)       ; |22| 
     163 00000030 03BE82F6             STW     .D2T2   B7,*+SP(80)       ; |22| 
     164 00000034 033E62F6             STW     .D2T2   B6,*+SP(76)       ; |22| 
     165 00000038 02BE42F6             STW     .D2T2   B5,*+SP(72)       ; |22| 
TMS320C6x COFF Assembler         Version 4.10     Sat Apr 13 17:30:51 2024
Copyright (c) 1996-2001 Texas Instruments Incorporated
temp\interrupt.asm                                                   PAGE    4

     166 0000003c 023E22F6             STW     .D2T2   B4,*+SP(68)       ; |22| 
     167 00000040 01BE02F6             STW     .D2T2   B3,*+SP(64)       ; |22| 
     168 00000044 013DE2F6             STW     .D2T2   B2,*+SP(60)       ; |22| 
     169 00000048 00BDC2F6             STW     .D2T2   B1,*+SP(56)       ; |22| 
     170 0000004c 003DA2F6             STW     .D2T2   B0,*+SP(52)       ; |22| 
     171 00000050 04BD82F4             STW     .D2T1   A9,*+SP(48)       ; |22| 
     172 00000054 043D62F4             STW     .D2T1   A8,*+SP(44)       ; |22| 
     173 00000058 03BD42F4             STW     .D2T1   A7,*+SP(40)       ; |22| 
     174 0000005c 033D22F4             STW     .D2T1   A6,*+SP(36)       ; |22| 
     175 00000060 02BD02F4             STW     .D2T1   A5,*+SP(32)       ; |22| 
     176 00000064 023CE2F4             STW     .D2T1   A4,*+SP(28)       ; |22| 
     177 00000068 01BCC2F4             STW     .D2T1   A3,*+SP(24)       ; |22| 
     178 0000006c 013CA2F4             STW     .D2T1   A2,*+SP(20)       ; |22| 
     179                    
     180 00000070 00BC82F5             STW     .D2T1   A1,*+SP(16)       ; |22| 
     181 00000074 00000428  ||         MVKL    .S1     0x2000008,A0      ; |25| 
     182                    
     183 00000078 00010069             MVKH    .S1     0x2000008,A0      ; |25| 
     184 0000007c 043EA2F6  ||         STW     .D2T2   B8,*+SP(84)       ; |22| 
     185                    
     186 00000080 00000264             LDW     .D1T1   *A0,A0            ; |25| 
     187 00000084 00006000             NOP             4
     188 00000088 0001E7A0             AND     .S1     15,A0,A0          ; |25| 
     189 0000008c 00802A58             CMPEQ   .L1     A0,1,A1           ; |25| 
     190 00000090 80005710     [ A1]   B       .S1     L8                ; |25| 
     191 00000094 003C22F4             STW     .D2T1   A0,*+SP(4)        ; |25| 
     192 00000098 83BE82E6     [ A1]   LDW     .D2T2   *+SP(80),B7       ; |59| 
     193 0000009c 833E62E6     [ A1]   LDW     .D2T2   *+SP(76),B6       ; |59| 
     194 000000a0 82BE42E6     [ A1]   LDW     .D2T2   *+SP(72),B5       ; |59| 
     195 000000a4 823E22E6     [ A1]   LDW     .D2T2   *+SP(68),B4       ; |59| 
     196                               ; BRANCH OCCURS                   ; |25| 
     197                    ;** --------------------------------------------------------------------------*
     198 000000a8 023C22E6             LDW     .D2T2   *+SP(4),B4        ; |26| 
     199 000000ac 00004000             NOP             3
     200                    ;** --------------------------------------------------------------------------*
     201                    ;**   BEGIN LOOP L1
     202                    ;** --------------------------------------------------------------------------*
     203 000000b0           L1:    
     204 000000b0 00000000             NOP             1
     205 000000b4 00108A5A             CMPEQ   .L2     B4,4,B0           ; |26| 
     206 000000b8 30002510     [!B0]   B       .S1     L3                ; |26| 
     207                    
     208 000000c0 323C22E7     [!B0]   LDW     .D2T2   *+SP(4),B4        ; |38| 
     209 000000c4 20000A28  || [ B0]   MVKL    .S1     0x2000014,A0      ; |27| 
     210                    
     211 000000c8 20010068     [ B0]   MVKH    .S1     0x2000014,A0      ; |27| 
     212 000000cc 20000264     [ B0]   LDW     .D1T1   *A0,A0            ; |27| 
     213 000000d0 00002000             NOP             2
     214                               ; BRANCH OCCURS                   ; |26| 
     215                    ;** --------------------------------------------------------------------------*
     216 000000d4 00002000             NOP             2
     217 000000d8 008027A0             AND     .S1     1,A0,A1           ; |27| 
     218 000000dc 90004A10     [!A1]   B       .S1     L7                ; |27| 
     219 000000e0 90000428     [!A1]   MVKL    .S1     0x2000008,A0      ; |58| 
     220 000000e4 90010068     [!A1]   MVKH    .S1     0x2000008,A0      ; |58| 
TMS320C6x COFF Assembler         Version 4.10     Sat Apr 13 17:30:51 2024
Copyright (c) 1996-2001 Texas Instruments Incorporated
temp\interrupt.asm                                                   PAGE    5

     221                    
     222 000000e8 820428C3     [ A1]   ZERO    .D2     B4                ; |28| 
     223 000000ec 82803E2B! || [ A1]   MVKL    .S2     _compacket+124,B5 ; |28| 
     224 000000f0 90000264  || [!A1]   LDW     .D1T1   *A0,A0            ; |58| 
     225                    
     226 000000f4 8201006A     [ A1]   MVKH    .S2     0x2000000,B4      ; |28| 
     227                    
     228 000000f8 8280006B!    [ A1]   MVKH    .S2     _compacket+124,B5 ; |28| 
     229 000000fc 821002E6  || [ A1]   LDW     .D2T2   *B4,B4            ; |28| 
     230                    
     231                               ; BRANCH OCCURS                   ; |27| 
     232                    ;** --------------------------------------------------------------------------*
     233 00000100 029402E6             LDW     .D2T2   *B5,B5            ; |28| 
     234 00000104 00000000             NOP             1
     235                    ;*----------------------------------------------------------------------------*
     236                    ;*   SOFTWARE PIPELINE INFORMATION
     237                    ;*      Disqualified loop: software pipelining disabled
     238                    ;*----------------------------------------------------------------------------*
     239 00000108           L2:    
     240 00000108 00003E28!            MVKL    .S1     _compacket+124,A0 ; |29| 
     241 0000010c 00000068!            MVKH    .S1     _compacket+124,A0 ; |29| 
     242 00000110 0213180A             EXTU    .S2     B4,24,24,B4       ; |28| 
     243 00000114 021402B6             STB     .D2T2   B4,*B5            ; |28| 
     244 00000118 01800264             LDW     .D1T1   *A0,A3            ; |29| 
     245 0000011c 00000028!            MVKL    .S1     _SendByte,A0      ; |29| 
     246 00000120 00000068!            MVKH    .S1     _SendByte,A0      ; |29| 
     247 00000124 01809C2A'            MVKL    .S2     RL0,B3            ; |29| 
     248 00000128 00001362             B       .S2X    A0                ; |29| 
     249 0000012c 020C0224             LDB     .D1T1   *A3,A4            ; |29| 
     250 00000130 0180006A'            MVKH    .S2     RL0,B3            ; |29| 
     251 00000134 00004000             NOP             3
     252 00000138           RL0:       ; CALL OCCURS                     ; |29| 
     253 00000138 02003E2A!            MVKL    .S2     _compacket+124,B4 ; |30| 
     254 0000013c 0200006A!            MVKH    .S2     _compacket+124,B4 ; |30| 
     255 00000140 021002E6             LDW     .D2T2   *B4,B4            ; |30| 
     256 00000144 000031A8!            MVKL    .S1     _compacket+99,A0  ; |30| 
     257 00000148 00000068!            MVKH    .S1     _compacket+99,A0  ; |30| 
     258 0000014c 00002000             NOP             2
     259 00000150 00901A78             CMPEQ   .L1X    B4,A0,A1          ; |30| 
     260 00000154 92003E2A!    [!A1]   MVKL    .S2     _compacket+124,B4 ; |34| 
     261 00000158 9200006A!    [!A1]   MVKH    .S2     _compacket+124,B4 ; |34| 
     262 0000015c 929002E6     [!A1]   LDW     .D2T2   *B4,B5            ; |34| 
     263 00000160 82003E2A!    [ A1]   MVKL    .S2     _compacket+124,B4 ; |31| 
     264 00000164 80000028!    [ A1]   MVKL    .S1     _compacket,A0     ; |31| 
     265 00000168 8200006A!    [ A1]   MVKH    .S2     _compacket+124,B4 ; |31| 
     266 0000016c 80000068!    [ A1]   MVKH    .S1     _compacket,A0     ; |31| 
     267                    
     268 00000170 02800A2B             MVKL    .S2     0x2000014,B5      ; |36| 
     269 00000174 93142942  || [!A1]   ADD     .D2     1,B5,B6           ; |34| 
     270                    
     271 00000178 931002F6     [!A1]   STW     .D2T2   B6,*B4            ; |34| 
     272                    
     273 00000180 801002F5     [ A1]   STW     .D2T1   A0,*B4            ; |31| 
     274 00000184 0281006A  ||         MVKH    .S2     0x2000014,B5      ; |36| 
     275                    
TMS320C6x COFF Assembler         Version 4.10     Sat Apr 13 17:30:51 2024
Copyright (c) 1996-2001 Texas Instruments Incorporated
temp\interrupt.asm                                                   PAGE    6

     276 00000188 021402E6             LDW     .D2T2   *B5,B4            ; |36| 
     277 0000018c 00006000             NOP             4
     278 00000190 001027A2             AND     .S2     1,B4,B0           ; |36| 
     279 00000194 2FFFF110     [ B0]   B       .S1     L2                ; |36| 
     280                    
     281 00000198 220428C3     [ B0]   ZERO    .D2     B4                ; |28| 
     282 0000019c 22803E2A! || [ B0]   MVKL    .S2     _compacket+124,B5 ; |28| 
     283                    
     284 000001a0 2201006A     [ B0]   MVKH    .S2     0x2000000,B4      ; |28| 
     285                    
     286 000001a4 2280006B!    [ B0]   MVKH    .S2     _compacket+124,B5 ; |28| 
     287 000001a8 221002E6  || [ B0]   LDW     .D2T2   *B4,B4            ; |28| 
     288                    
     289 000001ac 229402E6     [ B0]   LDW     .D2T2   *B5,B5            ; |28| 
     290 000001b0 00000000             NOP             1
     291                               ; BRANCH OCCURS                   ; |36| 
     292                    ;** --------------------------------------------------------------------------*
     293 000001b4 00002E10             B       .S1     L7                ; |37| 
     294 000001b8 00000428             MVKL    .S1     0x2000008,A0      ; |58| 
     295 000001bc 00010068             MVKH    .S1     0x2000008,A0      ; |58| 
     296 000001c0 00000264             LDW     .D1T1   *A0,A0            ; |58| 
     297 000001c4 00002000             NOP             2
     298                               ; BRANCH OCCURS                   ; |37| 
     299                    ;** --------------------------------------------------------------------------*
     300 000001c8           L3:    
     301 000001c8 00104A5A             CMPEQ   .L2     B4,2,B0           ; |38| 
     302 000001cc 30001090     [!B0]   B       .S1     L4                ; |38| 
     303 000001d0 2200642A!    [ B0]   MVKL    .S2     _respacket+200,B4 ; |39| 
     304 000001d4 00004000             NOP             3
     305 000001d8 323C22E6     [!B0]   LDW     .D2T2   *+SP(4),B4        ; |47| 
     306                               ; BRANCH OCCURS                   ; |38| 
     307                    ;** --------------------------------------------------------------------------*
     308 000001dc 0200006A!            MVKH    .S2     _respacket+200,B4 ; |39| 
     309 000001e0 029002E6             LDW     .D2T2   *B4,B5            ; |39| 
     310 000001e4 00006000             NOP             4
     311 000001e8 00140ADA             CMPGT   .L2     B5,0,B0           ; |39| 
     312                    
     313 000001ec 20006629!    [ B0]   MVKL    .S1     _respacket+204,A0 ; |40| 
     314 000001f0 029429C2  ||         SUB     .D2     B5,1,B5           ; |39| 
     315                    
     316 000001f4 20000069!    [ B0]   MVKH    .S1     _respacket+204,A0 ; |40| 
     317 000001f8 029002F6  ||         STW     .D2T2   B5,*B4            ; |39| 
     318                    
     319 000001fc 21800264     [ B0]   LDW     .D1T1   *A0,A3            ; |40| 
     320 00000200 22000028!    [ B0]   MVKL    .S1     _respacket,A4     ; |40| 
     321 00000204 22000068!    [ B0]   MVKH    .S1     _respacket,A4     ; |40| 
     322 00000208 30000228     [!B0]   MVKL    .S1     0x2000004,A0      ; |43| 
     323 0000020c 3200682A!    [!B0]   MVKL    .S2     _respacket+208,B4 ; |44| 
     324 00000210 228C2940     [ B0]   ADD     .D1     1,A3,A5           ; |40| 
     325 00000214 22800274     [ B0]   STW     .D1T1   A5,*A0            ; |40| 
     326                    
     327 00000218 00002011             B       .S1     L6                ; |46| 
     328 0000021c 200C8A24  || [ B0]   LDB     .D1T1   *+A3[A4],A0       ; |40| 
     329                    
     330 00000220 30010068     [!B0]   MVKH    .S1     0x2000004,A0      ; |43| 
TMS320C6x COFF Assembler         Version 4.10     Sat Apr 13 17:30:51 2024
Copyright (c) 1996-2001 Texas Instruments Incorporated
temp\interrupt.asm                                                   PAGE    7

     331 00000224 328000AA     [!B0]   MVK     .S2     1,B5              ; |43| 
     332                    
     333 00000228 328428C3     [!B0]   ZERO    .D2     B5                ; |44| 
     334 0000022c 220840FB  || [ B0]   ZERO    .L2     B4                ; |40| 
     335 00000230 3200006B! || [!B0]   MVKH    .S2     _respacket+208,B4 ; |44| 
     336 00000234 32800276  || [!B0]   STW     .D1T2   B5,*A0            ; |43| 
     337                    
     338 00000238 2201006B     [ B0]   MVKH    .S2     0x2000000,B4      ; |40| 
     339 0000023c 329002F6  || [!B0]   STW     .D2T2   B5,*B4            ; |44| 
     340                    
     341 00000240 201002F4     [ B0]   STW     .D2T1   A0,*B4            ; |40| 
     342                               ; BRANCH OCCURS                   ; |46| 
     343                    ;** --------------------------------------------------------------------------*
     344 00000244           L4:    
     345 00000244 00006000             NOP             4
     346 00000248 00118A5A             CMPEQ   .L2     B4,12,B0          ; |47| 
     347 0000024c 30001810     [!B0]   B       .S1     L6                ; |47| 
     348 00000250 00002000             NOP             2
     349 00000254 20000A28     [ B0]   MVKL    .S1     0x2000014,A0      ; |48| 
     350 00000258 20010068     [ B0]   MVKH    .S1     0x2000014,A0      ; |48| 
     351 0000025c 20000264     [ B0]   LDW     .D1T1   *A0,A0            ; |48| 
     352                               ; BRANCH OCCURS                   ; |47| 
     353                    ;** --------------------------------------------------------------------------*
     354 00000260 00006000             NOP             4
     355 00000264 008027A0             AND     .S1     1,A0,A1           ; |48| 
     356 00000268 90001410     [!A1]   B       .S1     L6                ; |48| 
     357 0000026c 00006000             NOP             4
     358 00000270 820008C2     [ A1]   ZERO    .D2     B4                ; |49| 
     359                               ; BRANCH OCCURS                   ; |48| 
     360                    ;*----------------------------------------------------------------------------*
     361                    ;*   SOFTWARE PIPELINE INFORMATION
     362                    ;*      Disqualified loop: software pipelining disabled
     363                    ;*----------------------------------------------------------------------------*
     364 00000274           L5:    
     365                    
     366 00000274 0201006B             MVKH    .S2     0x2000000,B4      ; |49| 
     367 00000278 00003E28! ||         MVKL    .S1     _compacket+124,A0 ; |49| 
     368                    
     369 00000280 021002E7             LDW     .D2T2   *B4,B4            ; |49| 
     370 00000284 00000068! ||         MVKH    .S1     _compacket+124,A0 ; |49| 
     371                    
     372 00000288 01800264             LDW     .D1T1   *A0,A3            ; |49| 
     373 0000028c 00003E28!            MVKL    .S1     _compacket+124,A0 ; |50| 
     374 00000290 00000068!            MVKH    .S1     _compacket+124,A0 ; |50| 
     375 00000294 00000000             NOP             1
     376 00000298 0213180A             EXTU    .S2     B4,24,24,B4       ; |49| 
     377 0000029c 020C0236             STB     .D1T2   B4,*A3            ; |49| 
     378 000002a0 00000264             LDW     .D1T1   *A0,A0            ; |50| 
     379 000002a4 020031AA!            MVKL    .S2     _compacket+99,B4  ; |50| 
     380 000002a8 0200006A!            MVKH    .S2     _compacket+99,B4  ; |50| 
     381 000002ac 00002000             NOP             2
     382 000002b0 00009A7A             CMPEQ   .L2X    A0,B4,B0          ; |50| 
     383 000002b4 30003E28!    [!B0]   MVKL    .S1     _compacket+124,A0 ; |54| 
     384 000002b8 30000068!    [!B0]   MVKH    .S1     _compacket+124,A0 ; |54| 
     385 000002bc 32000940     [!B0]   MV      .D1     A0,A4             ; |54| 
TMS320C6x COFF Assembler         Version 4.10     Sat Apr 13 17:30:51 2024
Copyright (c) 1996-2001 Texas Instruments Incorporated
temp\interrupt.asm                                                   PAGE    8

     386 000002c0 30100264     [!B0]   LDW     .D1T1   *A4,A0            ; |54| 
     387 000002c4 20003E28!    [ B0]   MVKL    .S1     _compacket+124,A0 ; |51| 
     388 000002c8 2200002A!    [ B0]   MVKL    .S2     _compacket,B4     ; |51| 
     389 000002cc 20000068!    [ B0]   MVKH    .S1     _compacket+124,A0 ; |51| 
     390 000002d0 2200006A!    [ B0]   MVKH    .S2     _compacket,B4     ; |51| 
     391                    
     392 000002d4 00000A29             MVKL    .S1     0x2000014,A0      ; |56| 
     393 000002d8 31802059  || [!B0]   ADD     .L1     1,A0,A3           ; |54| 
     394 000002dc 22000276  || [ B0]   STW     .D1T2   B4,*A0            ; |51| 
     395                    
     396 000002e0 00010069             MVKH    .S1     0x2000014,A0      ; |56| 
     397 000002e4 31900274  || [!B0]   STW     .D1T1   A3,*A4            ; |54| 
     398                    
     399 000002e8 00000264             LDW     .D1T1   *A0,A0            ; |56| 
     400 000002ec 00006000             NOP             4
     401 000002f0 008027A0             AND     .S1     1,A0,A1           ; |56| 
     402 000002f4 8FFFF290     [ A1]   B       .S1     L5                ; |56| 
     403 000002f8 00006000             NOP             4
     404 000002fc 820008C2     [ A1]   ZERO    .D2     B4                ; |49| 
     405                               ; BRANCH OCCURS                   ; |56| 
     406                    ;** --------------------------------------------------------------------------*
     407 00000300           L6:    
     408 00000300 00000428             MVKL    .S1     0x2000008,A0      ; |58| 
     409 00000304 00010068             MVKH    .S1     0x2000008,A0      ; |58| 
     410 00000308 00000264             LDW     .D1T1   *A0,A0            ; |58| 
     411 0000030c 00002000             NOP             2
     412                    ;** --------------------------------------------------------------------------*
     413 00000310           L7:    
     414 00000310 00002000             NOP             2
     415 00000314 0001E7A0             AND     .S1     15,A0,A0          ; |58| 
     416 00000318 00802A58             CMPEQ   .L1     A0,1,A1           ; |58| 
     417 0000031c 9FFFB610     [!A1]   B       .S1     L1                ; |58| 
     418 00000320 003C22F4             STW     .D2T1   A0,*+SP(4)        ; |58| 
     419 00000324 923C22E6     [!A1]   LDW     .D2T2   *+SP(4),B4        ; |26| 
     420 00000328 83BE82E6     [ A1]   LDW     .D2T2   *+SP(80),B7       ; |59| 
     421 0000032c 833E62E6     [ A1]   LDW     .D2T2   *+SP(76),B6       ; |59| 
     422 00000330 82BE42E6     [ A1]   LDW     .D2T2   *+SP(72),B5       ; |59| 
     423                               ; BRANCH OCCURS                   ; |58| 
     424                    ;** --------------------------------------------------------------------------*
     425 00000334 023E22E6             LDW     .D2T2   *+SP(68),B4       ; |59| 
     426                    ;** --------------------------------------------------------------------------*
     427 00000338           L8:    
     428 00000338 01BE02E6             LDW     .D2T2   *+SP(64),B3       ; |59| 
     429 0000033c 013DE2E6             LDW     .D2T2   *+SP(60),B2       ; |59| 
     430 00000340 00BDC2E6             LDW     .D2T2   *+SP(56),B1       ; |59| 
     431 00000344 003DA2E6             LDW     .D2T2   *+SP(52),B0       ; |59| 
     432 00000348 04BD82E4             LDW     .D2T1   *+SP(48),A9       ; |59| 
     433 0000034c 043D62E4             LDW     .D2T1   *+SP(44),A8       ; |59| 
     434 00000350 03BD42E4             LDW     .D2T1   *+SP(40),A7       ; |59| 
     435 00000354 033D22E4             LDW     .D2T1   *+SP(36),A6       ; |59| 
     436 00000358 02BD02E4             LDW     .D2T1   *+SP(32),A5       ; |59| 
     437 0000035c 023CE2E4             LDW     .D2T1   *+SP(28),A4       ; |59| 
     438 00000360 01BCC2E4             LDW     .D2T1   *+SP(24),A3       ; |59| 
     439 00000364 013CA2E4             LDW     .D2T1   *+SP(20),A2       ; |59| 
     440 00000368 00BC82E4             LDW     .D2T1   *+SP(16),A1       ; |59| 
TMS320C6x COFF Assembler         Version 4.10     Sat Apr 13 17:30:51 2024
Copyright (c) 1996-2001 Texas Instruments Incorporated
temp\interrupt.asm                                                   PAGE    9

     441 0000036c 003C62E4             LDW     .D2T1   *+SP(12),A0       ; |59| 
     442                    
     443 00000370 001800E3             B       .S2     IRP               ; |59| 
     444 00000374 043EA2E6  ||         LDW     .D2T2   *+SP(84),B8       ; |59| 
     445                    
     446 00000378 04BED2E6             LDW     .D2T2   *++SP(88),B9      ; |59| 
     447 0000037c 00006000             NOP             4
     448                               ; BRANCH OCCURS                   ; |59| 
     449                    
     450                    
     451 00000380                   .sect   ".text"
     452                            .global _ISRtimer0
     453                    
     454                    ;******************************************************************************
     455                    ;* FUNCTION NAME: _ISRtimer0                                                  *
     456                    ;*                                                                            *
     457                    ;*   Regs Modified     : A0,A1,A2,A3,A4,A5,A6,A7,A8,A9,A10,A11,A12,A13,A14,   *
     458                    ;*                           A15,B0,B1,B2,B3,B4,B5,B6,B7,B8,B9,B10,B11,B12,   *
     459                    ;*                           B13,SP                                           *
     460                    ;*   Regs Used         : A0,A1,A2,A3,A4,A5,A6,A7,A8,A9,A10,A11,A12,A13,A14,   *
     461                    ;*                           A15,B0,B1,B2,B3,B4,B5,B6,B7,B8,B9,B10,B11,B12,   *
     462                    ;*                           B13,SP                                           *
     463                    ;*   Local Frame Size  : 0 Args + 40 Auto + 124 Save = 164 byte               *
     464                    ;******************************************************************************
     465 00000380           _ISRtimer0:
     466                    ;** --------------------------------------------------------------------------*
     467 00000380 07FFAC52             ADDK    .S2     -168,SP           ; |64| 
     468 00000384 038024FE             STW     .D2T2   B7,*+SP(144)      ; |64| 
     469 00000388 030023FE             STW     .D2T2   B6,*+SP(140)      ; |64| 
     470 0000038c 01BE02F4             STW     .D2T1   A3,*+SP(64)       ; |64| 
     471 00000390 020021FE             STW     .D2T2   B4,*+SP(132)      ; |64| 
     472 00000394 00BDC2F4             STW     .D2T1   A1,*+SP(56)       ; |64| 
     473 00000398 013DE2F4             STW     .D2T1   A2,*+SP(60)       ; |64| 
     474 0000039c 023E22F4             STW     .D2T1   A4,*+SP(68)       ; |64| 
     475 000003a0 02BE42F4             STW     .D2T1   A5,*+SP(72)       ; |64| 
     476 000003a4 033E62F4             STW     .D2T1   A6,*+SP(76)       ; |64| 
     477 000003a8 03BE82F4             STW     .D2T1   A7,*+SP(80)       ; |64| 
     478 000003ac 043EA2F4             STW     .D2T1   A8,*+SP(84)       ; |64| 
     479 000003b0 04BEC2F4             STW     .D2T1   A9,*+SP(88)       ; |64| 
     480 000003b4 053EE2F4             STW     .D2T1   A10,*+SP(92)      ; |64| 
     481 000003b8 05BF02F4             STW     .D2T1   A11,*+SP(96)      ; |64| 
     482 000003bc 063F22F4             STW     .D2T1   A12,*+SP(100)     ; |64| 
     483 000003c0 06BF42F4             STW     .D2T1   A13,*+SP(104)     ; |64| 
     484 000003c4 073F62F4             STW     .D2T1   A14,*+SP(108)     ; |64| 
     485 000003c8 07BF82F4             STW     .D2T1   A15,*+SP(112)     ; |64| 
     486 000003cc 003FA2F6             STW     .D2T2   B0,*+SP(116)      ; |64| 
     487 000003d0 00BFC2F6             STW     .D2T2   B1,*+SP(120)      ; |64| 
     488 000003d4 013FE2F6             STW     .D2T2   B2,*+SP(124)      ; |64| 
     489 000003d8 018020FE             STW     .D2T2   B3,*+SP(128)      ; |64| 
     490 000003dc 028022FE             STW     .D2T2   B5,*+SP(136)      ; |64| 
     491 000003e0 040025FE             STW     .D2T2   B8,*+SP(148)      ; |64| 
     492 000003e4 048026FE             STW     .D2T2   B9,*+SP(152)      ; |64| 
     493 000003e8 050027FE             STW     .D2T2   B10,*+SP(156)     ; |64| 
     494 000003ec 058028FE             STW     .D2T2   B11,*+SP(160)     ; |64| 
     495 000003f0 060029FE             STW     .D2T2   B12,*+SP(164)     ; |64| 
TMS320C6x COFF Assembler         Version 4.10     Sat Apr 13 17:30:51 2024
Copyright (c) 1996-2001 Texas Instruments Incorporated
temp\interrupt.asm                                                   PAGE   10

     496                    
     497 000003f4 06802AFF             STW     .D2T2   B13,*+SP(168)     ; |64| 
     498 000003f8 0380002A! ||         MVKL    .S2     _sinf,B7          ; |83| 
     499                    
     500 00000400 030000AB             MVK     .S2     1,B6              ; |71| 
     501 00000404 01800029- ||         MVKL    .S1     _TFlag,A3         ; |71| 
     502 00000408 003DA2F4  ||         STW     .D2T1   A0,*+SP(52)       ; |64| 
     503                    
     504 0000040c 0200202B             MVKL    .S2     0x2000040,B4      ; |73| 
     505 00000410 03BCA2F7  ||         STW     .D2T2   B7,*+SP(20)       ; |83| 
     506 00000414 01800068- ||         MVKH    .S1     _TFlag,A3         ; |71| 
     507                    
     508 00000418 0300042B-            MVKL    .S2     _cnt$2,B6         ; |83| 
     509 0000041c 030C0276  ||         STW     .D1T2   B6,*A3            ; |71| 
     510                    
     511 00000420 033CC2F7             STW     .D2T2   B6,*+SP(24)       ; |83| 
     512 00000424 0201006A  ||         MVKH    .S2     0x2000040,B4      ; |73| 
     513                    
     514 00000428 031002E6             LDW     .D2T2   *B4,B6            ; |73| 
     515 0000042c 01F195A8             MVKL    .S1     0x3b4de32b,A3     ; |82| 
     516                    
     517 00000430 01BD22F5             STW     .D2T1   A3,*+SP(36)       ; |81| 
     518 00000434 0200002A! ||         MVKL    .S2     _cosf,B4          ; |82| 
     519                    
     520 00000440 023CE2F7             STW     .D2T2   B4,*+SP(28)       ; |82| 
     521 00000444 01800629- ||         MVKL    .S1     _mmag$3,A3        ; |81| 
     522 00000448 0280202A  ||         MVKL    .S2     0x2000040,B5      ; |73| 
     523                    
     524 0000044c 01BD42F5             STW     .D2T1   A3,*+SP(40)       ; |81| 
     525 00000450 0200042A- ||         MVKL    .S2     _cnt$2,B4         ; |82| 
     526                    
     527 00000454 023D02F7             STW     .D2T2   B4,*+SP(32)       ; |82| 
     528 00000458 031BEDDB  ||         NOT     .L2     B6,B6             ; |73| 
     529 0000045c 0281006A  ||         MVKH    .S2     0x2000040,B5      ; |73| 
     530                    
     531 00000460 031402F6             STW     .D2T2   B6,*B5            ; |73| 
     532 00000464 033CC2E6             LDW     .D2T2   *+SP(24),B6       ; |81| 
     533 00000468 00000228-            MVKL    .S1     _cnt1K$1,A0       ; |76| 
     534 0000046c 00000068-            MVKH    .S1     _cnt1K$1,A0       ; |76| 
     535 00000470 03000264             LDW     .D1T1   *A0,A6            ; |76| 
     536 00000474 02BCA2E6             LDW     .D2T2   *+SP(20),B5       ; |87| 
     537 00000478 0300006A-            MVKH    .S2     _cnt$2,B6         ; |83| 
     538 0000047c 033CC2F6             STW     .D2T2   B6,*+SP(24)       ; |79| 
     539 00000480 033CE2E6             LDW     .D2T2   *+SP(28),B6       ; |79| 
     540 00000484 02800228-            MVKL    .S1     _cnt1K$1,A5       ; |77| 
     541 00000488 05000428-            MVKL    .S1     _cnt$2,A10        ; |87| 
     542 0000048c 07800628-            MVKL    .S1     _mmag$3,A15       ; |82| 
     543 00000490 06DADE28             MVKL    .S1     0x3b24b5bc,A13    ; |83| 
     544 00000494 0300006A!            MVKH    .S2     _cosf,B6          ; |82| 
     545 00000498 033CE2F6             STW     .D2T2   B6,*+SP(28)       ; |77| 
     546 0000049c 033D02E6             LDW     .D2T2   *+SP(32),B6       ; |77| 
     547 000004a0 0280006A!            MVKH    .S2     _sinf,B5          ; |83| 
     548 000004a4 03803228             MVK     .S1     100,A7            ; |77| 
     549                    
     550 000004a8 02BCA2F7             STW     .D2T2   B5,*+SP(20)       ; |81| 
TMS320C6x COFF Assembler         Version 4.10     Sat Apr 13 17:30:51 2024
Copyright (c) 1996-2001 Texas Instruments Incorporated
temp\interrupt.asm                                                   PAGE   11

     551 000004ac 03182941  ||         ADD     .D1     1,A6,A6           ; |76| 
     552 000004b0 07000629- ||         MVKL    .S1     _mmag$3,A14       ; |83| 
     553 000004b4 0600002A! ||         MVKL    .S2     __remu,B12        ; |87| 
     554                    
     555 000004c0 03000275             STW     .D1T1   A6,*A0            ; |76| 
     556 000004c4 05E24B29  ||         MVKL    .S1     0x3983c496,A11    ; |84| 
     557 000004c8 0182CA2A' ||         MVKL    .S2     RL2,B3            ; |81| 
     558                    
     559 000004cc 003D22E5             LDW     .D2T1   *+SP(36),A0       ; |76| 
     560 000004d0 0300006B- ||         MVKH    .S2     _cnt$2,B6         ; |82| 
     561 000004d4 025ADE28  ||         MVKL    .S1     0x3aa4b5bc,A4     ; |81| 
     562                    
     563 000004e0 033D02F7             STW     .D2T2   B6,*+SP(32)       ; |76| 
     564 000004e4 02800069- ||         MVKH    .S1     _cnt1K$1,A5       ; |77| 
     565 000004e8 0680062A- ||         MVKL    .S2     _mmag$3,B13       ; |84| 
     566                    
     567 000004ec 02940265             LDW     .D1T1   *A5,A5            ; |77| 
     568 000004f0 06000429- ||         MVKL    .S1     _cnt$2,A12        ; |84| 
     569 000004f4 0580042A- ||         MVKL    .S2     _cnt$2,B11        ; |86| 
     570                    
     571 000004f8 05000069-            MVKH    .S1     _cnt$2,A10        ; |87| 
     572 000004fc 0500002A! ||         MVKL    .S2     _cosf,B10         ; |84| 
     573                    
     574 00000500 0600006B!            MVKH    .S2     __remu,B12        ; |87| 
     575 00000504 07800068- ||         MVKH    .S1     _mmag$3,A15       ; |82| 
     576                    
     577 00000508 001DA6E9             MVKH    .S1     0x3b4de32b,A0     ; |82| 
     578 0000050c 0180006A' ||         MVKH    .S2     RL2,B3            ; |81| 
     579                    
     580 00000510 003D22F5             STW     .D2T1   A0,*+SP(36)       ; |77| 
     581 00000514 069D9269  ||         MVKH    .S1     0x3b24b5bc,A13    ; |83| 
     582 00000518 0680006A- ||         MVKH    .S2     _mmag$3,B13       ; |84| 
     583                    
     584 00000520 003D42E5             LDW     .D2T1   *+SP(40),A0       ; |77| 
     585 00000524 009CABF9  ||         CMPLTU  .L1     A5,A7,A1          ; |77| 
     586 00000528 0580006B- ||         MVKH    .S2     _cnt$2,B11        ; |86| 
     587 0000052c 07000068- ||         MVKH    .S1     _mmag$3,A14       ; |83| 
     588                    
     589 00000530 80004113     [ A1]   B       .S2     L10               ; |77| 
     590 00000534 059CC1E8  ||         MVKH    .S1     0x3983c496,A11    ; |84| 
     591                    
     592 00000538 021D5269             MVKH    .S1     0x3aa4b5bc,A4     ; |81| 
     593 0000053c 0500006A! ||         MVKH    .S2     _cosf,B10         ; |84| 
     594                    
     595 00000540 0200002B!            MVKL    .S2     _sinf,B4          ; |81| 
     596 00000544 06000068- ||         MVKH    .S1     _cnt$2,A12        ; |84| 
     597                    
     598 00000548 0200006B!            MVKH    .S2     _sinf,B4          ; |81| 
     599 0000054c 01800228- ||         MVKL    .S1     _cnt1K$1,A3       ; |79| 
     600                    
     601 00000550 0280042B-            MVKL    .S2     _cnt$2,B5         ; |81| 
     602 00000554 00000068- ||         MVKH    .S1     _mmag$3,A0        ; |81| 
     603                    
     604 00000560 000428C1             ZERO    .D1     A0                ; |79| 
     605 00000564 0280006B- ||         MVKH    .S2     _cnt$2,B5         ; |81| 
TMS320C6x COFF Assembler         Version 4.10     Sat Apr 13 17:30:51 2024
Copyright (c) 1996-2001 Texas Instruments Incorporated
temp\interrupt.asm                                                   PAGE   12

     606 00000568 003D42F5  ||         STW     .D2T1   A0,*+SP(40)       ; |84| 
     607 0000056c 01800068- ||         MVKH    .S1     _cnt1K$1,A3       ; |79| 
     608                    
     609                               ; BRANCH OCCURS                   ; |77| 
     610                    ;** --------------------------------------------------------------------------*
     611 00000570 000C0274             STW     .D1T1   A0,*A3            ; |79| 
     612 00000574 029402E6             LDW     .D2T2   *B5,B5            ; |81| 
     613 00000578 00006000             NOP             4
     614 0000057c 0294093A             INTSPU  .L2     B5,B5             ; |81| 
     615 00000580 00000000             NOP             1
     616 00000584 00100362             B       .S2     B4                ; |81| 
     617 00000588 00000000             NOP             1
     618 0000058c 02149E00             MPYSP   .M1X    B5,A4,A4          ; |81| 
     619 00000590 00004000             NOP             3
     620 00000594           RL2:       ; CALL OCCURS                     ; |81| 
     621 00000594 003D42E4             LDW     .D2T1   *+SP(40),A0       ; |81| 
     622 00000598 023D02E6             LDW     .D2T2   *+SP(32),B4       ; |81| 
     623 0000059c 0182F22A'            MVKL    .S2     RL4,B3            ; |82| 
     624 000005a0 0180006A'            MVKH    .S2     RL4,B3            ; |82| 
     625 000005a4 00000000             NOP             1
     626 000005a8 00000264             LDW     .D1T1   *A0,A0            ; |81| 
     627 000005ac 00006000             NOP             4
     628 000005b0 00008E00             MPYSP   .M1     A4,A0,A0          ; |81| 
     629 000005b4 00004000             NOP             3
     630 000005b8 003C22F4             STW     .D2T1   A0,*+SP(4)        ; |81| 
     631 000005bc 021002E6             LDW     .D2T2   *B4,B4            ; |82| 
     632 000005c0 003D22E4             LDW     .D2T1   *+SP(36),A0       ; |82| 
     633 000005c4 00004000             NOP             3
     634 000005c8 0210093A             INTSPU  .L2     B4,B4             ; |82| 
     635 000005cc 00004000             NOP             3
     636                    
     637 000005d0 023CE2E7             LDW     .D2T2   *+SP(28),B4       ; |82| 
     638 000005d4 02101E00  ||         MPYSP   .M1X    B4,A0,A4          ; |82| 
     639                    
     640 000005d8 00006000             NOP             4
     641 000005dc 00100362             B       .S2     B4                ; |82| 
     642 000005e0 00008000             NOP             5
     643 000005e4           RL4:       ; CALL OCCURS                     ; |82| 
     644 000005e4 003C0264             LDW     .D1T1   *A15,A0           ; |82| 
     645 000005e8 023CC2E6             LDW     .D2T2   *+SP(24),B4       ; |82| 
     646 000005ec 0183142A'            MVKL    .S2     RL6,B3            ; |83| 
     647 000005f0 0180006A'            MVKH    .S2     RL6,B3            ; |83| 
     648 000005f4 00000000             NOP             1
     649 000005f8 00008E00             MPYSP   .M1     A4,A0,A0          ; |82| 
     650 000005fc 00004000             NOP             3
     651 00000600 003C42F4             STW     .D2T1   A0,*+SP(8)        ; |82| 
     652 00000604 021002E6             LDW     .D2T2   *B4,B4            ; |83| 
     653 00000608 00006000             NOP             4
     654 0000060c 0210093A             INTSPU  .L2     B4,B4             ; |83| 
     655 00000610 00004000             NOP             3
     656                    
     657 00000614 023CA2E7             LDW     .D2T2   *+SP(20),B4       ; |83| 
     658 00000618 0211BE00  ||         MPYSP   .M1X    B4,A13,A4         ; |83| 
     659                    
     660 0000061c 00006000             NOP             4
TMS320C6x COFF Assembler         Version 4.10     Sat Apr 13 17:30:51 2024
Copyright (c) 1996-2001 Texas Instruments Incorporated
temp\interrupt.asm                                                   PAGE   13

     661 00000620 00100362             B       .S2     B4                ; |83| 
     662 00000624 00008000             NOP             5
     663 00000628           RL6:       ; CALL OCCURS                     ; |83| 
     664 00000628 00380264             LDW     .D1T1   *A14,A0           ; |83| 
     665 0000062c 0183322A'            MVKL    .S2     RL8,B3            ; |84| 
     666 00000630 0180006A'            MVKH    .S2     RL8,B3            ; |84| 
     667 00000634 00002000             NOP             2
     668 00000638 00008E00             MPYSP   .M1     A4,A0,A0          ; |83| 
     669 0000063c 00004000             NOP             3
     670 00000640 003C62F4             STW     .D2T1   A0,*+SP(12)       ; |83| 
     671 00000644 00300264             LDW     .D1T1   *A12,A0           ; |84| 
     672 00000648 00006000             NOP             4
     673 0000064c 00000938             INTSPU  .L1     A0,A0             ; |84| 
     674 00000650 00000000             NOP             1
     675 00000654 00280362             B       .S2     B10               ; |84| 
     676 00000658 00000000             NOP             1
     677 0000065c 022C0E00             MPYSP   .M1     A0,A11,A4         ; |84| 
     678 00000660 00004000             NOP             3
     679 00000664           RL8:       ; CALL OCCURS                     ; |84| 
     680 00000664 023402E6             LDW     .D2T2   *B13,B4           ; |84| 
     681 00000668 0183502A'            MVKL    .S2     RL10,B3           ; |87| 
     682 0000066c 00004000             NOP             3
     683 00000670 02109E02             MPYSP   .M2X    A4,B4,B4          ; |84| 
     684 00000674 00004000             NOP             3
     685 00000678 023C82F6             STW     .D2T2   B4,*+SP(16)       ; |84| 
     686 0000067c 022C02E6             LDW     .D2T2   *B11,B4           ; |86| 
     687 00000680 00006000             NOP             4
     688 00000684 02102942             ADD     .D2     1,B4,B4           ; |86| 
     689                    
     690 00000688 00300363             B       .S2     B12               ; |87| 
     691 0000068c 022C02F6  ||         STW     .D2T2   B4,*B11           ; |86| 
     692                    
     693 00000690 02280264             LDW     .D1T1   *A10,A4           ; |87| 
     694 00000694 0209C42A             MVK     .S2     0x1388,B4         ; |87| 
     695 00000698 0180006A'            MVKH    .S2     RL10,B3           ; |87| 
     696 0000069c 00002000             NOP             2
     697 000006a0           RL10:      ; CALL OCCURS                     ; |87| 
     698 000006a0 00900940             MV      .D1     A4,A1             ; |87| 
     699 000006a4 80000D10     [ A1]   B       .S1     L9                ; |87| 
     700 000006a8 00000628-            MVKL    .S1     _mmag$3,A0        ; |88| 
     701                    
     702 000006ac 0200062B-            MVKL    .S2     _mmag$3,B4        ; |89| 
     703 000006b0 01EB8528  ||         MVKL    .S1     0x3c23d70a,A3     ; |88| 
     704                    
     705 000006b4 0200006B-            MVKH    .S2     _mmag$3,B4        ; |89| 
     706 000006b8 028428C3  ||         ZERO    .D2     B5                ; |89| 
     707 000006bc 00000068- ||         MVKH    .S1     _mmag$3,A0        ; |88| 
     708                    
     709 000006c0 92000265     [!A1]   LDW     .D1T1   *A0,A4            ; |88| 
     710 000006c4 019E11E9  ||         MVKH    .S1     0x3c23d70a,A3     ; |88| 
     711 000006c8 02A0006A  ||         MVKH    .S2     0x40000000,B5     ; |89| 
     712                    
     713 000006cc 80000029!    [ A1]   MVKL    .S1     _UMAddData,A0     ; |94| 
     714 000006d0 833C62E4  || [ A1]   LDW     .D2T1   *+SP(12),A6       ; |94| 
     715                    
TMS320C6x COFF Assembler         Version 4.10     Sat Apr 13 17:30:51 2024
Copyright (c) 1996-2001 Texas Instruments Incorporated
temp\interrupt.asm                                                   PAGE   14

     716                               ; BRANCH OCCURS                   ; |87| 
     717                    ;** --------------------------------------------------------------------------*
     718 000006d4 00004000             NOP             3
     719 000006d8 01906218             ADDSP   .L1     A3,A4,A3          ; |88| 
     720 000006dc 00004000             NOP             3
     721 000006e0 01800274             STW     .D1T1   A3,*A0            ; |88| 
     722 000006e4 031002E6             LDW     .D2T2   *B4,B6            ; |89| 
     723 000006e8 0200062A-            MVKL    .S2     _mmag$3,B4        ; |90| 
     724 000006ec 0200006A-            MVKH    .S2     _mmag$3,B4        ; |90| 
     725 000006f0 006666A8             MVKL    .S1     0x3e4ccccd,A0     ; |90| 
     726 000006f4 001F2668             MVKH    .S1     0x3e4ccccd,A0     ; |90| 
     727 000006f8 0014CE62             CMPGTSP .S2     B6,B5,B0          ; |89| 
     728 000006fc 201002F4     [ B0]   STW     .D2T1   A0,*B4            ; |90| 
     729                    
     730 00000700 033C62E5             LDW     .D2T1   *+SP(12),A6       ; |94| 
     731 00000704 00000028! ||         MVKL    .S1     _UMAddData,A0     ; |94| 
     732                    
     733                    ;** --------------------------------------------------------------------------*
     734 00000708           L9:    
     735                    
     736 00000708 033C82E7             LDW     .D2T2   *+SP(16),B6       ; |94| 
     737 0000070c 00000068! ||         MVKH    .S1     _UMAddData,A0     ; |94| 
     738                    
     739 00000710 00001363             B       .S2X    A0                ; |94| 
     740 00000714 023C42E6  ||         LDW     .D2T2   *+SP(8),B4        ; |94| 
     741                    
     742 00000718 023C22E4             LDW     .D2T1   *+SP(4),A4        ; |94| 
     743 0000071c 0183942A'            MVKL    .S2     RL12,B3           ; |94| 
     744 00000720 0180006A'            MVKH    .S2     RL12,B3           ; |94| 
     745 00000724 00002000             NOP             2
     746 00000728           RL12:      ; CALL OCCURS                     ; |94| 
     747                    ;** --------------------------------------------------------------------------*
     748 00000728           L10:    
     749 00000728 060029EE             LDW     .D2T2   *+SP(164),B12     ; |96| 
     750 0000072c 058028EE             LDW     .D2T2   *+SP(160),B11     ; |96| 
     751 00000730 050027EE             LDW     .D2T2   *+SP(156),B10     ; |96| 
     752 00000734 048026EE             LDW     .D2T2   *+SP(152),B9      ; |96| 
     753 00000738 040025EE             LDW     .D2T2   *+SP(148),B8      ; |96| 
     754 0000073c 038024EE             LDW     .D2T2   *+SP(144),B7      ; |96| 
     755 00000740 030023EE             LDW     .D2T2   *+SP(140),B6      ; |96| 
     756 00000744 028022EE             LDW     .D2T2   *+SP(136),B5      ; |96| 
     757 00000748 020021EE             LDW     .D2T2   *+SP(132),B4      ; |96| 
     758 0000074c 018020EE             LDW     .D2T2   *+SP(128),B3      ; |96| 
     759 00000750 013FE2E6             LDW     .D2T2   *+SP(124),B2      ; |96| 
     760 00000754 00BFC2E6             LDW     .D2T2   *+SP(120),B1      ; |96| 
     761 00000758 003FA2E6             LDW     .D2T2   *+SP(116),B0      ; |96| 
     762 0000075c 07BF82E4             LDW     .D2T1   *+SP(112),A15     ; |96| 
     763 00000760 073F62E4             LDW     .D2T1   *+SP(108),A14     ; |96| 
     764 00000764 06BF42E4             LDW     .D2T1   *+SP(104),A13     ; |96| 
     765 00000768 063F22E4             LDW     .D2T1   *+SP(100),A12     ; |96| 
     766 0000076c 05BF02E4             LDW     .D2T1   *+SP(96),A11      ; |96| 
     767 00000770 053EE2E4             LDW     .D2T1   *+SP(92),A10      ; |96| 
     768 00000774 04BEC2E4             LDW     .D2T1   *+SP(88),A9       ; |96| 
     769 00000778 043EA2E4             LDW     .D2T1   *+SP(84),A8       ; |96| 
     770 0000077c 03BE82E4             LDW     .D2T1   *+SP(80),A7       ; |96| 
TMS320C6x COFF Assembler         Version 4.10     Sat Apr 13 17:30:51 2024
Copyright (c) 1996-2001 Texas Instruments Incorporated
temp\interrupt.asm                                                   PAGE   15

     771 00000780 033E62E4             LDW     .D2T1   *+SP(76),A6       ; |96| 
     772 00000784 02BE42E4             LDW     .D2T1   *+SP(72),A5       ; |96| 
     773 00000788 023E22E4             LDW     .D2T1   *+SP(68),A4       ; |96| 
     774 0000078c 01BE02E4             LDW     .D2T1   *+SP(64),A3       ; |96| 
     775 00000790 013DE2E4             LDW     .D2T1   *+SP(60),A2       ; |96| 
     776 00000794 00BDC2E4             LDW     .D2T1   *+SP(56),A1       ; |96| 
     777                    
     778 00000798 001800E3             B       .S2     IRP               ; |96| 
     779 0000079c 06802AEE  ||         LDW     .D2T2   *+SP(168),B13     ; |96| 
     780                    
     781 000007a0 003DA2E4             LDW     .D2T1   *+SP(52),A0       ; |96| 
     782 000007a4 07805452             ADDK    .S2     168,SP            ; |96| 
     783 000007a8 00004000             NOP             3
     784                               ; BRANCH OCCURS                   ; |96| 
     785                    
     786                    
     787                    ;******************************************************************************
     788                    ;* UNDEFINED EXTERNAL REFERENCES                                              *
     789                    ;******************************************************************************
     790                            .global _sinf
     791                            .global _cosf
     792                            .global _SendByte
     793                            .global _UMAddData
     794                            .global _compacket
     795                            .global _respacket
     796                            .global __remu

No Assembly Errors, No Assembly Warnings
