TMS320C6x COFF Assembler         Version 4.10     Sat Apr 13 20:37:44 2024
Copyright (c) 1996-2001 Texas Instruments Incorporated
temp\main.asm                                                        PAGE    1

       1                    ;******************************************************************************
       2                    ;* TMS320C6x ANSI C Codegen                                      Version 4.10 *
       3                    ;* Date/Time created: Sat Apr 13 20:37:44 2024                                *
       4                    ;******************************************************************************
       5                    
       6                    ;******************************************************************************
       7                    ;* GLOBAL FILE PARAMETERS                                                     *
       8                    ;*                                                                            *
       9                    ;*   Architecture      : TMS320C670x                                          *
      10                    ;*   Optimization      : Disabled                                             *
      11                    ;*   Optimizing for    : Compile time, Ease of Development                    *
      12                    ;*                       Based on options: no -o, no -ms                      *
      13                    ;*   Endian            : Little                                               *
      14                    ;*   Interrupt Thrshld : Disabled                                             *
      15                    ;*   Memory Model      : Large                                                *
      16                    ;*   Calls to RTS      : Far                                                  *
      17                    ;*   Pipelining        : Disabled                                             *
      18                    ;*   Memory Aliases    : Presume are aliases (pessimistic)                    *
      19                    ;*   Debug Info        : No Debug Info                                        *
      20                    ;*                                                                            *
      21                    ;******************************************************************************
      22                    
      23                            .asg    A15, FP
      24                            .asg    B14, DP
      25                            .asg    B15, SP
      26                            .global $bss
      27                    
      28                            .global _currPhaseIdx
      29 00000000           _currPhaseIdx:  .usect  .far,4,4
      30                    
      31 00000000                   .sect   ".const"
      32                            .align 4
      33 00000000           _$T0$1:
      34 00000000 00000002          .field          2,32                    ; _$T0$1[0] @ 0
      35 00000004 00000008          .field          8,32                    ; _$T0$1[1] @ 32
      36 00000008 00000001          .field          1,32                    ; _$T0$1[2] @ 64
      37 0000000c 00000004          .field          4,32                    ; _$T0$1[3] @ 96
      38 00000000                   .sect   ".text"
      39                    ;       acp6x -q -D_FAR_RTS=1 --large_model=3 --version=6701 -m --i_output_file C:\Users\hge42\AppData
      40 00000000                   .sect   ".text"
      41                            .global _InitEXINTF
      42                    
      43                    ;******************************************************************************
      44                    ;* FUNCTION NAME: _InitEXINTF                                                 *
      45                    ;*                                                                            *
      46                    ;*   Regs Modified     : A0,A3,A4,B4,B5,B6                                    *
      47                    ;*   Regs Used         : A0,A3,A4,B3,B4,B5,B6                                 *
      48                    ;*   Local Frame Size  : 0 Args + 0 Auto + 0 Save = 0 byte                    *
      49                    ;******************************************************************************
      50 00000000           _InitEXINTF:
      51                    ;** --------------------------------------------------------------------------*
      52 00000000 000008C0             ZERO    .D1     A0                ; |18| 
      53 00000004 0000C068             MVKH    .S1     0x1800000,A0      ; |18| 
      54 00000008 02000264             LDW     .D1T1   *A0,A4            ; |18| 
      55 0000000c 0280042A             MVKL    .S2     0x1800008,B5      ; |21| 
TMS320C6x COFF Assembler         Version 4.10     Sat Apr 13 20:37:44 2024
Copyright (c) 1996-2001 Texas Instruments Incorporated
temp\main.asm                                                        PAGE    2

      56 00000010 030290AA             MVKL    .S2     0x21520521,B6     ; |33| 
      57 00000014 000C0362             B       .S2     B3                ; |43| 
      58                    
      59 00000018 0200082B             MVKL    .S2     0x1800010,B4      ; |33| 
      60 0000001c 018190A8  ||         MVKL    .S1     0xd00321,A3       ; |21| 
      61                    
      62 00000020 021065C9             CLR     .S1     A4,3,5,A4         ; |18| 
      63 00000024 0280C06A  ||         MVKH    .S2     0x1800008,B5      ; |21| 
      64                    
      65 00000028 02000275             STW     .D1T1   A4,*A0            ; |18| 
      66 0000002c 0310A96B  ||         MVKH    .S2     0x21520521,B6     ; |33| 
      67 00000030 01806868  ||         MVKH    .S1     0xd00321,A3       ; |21| 
      68                    
      69 00000034 019402F5             STW     .D2T1   A3,*B5            ; |21| 
      70 00000038 0200C06A  ||         MVKH    .S2     0x1800010,B4      ; |33| 
      71                    
      72 0000003c 031002F6             STW     .D2T2   B6,*B4            ; |33| 
      73                               ; BRANCH OCCURS                   ; |43| 
      74                    
      75                    
      76 00000040                   .sect   ".text"
      77                            .global _InitTimer
      78                    
      79                    ;******************************************************************************
      80                    ;* FUNCTION NAME: _InitTimer                                                  *
      81                    ;*                                                                            *
      82                    ;*   Regs Modified     : A0,A3,B4,B5                                          *
      83                    ;*   Regs Used         : A0,A3,B3,B4,B5                                       *
      84                    ;*   Local Frame Size  : 0 Args + 0 Auto + 0 Save = 0 byte                    *
      85                    ;******************************************************************************
      86 00000040           _InitTimer:
      87                    ;** --------------------------------------------------------------------------*
      88 00000040 020008C2             ZERO    .D2     B4                ; |48| 
      89 00000044 0200CA6A             MVKH    .S2     0x1940000,B4      ; |48| 
      90 00000048 029002E6             LDW     .D2T2   *B4,B5            ; |48| 
      91 0000004c 00000228             MVKL    .S1     0x1940004,A0      ; |51| 
      92 00000050 0000CA68             MVKH    .S1     0x1940004,A0      ; |51| 
      93 00000054 018008C0             ZERO    .D1     A3                ; |54| 
      94 00000058 0180CA68             MVKH    .S1     0x1940000,A3      ; |54| 
      95 0000005c 0295098A             SET     .S2     B5,8,9,B5         ; |48| 
      96                    
      97 00000060 0200642B             MVK     .S2     200,B4            ; |51| 
      98 00000064 029002F6  ||         STW     .D2T2   B5,*B4            ; |48| 
      99                    
     100 00000068 02000276             STW     .D1T2   B4,*A0            ; |51| 
     101 0000006c 000C0264             LDW     .D1T1   *A3,A0            ; |54| 
     102 00000070 000C0362             B       .S2     B3                ; |55| 
     103 00000074 00004000             NOP             3
     104 00000078 0000C788             SET     .S1     A0,6,7,A0         ; |54| 
     105 0000007c 000C0274             STW     .D1T1   A0,*A3            ; |54| 
     106                               ; BRANCH OCCURS                   ; |55| 
     107                    
     108                    
     109 00000080                   .sect   ".text"
     110                            .global _InitINT
TMS320C6x COFF Assembler         Version 4.10     Sat Apr 13 20:37:44 2024
Copyright (c) 1996-2001 Texas Instruments Incorporated
temp\main.asm                                                        PAGE    3

     111                    
     112                    ;******************************************************************************
     113                    ;* FUNCTION NAME: _InitINT                                                    *
     114                    ;*                                                                            *
     115                    ;*   Regs Modified     : A0,B4                                                *
     116                    ;*   Regs Used         : A0,B3,B4                                             *
     117                    ;*   Local Frame Size  : 0 Args + 0 Auto + 0 Save = 0 byte                    *
     118                    ;******************************************************************************
     119 00000080           _InitINT:
     120                    ;** --------------------------------------------------------------------------*
     121 00000080 021003E2             MVC     .S2     IER,B4            ; |60| 
     122 00000084 00202128             MVK     .S1     16450,A0          ; |60| 
     123 00000088 020096E2             OR      .S2X    A0,B4,B4          ; |60| 
     124 0000008c 021003A2             MVC     .S2     B4,IER            ; |60| 
     125 00000090 000C0362             B       .S2     B3                ; |61| 
     126 00000094 00008000             NOP             5
     127                               ; BRANCH OCCURS                   ; |61| 
     128                    
     129                    
     130 00000098                   .sect   ".text"
     131                            .global _GIE
     132                    
     133                    ;******************************************************************************
     134                    ;* FUNCTION NAME: _GIE                                                        *
     135                    ;*                                                                            *
     136                    ;*   Regs Modified     : B4                                                   *
     137                    ;*   Regs Used         : B3,B4                                                *
     138                    ;*   Local Frame Size  : 0 Args + 0 Auto + 0 Save = 0 byte                    *
     139                    ;******************************************************************************
     140 00000098           _GIE:
     141                    ;** --------------------------------------------------------------------------*
     142 00000098 020403E2             MVC     .S2     CSR,B4            ; |66| 
     143 0000009c 021026A2             OR      .S2     1,B4,B4           ; |66| 
     144 000000a0 009003A2             MVC     .S2     B4,CSR            ; |66| 
     145 000000a4 000C0362             B       .S2     B3                ; |67| 
     146 000000a8 00008000             NOP             5
     147                               ; BRANCH OCCURS                   ; |67| 
     148                    
     149                    
     150 000000ac                   .sect   ".text"
     151                            .global _delay_us
     152                    
     153                    ;******************************************************************************
     154                    ;* FUNCTION NAME: _delay_us                                                   *
     155                    ;*                                                                            *
     156                    ;*   Regs Modified     : B0,B4,B5,B6,SP                                       *
     157                    ;*   Regs Used         : A4,B0,B3,B4,B5,B6,SP                                 *
     158                    ;*   Local Frame Size  : 0 Args + 4 Auto + 0 Save = 4 byte                    *
     159                    ;******************************************************************************
     160 000000ac           _delay_us:
     161                    ;** --------------------------------------------------------------------------*
     162 000000ac 021011A2             MV      .S2X    A4,B4             ; |71| 
     163 000000b0 02908CA2             SHL     .S2     B4,4,B5           ; |74| 
     164                    
     165 000000b4 020425E3             ZERO    .S2     B4                ; |74| 
TMS320C6x COFF Assembler         Version 4.10     Sat Apr 13 20:37:44 2024
Copyright (c) 1996-2001 Texas Instruments Incorporated
temp\main.asm                                                        PAGE    4

     166 000000b8 02949AC2  ||         SUBAH   .D2     B5,B4,B5          ; |74| 
     167                    
     168 000000bc 00148BFA             CMPLTU  .L2     B4,B5,B0          ; |74| 
     169 000000c0 30000710     [!B0]   B       .S1     L2                ; |74| 
     170 000000c4 07BD09C2             SUB     .D2     SP,8,SP           ; |71| 
     171 000000c8 023C22F4             STW     .D2T1   A4,*+SP(4)        ; |71| 
     172 000000cc 22BC22E6     [ B0]   LDW     .D2T2   *+SP(4),B5        ; |74| 
     173 000000d0 00002000             NOP             2
     174                               ; BRANCH OCCURS                   ; |74| 
     175                    ;** --------------------------------------------------------------------------*
     176 000000d4 00002000             NOP             2
     177                    ;*----------------------------------------------------------------------------*
     178                    ;*   SOFTWARE PIPELINE INFORMATION
     179                    ;*      Disqualified loop: software pipelining disabled
     180                    ;*----------------------------------------------------------------------------*
     181 000000d8           L1:    
     182 000000d8 03148CA2             SHL     .S2     B5,4,B6           ; |74| 
     183                    
     184 000000e0 0298BAC3             SUBAH   .D2     B6,B5,B5          ; |74| 
     185 000000e4 021021A2  ||         ADD     .S2     1,B4,B4           ; |74| 
     186                    
     187 000000e8 00148BFA             CMPLTU  .L2     B4,B5,B0          ; |74| 
     188 000000ec 2FFFFF10     [ B0]   B       .S1     L1                ; |74| 
     189 000000f0 22BC22E6     [ B0]   LDW     .D2T2   *+SP(4),B5        ; |74| 
     190 000000f4 00006000             NOP             4
     191                               ; BRANCH OCCURS                   ; |74| 
     192                    ;** --------------------------------------------------------------------------*
     193 000000f8           L2:    
     194 000000f8 000C0362             B       .S2     B3                ; |75| 
     195 000000fc 07BD0942             ADD     .D2     8,SP,SP           ; |75| 
     196 00000100 00006000             NOP             4
     197                               ; BRANCH OCCURS                   ; |75| 
     198                    
     199                    
     200 00000104                   .sect   ".text"
     201                            .global _delay_ms
     202                    
     203                    ;******************************************************************************
     204                    ;* FUNCTION NAME: _delay_ms                                                   *
     205                    ;*                                                                            *
     206                    ;*   Regs Modified     : A4,B0,B3,B4,B5,B6,B7,B9,SP                           *
     207                    ;*   Regs Used         : A4,B0,B3,B4,B5,B6,B7,B9,SP                           *
     208                    ;*   Local Frame Size  : 0 Args + 4 Auto + 0 Save = 4 byte                    *
     209                    ;******************************************************************************
     210 00000104           _delay_ms:
     211                    ;** --------------------------------------------------------------------------*
     212 00000104 038008C2             ZERO    .D2     B7                ; |82| 
     213 00000108 0010FBFA             CMPLTU  .L2X    B7,A4,B0
     214 0000010c 30000B10     [!B0]   B       .S1     L4                ; |82| 
     215 00000110 07BD09C2             SUB     .D2     SP,8,SP           ; |79| 
     216 00000114 023C22F4             STW     .D2T1   A4,*+SP(4)        ; |79| 
     217 00000118 048C005A             MV      .L2     B3,B9             ; |79| 
     218 0000011c 2200562A'    [ B0]   MVKL    .S2     _delay_us,B4      ; |83| 
     219 00000120 2200006A'    [ B0]   MVKH    .S2     _delay_us,B4      ; |83| 
     220                               ; BRANCH OCCURS                   ; |82| 
TMS320C6x COFF Assembler         Version 4.10     Sat Apr 13 20:37:44 2024
Copyright (c) 1996-2001 Texas Instruments Incorporated
temp\main.asm                                                        PAGE    5

     221                    ;*----------------------------------------------------------------------------*
     222                    ;*   SOFTWARE PIPELINE INFORMATION
     223                    ;*      Disqualified loop: software pipelining disabled
     224                    ;*----------------------------------------------------------------------------*
     225 00000124           L3:    
     226 00000124 00100362             B       .S2     B4                ; |83| 
     227 00000128 01809C2A'            MVKL    .S2     RL0,B3            ; |83| 
     228 0000012c 0180006A'            MVKH    .S2     RL0,B3            ; |83| 
     229 00000130 0201F428             MVK     .S1     0x3e8,A4          ; |83| 
     230 00000134 00002000             NOP             2
     231 00000138           RL0:       ; CALL OCCURS                     ; |83| 
     232 00000138 023C22E6             LDW     .D2T2   *+SP(4),B4        ; |84| 
     233 0000013c 039C2942             ADD     .D2     1,B7,B7           ; |84| 
     234 00000140 00004000             NOP             3
     235 00000144 0010EBFA             CMPLTU  .L2     B7,B4,B0          ; |84| 
     236 00000148 2FFFFC90     [ B0]   B       .S1     L3                ; |84| 
     237 0000014c 2200562A'    [ B0]   MVKL    .S2     _delay_us,B4      ; |83| 
     238 00000150 2200006A'    [ B0]   MVKH    .S2     _delay_us,B4      ; |83| 
     239 00000154 00004000             NOP             3
     240                               ; BRANCH OCCURS                   ; |84| 
     241                    ;** --------------------------------------------------------------------------*
     242 00000158           L4:    
     243 00000158 00240362             B       .S2     B9                ; |85| 
     244 0000015c 07BD0942             ADD     .D2     8,SP,SP           ; |85| 
     245 00000160 00006000             NOP             4
     246                               ; BRANCH OCCURS                   ; |85| 
     247                    
     248                    
     249 00000164                   .sect   ".text"
     250                            .global _WaitTFlag
     251                    
     252                    ;******************************************************************************
     253                    ;* FUNCTION NAME: _WaitTFlag                                                  *
     254                    ;*                                                                            *
     255                    ;*   Regs Modified     : A0,A1,A3                                             *
     256                    ;*   Regs Used         : A0,A1,A3,B3                                          *
     257                    ;*   Local Frame Size  : 0 Args + 0 Auto + 0 Save = 0 byte                    *
     258                    ;******************************************************************************
     259 00000164           _WaitTFlag:
     260                    ;** --------------------------------------------------------------------------*
     261 00000164 00000028!            MVKL    .S1     _TFlag,A0         ; |90| 
     262 00000168 00000068!            MVKH    .S1     _TFlag,A0         ; |90| 
     263 0000016c 00800264             LDW     .D1T1   *A0,A1            ; |90| 
     264 00000170 00006000             NOP             4
     265 00000174 80000810     [ A1]   B       .S1     L6                ; |90| 
     266 00000178 90000028!    [!A1]   MVKL    .S1     _TFlag,A0         ; |90| 
     267 0000017c 90000068!    [!A1]   MVKH    .S1     _TFlag,A0         ; |90| 
     268 00000180 90800264     [!A1]   LDW     .D1T1   *A0,A1            ; |90| 
     269 00000184 00002000             NOP             2
     270                               ; BRANCH OCCURS                   ; |90| 
     271                    ;*----------------------------------------------------------------------------*
     272                    ;*   SOFTWARE PIPELINE INFORMATION
     273                    ;*      Disqualified loop: software pipelining disabled
     274                    ;*----------------------------------------------------------------------------*
     275 00000188           L5:    
TMS320C6x COFF Assembler         Version 4.10     Sat Apr 13 20:37:44 2024
Copyright (c) 1996-2001 Texas Instruments Incorporated
temp\main.asm                                                        PAGE    6

     276 00000188 00002000             NOP             2
     277 0000018c 90000110     [!A1]   B       .S1     L5                ; |90| 
     278 00000190 90000028!    [!A1]   MVKL    .S1     _TFlag,A0         ; |90| 
     279 00000194 90000068!    [!A1]   MVKH    .S1     _TFlag,A0         ; |90| 
     280 00000198 90800264     [!A1]   LDW     .D1T1   *A0,A1            ; |90| 
     281 0000019c 00002000             NOP             2
     282                               ; BRANCH OCCURS                   ; |90| 
     283                    ;** --------------------------------------------------------------------------*
     284 000001a0           L6:    
     285 000001a0 000C0362             B       .S2     B3                ; |92| 
     286 000001a4 00000028!            MVKL    .S1     _TFlag,A0         ; |91| 
     287 000001a8 00000068!            MVKH    .S1     _TFlag,A0         ; |91| 
     288 000001ac 018008C0             ZERO    .D1     A3                ; |91| 
     289 000001b0 01800274             STW     .D1T1   A3,*A0            ; |91| 
     290 000001b4 00000000             NOP             1
     291                               ; BRANCH OCCURS                   ; |92| 
     292                    
     293                    
     294 000001b8                   .sect   ".text"
     295                            .global _WaitTFlagCnt
     296                    
     297                    ;******************************************************************************
     298                    ;* FUNCTION NAME: _WaitTFlagCnt                                               *
     299                    ;*                                                                            *
     300                    ;*   Regs Modified     : A0,A1,A3,B0,B3,B4,B5,B9,SP                           *
     301                    ;*   Regs Used         : A0,A1,A3,A4,B0,B3,B4,B5,B9,SP                        *
     302                    ;*   Local Frame Size  : 0 Args + 8 Auto + 0 Save = 8 byte                    *
     303                    ;******************************************************************************
     304 000001b8           _WaitTFlagCnt:
     305                    ;** --------------------------------------------------------------------------*
     306                    
     307 000001b8 07BD09C3             SUB     .D2     SP,8,SP           ; |96| 
     308 000001bc 00000028! ||         MVKL    .S1     _TFlag,A0         ; |99| 
     309                    
     310 000001c0 023C22F5             STW     .D2T1   A4,*+SP(4)        ; |96| 
     311 000001c4 00000069! ||         MVKH    .S1     _TFlag,A0         ; |99| 
     312 000001c8 018428C0  ||         ZERO    .D1     A3                ; |99| 
     313                    
     314 000001cc 01800274             STW     .D1T1   A3,*A0            ; |99| 
     315 000001d0 02BC22E6             LDW     .D2T2   *+SP(4),B5        ; |101| 
     316 000001d4 020008C2             ZERO    .D2     B4                ; |101| 
     317 000001d8 023C42F6             STW     .D2T2   B4,*+SP(8)        ; |101| 
     318 000001dc 048C01A2             MV      .S2     B3,B9             ; |96| 
     319 000001e0 00000000             NOP             1
     320 000001e4 00148BFA             CMPLTU  .L2     B4,B5,B0          ; |101| 
     321 000001e8 30000A10     [!B0]   B       .S1     L8                ; |101| 
     322 000001ec 2000B228'    [ B0]   MVKL    .S1     _WaitTFlag,A0     ; |102| 
     323 000001f0 20000068'    [ B0]   MVKH    .S1     _WaitTFlag,A0     ; |102| 
     324 000001f4 00004000             NOP             3
     325                               ; BRANCH OCCURS                   ; |101| 
     326                    ;*----------------------------------------------------------------------------*
     327                    ;*   SOFTWARE PIPELINE INFORMATION
     328                    ;*      Disqualified loop: software pipelining disabled
     329                    ;*----------------------------------------------------------------------------*
     330 000001f8           L7:    
TMS320C6x COFF Assembler         Version 4.10     Sat Apr 13 20:37:44 2024
Copyright (c) 1996-2001 Texas Instruments Incorporated
temp\main.asm                                                        PAGE    7

     331 000001f8 00001362             B       .S2X    A0                ; |102| 
     332 000001fc 0181042A'            MVKL    .S2     RL2,B3            ; |102| 
     333 00000200 0180006A'            MVKH    .S2     RL2,B3            ; |102| 
     334 00000204 00004000             NOP             3
     335 00000208           RL2:       ; CALL OCCURS                     ; |102| 
     336 00000208 023C42E6             LDW     .D2T2   *+SP(8),B4        ; |103| 
     337 0000020c 02BC22E6             LDW     .D2T2   *+SP(4),B5        ; |103| 
     338 00000210 00004000             NOP             3
     339 00000214 02102942             ADD     .D2     1,B4,B4           ; |103| 
     340 00000218 00148BFA             CMPLTU  .L2     B4,B5,B0          ; |103| 
     341 0000021c 2FFFFF10     [ B0]   B       .S1     L7                ; |103| 
     342 00000220 023C42F6             STW     .D2T2   B4,*+SP(8)        ; |103| 
     343 00000224 2000B228'    [ B0]   MVKL    .S1     _WaitTFlag,A0     ; |102| 
     344 00000228 20000068'    [ B0]   MVKH    .S1     _WaitTFlag,A0     ; |102| 
     345 0000022c 00002000             NOP             2
     346                               ; BRANCH OCCURS                   ; |103| 
     347                    ;** --------------------------------------------------------------------------*
     348 00000230           L8:    
     349 00000230 00240362             B       .S2     B9                ; |104| 
     350 00000234 07BD0942             ADD     .D2     8,SP,SP           ; |104| 
     351 00000238 00006000             NOP             4
     352                               ; BRANCH OCCURS                   ; |104| 
     353                    
     354                    
     355 0000023c                   .sect   ".text"
     356                            .global _OneStepMove
     357                    
     358                    ;******************************************************************************
     359                    ;* FUNCTION NAME: _OneStepMove                                                *
     360                    ;*                                                                            *
     361                    ;*   Regs Modified     : A0,A1,A3,A4,B0,B1,B3,B4,B5,B6,B7,B8,B9,SP            *
     362                    ;*   Regs Used         : A0,A1,A3,A4,B0,B1,B3,B4,B5,B6,B7,B8,B9,SP            *
     363                    ;*   Local Frame Size  : 0 Args + 32 Auto + 0 Save = 32 byte                  *
     364                    ;******************************************************************************
     365 00000240           _OneStepMove:
     366                    ;** --------------------------------------------------------------------------*
     367                    
     368 00000240 07FFF053             ADDK    .S2     -32,SP            ; |108| 
     369 00000244 001011A0  ||         MV      .S1X    B4,A0             ; |108| 
     370                    
     371 00000248 003C42F5             STW     .D2T1   A0,*+SP(8)        ; |108| 
     372 0000024c 0200002B+ ||         MVKL    .S2     _$T0$1,B4         ; |109| 
     373 00000250 0290105A  ||         MV      .L2X    A4,B5             ; |108| 
     374                    
     375 00000254 02BC22F7             STW     .D2T2   B5,*+SP(4)        ; |108| 
     376 00000258 0200006A+ ||         MVKH    .S2     _$T0$1,B4         ; |109| 
     377                    
     378 0000025c 039002E6             LDW     .D2T2   *B4,B7            ; |109| 
     379 00000260 031042E6             LDW     .D2T2   *+B4(8),B6        ; |109| 
     380 00000264 029022E6             LDW     .D2T2   *+B4(4),B5        ; |109| 
     381 00000268 021062E6             LDW     .D2T2   *+B4(12),B4       ; |109| 
     382 0000026c 003D91A0             ADD     .S1X    12,SP,A0          ; |109| 
     383 00000270 03800276             STW     .D1T2   B7,*A0            ; |109| 
     384 00000274 03004276             STW     .D1T2   B6,*+A0(8)        ; |109| 
     385 00000278 02802276             STW     .D1T2   B5,*+A0(4)        ; |109| 
TMS320C6x COFF Assembler         Version 4.10     Sat Apr 13 20:37:44 2024
Copyright (c) 1996-2001 Texas Instruments Incorporated
temp\main.asm                                                        PAGE    8

     386 0000027c 02006276             STW     .D1T2   B4,*+A0(12)       ; |109| 
     387 00000280 02BC22E6             LDW     .D2T2   *+SP(4),B5        ; |124| 
     388 00000284 01800028-            MVKL    .S1     _currPhaseIdx,A3  ; |113| 
     389 00000288 01800068-            MVKH    .S1     _currPhaseIdx,A3  ; |113| 
     390 0000028c 018C0264             LDW     .D1T1   *A3,A3            ; |113| 
     391 00000290 040C01A2             MV      .S2     B3,B8             ; |108| 
     392 00000294 009411A0             MV      .S1X    B5,A1             ; |124| 
     393 00000298 80000A90     [ A1]   B       .S1     L9                ; |116| 
     394 0000029c 00942A5A             CMPEQ   .L2     B5,1,B1           ; |124| 
     395 000002a0 028C11A2             MV      .S2X    A3,B5             ; |124| 
     396 000002a4 023CBC42             ADDAW   .D2     SP,B5,B4          ; |117| 
     397 000002a8 000C7A5A             CMPEQ   .L2X    A3,3,B0
     398                    
     399 000002ac 01BCE2F5             STW     .D2T1   A3,*+SP(28)       ; |113| 
     400 000002b0 001011A0  ||         MV      .S1X    B4,A0             ; |119| 
     401                    
     402                               ; BRANCH OCCURS                   ; |116| 
     403                    ;** --------------------------------------------------------------------------*
     404 000002b4 027FFFAA             MVK     .S2     -1,B4             ; |119| 
     405                    
     406 000002b8 223CE2F7     [ B0]   STW     .D2T2   B4,*+SP(28)       ; |119| 
     407 000002bc 00006264  ||         LDW     .D1T1   *+A0(12),A0       ; |117| 
     408                    
     409 000002c0 00000991             B       .S1     L10               ; |121| 
     410 000002c4 023CE2E6  ||         LDW     .D2T2   *+SP(28),B4       ; |120| 
     411                    
     412 000002c8 00006000             NOP             4
     413                    
     414 000002cc 003D02F5             STW     .D2T1   A0,*+SP(32)       ; |125| 
     415 000002d0 021021A2  ||         ADD     .S2     1,B4,B4           ; |120| 
     416                    
     417                               ; BRANCH OCCURS                   ; |121| 
     418                    ;** --------------------------------------------------------------------------*
     419 000002d4           L9:    
     420 000002d4 50000B10     [!B1]   B       .S1     L11               ; |124| 
     421 000002d8 020C11A2             MV      .S2X    A3,B4
     422 000002dc 023C9C42             ADDAW   .D2     SP,B4,B4          ; |125| 
     423                    
     424 000002e0 001011A1             MV      .S1X    B4,A0             ; |125| 
     425 000002e4 000C11A3  ||         MV      .S2X    A3,B0
     426 000002e8 52BCE2E6  || [!B1]   LDW     .D2T2   *+SP(28),B5       ; |132| 
     427                    
     428 000002ec 4200022A     [ B1]   MVK     .S2     4,B4              ; |127| 
     429 000002f0 00000000             NOP             1
     430                               ; BRANCH OCCURS                   ; |124| 
     431                    ;** --------------------------------------------------------------------------*
     432                    
     433 000002f4 323CE2F7     [!B0]   STW     .D2T2   B4,*+SP(28)       ; |127| 
     434 000002f8 00006264  ||         LDW     .D1T1   *+A0(12),A0       ; |125| 
     435                    
     436 000002fc 023CE2E6             LDW     .D2T2   *+SP(28),B4       ; |128| 
     437 00000300 00006000             NOP             4
     438 00000304 021029C2             SUB     .D2     B4,1,B4           ; |128| 
     439 00000308 003D02F4             STW     .D2T1   A0,*+SP(32)       ; |125| 
     440                    ;** --------------------------------------------------------------------------*
TMS320C6x COFF Assembler         Version 4.10     Sat Apr 13 20:37:44 2024
Copyright (c) 1996-2001 Texas Instruments Incorporated
temp\main.asm                                                        PAGE    9

     441 0000030c           L10:    
     442 0000030c 023CE2F6             STW     .D2T2   B4,*+SP(28)       ; |128| 
     443 00000310 02BCE2E6             LDW     .D2T2   *+SP(28),B5       ; |132| 
     444 00000314 00002000             NOP             2
     445                    ;** --------------------------------------------------------------------------*
     446 00000318           L11:    
     447 00000318 0200002A-            MVKL    .S2     _currPhaseIdx,B4  ; |132| 
     448 0000031c 0200006A-            MVKH    .S2     _currPhaseIdx,B4  ; |132| 
     449 00000320 029002F6             STW     .D2T2   B5,*B4            ; |132| 
     450 00000324 023D02E6             LDW     .D2T2   *+SP(32),B4       ; |135| 
     451 00000328 00004828             MVKL    .S1     0x2000090,A0      ; |135| 
     452 0000032c 00010068             MVKH    .S1     0x2000090,A0      ; |135| 
     453 00000330 0181A82A'            MVKL    .S2     RL4,B3            ; |136| 
     454 00000334 0180006A'            MVKH    .S2     RL4,B3            ; |136| 
     455                    
     456 00000338 0000DC29'            MVKL    .S1     _WaitTFlagCnt,A0  ; |136| 
     457 0000033c 02000276  ||         STW     .D1T2   B4,*A0            ; |135| 
     458                    
     459 00000340 00000068'            MVKH    .S1     _WaitTFlagCnt,A0  ; |136| 
     460 00000344 00001362             B       .S2X    A0                ; |136| 
     461 00000348 023C42E4             LDW     .D2T1   *+SP(8),A4        ; |136| 
     462 0000034c 00006000             NOP             4
     463 00000350           RL4:       ; CALL OCCURS                     ; |136| 
     464 00000350 00200362             B       .S2     B8                ; |137| 
     465 00000354 07801052             ADDK    .S2     32,SP             ; |137| 
     466 00000358 00006000             NOP             4
     467                               ; BRANCH OCCURS                   ; |137| 
     468                    
     469                    
     470 0000035c                   .sect   ".text"
     471                            .global _StepMoveCV
     472                    
     473                    ;******************************************************************************
     474                    ;* FUNCTION NAME: _StepMoveCV                                                 *
     475                    ;*                                                                            *
     476                    ;*   Regs Modified     : A0,A1,A2,A3,A4,A5,A6,A7,A8,A9,B0,B1,B2,B3,B4,B5,B6,  *
     477                    ;*                           B7,B8,B9,SP                                      *
     478                    ;*   Regs Used         : A0,A1,A2,A3,A4,A5,A6,A7,A8,A9,B0,B1,B2,B3,B4,B5,B6,  *
     479                    ;*                           B7,B8,B9,SP                                      *
     480                    ;*   Local Frame Size  : 0 Args + 28 Auto + 4 Save = 32 byte                  *
     481                    ;******************************************************************************
     482 0000035c           _StepMoveCV:
     483                    ;** --------------------------------------------------------------------------*
     484 0000035c 00000028!            MVKL    .S1     __divf,A0         ; |148| 
     485 00000360 00000068!            MVKH    .S1     __divf,A0         ; |148| 
     486 00000364 00001362             B       .S2X    A0                ; |148| 
     487 00000368 00002000             NOP             2
     488                    
     489 0000036c 01B33329             MVKL    .S1     0x3fe66666,A3     ; |148| 
     490 00000370 01BD14F6  ||         STW     .D2T2   B3,*SP--(32)      ; |141| 
     491                    
     492 00000374 023C42F7             STW     .D2T2   B4,*+SP(8)        ; |141| 
     493 00000378 019FF369  ||         MVKH    .S1     0x3fe66666,A3     ; |148| 
     494 0000037c 0181C62A' ||         MVKL    .S2     RL6,B3            ; |148| 
     495                    
TMS320C6x COFF Assembler         Version 4.10     Sat Apr 13 20:37:44 2024
Copyright (c) 1996-2001 Texas Instruments Incorporated
temp\main.asm                                                        PAGE   10

     496 00000380 020C105B             MV      .L2X    A3,B4             ; |148| 
     497 00000384 023C22F5  ||         STW     .D2T1   A4,*+SP(4)        ; |141| 
     498 00000388 0180006A' ||         MVKH    .S2     RL6,B3            ; |148| 
     499                    
     500 0000038c           RL6:       ; CALL OCCURS                     ; |148| 
     501                    
     502 0000038c 02BC22E7             LDW     .D2T2   *+SP(4),B5        ; |149| 
     503 00000390 0300002A! ||         MVKL    .S2     __divf,B6         ; |150| 
     504                    
     505 00000394 0300006A!            MVKH    .S2     __divf,B6         ; |150| 
     506                    
     507 00000398 00180363             B       .S2     B6                ; |150| 
     508 0000039c 00100178  ||         SPTRUNC .L1     A4,A0             ; |148| 
     509                    
     510 000003a0 023C42E7             LDW     .D2T2   *+SP(8),B4        ; |150| 
     511 000003a4 03B3332A  ||         MVKL    .S2     0x3fe66666,B7     ; |150| 
     512                    
     513 000003a8 039FF36B             MVKH    .S2     0x3fe66666,B7     ; |150| 
     514 000003ac 018428C0  ||         ZERO    .D1     A3                ; |149| 
     515                    
     516 000003b0 028428C3             ZERO    .D2     B5                ; |149| 
     517 000003b4 00947EA1  ||         CMPGTSP .S1X    B5,A3,A1          ; |149| 
     518 000003b8 0181EA2A' ||         MVKL    .S2     RL8,B3            ; |150| 
     519                    
     520 000003c0 928000AB     [!A1]   MVK     .S2     0x1,B5            ; |149| 
     521 000003c4 003C62F4  ||         STW     .D2T1   A0,*+SP(12)       ; |148| 
     522                    
     523 000003c8 02BC82F7             STW     .D2T2   B5,*+SP(16)       ; |149| 
     524 000003cc 021C11A1  ||         MV      .S1X    B7,A4             ; |150| 
     525 000003d0 0180006A' ||         MVKH    .S2     RL8,B3            ; |150| 
     526                    
     527 000003d4           RL8:       ; CALL OCCURS                     ; |150| 
     528 000003d4 021011A2             MV      .S2X    A4,B4             ; |150| 
     529                    
     530 000003d8 00B50029             MVKL    .S1     0x40f86a00,A1     ; |151| 
     531 000003dc 021000A2  ||         SPDP    .S2     B4,B5:B4          ; |151| 
     532                    
     533 000003e0 00A07C69             MVKH    .S1     0x40f86a00,A1     ; |151| 
     534 000003e4 000848C0  ||         ZERO    .D1     A0                ; |151| 
     535                    
     536 000003e8 00101700             MPYDP   .M1X    B5:B4,A1:A0,A1:A0 ; |151| 
     537 000003ec 00002000             NOP             2
     538 000003f0 020008C2             ZERO    .D2     B4                ; |154| 
     539 000003f4 023CE2F6             STW     .D2T2   B4,*+SP(28)       ; |154| 
     540 000003f8 02BCE2E6             LDW     .D2T2   *+SP(28),B5       ; |154| 
     541 000003fc 023C62E6             LDW     .D2T2   *+SP(12),B4       ; |154| 
     542 00000400 00006000             NOP             4
     543 00000404 0010AAFA             CMPLT   .L2     B5,B4,B0          ; |154| 
     544 00000408 30000D90     [!B0]   B       .S1     L13               ; |154| 
     545 0000040c 00040038             DPTRUNC .L1     A1:A0,A0          ; |151| 
     546 00000410 00002000             NOP             2
     547 00000414 023CA2F4             STW     .D2T1   A4,*+SP(20)       ; |150| 
     548 00000418 003CC2F4             STW     .D2T1   A0,*+SP(24)       ; |151| 
     549                               ; BRANCH OCCURS                   ; |154| 
     550                    ;** --------------------------------------------------------------------------*
TMS320C6x COFF Assembler         Version 4.10     Sat Apr 13 20:37:44 2024
Copyright (c) 1996-2001 Texas Instruments Incorporated
temp\main.asm                                                        PAGE   11

     551 0000041c 00012028'            MVKL    .S1     _OneStepMove,A0   ; |155| 
     552 00000420 00000068'            MVKH    .S1     _OneStepMove,A0   ; |155| 
     553                    ;*----------------------------------------------------------------------------*
     554                    ;*   SOFTWARE PIPELINE INFORMATION
     555                    ;*      Disqualified loop: software pipelining disabled
     556                    ;*----------------------------------------------------------------------------*
     557 00000424           L12:    
     558                    
     559 00000424 00001363             B       .S2X    A0                ; |155| 
     560 00000428 023C82E4  ||         LDW     .D2T1   *+SP(16),A4
     561                    
     562 0000042c 023CC2E6             LDW     .D2T2   *+SP(24),B4       ; |155| 
     563 00000430 01821E2A'            MVKL    .S2     RL10,B3           ; |155| 
     564 00000434 0180006A'            MVKH    .S2     RL10,B3           ; |155| 
     565 00000438 00002000             NOP             2
     566 0000043c           RL10:      ; CALL OCCURS                     ; |155| 
     567 0000043c 023CE2E6             LDW     .D2T2   *+SP(28),B4       ; |156| 
     568 00000440 00006000             NOP             4
     569 00000444 02102942             ADD     .D2     1,B4,B4           ; |156| 
     570 00000448 023CE2F6             STW     .D2T2   B4,*+SP(28)       ; |156| 
     571 0000044c 02BCE2E6             LDW     .D2T2   *+SP(28),B5       ; |156| 
     572 00000450 023C62E6             LDW     .D2T2   *+SP(12),B4       ; |156| 
     573 00000454 00006000             NOP             4
     574 00000458 0010AAFA             CMPLT   .L2     B5,B4,B0          ; |156| 
     575 0000045c 2FFFFC90     [ B0]   B       .S1     L12               ; |156| 
     576 00000460 20012028'    [ B0]   MVKL    .S1     _OneStepMove,A0   ; |155| 
     577 00000464 20000068'    [ B0]   MVKH    .S1     _OneStepMove,A0   ; |155| 
     578 00000468 00004000             NOP             3
     579                               ; BRANCH OCCURS                   ; |156| 
     580                    ;** --------------------------------------------------------------------------*
     581 0000046c           L13:    
     582 0000046c 01BD12E6             LDW     .D2T2   *++SP(32),B3      ; |157| 
     583 00000470 00006000             NOP             4
     584 00000474 000C0362             B       .S2     B3                ; |157| 
     585 00000478 00008000             NOP             5
     586                               ; BRANCH OCCURS                   ; |157| 
     587                    
     588                    
     589 0000047c                   .sect   ".text"
     590                            .global _main
     591                    
     592                    ;******************************************************************************
     593                    ;* FUNCTION NAME: _main                                                       *
     594                    ;*                                                                            *
     595                    ;*   Regs Modified     : A0,A1,A2,A3,A4,A5,A6,A7,A8,A9,B0,B1,B2,B3,B4,B5,B6,  *
     596                    ;*                           B7,B8,B9,SP                                      *
     597                    ;*   Regs Used         : A0,A1,A2,A3,A4,A5,A6,A7,A8,A9,B0,B1,B2,B3,B4,B5,B6,  *
     598                    ;*                           B7,B8,B9,SP                                      *
     599                    ;*   Local Frame Size  : 16 Args + 0 Auto + 4 Save = 20 byte                  *
     600                    ;******************************************************************************
     601 0000047c           _main:
     602                    ;** --------------------------------------------------------------------------*
     603 0000047c 00000028'            MVKL    .S1     _InitEXINTF,A0    ; |161| 
     604 00000480 00000068'            MVKH    .S1     _InitEXINTF,A0    ; |161| 
     605 00000484 00001362             B       .S2X    A0                ; |161| 
TMS320C6x COFF Assembler         Version 4.10     Sat Apr 13 20:37:44 2024
Copyright (c) 1996-2001 Texas Instruments Incorporated
temp\main.asm                                                        PAGE   12

     606 00000488 01BCD4F6             STW     .D2T2   B3,*SP--(24)      ; |160| 
     607 0000048c 01824C2A'            MVKL    .S2     RL12,B3           ; |161| 
     608 00000490 0180006A'            MVKH    .S2     RL12,B3           ; |161| 
     609 00000494 00002000             NOP             2
     610 00000498           RL12:      ; CALL OCCURS                     ; |161| 
     611 00000498 00002028'            MVKL    .S1     _InitTimer,A0     ; |162| 
     612 0000049c 00000068'            MVKH    .S1     _InitTimer,A0     ; |162| 
     613 000004a0 00001362             B       .S2X    A0                ; |162| 
     614 000004a4 0182582A'            MVKL    .S2     RL14,B3           ; |162| 
     615 000004a8 0180006A'            MVKH    .S2     RL14,B3           ; |162| 
     616 000004ac 00004000             NOP             3
     617 000004b0           RL14:      ; CALL OCCURS                     ; |162| 
     618 000004b0 0200002A!            MVKL    .S2     _InitUART,B4      ; |163| 
     619 000004b4 0200006A!            MVKH    .S2     _InitUART,B4      ; |163| 
     620 000004b8 00100362             B       .S2     B4                ; |163| 
     621 000004bc 0182642A'            MVKL    .S2     RL16,B3           ; |163| 
     622 000004c0 0180006A'            MVKH    .S2     RL16,B3           ; |163| 
     623 000004c4 00004000             NOP             3
     624 000004c8           RL16:      ; CALL OCCURS                     ; |163| 
     625 000004c8 00004028'            MVKL    .S1     _InitINT,A0       ; |164| 
     626 000004cc 00000068'            MVKH    .S1     _InitINT,A0       ; |164| 
     627 000004d0 00001362             B       .S2X    A0                ; |164| 
     628 000004d4 0182702A'            MVKL    .S2     RL18,B3           ; |164| 
     629 000004d8 0180006A'            MVKH    .S2     RL18,B3           ; |164| 
     630 000004dc 00004000             NOP             3
     631 000004e0           RL18:      ; CALL OCCURS                     ; |164| 
     632 000004e0 00000028!            MVKL    .S1     _InitUSBMon,A0    ; |165| 
     633 000004e4 00000068!            MVKH    .S1     _InitUSBMon,A0    ; |165| 
     634 000004e8 00001362             B       .S2X    A0                ; |165| 
     635 000004ec 01827C2A'            MVKL    .S2     RL20,B3           ; |165| 
     636 000004f0 0180006A'            MVKH    .S2     RL20,B3           ; |165| 
     637 000004f4 00004000             NOP             3
     638 000004f8           RL20:      ; CALL OCCURS                     ; |165| 
     639 000004f8 00000028!            MVKL    .S1     _sprintf,A0       ; |167| 
     640                    
     641 00000500 00000069!            MVKH    .S1     _sprintf,A0       ; |167| 
     642 00000504 0280002A! ||         MVKL    .S2     _tmp_string,B5    ; |167| 
     643                    
     644 00000508 00001362             B       .S2X    A0                ; |167| 
     645 0000050c 0182962A'            MVKL    .S2     RL22,B3           ; |167| 
     646 00000510 0280006A!            MVKH    .S2     _tmp_string,B5    ; |167| 
     647 00000514 0200082A+            MVKL    .S2     SL1+0,B4          ; |167| 
     648 00000518 0200006A+            MVKH    .S2     SL1+0,B4          ; |167| 
     649                    
     650 00000520 0180006B'            MVKH    .S2     RL22,B3           ; |167| 
     651 00000524 021411A1  ||         MV      .S1X    B5,A4             ; |167| 
     652 00000528 023C22F6  ||         STW     .D2T2   B4,*+SP(4)        ; |167| 
     653                    
     654 0000052c           RL22:      ; CALL OCCURS                     ; |167| 
     655 0000052c 00000028!            MVKL    .S1     _Report,A0        ; |167| 
     656 00000530 00000068!            MVKH    .S1     _Report,A0        ; |167| 
     657 00000534 00001362             B       .S2X    A0                ; |167| 
     658 00000538 0182A22A'            MVKL    .S2     RL24,B3           ; |167| 
     659 0000053c 0180006A'            MVKH    .S2     RL24,B3           ; |167| 
     660 00000540 00004000             NOP             3
TMS320C6x COFF Assembler         Version 4.10     Sat Apr 13 20:37:44 2024
Copyright (c) 1996-2001 Texas Instruments Incorporated
temp\main.asm                                                        PAGE   13

     661 00000544           RL24:      ; CALL OCCURS                     ; |167| 
     662 00000544 0003F428             MVK     .S1     2024,A0           ; |168| 
     663                    
     664 00000548 00000029!            MVKL    .S1     _sprintf,A0       ; |168| 
     665 0000054c 003C42F4  ||         STW     .D2T1   A0,*+SP(8)        ; |168| 
     666                    
     667 00000550 00000069!            MVKH    .S1     _sprintf,A0       ; |168| 
     668 00000554 02000AAA+ ||         MVKL    .S2     SL2+0,B4          ; |168| 
     669                    
     670 00000558 00001362             B       .S2X    A0                ; |168| 
     671 0000055c 0200006A+            MVKH    .S2     SL2+0,B4          ; |168| 
     672 00000560 0280002A!            MVKL    .S2     _tmp_string,B5    ; |168| 
     673 00000564 0280006A!            MVKH    .S2     _tmp_string,B5    ; |168| 
     674 00000568 0182BC2A'            MVKL    .S2     RL26,B3           ; |168| 
     675                    
     676 0000056c 023C22F7             STW     .D2T2   B4,*+SP(4)        ; |168| 
     677 00000570 0180006B' ||         MVKH    .S2     RL26,B3           ; |168| 
     678 00000574 021411A0  ||         MV      .S1X    B5,A4             ; |168| 
     679                    
     680 00000578           RL26:      ; CALL OCCURS                     ; |168| 
     681 00000578 00000028!            MVKL    .S1     _Report,A0        ; |168| 
     682 0000057c 00000068!            MVKH    .S1     _Report,A0        ; |168| 
     683 00000580 00001362             B       .S2X    A0                ; |168| 
     684 00000584 0182C82A'            MVKL    .S2     RL28,B3           ; |168| 
     685 00000588 0180006A'            MVKH    .S2     RL28,B3           ; |168| 
     686 0000058c 00004000             NOP             3
     687 00000590           RL28:      ; CALL OCCURS                     ; |168| 
     688 00000590 0200172A+            MVKL    .S2     SL3+0,B4          ; |169| 
     689 00000594 0281FE2A             MVKL    .S2     0x20003fc,B5      ; |169| 
     690 00000598 0200006A+            MVKH    .S2     SL3+0,B4          ; |169| 
     691                    
     692 000005a0 0281006B             MVKH    .S2     0x20003fc,B5      ; |169| 
     693 000005a4 023C22F6  ||         STW     .D2T2   B4,*+SP(4)        ; |169| 
     694                    
     695 000005a8 021402E6             LDW     .D2T2   *B5,B4            ; |169| 
     696 000005ac 0001FE28             MVKL    .S1     0x20003fc,A0      ; |169| 
     697 000005b0 00010068             MVKH    .S1     0x20003fc,A0      ; |169| 
     698 000005b4 02000028!            MVKL    .S1     _tmp_string,A4    ; |169| 
     699 000005b8 0182F42A'            MVKL    .S2     RL30,B3           ; |169| 
     700 000005bc 0212180A             EXTU    .S2     B4,16,24,B4       ; |169| 
     701 000005c0 023C42F6             STW     .D2T2   B4,*+SP(8)        ; |169| 
     702                    
     703 000005c4 00000029!            MVKL    .S1     _sprintf,A0       ; |169| 
     704 000005c8 01800264  ||         LDW     .D1T1   *A0,A3            ; |169| 
     705                    
     706 000005cc 00000068!            MVKH    .S1     _sprintf,A0       ; |169| 
     707 000005d0 00001362             B       .S2X    A0                ; |169| 
     708 000005d4 0180006A'            MVKH    .S2     RL30,B3           ; |169| 
     709 000005d8 02000068!            MVKH    .S1     _tmp_string,A4    ; |169| 
     710 000005dc 00000000             NOP             1
     711 000005e0 018F1808             EXTU    .S1     A3,24,24,A3       ; |169| 
     712 000005e4 01BC62F4             STW     .D2T1   A3,*+SP(12)       ; |169| 
     713 000005e8           RL30:      ; CALL OCCURS                     ; |169| 
     714 000005e8 00000028!            MVKL    .S1     _Report,A0        ; |169| 
     715 000005ec 00000068!            MVKH    .S1     _Report,A0        ; |169| 
TMS320C6x COFF Assembler         Version 4.10     Sat Apr 13 20:37:44 2024
Copyright (c) 1996-2001 Texas Instruments Incorporated
temp\main.asm                                                        PAGE   14

     716 000005f0 00001362             B       .S2X    A0                ; |169| 
     717 000005f4 0183002A'            MVKL    .S2     RL32,B3           ; |169| 
     718 000005f8 0180006A'            MVKH    .S2     RL32,B3           ; |169| 
     719 000005fc 00004000             NOP             3
     720 00000600           RL32:      ; CALL OCCURS                     ; |169| 
     721                    ;** --------------------------------------------------------------------------*
     722 00000600 02004C2A'            MVKL    .S2     _GIE,B4           ; |172| 
     723 00000604 0200006A'            MVKH    .S2     _GIE,B4           ; |172| 
     724 00000608 00100362             B       .S2     B4                ; |172| 
     725 0000060c 0183142A'            MVKL    .S2     RL34,B3           ; |172| 
     726 00000610 028008C2             ZERO    .D2     B5                ; |171| 
     727 00000614 00000028!            MVKL    .S1     _TFlag,A0         ; |171| 
     728 00000618 00000068!            MVKH    .S1     _TFlag,A0         ; |171| 
     729                    
     730 00000620 02800277             STW     .D1T2   B5,*A0            ; |171| 
     731 00000624 0180006A' ||         MVKH    .S2     RL34,B3           ; |172| 
     732                    
     733 00000628           RL34:      ; CALL OCCURS                     ; |172| 
     734 00000628 0200DC2A'            MVKL    .S2     _WaitTFlagCnt,B4  ; |178| 
     735 0000062c 0200006A'            MVKH    .S2     _WaitTFlagCnt,B4  ; |178| 
     736 00000630 00100362             B       .S2     B4                ; |178| 
     737 00000634 01800028-            MVKL    .S1     _currPhaseIdx,A3  ; |176| 
     738 00000638 00002628             MVKL    .S1     0x200004c,A0      ; |174| 
     739                    
     740 00000640 00010069             MVKH    .S1     0x200004c,A0      ; |174| 
     741 00000644 028000AA  ||         MVK     .S2     1,B5              ; |174| 
     742                    
     743 00000648 000420F9             ZERO    .L1     A0                ; |176| 
     744 0000064c 02800277  ||         STW     .D1T2   B5,*A0            ; |174| 
     745 00000650 0183362B' ||         MVKL    .S2     RL36,B3           ; |178| 
     746 00000654 01800068- ||         MVKH    .S1     _currPhaseIdx,A3  ; |176| 
     747                    
     748 00000660 000C0275             STW     .D1T1   A0,*A3            ; |176| 
     749 00000664 0180006B' ||         MVKH    .S2     RL36,B3           ; |178| 
     750 00000668 02138828  ||         MVK     .S1     0x2710,A4         ; |178| 
     751                    
     752 0000066c           RL36:      ; CALL OCCURS                     ; |178| 
     753 0000066c 00012028'            MVKL    .S1     _OneStepMove,A0   ; |182| 
     754 00000670 00000068'            MVKH    .S1     _OneStepMove,A0   ; |182| 
     755 00000674 00001362             B       .S2X    A0                ; |182| 
     756 00000678 0183462A'            MVKL    .S2     RL38,B3           ; |182| 
     757 0000067c 020000AA             MVK     .S2     0x1,B4            ; |182| 
     758 00000680 0180006A'            MVKH    .S2     RL38,B3           ; |182| 
     759 00000684 020008C0             ZERO    .D1     A4                ; |182| 
     760 00000688 00000000             NOP             1
     761 0000068c           RL38:      ; CALL OCCURS                     ; |182| 
     762 0000068c 00012028'            MVKL    .S1     _OneStepMove,A0   ; |183| 
     763 00000690 00000068'            MVKH    .S1     _OneStepMove,A0   ; |183| 
     764 00000694 00001362             B       .S2X    A0                ; |183| 
     765 00000698 0183562A'            MVKL    .S2     RL40,B3           ; |183| 
     766 0000069c 020000AA             MVK     .S2     0x1,B4            ; |183| 
     767 000006a0 020008C0             ZERO    .D1     A4                ; |183| 
     768 000006a4 0180006A'            MVKH    .S2     RL40,B3           ; |183| 
     769 000006a8 00000000             NOP             1
     770 000006ac           RL40:      ; CALL OCCURS                     ; |183| 
TMS320C6x COFF Assembler         Version 4.10     Sat Apr 13 20:37:44 2024
Copyright (c) 1996-2001 Texas Instruments Incorporated
temp\main.asm                                                        PAGE   15

     771 000006ac 00012028'            MVKL    .S1     _OneStepMove,A0   ; |184| 
     772 000006b0 00000068'            MVKH    .S1     _OneStepMove,A0   ; |184| 
     773 000006b4 00001362             B       .S2X    A0                ; |184| 
     774 000006b8 0183662A'            MVKL    .S2     RL42,B3           ; |184| 
     775 000006bc 020000AA             MVK     .S2     0x1,B4            ; |184| 
     776 000006c0 0180006A'            MVKH    .S2     RL42,B3           ; |184| 
     777 000006c4 020008C0             ZERO    .D1     A4                ; |184| 
     778 000006c8 00000000             NOP             1
     779 000006cc           RL42:      ; CALL OCCURS                     ; |184| 
     780 000006cc 0281AE2A'            MVKL    .S2     _StepMoveCV,B5    ; |187| 
     781 000006d0 0280006A'            MVKH    .S2     _StepMoveCV,B5    ; |187| 
     782 000006d4 00140362             B       .S2     B5                ; |187| 
     783 000006d8 030008C2             ZERO    .D2     B6                ; |187| 
     784 000006dc 000008C0             ZERO    .D1     A0                ; |187| 
     785 000006e0 0321DA6A             MVKH    .S2     0x43b40000,B6     ; |187| 
     786                    
     787 000006e4 00219A69             MVKH    .S1     0x43340000,A0     ; |187| 
     788 000006e8 01837C2A' ||         MVKL    .S2     RL44,B3           ; |187| 
     789                    
     790 000006ec 0180006B'            MVKH    .S2     RL44,B3           ; |187| 
     791 000006f0 0200105B  ||         MV      .L2X    A0,B4             ; |187| 
     792 000006f4 021811A0  ||         MV      .S1X    B6,A4             ; |187| 
     793                    
     794 000006f8           RL44:      ; CALL OCCURS                     ; |187| 
     795                    ;*----------------------------------------------------------------------------*
     796                    ;*   SOFTWARE PIPELINE INFORMATION
     797                    ;*      Disqualified loop: software pipelining disabled
     798                    ;*----------------------------------------------------------------------------*
     799 000006f8           L14:    
     800 000006f8 00000310             B       .S1     L14               ; |190| 
     801 000006fc 00008000             NOP             5
     802                               ; BRANCH OCCURS                   ; |190| 
     803                    
     804                    
     805                    ;******************************************************************************
     806                    ;* STRINGS                                                                    *
     807                    ;******************************************************************************
     808 00000010                   .sect   ".const"
     809 00000010 0000000D  SL1:    .string 13,10,13,10,0
         00000011 0000000A 
         00000012 0000000D 
         00000013 0000000A 
         00000014 00000000 
     810 00000015 0000004D  SL2:    .string "Mechatronics Course %d",13,10,0
         00000016 00000065 
         00000017 00000063 
         00000018 00000068 
         00000019 00000061 
         0000001a 00000074 
         0000001b 00000072 
         0000001c 0000006F 
         0000001d 0000006E 
         0000001e 00000069 
         0000001f 00000063 
         00000020 00000073 
TMS320C6x COFF Assembler         Version 4.10     Sat Apr 13 20:37:44 2024
Copyright (c) 1996-2001 Texas Instruments Incorporated
temp\main.asm                                                        PAGE   16

         00000021 00000020 
         00000022 00000043 
         00000023 0000006F 
         00000024 00000075 
         00000025 00000072 
         00000026 00000073 
         00000027 00000065 
         00000028 00000020 
         00000029 00000025 
         0000002a 00000064 
         0000002b 0000000D 
         0000002c 0000000A 
         0000002d 00000000 
     811 0000002e 00000046  SL3:    .string "FPGA Ver%2x.%02x",13,10,0
         0000002f 00000050 
         00000030 00000047 
         00000031 00000041 
         00000032 00000020 
         00000033 00000056 
         00000034 00000065 
         00000035 00000072 
         00000036 00000025 
         00000037 00000032 
         00000038 00000078 
         00000039 0000002E 
         0000003a 00000025 
         0000003b 00000030 
         0000003c 00000032 
         0000003d 00000078 
         0000003e 0000000D 
         0000003f 0000000A 
         00000040 00000000 
     812                    ;******************************************************************************
     813                    ;* UNDEFINED EXTERNAL REFERENCES                                              *
     814                    ;******************************************************************************
     815                            .global _sprintf
     816                            .global _InitUART
     817                            .global _Report
     818                            .global _InitUSBMon
     819                            .global _tmp_string
     820                            .global _TFlag
     821                            .global __divf

No Assembly Errors, No Assembly Warnings
