TMS320C6x COFF Assembler         Version 4.10     Sun Jun 02 22:59:02 2024
Copyright (c) 1996-2001 Texas Instruments Incorporated
temp\interrupt.asm                                                   PAGE    1

       1                    ;******************************************************************************
       2                    ;* TMS320C6x ANSI C Codegen                                      Version 4.10 *
       3                    ;* Date/Time created: Sun Jun 02 22:59:02 2024                                *
       4                    ;******************************************************************************
       5                    
       6                    ;******************************************************************************
       7                    ;* GLOBAL FILE PARAMETERS                                                     *
       8                    ;*                                                                            *
       9                    ;*   Architecture      : TMS320C670x                                          *
      10                    ;*   Optimization      : Disabled                                             *
      11                    ;*   Optimizing for    : Compile time, Ease of Development                    *
      12                    ;*                       Based on options: no -o, no -ms                      *
      13                    ;*   Endian            : Little                                               *
      14                    ;*   Interrupt Thrshld : Disabled                                             *
      15                    ;*   Memory Model      : Large                                                *
      16                    ;*   Calls to RTS      : Far                                                  *
      17                    ;*   Pipelining        : Disabled                                             *
      18                    ;*   Memory Aliases    : Presume are aliases (pessimistic)                    *
      19                    ;*   Debug Info        : No Debug Info                                        *
      20                    ;*                                                                            *
      21                    ;******************************************************************************
      22                    
      23                            .asg    A15, FP
      24                            .asg    B14, DP
      25                            .asg    B15, SP
      26                            .global $bss
      27                    
      28                    
      29 00000000                   .sect   ".cinit"
      30                            .align  8
      31 00000000 00000004          .field          4,32
      32 00000004 00000000-         .field          _prevErr_pend+0,32
      33 00000008 00000000          .word   000000000h              ; _prevErr_pend @ 0
      34 00000000                   .sect   ".text"
      35                            .global _prevErr_pend
      36 00000000           _prevErr_pend:  .usect  .far,4,4
      37                    
      38 0000000c                   .sect   ".cinit"
      39                            .align  8
      40 00000010 00000004          .field          4,32
      41 00000014 00000004-         .field          _sumErr_pend+0,32
      42 00000018 00000000          .word   000000000h              ; _sumErr_pend @ 0
      43 00000000                   .sect   ".text"
      44                            .global _sumErr_pend
      45 00000004           _sumErr_pend:   .usect  .far,4,4
      46                    
      47 0000001c                   .sect   ".cinit"
      48                            .align  8
      49 00000020 00000004          .field          4,32
      50 00000024 00000008-         .field          _prevErr_cart+0,32
      51 00000028 00000000          .word   000000000h              ; _prevErr_cart @ 0
      52 00000000                   .sect   ".text"
      53                            .global _prevErr_cart
      54 00000008           _prevErr_cart:  .usect  .far,4,4
      55                    
TMS320C6x COFF Assembler         Version 4.10     Sun Jun 02 22:59:02 2024
Copyright (c) 1996-2001 Texas Instruments Incorporated
temp\interrupt.asm                                                   PAGE    2

      56 0000002c                   .sect   ".cinit"
      57                            .align  8
      58 00000030 00000004          .field          4,32
      59 00000034 0000000C-         .field          _sumErr_cart+0,32
      60 00000038 00000000          .word   000000000h              ; _sumErr_cart @ 0
      61 00000000                   .sect   ".text"
      62                            .global _sumErr_cart
      63 0000000c           _sumErr_cart:   .usect  .far,4,4
      64                    
      65 0000003c                   .sect   ".cinit"
      66                            .align  8
      67 00000040 00000004          .field          4,32
      68 00000044 00000010-         .field          _prevErr_swup_cart+0,32
      69 00000048 00000000          .word   000000000h              ; _prevErr_swup_cart @ 0
      70 00000000                   .sect   ".text"
      71                            .global _prevErr_swup_cart
      72 00000010           _prevErr_swup_cart:     .usect  .far,4,4
      73                    
      74 0000004c                   .sect   ".cinit"
      75                            .align  8
      76 00000050 00000004          .field          4,32
      77 00000054 00000014-         .field          _sumErr_swup_cart+0,32
      78 00000058 00000000          .word   000000000h              ; _sumErr_swup_cart @ 0
      79 00000000                   .sect   ".text"
      80                            .global _sumErr_swup_cart
      81 00000014           _sumErr_swup_cart:      .usect  .far,4,4
      82                    
      83 0000005c                   .sect   ".cinit"
      84                            .align  8
      85 00000060 00000004          .field          4,32
      86 00000064 00000018-         .field          _mostPlusPos+0,32
      87 00000068 00000000          .word   000000000h              ; _mostPlusPos @ 0
      88 00000000                   .sect   ".text"
      89                            .global _mostPlusPos
      90 00000018           _mostPlusPos:   .usect  .far,4,4
      91                    
      92 0000006c                   .sect   ".cinit"
      93                            .align  8
      94 00000070 00000004          .field          4,32
      95 00000074 0000001C-         .field          _mostMinusPos+0,32
      96 00000078 00000000          .word   000000000h              ; _mostMinusPos @ 0
      97 00000000                   .sect   ".text"
      98                            .global _mostMinusPos
      99 0000001c           _mostMinusPos:  .usect  .far,4,4
     100                    
     101 0000007c                   .sect   ".cinit"
     102                            .align  8
     103 00000080 00000004          .field          4,32
     104 00000084 00000020-         .field          _prevPendPos+0,32
     105 00000088 00000000          .word   000000000h              ; _prevPendPos @ 0
     106 00000000                   .sect   ".text"
     107                            .global _prevPendPos
     108 00000020           _prevPendPos:   .usect  .far,4,4
     109                    
     110 0000008c                   .sect   ".cinit"
TMS320C6x COFF Assembler         Version 4.10     Sun Jun 02 22:59:02 2024
Copyright (c) 1996-2001 Texas Instruments Incorporated
temp\interrupt.asm                                                   PAGE    3

     111                            .align  8
     112 00000090 00000004          .field          4,32
     113 00000094 00000024-         .field          _remainedAngleToTheGoal+0,32
     114 00000098 00000000          .word   000000000h              ; _remainedAngleToTheGoal @ 0
     115 00000000                   .sect   ".text"
     116                            .global _remainedAngleToTheGoal
     117 00000024           _remainedAngleToTheGoal:        .usect  .far,4,4
     118                    
     119 0000009c                   .sect   ".cinit"
     120                            .align  8
     121 000000a0 00000004          .field          4,32
     122 000000a4 00000028-         .field          _TFlag+0,32
     123 000000a8 00000000          .field          0,32                    ; _TFlag @ 0
     124 00000000                   .sect   ".text"
     125                            .global _TFlag
     126 00000028           _TFlag: .usect  .far,4,4
     127                            .global _y_pend
     128 0000002c           _y_pend:        .usect  .far,4,4
     129                            .global _err_pend
     130 00000030           _err_pend:      .usect  .far,4,4
     131                            .global _u_pend
     132 00000034           _u_pend:        .usect  .far,4,4
     133                            .global _y_cart
     134 00000038           _y_cart:        .usect  .far,4,4
     135                            .global _err_cart
     136 0000003c           _err_cart:      .usect  .far,4,4
     137                            .global _u_cart
     138 00000040           _u_cart:        .usect  .far,4,4
     139                            .global _y_swup_cart
     140 00000044           _y_swup_cart:   .usect  .far,4,4
     141                            .global _err_swup_cart
     142 00000048           _err_swup_cart: .usect  .far,4,4
     143                            .global _u_swup_cart
     144 0000004c           _u_swup_cart:   .usect  .far,4,4
     145                    ;       acp6x -q -D_FAR_RTS=1 --large_model=3 --version=6701 -m --i_output_file C:\Users\hge42\AppData
     146 00000000                   .sect   ".text"
     147                            .global _ISRextint4
     148                    
     149                    ;******************************************************************************
     150                    ;* FUNCTION NAME: _ISRextint4                                                 *
     151                    ;*                                                                            *
     152                    ;*   Regs Modified     :                                                      *
     153                    ;*   Regs Used         :                                                      *
     154                    ;*   Local Frame Size  : 0 Args + 0 Auto + 0 Save = 0 byte                    *
     155                    ;******************************************************************************
     156 00000000           _ISRextint4:
     157                    ;** --------------------------------------------------------------------------*
     158 00000000 001800E2             B       .S2     IRP               ; |11| 
     159 00000004 00008000             NOP             5
     160                               ; BRANCH OCCURS                   ; |11| 
     161                    
     162                    
     163 00000008                   .sect   ".text"
     164                            .global _ISRextint5
     165                    
TMS320C6x COFF Assembler         Version 4.10     Sun Jun 02 22:59:02 2024
Copyright (c) 1996-2001 Texas Instruments Incorporated
temp\interrupt.asm                                                   PAGE    4

     166                    ;******************************************************************************
     167                    ;* FUNCTION NAME: _ISRextint5                                                 *
     168                    ;*                                                                            *
     169                    ;*   Regs Modified     :                                                      *
     170                    ;*   Regs Used         :                                                      *
     171                    ;*   Local Frame Size  : 0 Args + 0 Auto + 0 Save = 0 byte                    *
     172                    ;******************************************************************************
     173 00000008           _ISRextint5:
     174                    ;** --------------------------------------------------------------------------*
     175 00000008 001800E2             B       .S2     IRP               ; |17| 
     176 0000000c 00008000             NOP             5
     177                               ; BRANCH OCCURS                   ; |17| 
     178                    
     179                    
     180 00000010                   .sect   ".text"
     181                            .global _c_int08
     182                    
     183                    ;******************************************************************************
     184                    ;* FUNCTION NAME: _c_int08                                                    *
     185                    ;*                                                                            *
     186                    ;*   Regs Modified     :                                                      *
     187                    ;*   Regs Used         :                                                      *
     188                    ;*   Local Frame Size  : 0 Args + 0 Auto + 0 Save = 0 byte                    *
     189                    ;******************************************************************************
     190 00000010           _c_int08:
     191                    ;** --------------------------------------------------------------------------*
     192 00000010 001800E2             B       .S2     IRP               ; |29| 
     193 00000014 00008000             NOP             5
     194                               ; BRANCH OCCURS                   ; |29| 
     195                    
     196                    
     197 00000018                   .sect   ".text"
     198                            .global _c_int09
     199                    
     200                    ;******************************************************************************
     201                    ;* FUNCTION NAME: _c_int09                                                    *
     202                    ;*                                                                            *
     203                    ;*   Regs Modified     :                                                      *
     204                    ;*   Regs Used         :                                                      *
     205                    ;*   Local Frame Size  : 0 Args + 0 Auto + 0 Save = 0 byte                    *
     206                    ;******************************************************************************
     207 00000018           _c_int09:
     208                    ;** --------------------------------------------------------------------------*
     209 00000018 001800E2             B       .S2     IRP               ; |35| 
     210 0000001c 00008000             NOP             5
     211                               ; BRANCH OCCURS                   ; |35| 
     212                    
     213                    
     214 00000020                   .sect   ".text"
     215                            .global _ISRNMI
     216                    
     217                    ;******************************************************************************
     218                    ;* FUNCTION NAME: _ISRNMI                                                     *
     219                    ;*                                                                            *
     220                    ;*   Regs Modified     :                                                      *
TMS320C6x COFF Assembler         Version 4.10     Sun Jun 02 22:59:02 2024
Copyright (c) 1996-2001 Texas Instruments Incorporated
temp\interrupt.asm                                                   PAGE    5

     221                    ;*   Regs Used         :                                                      *
     222                    ;*   Local Frame Size  : 0 Args + 0 Auto + 0 Save = 0 byte                    *
     223                    ;******************************************************************************
     224 00000020           _ISRNMI:
     225                    ;** --------------------------------------------------------------------------*
     226 00000020 001800E2             B       .S2     IRP               ; |19| 
     227 00000024 00008000             NOP             5
     228                               ; BRANCH OCCURS                   ; |19| 
     229                    
     230                    
     231 00000028                   .sect   ".text"
     232                            .global _ISRextint6
     233                    
     234                    ;******************************************************************************
     235                    ;* FUNCTION NAME: _ISRextint6                                                 *
     236                    ;*                                                                            *
     237                    ;*   Regs Modified     : A0,A1,A2,A3,A4,A5,A6,A7,A8,A9,B0,B1,B2,B3,B4,B5,B6,  *
     238                    ;*                           B7,B8,B9,SP                                      *
     239                    ;*   Regs Used         : A0,A1,A2,A3,A4,A5,A6,A7,A8,A9,B0,B1,B2,B3,B4,B5,B6,  *
     240                    ;*                           B7,B8,B9,SP                                      *
     241                    ;*   Local Frame Size  : 0 Args + 4 Auto + 84 Save = 88 byte                  *
     242                    ;******************************************************************************
     243 00000028           _ISRextint6:
     244                    ;** --------------------------------------------------------------------------*
     245 00000028 04BED4F6             STW     .D2T2   B9,*SP--(88)      ; |22| 
     246 0000002c 003C62F4             STW     .D2T1   A0,*+SP(12)       ; |22| 
     247 00000030 03BE82F6             STW     .D2T2   B7,*+SP(80)       ; |22| 
     248 00000034 033E62F6             STW     .D2T2   B6,*+SP(76)       ; |22| 
     249 00000038 02BE42F6             STW     .D2T2   B5,*+SP(72)       ; |22| 
     250 0000003c 023E22F6             STW     .D2T2   B4,*+SP(68)       ; |22| 
     251 00000040 01BE02F6             STW     .D2T2   B3,*+SP(64)       ; |22| 
     252 00000044 013DE2F6             STW     .D2T2   B2,*+SP(60)       ; |22| 
     253 00000048 00BDC2F6             STW     .D2T2   B1,*+SP(56)       ; |22| 
     254 0000004c 003DA2F6             STW     .D2T2   B0,*+SP(52)       ; |22| 
     255 00000050 04BD82F4             STW     .D2T1   A9,*+SP(48)       ; |22| 
     256 00000054 043D62F4             STW     .D2T1   A8,*+SP(44)       ; |22| 
     257 00000058 03BD42F4             STW     .D2T1   A7,*+SP(40)       ; |22| 
     258 0000005c 033D22F4             STW     .D2T1   A6,*+SP(36)       ; |22| 
     259 00000060 02BD02F4             STW     .D2T1   A5,*+SP(32)       ; |22| 
     260 00000064 023CE2F4             STW     .D2T1   A4,*+SP(28)       ; |22| 
     261 00000068 01BCC2F4             STW     .D2T1   A3,*+SP(24)       ; |22| 
     262 0000006c 013CA2F4             STW     .D2T1   A2,*+SP(20)       ; |22| 
     263                    
     264 00000070 00BC82F5             STW     .D2T1   A1,*+SP(16)       ; |22| 
     265 00000074 00000428  ||         MVKL    .S1     0x2000008,A0      ; |25| 
     266                    
     267 00000078 00010069             MVKH    .S1     0x2000008,A0      ; |25| 
     268 0000007c 043EA2F6  ||         STW     .D2T2   B8,*+SP(84)       ; |22| 
     269                    
     270 00000080 00000264             LDW     .D1T1   *A0,A0            ; |25| 
     271 00000084 00006000             NOP             4
     272 00000088 0001E7A0             AND     .S1     15,A0,A0          ; |25| 
     273 0000008c 00802A58             CMPEQ   .L1     A0,1,A1           ; |25| 
     274 00000090 80005710     [ A1]   B       .S1     L8                ; |25| 
     275 00000094 003C22F4             STW     .D2T1   A0,*+SP(4)        ; |25| 
TMS320C6x COFF Assembler         Version 4.10     Sun Jun 02 22:59:02 2024
Copyright (c) 1996-2001 Texas Instruments Incorporated
temp\interrupt.asm                                                   PAGE    6

     276 00000098 83BE82E6     [ A1]   LDW     .D2T2   *+SP(80),B7       ; |59| 
     277 0000009c 833E62E6     [ A1]   LDW     .D2T2   *+SP(76),B6       ; |59| 
     278 000000a0 82BE42E6     [ A1]   LDW     .D2T2   *+SP(72),B5       ; |59| 
     279 000000a4 823E22E6     [ A1]   LDW     .D2T2   *+SP(68),B4       ; |59| 
     280                               ; BRANCH OCCURS                   ; |25| 
     281                    ;** --------------------------------------------------------------------------*
     282 000000a8 023C22E6             LDW     .D2T2   *+SP(4),B4        ; |26| 
     283 000000ac 00004000             NOP             3
     284                    ;** --------------------------------------------------------------------------*
     285                    ;**   BEGIN LOOP L1
     286                    ;** --------------------------------------------------------------------------*
     287 000000b0           L1:    
     288 000000b0 00000000             NOP             1
     289 000000b4 00108A5A             CMPEQ   .L2     B4,4,B0           ; |26| 
     290 000000b8 30002510     [!B0]   B       .S1     L3                ; |26| 
     291                    
     292 000000c0 323C22E7     [!B0]   LDW     .D2T2   *+SP(4),B4        ; |38| 
     293 000000c4 20000A28  || [ B0]   MVKL    .S1     0x2000014,A0      ; |27| 
     294                    
     295 000000c8 20010068     [ B0]   MVKH    .S1     0x2000014,A0      ; |27| 
     296 000000cc 20000264     [ B0]   LDW     .D1T1   *A0,A0            ; |27| 
     297 000000d0 00002000             NOP             2
     298                               ; BRANCH OCCURS                   ; |26| 
     299                    ;** --------------------------------------------------------------------------*
     300 000000d4 00002000             NOP             2
     301 000000d8 008027A0             AND     .S1     1,A0,A1           ; |27| 
     302 000000dc 90004A10     [!A1]   B       .S1     L7                ; |27| 
     303 000000e0 90000428     [!A1]   MVKL    .S1     0x2000008,A0      ; |58| 
     304 000000e4 90010068     [!A1]   MVKH    .S1     0x2000008,A0      ; |58| 
     305                    
     306 000000e8 820428C3     [ A1]   ZERO    .D2     B4                ; |28| 
     307 000000ec 82803E2B! || [ A1]   MVKL    .S2     _compacket+124,B5 ; |28| 
     308 000000f0 90000264  || [!A1]   LDW     .D1T1   *A0,A0            ; |58| 
     309                    
     310 000000f4 8201006A     [ A1]   MVKH    .S2     0x2000000,B4      ; |28| 
     311                    
     312 000000f8 8280006B!    [ A1]   MVKH    .S2     _compacket+124,B5 ; |28| 
     313 000000fc 821002E6  || [ A1]   LDW     .D2T2   *B4,B4            ; |28| 
     314                    
     315                               ; BRANCH OCCURS                   ; |27| 
     316                    ;** --------------------------------------------------------------------------*
     317 00000100 029402E6             LDW     .D2T2   *B5,B5            ; |28| 
     318 00000104 00000000             NOP             1
     319                    ;*----------------------------------------------------------------------------*
     320                    ;*   SOFTWARE PIPELINE INFORMATION
     321                    ;*      Disqualified loop: software pipelining disabled
     322                    ;*----------------------------------------------------------------------------*
     323 00000108           L2:    
     324 00000108 00003E28!            MVKL    .S1     _compacket+124,A0 ; |29| 
     325 0000010c 00000068!            MVKH    .S1     _compacket+124,A0 ; |29| 
     326 00000110 0213180A             EXTU    .S2     B4,24,24,B4       ; |28| 
     327 00000114 021402B6             STB     .D2T2   B4,*B5            ; |28| 
     328 00000118 01800264             LDW     .D1T1   *A0,A3            ; |29| 
     329 0000011c 00000028!            MVKL    .S1     _SendByte,A0      ; |29| 
     330 00000120 00000068!            MVKH    .S1     _SendByte,A0      ; |29| 
TMS320C6x COFF Assembler         Version 4.10     Sun Jun 02 22:59:02 2024
Copyright (c) 1996-2001 Texas Instruments Incorporated
temp\interrupt.asm                                                   PAGE    7

     331 00000124 01809C2A'            MVKL    .S2     RL0,B3            ; |29| 
     332 00000128 00001362             B       .S2X    A0                ; |29| 
     333 0000012c 020C0224             LDB     .D1T1   *A3,A4            ; |29| 
     334 00000130 0180006A'            MVKH    .S2     RL0,B3            ; |29| 
     335 00000134 00004000             NOP             3
     336 00000138           RL0:       ; CALL OCCURS                     ; |29| 
     337 00000138 02003E2A!            MVKL    .S2     _compacket+124,B4 ; |30| 
     338 0000013c 0200006A!            MVKH    .S2     _compacket+124,B4 ; |30| 
     339 00000140 021002E6             LDW     .D2T2   *B4,B4            ; |30| 
     340 00000144 000031A8!            MVKL    .S1     _compacket+99,A0  ; |30| 
     341 00000148 00000068!            MVKH    .S1     _compacket+99,A0  ; |30| 
     342 0000014c 00002000             NOP             2
     343 00000150 00901A78             CMPEQ   .L1X    B4,A0,A1          ; |30| 
     344 00000154 92003E2A!    [!A1]   MVKL    .S2     _compacket+124,B4 ; |34| 
     345 00000158 9200006A!    [!A1]   MVKH    .S2     _compacket+124,B4 ; |34| 
     346 0000015c 929002E6     [!A1]   LDW     .D2T2   *B4,B5            ; |34| 
     347 00000160 82003E2A!    [ A1]   MVKL    .S2     _compacket+124,B4 ; |31| 
     348 00000164 80000028!    [ A1]   MVKL    .S1     _compacket,A0     ; |31| 
     349 00000168 8200006A!    [ A1]   MVKH    .S2     _compacket+124,B4 ; |31| 
     350 0000016c 80000068!    [ A1]   MVKH    .S1     _compacket,A0     ; |31| 
     351                    
     352 00000170 02800A2B             MVKL    .S2     0x2000014,B5      ; |36| 
     353 00000174 93142942  || [!A1]   ADD     .D2     1,B5,B6           ; |34| 
     354                    
     355 00000178 931002F6     [!A1]   STW     .D2T2   B6,*B4            ; |34| 
     356                    
     357 00000180 801002F5     [ A1]   STW     .D2T1   A0,*B4            ; |31| 
     358 00000184 0281006A  ||         MVKH    .S2     0x2000014,B5      ; |36| 
     359                    
     360 00000188 021402E6             LDW     .D2T2   *B5,B4            ; |36| 
     361 0000018c 00006000             NOP             4
     362 00000190 001027A2             AND     .S2     1,B4,B0           ; |36| 
     363 00000194 2FFFF110     [ B0]   B       .S1     L2                ; |36| 
     364                    
     365 00000198 220428C3     [ B0]   ZERO    .D2     B4                ; |28| 
     366 0000019c 22803E2A! || [ B0]   MVKL    .S2     _compacket+124,B5 ; |28| 
     367                    
     368 000001a0 2201006A     [ B0]   MVKH    .S2     0x2000000,B4      ; |28| 
     369                    
     370 000001a4 2280006B!    [ B0]   MVKH    .S2     _compacket+124,B5 ; |28| 
     371 000001a8 221002E6  || [ B0]   LDW     .D2T2   *B4,B4            ; |28| 
     372                    
     373 000001ac 229402E6     [ B0]   LDW     .D2T2   *B5,B5            ; |28| 
     374 000001b0 00000000             NOP             1
     375                               ; BRANCH OCCURS                   ; |36| 
     376                    ;** --------------------------------------------------------------------------*
     377 000001b4 00002E10             B       .S1     L7                ; |37| 
     378 000001b8 00000428             MVKL    .S1     0x2000008,A0      ; |58| 
     379 000001bc 00010068             MVKH    .S1     0x2000008,A0      ; |58| 
     380 000001c0 00000264             LDW     .D1T1   *A0,A0            ; |58| 
     381 000001c4 00002000             NOP             2
     382                               ; BRANCH OCCURS                   ; |37| 
     383                    ;** --------------------------------------------------------------------------*
     384 000001c8           L3:    
     385 000001c8 00104A5A             CMPEQ   .L2     B4,2,B0           ; |38| 
TMS320C6x COFF Assembler         Version 4.10     Sun Jun 02 22:59:02 2024
Copyright (c) 1996-2001 Texas Instruments Incorporated
temp\interrupt.asm                                                   PAGE    8

     386 000001cc 30001090     [!B0]   B       .S1     L4                ; |38| 
     387 000001d0 2200642A!    [ B0]   MVKL    .S2     _respacket+200,B4 ; |39| 
     388 000001d4 00004000             NOP             3
     389 000001d8 323C22E6     [!B0]   LDW     .D2T2   *+SP(4),B4        ; |47| 
     390                               ; BRANCH OCCURS                   ; |38| 
     391                    ;** --------------------------------------------------------------------------*
     392 000001dc 0200006A!            MVKH    .S2     _respacket+200,B4 ; |39| 
     393 000001e0 029002E6             LDW     .D2T2   *B4,B5            ; |39| 
     394 000001e4 00006000             NOP             4
     395 000001e8 00140ADA             CMPGT   .L2     B5,0,B0           ; |39| 
     396                    
     397 000001ec 20006629!    [ B0]   MVKL    .S1     _respacket+204,A0 ; |40| 
     398 000001f0 029429C2  ||         SUB     .D2     B5,1,B5           ; |39| 
     399                    
     400 000001f4 20000069!    [ B0]   MVKH    .S1     _respacket+204,A0 ; |40| 
     401 000001f8 029002F6  ||         STW     .D2T2   B5,*B4            ; |39| 
     402                    
     403 000001fc 21800264     [ B0]   LDW     .D1T1   *A0,A3            ; |40| 
     404 00000200 22000028!    [ B0]   MVKL    .S1     _respacket,A4     ; |40| 
     405 00000204 22000068!    [ B0]   MVKH    .S1     _respacket,A4     ; |40| 
     406 00000208 30000228     [!B0]   MVKL    .S1     0x2000004,A0      ; |43| 
     407 0000020c 3200682A!    [!B0]   MVKL    .S2     _respacket+208,B4 ; |44| 
     408 00000210 228C2940     [ B0]   ADD     .D1     1,A3,A5           ; |40| 
     409 00000214 22800274     [ B0]   STW     .D1T1   A5,*A0            ; |40| 
     410                    
     411 00000218 00002011             B       .S1     L6                ; |46| 
     412 0000021c 200C8A24  || [ B0]   LDB     .D1T1   *+A3[A4],A0       ; |40| 
     413                    
     414 00000220 30010068     [!B0]   MVKH    .S1     0x2000004,A0      ; |43| 
     415 00000224 328000AA     [!B0]   MVK     .S2     1,B5              ; |43| 
     416                    
     417 00000228 328428C3     [!B0]   ZERO    .D2     B5                ; |44| 
     418 0000022c 220840FB  || [ B0]   ZERO    .L2     B4                ; |40| 
     419 00000230 3200006B! || [!B0]   MVKH    .S2     _respacket+208,B4 ; |44| 
     420 00000234 32800276  || [!B0]   STW     .D1T2   B5,*A0            ; |43| 
     421                    
     422 00000238 2201006B     [ B0]   MVKH    .S2     0x2000000,B4      ; |40| 
     423 0000023c 329002F6  || [!B0]   STW     .D2T2   B5,*B4            ; |44| 
     424                    
     425 00000240 201002F4     [ B0]   STW     .D2T1   A0,*B4            ; |40| 
     426                               ; BRANCH OCCURS                   ; |46| 
     427                    ;** --------------------------------------------------------------------------*
     428 00000244           L4:    
     429 00000244 00006000             NOP             4
     430 00000248 00118A5A             CMPEQ   .L2     B4,12,B0          ; |47| 
     431 0000024c 30001810     [!B0]   B       .S1     L6                ; |47| 
     432 00000250 00002000             NOP             2
     433 00000254 20000A28     [ B0]   MVKL    .S1     0x2000014,A0      ; |48| 
     434 00000258 20010068     [ B0]   MVKH    .S1     0x2000014,A0      ; |48| 
     435 0000025c 20000264     [ B0]   LDW     .D1T1   *A0,A0            ; |48| 
     436                               ; BRANCH OCCURS                   ; |47| 
     437                    ;** --------------------------------------------------------------------------*
     438 00000260 00006000             NOP             4
     439 00000264 008027A0             AND     .S1     1,A0,A1           ; |48| 
     440 00000268 90001410     [!A1]   B       .S1     L6                ; |48| 
TMS320C6x COFF Assembler         Version 4.10     Sun Jun 02 22:59:02 2024
Copyright (c) 1996-2001 Texas Instruments Incorporated
temp\interrupt.asm                                                   PAGE    9

     441 0000026c 00006000             NOP             4
     442 00000270 820008C2     [ A1]   ZERO    .D2     B4                ; |49| 
     443                               ; BRANCH OCCURS                   ; |48| 
     444                    ;*----------------------------------------------------------------------------*
     445                    ;*   SOFTWARE PIPELINE INFORMATION
     446                    ;*      Disqualified loop: software pipelining disabled
     447                    ;*----------------------------------------------------------------------------*
     448 00000274           L5:    
     449                    
     450 00000274 0201006B             MVKH    .S2     0x2000000,B4      ; |49| 
     451 00000278 00003E28! ||         MVKL    .S1     _compacket+124,A0 ; |49| 
     452                    
     453 00000280 021002E7             LDW     .D2T2   *B4,B4            ; |49| 
     454 00000284 00000068! ||         MVKH    .S1     _compacket+124,A0 ; |49| 
     455                    
     456 00000288 01800264             LDW     .D1T1   *A0,A3            ; |49| 
     457 0000028c 00003E28!            MVKL    .S1     _compacket+124,A0 ; |50| 
     458 00000290 00000068!            MVKH    .S1     _compacket+124,A0 ; |50| 
     459 00000294 00000000             NOP             1
     460 00000298 0213180A             EXTU    .S2     B4,24,24,B4       ; |49| 
     461 0000029c 020C0236             STB     .D1T2   B4,*A3            ; |49| 
     462 000002a0 00000264             LDW     .D1T1   *A0,A0            ; |50| 
     463 000002a4 020031AA!            MVKL    .S2     _compacket+99,B4  ; |50| 
     464 000002a8 0200006A!            MVKH    .S2     _compacket+99,B4  ; |50| 
     465 000002ac 00002000             NOP             2
     466 000002b0 00009A7A             CMPEQ   .L2X    A0,B4,B0          ; |50| 
     467 000002b4 30003E28!    [!B0]   MVKL    .S1     _compacket+124,A0 ; |54| 
     468 000002b8 30000068!    [!B0]   MVKH    .S1     _compacket+124,A0 ; |54| 
     469 000002bc 32000940     [!B0]   MV      .D1     A0,A4             ; |54| 
     470 000002c0 30100264     [!B0]   LDW     .D1T1   *A4,A0            ; |54| 
     471 000002c4 20003E28!    [ B0]   MVKL    .S1     _compacket+124,A0 ; |51| 
     472 000002c8 2200002A!    [ B0]   MVKL    .S2     _compacket,B4     ; |51| 
     473 000002cc 20000068!    [ B0]   MVKH    .S1     _compacket+124,A0 ; |51| 
     474 000002d0 2200006A!    [ B0]   MVKH    .S2     _compacket,B4     ; |51| 
     475                    
     476 000002d4 00000A29             MVKL    .S1     0x2000014,A0      ; |56| 
     477 000002d8 31802059  || [!B0]   ADD     .L1     1,A0,A3           ; |54| 
     478 000002dc 22000276  || [ B0]   STW     .D1T2   B4,*A0            ; |51| 
     479                    
     480 000002e0 00010069             MVKH    .S1     0x2000014,A0      ; |56| 
     481 000002e4 31900274  || [!B0]   STW     .D1T1   A3,*A4            ; |54| 
     482                    
     483 000002e8 00000264             LDW     .D1T1   *A0,A0            ; |56| 
     484 000002ec 00006000             NOP             4
     485 000002f0 008027A0             AND     .S1     1,A0,A1           ; |56| 
     486 000002f4 8FFFF290     [ A1]   B       .S1     L5                ; |56| 
     487 000002f8 00006000             NOP             4
     488 000002fc 820008C2     [ A1]   ZERO    .D2     B4                ; |49| 
     489                               ; BRANCH OCCURS                   ; |56| 
     490                    ;** --------------------------------------------------------------------------*
     491 00000300           L6:    
     492 00000300 00000428             MVKL    .S1     0x2000008,A0      ; |58| 
     493 00000304 00010068             MVKH    .S1     0x2000008,A0      ; |58| 
     494 00000308 00000264             LDW     .D1T1   *A0,A0            ; |58| 
     495 0000030c 00002000             NOP             2
TMS320C6x COFF Assembler         Version 4.10     Sun Jun 02 22:59:02 2024
Copyright (c) 1996-2001 Texas Instruments Incorporated
temp\interrupt.asm                                                   PAGE   10

     496                    ;** --------------------------------------------------------------------------*
     497 00000310           L7:    
     498 00000310 00002000             NOP             2
     499 00000314 0001E7A0             AND     .S1     15,A0,A0          ; |58| 
     500 00000318 00802A58             CMPEQ   .L1     A0,1,A1           ; |58| 
     501 0000031c 9FFFB610     [!A1]   B       .S1     L1                ; |58| 
     502 00000320 003C22F4             STW     .D2T1   A0,*+SP(4)        ; |58| 
     503 00000324 923C22E6     [!A1]   LDW     .D2T2   *+SP(4),B4        ; |26| 
     504 00000328 83BE82E6     [ A1]   LDW     .D2T2   *+SP(80),B7       ; |59| 
     505 0000032c 833E62E6     [ A1]   LDW     .D2T2   *+SP(76),B6       ; |59| 
     506 00000330 82BE42E6     [ A1]   LDW     .D2T2   *+SP(72),B5       ; |59| 
     507                               ; BRANCH OCCURS                   ; |58| 
     508                    ;** --------------------------------------------------------------------------*
     509 00000334 023E22E6             LDW     .D2T2   *+SP(68),B4       ; |59| 
     510                    ;** --------------------------------------------------------------------------*
     511 00000338           L8:    
     512 00000338 01BE02E6             LDW     .D2T2   *+SP(64),B3       ; |59| 
     513 0000033c 013DE2E6             LDW     .D2T2   *+SP(60),B2       ; |59| 
     514 00000340 00BDC2E6             LDW     .D2T2   *+SP(56),B1       ; |59| 
     515 00000344 003DA2E6             LDW     .D2T2   *+SP(52),B0       ; |59| 
     516 00000348 04BD82E4             LDW     .D2T1   *+SP(48),A9       ; |59| 
     517 0000034c 043D62E4             LDW     .D2T1   *+SP(44),A8       ; |59| 
     518 00000350 03BD42E4             LDW     .D2T1   *+SP(40),A7       ; |59| 
     519 00000354 033D22E4             LDW     .D2T1   *+SP(36),A6       ; |59| 
     520 00000358 02BD02E4             LDW     .D2T1   *+SP(32),A5       ; |59| 
     521 0000035c 023CE2E4             LDW     .D2T1   *+SP(28),A4       ; |59| 
     522 00000360 01BCC2E4             LDW     .D2T1   *+SP(24),A3       ; |59| 
     523 00000364 013CA2E4             LDW     .D2T1   *+SP(20),A2       ; |59| 
     524 00000368 00BC82E4             LDW     .D2T1   *+SP(16),A1       ; |59| 
     525 0000036c 003C62E4             LDW     .D2T1   *+SP(12),A0       ; |59| 
     526                    
     527 00000370 001800E3             B       .S2     IRP               ; |59| 
     528 00000374 043EA2E6  ||         LDW     .D2T2   *+SP(84),B8       ; |59| 
     529                    
     530 00000378 04BED2E6             LDW     .D2T2   *++SP(88),B9      ; |59| 
     531 0000037c 00006000             NOP             4
     532                               ; BRANCH OCCURS                   ; |59| 
     533                    
     534                    
     535 00000380                   .sect   ".text"
     536                            .global _ISRtimer0
     537                    
     538                    ;******************************************************************************
     539                    ;* FUNCTION NAME: _ISRtimer0                                                  *
     540                    ;*                                                                            *
     541                    ;*   Regs Modified     : A0,A1,A2,A3,A4,A5,A6,A7,A8,A9,A10,A11,A12,A13,A14,   *
     542                    ;*                           A15,B0,B1,B2,B3,B4,B5,B6,B7,B8,B9,B10,B11,B12,   *
     543                    ;*                           B13,SP                                           *
     544                    ;*   Regs Used         : A0,A1,A2,A3,A4,A5,A6,A7,A8,A9,A10,A11,A12,A13,A14,   *
     545                    ;*                           A15,B0,B1,B2,B3,B4,B5,B6,B7,B8,B9,B10,B11,B12,   *
     546                    ;*                           B13,SP                                           *
     547                    ;*   Local Frame Size  : 0 Args + 16 Auto + 124 Save = 140 byte               *
     548                    ;******************************************************************************
     549 00000380           _ISRtimer0:
     550                    ;** --------------------------------------------------------------------------*
TMS320C6x COFF Assembler         Version 4.10     Sun Jun 02 22:59:02 2024
Copyright (c) 1996-2001 Texas Instruments Incorporated
temp\interrupt.asm                                                   PAGE   11

     551 00000380 07FFB852             ADDK    .S2     -144,SP           ; |98| 
     552 00000384 023F62F6             STW     .D2T2   B4,*+SP(108)      ; |98| 
     553 00000388 01BF42F6             STW     .D2T2   B3,*+SP(104)      ; |98| 
     554 0000038c 058022FE             STW     .D2T2   B11,*+SP(136)     ; |98| 
     555 00000390 050021FE             STW     .D2T2   B10,*+SP(132)     ; |98| 
     556 00000394 048020FE             STW     .D2T2   B9,*+SP(128)      ; |98| 
     557 00000398 043FE2F6             STW     .D2T2   B8,*+SP(124)      ; |98| 
     558 0000039c 03BFC2F6             STW     .D2T2   B7,*+SP(120)      ; |98| 
     559 000003a0 033FA2F6             STW     .D2T2   B6,*+SP(116)      ; |98| 
     560 000003a4 02BF82F6             STW     .D2T2   B5,*+SP(112)      ; |98| 
     561 000003a8 013F22F6             STW     .D2T2   B2,*+SP(100)      ; |98| 
     562 000003ac 00BF02F6             STW     .D2T2   B1,*+SP(96)       ; |98| 
     563 000003b0 003EE2F6             STW     .D2T2   B0,*+SP(92)       ; |98| 
     564 000003b4 07BEC2F4             STW     .D2T1   A15,*+SP(88)      ; |98| 
     565 000003b8 073EA2F4             STW     .D2T1   A14,*+SP(84)      ; |98| 
     566 000003bc 06BE82F4             STW     .D2T1   A13,*+SP(80)      ; |98| 
     567 000003c0 063E62F4             STW     .D2T1   A12,*+SP(76)      ; |98| 
     568 000003c4 05BE42F4             STW     .D2T1   A11,*+SP(72)      ; |98| 
     569 000003c8 053E22F4             STW     .D2T1   A10,*+SP(68)      ; |98| 
     570 000003cc 04BE02F4             STW     .D2T1   A9,*+SP(64)       ; |98| 
     571 000003d0 043DE2F4             STW     .D2T1   A8,*+SP(60)       ; |98| 
     572 000003d4 03BDC2F4             STW     .D2T1   A7,*+SP(56)       ; |98| 
     573 000003d8 033DA2F4             STW     .D2T1   A6,*+SP(52)       ; |98| 
     574                    
     575 000003e0 02BD82F5             STW     .D2T1   A5,*+SP(48)       ; |98| 
     576 000003e4 0200002A! ||         MVKL    .S2     _GetPendulumPos,B4 ; |103| 
     577                    
     578 000003e8 023D62F5             STW     .D2T1   A4,*+SP(44)       ; |98| 
     579 000003ec 0200006A! ||         MVKH    .S2     _GetPendulumPos,B4 ; |103| 
     580                    
     581 000003f0 00100363             B       .S2     B4                ; |103| 
     582 000003f4 060023FE  ||         STW     .D2T2   B12,*+SP(140)     ; |98| 
     583                    
     584 000003f8 01BD42F4             STW     .D2T1   A3,*+SP(40)       ; |98| 
     585 000003fc 013D22F4             STW     .D2T1   A2,*+SP(36)       ; |98| 
     586 00000400 00BD02F4             STW     .D2T1   A1,*+SP(32)       ; |98| 
     587                    
     588 00000404 003CE2F5             STW     .D2T1   A0,*+SP(28)       ; |98| 
     589 00000408 01820A2A' ||         MVKL    .S2     RL2,B3            ; |103| 
     590                    
     591 0000040c 0180006B'            MVKH    .S2     RL2,B3            ; |103| 
     592 00000410 068024FE  ||         STW     .D2T2   B13,*+SP(144)     ; |98| 
     593                    
     594 00000414           RL2:       ; CALL OCCURS                     ; |103| 
     595 00000414 00000028!            MVKL    .S1     _GetCartPos,A0    ; |104| 
     596 00000418 00000068!            MVKH    .S1     _GetCartPos,A0    ; |104| 
     597 0000041c 00001362             B       .S2X    A0                ; |104| 
     598 00000420 0200162A-            MVKL    .S2     _y_pend,B4        ; |103| 
     599 00000424 0200006A-            MVKH    .S2     _y_pend,B4        ; |103| 
     600 00000428 01821A2A'            MVKL    .S2     RL4,B3            ; |104| 
     601 0000042c 021002F4             STW     .D2T1   A4,*B4            ; |103| 
     602 00000430 0180006A'            MVKH    .S2     RL4,B3            ; |104| 
     603 00000434           RL4:       ; CALL OCCURS                     ; |104| 
     604 00000434 02001C2A-            MVKL    .S2     _y_cart,B4        ; |104| 
     605 00000438 0280002A!            MVKL    .S2     _R_pend,B5        ; |107| 
TMS320C6x COFF Assembler         Version 4.10     Sun Jun 02 22:59:02 2024
Copyright (c) 1996-2001 Texas Instruments Incorporated
temp\interrupt.asm                                                   PAGE   12

     606                    
     607 00000440 0310105B             MV      .L2X    A4,B6             ; |104| 
     608 00000444 0200006B- ||         MVKH    .S2     _y_cart,B4        ; |104| 
     609 00000448 00001628- ||         MVKL    .S1     _y_pend,A0        ; |107| 
     610                    
     611 0000044c 031002F7             STW     .D2T2   B6,*B4            ; |104| 
     612 00000450 00000069- ||         MVKH    .S1     _y_pend,A0        ; |107| 
     613 00000454 0280006A! ||         MVKH    .S2     _R_pend,B5        ; |107| 
     614                    
     615 00000458 00000265             LDW     .D1T1   *A0,A0            ; |107| 
     616 0000045c 021402E6  ||         LDW     .D2T2   *B5,B4            ; |107| 
     617                    
     618 00000460 02801628-            MVKL    .S1     _y_pend,A5        ; |116| 
     619 00000464 02800068-            MVKH    .S1     _y_pend,A5        ; |116| 
     620 00000468 00002000             NOP             2
     621 0000046c 0280923A             SUBSP   .L2X    B4,A0,B5          ; |107| 
     622 00000470 01801C28-            MVKL    .S1     _y_cart,A3        ; |108| 
     623 00000474 00001828-            MVKL    .S1     _err_pend,A0      ; |107| 
     624                    
     625 00000478 0200002B!            MVKL    .S2     _R_cart,B4        ; |108| 
     626 0000047c 00000068- ||         MVKH    .S1     _err_pend,A0      ; |107| 
     627                    
     628 00000480 01800069-            MVKH    .S1     _y_cart,A3        ; |108| 
     629 00000484 0200006B! ||         MVKH    .S2     _R_cart,B4        ; |108| 
     630 00000488 02800276  ||         STW     .D1T2   B5,*A0            ; |107| 
     631                    
     632 0000048c 000C0265             LDW     .D1T1   *A3,A0            ; |108| 
     633 00000490 021002E6  ||         LDW     .D2T2   *B4,B4            ; |108| 
     634                    
     635 00000494 00006000             NOP             4
     636 00000498 018092B8             SUBSP   .L1X    B4,A0,A3          ; |108| 
     637 0000049c 02001E2A-            MVKL    .S2     _err_cart,B4      ; |108| 
     638 000004a0 0200006A-            MVKH    .S2     _err_cart,B4      ; |108| 
     639 000004a4 00001628-            MVKL    .S1     _y_pend,A0        ; |111| 
     640                    
     641 000004a8 00000069-            MVKH    .S1     _y_pend,A0        ; |111| 
     642 000004ac 019002F4  ||         STW     .D2T1   A3,*B4            ; |108| 
     643                    
     644 000004b0 02000264             LDW     .D1T1   *A0,A4            ; |111| 
     645 000004b4 00000C28-            MVKL    .S1     _mostPlusPos,A0   ; |112| 
     646 000004b8 00000068-            MVKH    .S1     _mostPlusPos,A0   ; |112| 
     647 000004bc 0200162A-            MVKL    .S2     _y_pend,B4        ; |112| 
     648 000004c0 018008C0             ZERO    .D1     A3                ; |111| 
     649                    
     650 000004c4 0200006B-            MVKH    .S2     _y_pend,B4        ; |112| 
     651 000004c8 008C8E60  ||         CMPGTSP .S1     A4,A3,A1          ; |111| 
     652                    
     653 000004cc 821002E7     [ A1]   LDW     .D2T2   *B4,B4            ; |112| 
     654 000004d0 81800264  || [ A1]   LDW     .D1T1   *A0,A3            ; |112| 
     655                    
     656 000004d4 00000000             NOP             1
     657 000004d8 80000E10     [ A1]   B       .S1     L9                ; |113| 
     658 000004dc 00002000             NOP             2
     659 000004e0 800C9E62     [ A1]   CMPLTSP .S2X    A3,B4,B0          ; |112| 
     660 000004e4 82000C2A-    [ A1]   MVKL    .S2     _mostPlusPos,B4   ; |112| 
TMS320C6x COFF Assembler         Version 4.10     Sun Jun 02 22:59:02 2024
Copyright (c) 1996-2001 Texas Instruments Incorporated
temp\interrupt.asm                                                   PAGE   13

     661 000004e8 8200006A-    [ A1]   MVKH    .S2     _mostPlusPos,B4   ; |112| 
     662                               ; BRANCH OCCURS                   ; |113| 
     663                    ;** --------------------------------------------------------------------------*
     664 000004ec 02140264             LDW     .D1T1   *A5,A4            ; |116| 
     665 000004f0 0200162A-            MVKL    .S2     _y_pend,B4        ; |117| 
     666 000004f4 0200006A-            MVKH    .S2     _y_pend,B4        ; |117| 
     667 000004f8 00002000             NOP             2
     668 000004fc 008C8EA0             CMPLTSP .S1     A4,A3,A1          ; |116| 
     669 00000500 90000A10     [!A1]   B       .S1     L10               ; |116| 
     670 00000504 00000E28-            MVKL    .S1     _mostMinusPos,A0  ; |117| 
     671 00000508 00000068-            MVKH    .S1     _mostMinusPos,A0  ; |117| 
     672                    
     673 0000050c 90000029!    [!A1]   MVKL    .S1     _mode,A0          ; |121| 
     674 00000510 821002E7  || [ A1]   LDW     .D2T2   *B4,B4            ; |117| 
     675 00000514 81800264  || [ A1]   LDW     .D1T1   *A0,A3            ; |117| 
     676                    
     677 00000518 90000068!    [!A1]   MVKH    .S1     _mode,A0          ; |121| 
     678 0000051c 90000264     [!A1]   LDW     .D1T1   *A0,A0            ; |121| 
     679                               ; BRANCH OCCURS                   ; |116| 
     680                    ;** --------------------------------------------------------------------------*
     681 00000520 00002000             NOP             2
     682 00000524 000C9EA2             CMPGTSP .S2X    A3,B4,B0          ; |117| 
     683 00000528 02000E2A-            MVKL    .S2     _mostMinusPos,B4  ; |117| 
     684 0000052c 0200006A-            MVKH    .S2     _mostMinusPos,B4  ; |117| 
     685                    ;** --------------------------------------------------------------------------*
     686 00000530           L9:    
     687 00000530 00001628-            MVKL    .S1     _y_pend,A0        ; |117| 
     688 00000534 00000068-            MVKH    .S1     _y_pend,A0        ; |117| 
     689 00000538 20000264     [ B0]   LDW     .D1T1   *A0,A0            ; |117| 
     690 0000053c 00006000             NOP             4
     691 00000540 201002F4     [ B0]   STW     .D2T1   A0,*B4            ; |117| 
     692 00000544 00000028!            MVKL    .S1     _mode,A0          ; |121| 
     693 00000548 00000068!            MVKH    .S1     _mode,A0          ; |121| 
     694 0000054c 00000264             LDW     .D1T1   *A0,A0            ; |121| 
     695                    ;** --------------------------------------------------------------------------*
     696 00000550           L10:    
     697 00000550 03001828-            MVKL    .S1     _err_pend,A6      ; |122| 
     698 00000554 03000068-            MVKH    .S1     _err_pend,A6      ; |122| 
     699 00000558 00002000             NOP             2
     700 0000055c 00802A58             CMPEQ   .L1     A0,1,A1           ; |121| 
     701 00000560 90004C10     [!A1]   B       .S1     L12               ; |121| 
     702 00000564 028008C0             ZERO    .D1     A5                ; |122| 
     703 00000568 02A09068             MVKH    .S1     0x41200000,A5     ; |122| 
     704 0000056c 826666AA     [ A1]   MVKL    .S2     0xbd4ccccd,B4     ; |130| 
     705                    
     706 00000570 8200042B-    [ A1]   MVKL    .S2     _prevErr_cart,B4  ; |130| 
     707 00000574 90000A29- || [!A1]   MVKL    .S1     _sumErr_swup_cart,A0 ; |144| 
     708 00000578 823C62F6  || [ A1]   STW     .D2T2   B4,*+SP(12)       ; |130| 
     709                    
     710 00000580 8200062B-    [ A1]   MVKL    .S2     _sumErr_cart,B4   ; |130| 
     711 00000584 823C82F6  || [ A1]   STW     .D2T2   B4,*+SP(16)       ; |130| 
     712                    
     713                               ; BRANCH OCCURS                   ; |121| 
     714                    ;** --------------------------------------------------------------------------*
     715                    
TMS320C6x COFF Assembler         Version 4.10     Sun Jun 02 22:59:02 2024
Copyright (c) 1996-2001 Texas Instruments Incorporated
temp\interrupt.asm                                                   PAGE   14

     716 00000588 025B8BAB             MVKL    .S2     0xb951b717,B4     ; |130| 
     717 0000058c 001011A0  ||         MV      .S1X    B4,A0             ; |130| 
     718                    
     719 00000590 023C62E7             LDW     .D2T2   *+SP(12),B4       ; |130| 
     720 00000594 031001A2  ||         MV      .S2     B4,B6
     721                    
     722 00000598 07001828-            MVKL    .S1     _err_pend,A14     ; |122| 
     723 0000059c 0400182A-            MVKL    .S2     _err_pend,B8      ; |125| 
     724 000005a0 03800028-            MVKL    .S1     _prevErr_pend,A7  ; |126| 
     725 000005a4 0280002A-            MVKL    .S2     _prevErr_pend,B5  ; |125| 
     726 000005a8 025EA66A             MVKH    .S2     0xbd4ccccd,B4     ; |130| 
     727 000005ac 023C62F6             STW     .D2T2   B4,*+SP(12)       ; |130| 
     728 000005b0 023C82E6             LDW     .D2T2   *+SP(16),B4       ; |125| 
     729 000005b4 05E666A8             MVKL    .S1     0xbe4ccccd,A11    ; |130| 
     730                    
     731 000005b8 05801A2B-            MVKL    .S2     _u_pend,B11       ; |125| 
     732 000005bc 02000228- ||         MVKL    .S1     _sumErr_pend,A4   ; |124| 
     733                    
     734 000005c0 0183DC2B'            MVKL    .S2     RL6,B3            ; |135| 
     735 000005c4 01001E28- ||         MVKL    .S1     _err_cart,A2      ; |130| 
     736                    
     737 000005c8 04001829-            MVKL    .S1     _err_pend,A8      ; |126| 
     738 000005cc 00801E2A- ||         MVKL    .S2     _err_cart,B1      ; |129| 
     739                    
     740 000005d0 0200006B-            MVKH    .S2     _prevErr_cart,B4  ; |130| 
     741 000005d4 00801E28- ||         MVKL    .S1     _err_cart,A1      ; |130| 
     742                    
     743 000005e0 023C82F7             STW     .D2T2   B4,*+SP(16)       ; |124| 
     744 000005e4 05001829- ||         MVKL    .S1     _err_pend,A10     ; |125| 
     745 000005e8 0380002A! ||         MVKL    .S2     _PWMOut,B7        ; |135| 
     746                    
     747 000005ec 07980265             LDW     .D1T1   *A6,A15           ; |122| 
     748 000005f0 04802029- ||         MVKL    .S1     _u_cart,A9        ; |130| 
     749 000005f4 0100042A- ||         MVKL    .S2     _prevErr_cart,B2  ; |131| 
     750                    
     751 000005f8 0500202B-            MVKL    .S2     _u_cart,B10       ; |134| 
     752 000005fc 06001E28- ||         MVKL    .S1     _err_cart,A12     ; |131| 
     753                    
     754 00000600 0680182B-            MVKL    .S2     _err_pend,B13     ; |124| 
     755 00000604 06801A29- ||         MVKL    .S1     _u_pend,A13       ; |134| 
     756 00000608 060428C2  ||         ZERO    .D2     B12               ; |122| 
     757                    
     758 0000060c 0660906B             MVKH    .S2     0xc1200000,B12    ; |122| 
     759 00000610 07000069- ||         MVKH    .S1     _err_pend,A14     ; |122| 
     760 00000614 048428C2  ||         ZERO    .D2     B9                ; |125| 
     761                    
     762 00000618 03800069-            MVKH    .S1     _prevErr_pend,A7  ; |126| 
     763 0000061c 04A0D06A  ||         MVKH    .S2     0x41a00000,B9     ; |125| 
     764                    
     765 00000620 0295EE61             CMPGTSP .S1     A15,A5,A5         ; |122| 
     766 00000624 0400006A- ||         MVKH    .S2     _err_pend,B8      ; |125| 
     767                    
     768 00000628 00143DDB             XOR     .L2X    1,A5,B0           ; |122| 
     769 0000062c 0280006B- ||         MVKH    .S2     _prevErr_pend,B5  ; |125| 
     770 00000630 05DF2668  ||         MVKH    .S1     0xbe4ccccd,A11    ; |130| 
TMS320C6x COFF Assembler         Version 4.10     Sun Jun 02 22:59:02 2024
Copyright (c) 1996-2001 Texas Instruments Incorporated
temp\interrupt.asm                                                   PAGE   15

     771                    
     772 00000634 22B80265     [ B0]   LDW     .D1T1   *A14,A5           ; |122| 
     773 00000638 0580006B- ||         MVKH    .S2     _u_pend,B11       ; |125| 
     774 0000063c 02000068- ||         MVKH    .S1     _sumErr_pend,A4   ; |124| 
     775                    
     776 00000640 0180006B'            MVKH    .S2     RL6,B3            ; |135| 
     777 00000644 01000068- ||         MVKH    .S1     _err_cart,A2      ; |130| 
     778                    
     779 00000648 04000069-            MVKH    .S1     _err_pend,A8      ; |126| 
     780 0000064c 0080006A- ||         MVKH    .S2     _err_cart,B1      ; |129| 
     781                    
     782 00000650 0380006B!            MVKH    .S2     _PWMOut,B7        ; |135| 
     783 00000654 00800068- ||         MVKH    .S1     _err_cart,A1      ; |130| 
     784                    
     785 00000658 05000069-            MVKH    .S1     _err_pend,A10     ; |125| 
     786 0000065c 0100006A- ||         MVKH    .S2     _prevErr_cart,B2  ; |131| 
     787                    
     788 00000660 26159E63     [ B0]   CMPLTSP .S2X    A5,B12,B12        ; |122| 
     789 00000664 04800068- ||         MVKH    .S1     _u_cart,A9        ; |130| 
     790                    
     791 00000668 20302DDB     [ B0]   XOR     .L2     1,B12,B0          ; |122| 
     792 0000066c 0500006B- ||         MVKH    .S2     _u_cart,B10       ; |134| 
     793 00000670 06000068- ||         MVKH    .S1     _err_cart,A12     ; |131| 
     794                    
     795 00000674 30002B91     [!B0]   B       .S1     L11               ; |122| 
     796 00000678 0200105B  ||         MV      .L2X    A0,B4             ; |125| 
     797 0000067c 035CA8EA  ||         MVKH    .S2     0xb951b717,B6     ; |130| 
     798                    
     799 00000680 0200006B-            MVKH    .S2     _sumErr_cart,B4   ; |130| 
     800 00000684 06800068- ||         MVKH    .S1     _u_pend,A13       ; |134| 
     801                    
     802 00000688 0200062B-            MVKL    .S2     _sumErr_cart,B4   ; |129| 
     803 0000068c 00101059  ||         MV      .L1X    B4,A0             ; |130| 
     804 00000690 03000228- ||         MVKL    .S1     _sumErr_pend,A6   ; |125| 
     805                    
     806 000006a0 03000069-            MVKH    .S1     _sumErr_pend,A6   ; |125| 
     807 000006a4 0200006B- ||         MVKH    .S2     _sumErr_cart,B4   ; |129| 
     808 000006a8 030428C3  ||         ZERO    .D2     B6                ; |125| 
     809 000006ac 01981058  ||         MV      .L1X    B6,A3             ; |126| 
     810                    
     811 000006b0 02340943             MV      .D2     B13,B4            ; |129| 
     812 000006b4 02901059  ||         MV      .L1X    B4,A5             ; |129| 
     813 000006b8 07AE14A9  ||         MVKL    .S1     0x3e0f5c29,A15    ; |125| 
     814 000006bc 0320906A  ||         MVKH    .S2     0x41200000,B6     ; |125| 
     815                    
     816 000006c0 0200006B-            MVKH    .S2     _err_pend,B4      ; |124| 
     817 000006c4 079F07E8  ||         MVKH    .S1     0x3e0f5c29,A15    ; |125| 
     818                    
     819                               ; BRANCH OCCURS                   ; |122| 
     820                    ;** --------------------------------------------------------------------------*
     821                    
     822 000006c8 021002E7             LDW     .D2T2   *B4,B4            ; |124| 
     823 000006cc 07100264  ||         LDW     .D1T1   *A4,A14           ; |124| 
     824                    
     825 000006d0 00006000             NOP             4
TMS320C6x COFF Assembler         Version 4.10     Sun Jun 02 22:59:02 2024
Copyright (c) 1996-2001 Texas Instruments Incorporated
temp\interrupt.asm                                                   PAGE   16

     826 000006d4 0711D218             ADDSP   .L1X    B4,A14,A14        ; |124| 
     827 000006d8 00004000             NOP             3
     828 000006dc 07100274             STW     .D1T1   A14,*A4           ; |124| 
     829                    
     830 000006e0 03180265             LDW     .D1T1   *A6,A6            ; |125| 
     831 000006e4 029402E6  ||         LDW     .D2T2   *B5,B5            ; |125| 
     832                    
     833 000006e8 02280265             LDW     .D1T1   *A10,A4           ; |125| 
     834 000006ec 022002E6  ||         LDW     .D2T2   *B8,B4            ; |125| 
     835                    
     836 000006f0 00006000             NOP             4
     837                    
     838 000006f4 023CCE01             MPYSP   .M1     A6,A15,A4         ; |125| 
     839 000006f8 02248E03  ||         MPYSP   .M2     B4,B9,B4          ; |125| 
     840 000006fc 029492BA  ||         SUBSP   .L2X    A4,B5,B5          ; |125| 
     841                    
     842 00000700 00004000             NOP             3
     843                    
     844 00000704 0210921B             ADDSP   .L2X    A4,B4,B4          ; |125| 
     845 00000708 0298AE02  ||         MPYSP   .M2     B5,B6,B5          ; |125| 
     846                    
     847 0000070c 00004000             NOP             3
     848 00000710 0210A21A             ADDSP   .L2     B5,B4,B4          ; |125| 
     849 00000714 00004000             NOP             3
     850 00000718 022C02F6             STW     .D2T2   B4,*B11           ; |125| 
     851 0000071c 02200264             LDW     .D1T1   *A8,A4            ; |126| 
     852 00000720 00006000             NOP             4
     853 00000724 021C0274             STW     .D1T1   A4,*A7            ; |126| 
     854                    
     855 00000728 020402E7             LDW     .D2T2   *B1,B4            ; |129| 
     856 0000072c 02140264  ||         LDW     .D1T1   *A5,A4            ; |129| 
     857                    
     858 00000730 00006000             NOP             4
     859 00000734 02109218             ADDSP   .L1X    B4,A4,A4          ; |129| 
     860 00000738 020011A2             MV      .S2X    A0,B4             ; |129| 
     861 0000073c 00002000             NOP             2
     862 00000740 02140274             STW     .D1T1   A4,*A5            ; |129| 
     863 00000744 029002E6             LDW     .D2T2   *B4,B5            ; |130| 
     864 00000748 023C82E6             LDW     .D2T2   *+SP(16),B4       ; |130| 
     865 0000074c 00040264             LDW     .D1T1   *A1,A0            ; |130| 
     866 00000750 02080264             LDW     .D1T1   *A2,A4            ; |130| 
     867 00000754 00002000             NOP             2
     868 00000758 031002E6             LDW     .D2T2   *B4,B6            ; |130| 
     869 0000075c 023C62E6             LDW     .D2T2   *+SP(12),B4
     870 00000760 00004000             NOP             3
     871 00000764 031812BA             SUBSP   .L2X    A0,B6,B6          ; |130| 
     872                    
     873 00000768 002C8E01             MPYSP   .M1     A4,A11,A0         ; |130| 
     874 0000076c 028CBE02  ||         MPYSP   .M2X    B5,A3,B5
     875                    
     876 00000770 00004000             NOP             3
     877                    
     878 00000774 0210CE03             MPYSP   .M2     B6,B4,B4          ; |130| 
     879 00000778 00141218  ||         ADDSP   .L1X    B5,A0,A0          ; |130| 
     880                    
TMS320C6x COFF Assembler         Version 4.10     Sun Jun 02 22:59:02 2024
Copyright (c) 1996-2001 Texas Instruments Incorporated
temp\interrupt.asm                                                   PAGE   17

     881 0000077c 00004000             NOP             3
     882 00000780 00101218             ADDSP   .L1X    B4,A0,A0          ; |130| 
     883 00000784 00004000             NOP             3
     884 00000788 00240274             STW     .D1T1   A0,*A9            ; |130| 
     885 0000078c 02300266             LDW     .D1T2   *A12,B4           ; |131| 
     886 00000790 00006000             NOP             4
     887 00000794 020802F6             STW     .D2T2   B4,*B2            ; |131| 
     888                    
     889 00000798 022802E7             LDW     .D2T2   *B10,B4           ; |134| 
     890 0000079c 00340264  ||         LDW     .D1T1   *A13,A0           ; |134| 
     891                    
     892 000007a0 00004000             NOP             3
     893 000007a4 001C0362             B       .S2     B7                ; |135| 
     894 000007a8 0200921A             ADDSP   .L2X    B4,A0,B4          ; |134| 
     895 000007ac 00004000             NOP             3
     896                    
     897 000007b0 021011A1             MV      .S1X    B4,A4             ; |134| 
     898 000007b4 023C22F6  ||         STW     .D2T2   B4,*+SP(4)        ; |134| 
     899                    
     900 000007b8           RL6:       ; CALL OCCURS                     ; |135| 
     901 000007b8 023C42F4             STW     .D2T1   A4,*+SP(8)        ; |135| 
     902                    ;** --------------------------------------------------------------------------*
     903 000007bc           L11:    
     904 000007bc 00000A28-            MVKL    .S1     _sumErr_swup_cart,A0 ; |144| 
     905                    ;** --------------------------------------------------------------------------*
     906 000007c0           L12:    
     907                    
     908 000007c0 03802429-            MVKL    .S1     _err_swup_cart,A7 ; |144| 
     909 000007c4 0200002A! ||         MVKL    .S2     _mode,B4          ; |140| 
     910                    
     911 000007c8 04002629-            MVKL    .S1     _u_swup_cart,A8   ; |149| 
     912 000007cc 0480082A- ||         MVKL    .S2     _prevErr_swup_cart,B9 ; |146| 
     913                    
     914 000007d0 00802629-            MVKL    .S1     _u_swup_cart,A1   ; |145| 
     915 000007d4 0280002A! ||         MVKL    .S2     _R_swup_cart,B5   ; |141| 
     916                    
     917 000007d8 02802429-            MVKL    .S1     _err_swup_cart,A5 ; |141| 
     918 000007dc 0380242A- ||         MVKL    .S2     _err_swup_cart,B7 ; |146| 
     919                    
     920 000007e0 02002429-            MVKL    .S1     _err_swup_cart,A4 ; |145| 
     921 000007e4 01847A2A' ||         MVKL    .S2     RL8,B3            ; |149| 
     922                    
     923 000007e8 01801C29-            MVKL    .S1     _y_cart,A3        ; |141| 
     924 000007ec 0200006A! ||         MVKH    .S2     _mode,B4          ; |140| 
     925                    
     926 000007f0 001002E7             LDW     .D2T2   *B4,B0            ; |140| 
     927 000007f4 04802429- ||         MVKL    .S1     _err_swup_cart,A9 ; |145| 
     928 000007f8 05000A2A- ||         MVKL    .S2     _sumErr_swup_cart,B10 ; |145| 
     929                    
     930 00000800 00000069-            MVKH    .S1     _sumErr_swup_cart,A0 ; |144| 
     931 00000804 0080002A! ||         MVKL    .S2     _PWMOut,B1        ; |149| 
     932                    
     933 00000808 03800069-            MVKH    .S1     _err_swup_cart,A7 ; |144| 
     934 0000080c 0400082A- ||         MVKL    .S2     _prevErr_swup_cart,B8 ; |145| 
     935                    
TMS320C6x COFF Assembler         Version 4.10     Sun Jun 02 22:59:02 2024
Copyright (c) 1996-2001 Texas Instruments Incorporated
temp\interrupt.asm                                                   PAGE   18

     936 00000810 04000069-            MVKH    .S1     _u_swup_cart,A8   ; |149| 
     937 00000814 0480006B- ||         MVKH    .S2     _prevErr_swup_cart,B9 ; |146| 
     938 00000818 030428C0  ||         ZERO    .D1     A6                ; |145| 
     939                    
     940 00000820 0280006B!            MVKH    .S2     _R_swup_cart,B5   ; |141| 
     941 00000824 031F8068  ||         MVKH    .S1     0x3f000000,A6     ; |145| 
     942                    
     943 00000828 20001B11     [ B0]   B       .S1     L13               ; |140| 
     944 0000082c 0380006A- ||         MVKH    .S2     _err_swup_cart,B7 ; |146| 
     945                    
     946 00000830 0180006B'            MVKH    .S2     RL8,B3            ; |149| 
     947 00000834 00800068- ||         MVKH    .S1     _u_swup_cart,A1   ; |145| 
     948                    
     949 00000838 02800069-            MVKH    .S1     _err_swup_cart,A5 ; |141| 
     950 0000083c 0500006A- ||         MVKH    .S2     _sumErr_swup_cart,B10 ; |145| 
     951                    
     952 00000840 0080006B!            MVKH    .S2     _PWMOut,B1        ; |149| 
     953 00000844 02000068- ||         MVKH    .S1     _err_swup_cart,A4 ; |145| 
     954                    
     955 00000848 01800069-            MVKH    .S1     _y_cart,A3        ; |141| 
     956 0000084c 0400006B- ||         MVKH    .S2     _prevErr_swup_cart,B8 ; |145| 
     957 00000850 010428C2  ||         ZERO    .D2     B2                ; |145| 
     958                    
     959 00000860 0300105B             MV      .L2X    A0,B6             ; |144| 
     960 00000864 04800069- ||         MVKH    .S1     _err_swup_cart,A9 ; |145| 
     961 00000868 0120D06B  ||         MVKH    .S2     0x41a00000,B2     ; |145| 
     962 0000086c 058428C2  ||         ZERO    .D2     B11               ; |145| 
     963                    
     964                               ; BRANCH OCCURS                   ; |140| 
     965                    ;** --------------------------------------------------------------------------*
     966                    
     967 00000870 021402E7             LDW     .D2T2   *B5,B4            ; |141| 
     968 00000874 000C0264  ||         LDW     .D1T1   *A3,A0            ; |141| 
     969                    
     970 00000878 00006000             NOP             4
     971 0000087c 000092B8             SUBSP   .L1X    B4,A0,A0          ; |141| 
     972 00000880 00004000             NOP             3
     973 00000884 00140274             STW     .D1T1   A0,*A5            ; |141| 
     974                    
     975 00000888 001C0265             LDW     .D1T1   *A7,A0            ; |144| 
     976 0000088c 021802E6  ||         LDW     .D2T2   *B6,B4            ; |144| 
     977                    
     978 00000890 00006000             NOP             4
     979 00000894 0200921A             ADDSP   .L2X    A0,B4,B4          ; |144| 
     980 00000898 00004000             NOP             3
     981 0000089c 021802F6             STW     .D2T2   B4,*B6            ; |144| 
     982                    
     983 000008a0 01900265             LDW     .D1T1   *A4,A3            ; |145| 
     984 000008a4 02A002E6  ||         LDW     .D2T2   *B8,B5            ; |145| 
     985                    
     986 000008a8 022802E7             LDW     .D2T2   *B10,B4           ; |145| 
     987 000008ac 00240264  ||         LDW     .D1T1   *A9,A0            ; |145| 
     988                    
     989 000008b0 00006000             NOP             4
     990                    
TMS320C6x COFF Assembler         Version 4.10     Sun Jun 02 22:59:02 2024
Copyright (c) 1996-2001 Texas Instruments Incorporated
temp\interrupt.asm                                                   PAGE   19

     991 000008b4 00186E01             MPYSP   .M1     A3,A6,A0          ; |145| 
     992 000008b8 021412BB  ||         SUBSP   .L2X    A0,B5,B4          ; |145| 
     993 000008bc 02AC8E02  ||         MPYSP   .M2     B4,B11,B5         ; |145| 
     994                    
     995 000008c0 00004000             NOP             3
     996                    
     997 000008c4 00141219             ADDSP   .L1X    B5,A0,A0          ; |145| 
     998 000008c8 02088E02  ||         MPYSP   .M2     B4,B2,B4          ; |145| 
     999                    
    1000 000008cc 00004000             NOP             3
    1001 000008d0 00101218             ADDSP   .L1X    B4,A0,A0          ; |145| 
    1002 000008d4 00004000             NOP             3
    1003 000008d8 00040274             STW     .D1T1   A0,*A1            ; |145| 
    1004 000008dc 021C02E6             LDW     .D2T2   *B7,B4            ; |146| 
    1005 000008e0 00006000             NOP             4
    1006                    
    1007 000008e4 022402F7             STW     .D2T2   B4,*B9            ; |146| 
    1008 000008e8 00040362  ||         B       .S2     B1                ; |149| 
    1009                    
    1010 000008ec 02200264             LDW     .D1T1   *A8,A4            ; |149| 
    1011 000008f0 00006000             NOP             4
    1012 000008f4           RL8:       ; CALL OCCURS                     ; |149| 
    1013 000008f4 023C42F4             STW     .D2T1   A4,*+SP(8)        ; |149| 
    1014                    ;** --------------------------------------------------------------------------*
    1015 000008f8           L13:    
    1016 000008f8 00001628-            MVKL    .S1     _y_pend,A0        ; |153| 
    1017                    
    1018 00000900 0200102B-            MVKL    .S2     _prevPendPos,B4   ; |153| 
    1019 00000904 00000068- ||         MVKH    .S1     _y_pend,A0        ; |153| 
    1020                    
    1021 00000908 00000265             LDW     .D1T1   *A0,A0            ; |153| 
    1022 0000090c 0280002A! ||         MVKL    .S2     _UMAddData,B5     ; |156| 
    1023                    
    1024 00000910 0400002A!            MVKL    .S2     _R_pend,B8        ; |156| 
    1025 00000914 0380182A-            MVKL    .S2     _err_pend,B7      ; |156| 
    1026 00000918 0200006A-            MVKH    .S2     _prevPendPos,B4   ; |153| 
    1027 0000091c 0280006A!            MVKH    .S2     _UMAddData,B5     ; |156| 
    1028                    
    1029 00000920 001002F5             STW     .D2T1   A0,*B4            ; |153| 
    1030 00000924 0400006A! ||         MVKH    .S2     _R_pend,B8        ; |156| 
    1031                    
    1032 00000928 033C42E7             LDW     .D2T2   *+SP(8),B6        ; |156| 
    1033 0000092c 00001E29- ||         MVKL    .S1     _err_cart,A0      ; |156| 
    1034 00000930 0380006A- ||         MVKH    .S2     _err_pend,B7      ; |156| 
    1035                    
    1036 00000934 00140363             B       .S2     B5                ; |156| 
    1037 00000938 00000069- ||         MVKH    .S1     _err_cart,A0      ; |156| 
    1038 0000093c 022002E4  ||         LDW     .D2T1   *B8,A4            ; |156| 
    1039                    
    1040 00000940 02000267             LDW     .D1T2   *A0,B4            ; |156| 
    1041 00000944 031C02E4  ||         LDW     .D2T1   *B7,A6            ; |156| 
    1042                    
    1043 00000948 0184AA2A'            MVKL    .S2     RL10,B3           ; |156| 
    1044 0000094c 0180006A'            MVKH    .S2     RL10,B3           ; |156| 
    1045 00000950 00002000             NOP             2
TMS320C6x COFF Assembler         Version 4.10     Sun Jun 02 22:59:02 2024
Copyright (c) 1996-2001 Texas Instruments Incorporated
temp\interrupt.asm                                                   PAGE   20

    1046 00000954           RL10:      ; CALL OCCURS                     ; |156| 
    1047 00000954 00000028!            MVKL    .S1     _TINTCnt,A0       ; |159| 
    1048 00000958 00000068!            MVKH    .S1     _TINTCnt,A0       ; |159| 
    1049 0000095c 01800264             LDW     .D1T1   *A0,A3            ; |159| 
    1050 00000960 020000AA             MVK     .S2     1,B4              ; |160| 
    1051 00000964 00004000             NOP             3
    1052                    
    1053 00000968 01801429-            MVKL    .S1     _TFlag,A3         ; |160| 
    1054 0000096c 020C2940  ||         ADD     .D1     1,A3,A4           ; |159| 
    1055                    
    1056 00000970 02000275             STW     .D1T1   A4,*A0            ; |159| 
    1057 00000974 01800068- ||         MVKH    .S1     _TFlag,A3         ; |160| 
    1058                    
    1059 00000978 020C0276             STW     .D1T2   B4,*A3            ; |160| 
    1060 0000097c 068024EE             LDW     .D2T2   *+SP(144),B13     ; |161| 
    1061 00000980 060023EE             LDW     .D2T2   *+SP(140),B12     ; |161| 
    1062 00000984 058022EE             LDW     .D2T2   *+SP(136),B11     ; |161| 
    1063 00000988 050021EE             LDW     .D2T2   *+SP(132),B10     ; |161| 
    1064 0000098c 048020EE             LDW     .D2T2   *+SP(128),B9      ; |161| 
    1065 00000990 013F22E6             LDW     .D2T2   *+SP(100),B2      ; |161| 
    1066 00000994 00BF02E6             LDW     .D2T2   *+SP(96),B1       ; |161| 
    1067 00000998 003EE2E6             LDW     .D2T2   *+SP(92),B0       ; |161| 
    1068 0000099c 07BEC2E4             LDW     .D2T1   *+SP(88),A15      ; |161| 
    1069 000009a0 073EA2E4             LDW     .D2T1   *+SP(84),A14      ; |161| 
    1070 000009a4 06BE82E4             LDW     .D2T1   *+SP(80),A13      ; |161| 
    1071 000009a8 063E62E4             LDW     .D2T1   *+SP(76),A12      ; |161| 
    1072 000009ac 05BE42E4             LDW     .D2T1   *+SP(72),A11      ; |161| 
    1073 000009b0 053E22E4             LDW     .D2T1   *+SP(68),A10      ; |161| 
    1074 000009b4 04BE02E4             LDW     .D2T1   *+SP(64),A9       ; |161| 
    1075 000009b8 043DE2E4             LDW     .D2T1   *+SP(60),A8       ; |161| 
    1076 000009bc 03BDC2E4             LDW     .D2T1   *+SP(56),A7       ; |161| 
    1077 000009c0 02BD82E4             LDW     .D2T1   *+SP(48),A5       ; |161| 
    1078 000009c4 013D22E4             LDW     .D2T1   *+SP(36),A2       ; |161| 
    1079 000009c8 00BD02E4             LDW     .D2T1   *+SP(32),A1       ; |161| 
    1080 000009cc 02BF82E6             LDW     .D2T2   *+SP(112),B5      ; |161| 
    1081 000009d0 043FE2E6             LDW     .D2T2   *+SP(124),B8      ; |161| 
    1082 000009d4 03BFC2E6             LDW     .D2T2   *+SP(120),B7      ; |161| 
    1083 000009d8 01BF42E6             LDW     .D2T2   *+SP(104),B3      ; |161| 
    1084 000009dc 033FA2E6             LDW     .D2T2   *+SP(116),B6      ; |161| 
    1085 000009e0 033DA2E4             LDW     .D2T1   *+SP(52),A6       ; |161| 
    1086 000009e4 003CE2E4             LDW     .D2T1   *+SP(28),A0       ; |161| 
    1087 000009e8 023D62E4             LDW     .D2T1   *+SP(44),A4       ; |161| 
    1088                    
    1089 000009ec 001800E3             B       .S2     IRP               ; |161| 
    1090 000009f0 023F62E6  ||         LDW     .D2T2   *+SP(108),B4      ; |161| 
    1091                    
    1092 000009f4 01BD42E4             LDW     .D2T1   *+SP(40),A3       ; |161| 
    1093 000009f8 07804852             ADDK    .S2     144,SP            ; |161| 
    1094 000009fc 00004000             NOP             3
    1095                               ; BRANCH OCCURS                   ; |161| 
    1096                    
    1097                    
    1098                    ;******************************************************************************
    1099                    ;* UNDEFINED EXTERNAL REFERENCES                                              *
    1100                    ;******************************************************************************
TMS320C6x COFF Assembler         Version 4.10     Sun Jun 02 22:59:02 2024
Copyright (c) 1996-2001 Texas Instruments Incorporated
temp\interrupt.asm                                                   PAGE   21

    1101                            .global _SendByte
    1102                            .global _PWMOut
    1103                            .global _GetCartPos
    1104                            .global _GetPendulumPos
    1105                            .global _UMAddData
    1106                            .global _compacket
    1107                            .global _respacket
    1108                            .global _TINTCnt
    1109                            .global _R_pend
    1110                            .global _R_cart
    1111                            .global _R_swup_cart
    1112                            .global _mode

No Assembly Errors, No Assembly Warnings
