TMS320C6x COFF Assembler         Version 4.10     Sat Jun 08 23:16:34 2024
Copyright (c) 1996-2001 Texas Instruments Incorporated
temp\interrupt.asm                                                   PAGE    1

       1                    ;******************************************************************************
       2                    ;* TMS320C6x ANSI C Codegen                                      Version 4.10 *
       3                    ;* Date/Time created: Sat Jun 08 23:16:34 2024                                *
       4                    ;******************************************************************************
       5                    
       6                    ;******************************************************************************
       7                    ;* GLOBAL FILE PARAMETERS                                                     *
       8                    ;*                                                                            *
       9                    ;*   Architecture      : TMS320C670x                                          *
      10                    ;*   Optimization      : Disabled                                             *
      11                    ;*   Optimizing for    : Compile time, Ease of Development                    *
      12                    ;*                       Based on options: no -o, no -ms                      *
      13                    ;*   Endian            : Little                                               *
      14                    ;*   Interrupt Thrshld : Disabled                                             *
      15                    ;*   Memory Model      : Large                                                *
      16                    ;*   Calls to RTS      : Far                                                  *
      17                    ;*   Pipelining        : Disabled                                             *
      18                    ;*   Memory Aliases    : Presume are aliases (pessimistic)                    *
      19                    ;*   Debug Info        : No Debug Info                                        *
      20                    ;*                                                                            *
      21                    ;******************************************************************************
      22                    
      23                            .asg    A15, FP
      24                            .asg    B14, DP
      25                            .asg    B15, SP
      26                            .global $bss
      27                    
      28                    
      29 00000000                   .sect   ".cinit"
      30                            .align  8
      31 00000000 00000004          .field          4,32
      32 00000004 00000000-         .field          _prevErr_pend+0,32
      33 00000008 00000000          .word   000000000h              ; _prevErr_pend @ 0
      34 00000000                   .sect   ".text"
      35                            .global _prevErr_pend
      36 00000000           _prevErr_pend:  .usect  .far,4,4
      37                    
      38 0000000c                   .sect   ".cinit"
      39                            .align  8
      40 00000010 00000004          .field          4,32
      41 00000014 00000004-         .field          _sumErr_pend+0,32
      42 00000018 00000000          .word   000000000h              ; _sumErr_pend @ 0
      43 00000000                   .sect   ".text"
      44                            .global _sumErr_pend
      45 00000004           _sumErr_pend:   .usect  .far,4,4
      46                    
      47 0000001c                   .sect   ".cinit"
      48                            .align  8
      49 00000020 00000004          .field          4,32
      50 00000024 00000008-         .field          _prevErr_cart+0,32
      51 00000028 00000000          .word   000000000h              ; _prevErr_cart @ 0
      52 00000000                   .sect   ".text"
      53                            .global _prevErr_cart
      54 00000008           _prevErr_cart:  .usect  .far,4,4
      55                    
TMS320C6x COFF Assembler         Version 4.10     Sat Jun 08 23:16:34 2024
Copyright (c) 1996-2001 Texas Instruments Incorporated
temp\interrupt.asm                                                   PAGE    2

      56 0000002c                   .sect   ".cinit"
      57                            .align  8
      58 00000030 00000004          .field          4,32
      59 00000034 0000000C-         .field          _sumErr_cart+0,32
      60 00000038 00000000          .word   000000000h              ; _sumErr_cart @ 0
      61 00000000                   .sect   ".text"
      62                            .global _sumErr_cart
      63 0000000c           _sumErr_cart:   .usect  .far,4,4
      64                    
      65 0000003c                   .sect   ".cinit"
      66                            .align  8
      67 00000040 00000004          .field          4,32
      68 00000044 00000010-         .field          _prevErr_swup_cart+0,32
      69 00000048 00000000          .word   000000000h              ; _prevErr_swup_cart @ 0
      70 00000000                   .sect   ".text"
      71                            .global _prevErr_swup_cart
      72 00000010           _prevErr_swup_cart:     .usect  .far,4,4
      73                    
      74 0000004c                   .sect   ".cinit"
      75                            .align  8
      76 00000050 00000004          .field          4,32
      77 00000054 00000014-         .field          _sumErr_swup_cart+0,32
      78 00000058 00000000          .word   000000000h              ; _sumErr_swup_cart @ 0
      79 00000000                   .sect   ".text"
      80                            .global _sumErr_swup_cart
      81 00000014           _sumErr_swup_cart:      .usect  .far,4,4
      82                    
      83 0000005c                   .sect   ".cinit"
      84                            .align  8
      85 00000060 00000004          .field          4,32
      86 00000064 00000018-         .field          _mostPlusPos+0,32
      87 00000068 00000000          .word   000000000h              ; _mostPlusPos @ 0
      88 00000000                   .sect   ".text"
      89                            .global _mostPlusPos
      90 00000018           _mostPlusPos:   .usect  .far,4,4
      91                    
      92 0000006c                   .sect   ".cinit"
      93                            .align  8
      94 00000070 00000004          .field          4,32
      95 00000074 0000001C-         .field          _mostMinusPos+0,32
      96 00000078 00000000          .word   000000000h              ; _mostMinusPos @ 0
      97 00000000                   .sect   ".text"
      98                            .global _mostMinusPos
      99 0000001c           _mostMinusPos:  .usect  .far,4,4
     100                    
     101 0000007c                   .sect   ".cinit"
     102                            .align  8
     103 00000080 00000004          .field          4,32
     104 00000084 00000020-         .field          _prevPendPos+0,32
     105 00000088 00000000          .word   000000000h              ; _prevPendPos @ 0
     106 00000000                   .sect   ".text"
     107                            .global _prevPendPos
     108 00000020           _prevPendPos:   .usect  .far,4,4
     109                    
     110 0000008c                   .sect   ".cinit"
TMS320C6x COFF Assembler         Version 4.10     Sat Jun 08 23:16:34 2024
Copyright (c) 1996-2001 Texas Instruments Incorporated
temp\interrupt.asm                                                   PAGE    3

     111                            .align  8
     112 00000090 00000004          .field          4,32
     113 00000094 00000024-         .field          _TFlag+0,32
     114 00000098 00000000          .field          0,32                    ; _TFlag @ 0
     115 00000000                   .sect   ".text"
     116                            .global _TFlag
     117 00000024           _TFlag: .usect  .far,4,4
     118                            .global _y_pend
     119 00000028           _y_pend:        .usect  .far,4,4
     120                            .global _err_pend
     121 0000002c           _err_pend:      .usect  .far,4,4
     122                            .global _u_pend
     123 00000030           _u_pend:        .usect  .far,4,4
     124                            .global _y_cart
     125 00000034           _y_cart:        .usect  .far,4,4
     126                            .global _err_cart
     127 00000038           _err_cart:      .usect  .far,4,4
     128                            .global _u_cart
     129 0000003c           _u_cart:        .usect  .far,4,4
     130                            .global _y_swup_cart
     131 00000040           _y_swup_cart:   .usect  .far,4,4
     132                            .global _err_swup_cart
     133 00000044           _err_swup_cart: .usect  .far,4,4
     134                            .global _u_swup_cart
     135 00000048           _u_swup_cart:   .usect  .far,4,4
     136                    ;       acp6x -q -D_FAR_RTS=1 --large_model=3 --version=6701 -m --i_output_file C:\Users\hge42\AppData
     137 00000000                   .sect   ".text"
     138                            .global _ISRextint4
     139                    
     140                    ;******************************************************************************
     141                    ;* FUNCTION NAME: _ISRextint4                                                 *
     142                    ;*                                                                            *
     143                    ;*   Regs Modified     :                                                      *
     144                    ;*   Regs Used         :                                                      *
     145                    ;*   Local Frame Size  : 0 Args + 0 Auto + 0 Save = 0 byte                    *
     146                    ;******************************************************************************
     147 00000000           _ISRextint4:
     148                    ;** --------------------------------------------------------------------------*
     149 00000000 001800E2             B       .S2     IRP               ; |11| 
     150 00000004 00008000             NOP             5
     151                               ; BRANCH OCCURS                   ; |11| 
     152                    
     153                    
     154 00000008                   .sect   ".text"
     155                            .global _ISRextint5
     156                    
     157                    ;******************************************************************************
     158                    ;* FUNCTION NAME: _ISRextint5                                                 *
     159                    ;*                                                                            *
     160                    ;*   Regs Modified     :                                                      *
     161                    ;*   Regs Used         :                                                      *
     162                    ;*   Local Frame Size  : 0 Args + 0 Auto + 0 Save = 0 byte                    *
     163                    ;******************************************************************************
     164 00000008           _ISRextint5:
     165                    ;** --------------------------------------------------------------------------*
TMS320C6x COFF Assembler         Version 4.10     Sat Jun 08 23:16:34 2024
Copyright (c) 1996-2001 Texas Instruments Incorporated
temp\interrupt.asm                                                   PAGE    4

     166 00000008 001800E2             B       .S2     IRP               ; |17| 
     167 0000000c 00008000             NOP             5
     168                               ; BRANCH OCCURS                   ; |17| 
     169                    
     170                    
     171 00000010                   .sect   ".text"
     172                            .global _c_int08
     173                    
     174                    ;******************************************************************************
     175                    ;* FUNCTION NAME: _c_int08                                                    *
     176                    ;*                                                                            *
     177                    ;*   Regs Modified     :                                                      *
     178                    ;*   Regs Used         :                                                      *
     179                    ;*   Local Frame Size  : 0 Args + 0 Auto + 0 Save = 0 byte                    *
     180                    ;******************************************************************************
     181 00000010           _c_int08:
     182                    ;** --------------------------------------------------------------------------*
     183 00000010 001800E2             B       .S2     IRP               ; |29| 
     184 00000014 00008000             NOP             5
     185                               ; BRANCH OCCURS                   ; |29| 
     186                    
     187                    
     188 00000018                   .sect   ".text"
     189                            .global _c_int09
     190                    
     191                    ;******************************************************************************
     192                    ;* FUNCTION NAME: _c_int09                                                    *
     193                    ;*                                                                            *
     194                    ;*   Regs Modified     :                                                      *
     195                    ;*   Regs Used         :                                                      *
     196                    ;*   Local Frame Size  : 0 Args + 0 Auto + 0 Save = 0 byte                    *
     197                    ;******************************************************************************
     198 00000018           _c_int09:
     199                    ;** --------------------------------------------------------------------------*
     200 00000018 001800E2             B       .S2     IRP               ; |35| 
     201 0000001c 00008000             NOP             5
     202                               ; BRANCH OCCURS                   ; |35| 
     203                    
     204                    
     205 00000020                   .sect   ".text"
     206                            .global _ISRNMI
     207                    
     208                    ;******************************************************************************
     209                    ;* FUNCTION NAME: _ISRNMI                                                     *
     210                    ;*                                                                            *
     211                    ;*   Regs Modified     :                                                      *
     212                    ;*   Regs Used         :                                                      *
     213                    ;*   Local Frame Size  : 0 Args + 0 Auto + 0 Save = 0 byte                    *
     214                    ;******************************************************************************
     215 00000020           _ISRNMI:
     216                    ;** --------------------------------------------------------------------------*
     217 00000020 001800E2             B       .S2     IRP               ; |19| 
     218 00000024 00008000             NOP             5
     219                               ; BRANCH OCCURS                   ; |19| 
     220                    
TMS320C6x COFF Assembler         Version 4.10     Sat Jun 08 23:16:34 2024
Copyright (c) 1996-2001 Texas Instruments Incorporated
temp\interrupt.asm                                                   PAGE    5

     221                    
     222 00000028                   .sect   ".text"
     223                            .global _ISRextint6
     224                    
     225                    ;******************************************************************************
     226                    ;* FUNCTION NAME: _ISRextint6                                                 *
     227                    ;*                                                                            *
     228                    ;*   Regs Modified     : A0,A1,A2,A3,A4,A5,A6,A7,A8,A9,B0,B1,B2,B3,B4,B5,B6,  *
     229                    ;*                           B7,B8,B9,SP                                      *
     230                    ;*   Regs Used         : A0,A1,A2,A3,A4,A5,A6,A7,A8,A9,B0,B1,B2,B3,B4,B5,B6,  *
     231                    ;*                           B7,B8,B9,SP                                      *
     232                    ;*   Local Frame Size  : 0 Args + 4 Auto + 84 Save = 88 byte                  *
     233                    ;******************************************************************************
     234 00000028           _ISRextint6:
     235                    ;** --------------------------------------------------------------------------*
     236 00000028 04BED4F6             STW     .D2T2   B9,*SP--(88)      ; |22| 
     237 0000002c 003C62F4             STW     .D2T1   A0,*+SP(12)       ; |22| 
     238 00000030 03BE82F6             STW     .D2T2   B7,*+SP(80)       ; |22| 
     239 00000034 033E62F6             STW     .D2T2   B6,*+SP(76)       ; |22| 
     240 00000038 02BE42F6             STW     .D2T2   B5,*+SP(72)       ; |22| 
     241 0000003c 023E22F6             STW     .D2T2   B4,*+SP(68)       ; |22| 
     242 00000040 01BE02F6             STW     .D2T2   B3,*+SP(64)       ; |22| 
     243 00000044 013DE2F6             STW     .D2T2   B2,*+SP(60)       ; |22| 
     244 00000048 00BDC2F6             STW     .D2T2   B1,*+SP(56)       ; |22| 
     245 0000004c 003DA2F6             STW     .D2T2   B0,*+SP(52)       ; |22| 
     246 00000050 04BD82F4             STW     .D2T1   A9,*+SP(48)       ; |22| 
     247 00000054 043D62F4             STW     .D2T1   A8,*+SP(44)       ; |22| 
     248 00000058 03BD42F4             STW     .D2T1   A7,*+SP(40)       ; |22| 
     249 0000005c 033D22F4             STW     .D2T1   A6,*+SP(36)       ; |22| 
     250 00000060 02BD02F4             STW     .D2T1   A5,*+SP(32)       ; |22| 
     251 00000064 023CE2F4             STW     .D2T1   A4,*+SP(28)       ; |22| 
     252 00000068 01BCC2F4             STW     .D2T1   A3,*+SP(24)       ; |22| 
     253 0000006c 013CA2F4             STW     .D2T1   A2,*+SP(20)       ; |22| 
     254                    
     255 00000070 00BC82F5             STW     .D2T1   A1,*+SP(16)       ; |22| 
     256 00000074 00000428  ||         MVKL    .S1     0x2000008,A0      ; |25| 
     257                    
     258 00000078 00010069             MVKH    .S1     0x2000008,A0      ; |25| 
     259 0000007c 043EA2F6  ||         STW     .D2T2   B8,*+SP(84)       ; |22| 
     260                    
     261 00000080 00000264             LDW     .D1T1   *A0,A0            ; |25| 
     262 00000084 00006000             NOP             4
     263 00000088 0001E7A0             AND     .S1     15,A0,A0          ; |25| 
     264 0000008c 00802A58             CMPEQ   .L1     A0,1,A1           ; |25| 
     265 00000090 80005710     [ A1]   B       .S1     L8                ; |25| 
     266 00000094 003C22F4             STW     .D2T1   A0,*+SP(4)        ; |25| 
     267 00000098 83BE82E6     [ A1]   LDW     .D2T2   *+SP(80),B7       ; |59| 
     268 0000009c 833E62E6     [ A1]   LDW     .D2T2   *+SP(76),B6       ; |59| 
     269 000000a0 82BE42E6     [ A1]   LDW     .D2T2   *+SP(72),B5       ; |59| 
     270 000000a4 823E22E6     [ A1]   LDW     .D2T2   *+SP(68),B4       ; |59| 
     271                               ; BRANCH OCCURS                   ; |25| 
     272                    ;** --------------------------------------------------------------------------*
     273 000000a8 023C22E6             LDW     .D2T2   *+SP(4),B4        ; |26| 
     274 000000ac 00004000             NOP             3
     275                    ;** --------------------------------------------------------------------------*
TMS320C6x COFF Assembler         Version 4.10     Sat Jun 08 23:16:34 2024
Copyright (c) 1996-2001 Texas Instruments Incorporated
temp\interrupt.asm                                                   PAGE    6

     276                    ;**   BEGIN LOOP L1
     277                    ;** --------------------------------------------------------------------------*
     278 000000b0           L1:    
     279 000000b0 00000000             NOP             1
     280 000000b4 00108A5A             CMPEQ   .L2     B4,4,B0           ; |26| 
     281 000000b8 30002510     [!B0]   B       .S1     L3                ; |26| 
     282                    
     283 000000c0 323C22E7     [!B0]   LDW     .D2T2   *+SP(4),B4        ; |38| 
     284 000000c4 20000A28  || [ B0]   MVKL    .S1     0x2000014,A0      ; |27| 
     285                    
     286 000000c8 20010068     [ B0]   MVKH    .S1     0x2000014,A0      ; |27| 
     287 000000cc 20000264     [ B0]   LDW     .D1T1   *A0,A0            ; |27| 
     288 000000d0 00002000             NOP             2
     289                               ; BRANCH OCCURS                   ; |26| 
     290                    ;** --------------------------------------------------------------------------*
     291 000000d4 00002000             NOP             2
     292 000000d8 008027A0             AND     .S1     1,A0,A1           ; |27| 
     293 000000dc 90004A10     [!A1]   B       .S1     L7                ; |27| 
     294 000000e0 90000428     [!A1]   MVKL    .S1     0x2000008,A0      ; |58| 
     295 000000e4 90010068     [!A1]   MVKH    .S1     0x2000008,A0      ; |58| 
     296                    
     297 000000e8 820428C3     [ A1]   ZERO    .D2     B4                ; |28| 
     298 000000ec 82803E2B! || [ A1]   MVKL    .S2     _compacket+124,B5 ; |28| 
     299 000000f0 90000264  || [!A1]   LDW     .D1T1   *A0,A0            ; |58| 
     300                    
     301 000000f4 8201006A     [ A1]   MVKH    .S2     0x2000000,B4      ; |28| 
     302                    
     303 000000f8 8280006B!    [ A1]   MVKH    .S2     _compacket+124,B5 ; |28| 
     304 000000fc 821002E6  || [ A1]   LDW     .D2T2   *B4,B4            ; |28| 
     305                    
     306                               ; BRANCH OCCURS                   ; |27| 
     307                    ;** --------------------------------------------------------------------------*
     308 00000100 029402E6             LDW     .D2T2   *B5,B5            ; |28| 
     309 00000104 00000000             NOP             1
     310                    ;*----------------------------------------------------------------------------*
     311                    ;*   SOFTWARE PIPELINE INFORMATION
     312                    ;*      Disqualified loop: software pipelining disabled
     313                    ;*----------------------------------------------------------------------------*
     314 00000108           L2:    
     315 00000108 00003E28!            MVKL    .S1     _compacket+124,A0 ; |29| 
     316 0000010c 00000068!            MVKH    .S1     _compacket+124,A0 ; |29| 
     317 00000110 0213180A             EXTU    .S2     B4,24,24,B4       ; |28| 
     318 00000114 021402B6             STB     .D2T2   B4,*B5            ; |28| 
     319 00000118 01800264             LDW     .D1T1   *A0,A3            ; |29| 
     320 0000011c 00000028!            MVKL    .S1     _SendByte,A0      ; |29| 
     321 00000120 00000068!            MVKH    .S1     _SendByte,A0      ; |29| 
     322 00000124 01809C2A'            MVKL    .S2     RL0,B3            ; |29| 
     323 00000128 00001362             B       .S2X    A0                ; |29| 
     324 0000012c 020C0224             LDB     .D1T1   *A3,A4            ; |29| 
     325 00000130 0180006A'            MVKH    .S2     RL0,B3            ; |29| 
     326 00000134 00004000             NOP             3
     327 00000138           RL0:       ; CALL OCCURS                     ; |29| 
     328 00000138 02003E2A!            MVKL    .S2     _compacket+124,B4 ; |30| 
     329 0000013c 0200006A!            MVKH    .S2     _compacket+124,B4 ; |30| 
     330 00000140 021002E6             LDW     .D2T2   *B4,B4            ; |30| 
TMS320C6x COFF Assembler         Version 4.10     Sat Jun 08 23:16:34 2024
Copyright (c) 1996-2001 Texas Instruments Incorporated
temp\interrupt.asm                                                   PAGE    7

     331 00000144 000031A8!            MVKL    .S1     _compacket+99,A0  ; |30| 
     332 00000148 00000068!            MVKH    .S1     _compacket+99,A0  ; |30| 
     333 0000014c 00002000             NOP             2
     334 00000150 00901A78             CMPEQ   .L1X    B4,A0,A1          ; |30| 
     335 00000154 92003E2A!    [!A1]   MVKL    .S2     _compacket+124,B4 ; |34| 
     336 00000158 9200006A!    [!A1]   MVKH    .S2     _compacket+124,B4 ; |34| 
     337 0000015c 929002E6     [!A1]   LDW     .D2T2   *B4,B5            ; |34| 
     338 00000160 82003E2A!    [ A1]   MVKL    .S2     _compacket+124,B4 ; |31| 
     339 00000164 80000028!    [ A1]   MVKL    .S1     _compacket,A0     ; |31| 
     340 00000168 8200006A!    [ A1]   MVKH    .S2     _compacket+124,B4 ; |31| 
     341 0000016c 80000068!    [ A1]   MVKH    .S1     _compacket,A0     ; |31| 
     342                    
     343 00000170 02800A2B             MVKL    .S2     0x2000014,B5      ; |36| 
     344 00000174 93142942  || [!A1]   ADD     .D2     1,B5,B6           ; |34| 
     345                    
     346 00000178 931002F6     [!A1]   STW     .D2T2   B6,*B4            ; |34| 
     347                    
     348 00000180 801002F5     [ A1]   STW     .D2T1   A0,*B4            ; |31| 
     349 00000184 0281006A  ||         MVKH    .S2     0x2000014,B5      ; |36| 
     350                    
     351 00000188 021402E6             LDW     .D2T2   *B5,B4            ; |36| 
     352 0000018c 00006000             NOP             4
     353 00000190 001027A2             AND     .S2     1,B4,B0           ; |36| 
     354 00000194 2FFFF110     [ B0]   B       .S1     L2                ; |36| 
     355                    
     356 00000198 220428C3     [ B0]   ZERO    .D2     B4                ; |28| 
     357 0000019c 22803E2A! || [ B0]   MVKL    .S2     _compacket+124,B5 ; |28| 
     358                    
     359 000001a0 2201006A     [ B0]   MVKH    .S2     0x2000000,B4      ; |28| 
     360                    
     361 000001a4 2280006B!    [ B0]   MVKH    .S2     _compacket+124,B5 ; |28| 
     362 000001a8 221002E6  || [ B0]   LDW     .D2T2   *B4,B4            ; |28| 
     363                    
     364 000001ac 229402E6     [ B0]   LDW     .D2T2   *B5,B5            ; |28| 
     365 000001b0 00000000             NOP             1
     366                               ; BRANCH OCCURS                   ; |36| 
     367                    ;** --------------------------------------------------------------------------*
     368 000001b4 00002E10             B       .S1     L7                ; |37| 
     369 000001b8 00000428             MVKL    .S1     0x2000008,A0      ; |58| 
     370 000001bc 00010068             MVKH    .S1     0x2000008,A0      ; |58| 
     371 000001c0 00000264             LDW     .D1T1   *A0,A0            ; |58| 
     372 000001c4 00002000             NOP             2
     373                               ; BRANCH OCCURS                   ; |37| 
     374                    ;** --------------------------------------------------------------------------*
     375 000001c8           L3:    
     376 000001c8 00104A5A             CMPEQ   .L2     B4,2,B0           ; |38| 
     377 000001cc 30001090     [!B0]   B       .S1     L4                ; |38| 
     378 000001d0 2200642A!    [ B0]   MVKL    .S2     _respacket+200,B4 ; |39| 
     379 000001d4 00004000             NOP             3
     380 000001d8 323C22E6     [!B0]   LDW     .D2T2   *+SP(4),B4        ; |47| 
     381                               ; BRANCH OCCURS                   ; |38| 
     382                    ;** --------------------------------------------------------------------------*
     383 000001dc 0200006A!            MVKH    .S2     _respacket+200,B4 ; |39| 
     384 000001e0 029002E6             LDW     .D2T2   *B4,B5            ; |39| 
     385 000001e4 00006000             NOP             4
TMS320C6x COFF Assembler         Version 4.10     Sat Jun 08 23:16:34 2024
Copyright (c) 1996-2001 Texas Instruments Incorporated
temp\interrupt.asm                                                   PAGE    8

     386 000001e8 00140ADA             CMPGT   .L2     B5,0,B0           ; |39| 
     387                    
     388 000001ec 20006629!    [ B0]   MVKL    .S1     _respacket+204,A0 ; |40| 
     389 000001f0 029429C2  ||         SUB     .D2     B5,1,B5           ; |39| 
     390                    
     391 000001f4 20000069!    [ B0]   MVKH    .S1     _respacket+204,A0 ; |40| 
     392 000001f8 029002F6  ||         STW     .D2T2   B5,*B4            ; |39| 
     393                    
     394 000001fc 21800264     [ B0]   LDW     .D1T1   *A0,A3            ; |40| 
     395 00000200 22000028!    [ B0]   MVKL    .S1     _respacket,A4     ; |40| 
     396 00000204 22000068!    [ B0]   MVKH    .S1     _respacket,A4     ; |40| 
     397 00000208 30000228     [!B0]   MVKL    .S1     0x2000004,A0      ; |43| 
     398 0000020c 3200682A!    [!B0]   MVKL    .S2     _respacket+208,B4 ; |44| 
     399 00000210 228C2940     [ B0]   ADD     .D1     1,A3,A5           ; |40| 
     400 00000214 22800274     [ B0]   STW     .D1T1   A5,*A0            ; |40| 
     401                    
     402 00000218 00002011             B       .S1     L6                ; |46| 
     403 0000021c 200C8A24  || [ B0]   LDB     .D1T1   *+A3[A4],A0       ; |40| 
     404                    
     405 00000220 30010068     [!B0]   MVKH    .S1     0x2000004,A0      ; |43| 
     406 00000224 328000AA     [!B0]   MVK     .S2     1,B5              ; |43| 
     407                    
     408 00000228 328428C3     [!B0]   ZERO    .D2     B5                ; |44| 
     409 0000022c 220840FB  || [ B0]   ZERO    .L2     B4                ; |40| 
     410 00000230 3200006B! || [!B0]   MVKH    .S2     _respacket+208,B4 ; |44| 
     411 00000234 32800276  || [!B0]   STW     .D1T2   B5,*A0            ; |43| 
     412                    
     413 00000238 2201006B     [ B0]   MVKH    .S2     0x2000000,B4      ; |40| 
     414 0000023c 329002F6  || [!B0]   STW     .D2T2   B5,*B4            ; |44| 
     415                    
     416 00000240 201002F4     [ B0]   STW     .D2T1   A0,*B4            ; |40| 
     417                               ; BRANCH OCCURS                   ; |46| 
     418                    ;** --------------------------------------------------------------------------*
     419 00000244           L4:    
     420 00000244 00006000             NOP             4
     421 00000248 00118A5A             CMPEQ   .L2     B4,12,B0          ; |47| 
     422 0000024c 30001810     [!B0]   B       .S1     L6                ; |47| 
     423 00000250 00002000             NOP             2
     424 00000254 20000A28     [ B0]   MVKL    .S1     0x2000014,A0      ; |48| 
     425 00000258 20010068     [ B0]   MVKH    .S1     0x2000014,A0      ; |48| 
     426 0000025c 20000264     [ B0]   LDW     .D1T1   *A0,A0            ; |48| 
     427                               ; BRANCH OCCURS                   ; |47| 
     428                    ;** --------------------------------------------------------------------------*
     429 00000260 00006000             NOP             4
     430 00000264 008027A0             AND     .S1     1,A0,A1           ; |48| 
     431 00000268 90001410     [!A1]   B       .S1     L6                ; |48| 
     432 0000026c 00006000             NOP             4
     433 00000270 820008C2     [ A1]   ZERO    .D2     B4                ; |49| 
     434                               ; BRANCH OCCURS                   ; |48| 
     435                    ;*----------------------------------------------------------------------------*
     436                    ;*   SOFTWARE PIPELINE INFORMATION
     437                    ;*      Disqualified loop: software pipelining disabled
     438                    ;*----------------------------------------------------------------------------*
     439 00000274           L5:    
     440                    
TMS320C6x COFF Assembler         Version 4.10     Sat Jun 08 23:16:34 2024
Copyright (c) 1996-2001 Texas Instruments Incorporated
temp\interrupt.asm                                                   PAGE    9

     441 00000274 0201006B             MVKH    .S2     0x2000000,B4      ; |49| 
     442 00000278 00003E28! ||         MVKL    .S1     _compacket+124,A0 ; |49| 
     443                    
     444 00000280 021002E7             LDW     .D2T2   *B4,B4            ; |49| 
     445 00000284 00000068! ||         MVKH    .S1     _compacket+124,A0 ; |49| 
     446                    
     447 00000288 01800264             LDW     .D1T1   *A0,A3            ; |49| 
     448 0000028c 00003E28!            MVKL    .S1     _compacket+124,A0 ; |50| 
     449 00000290 00000068!            MVKH    .S1     _compacket+124,A0 ; |50| 
     450 00000294 00000000             NOP             1
     451 00000298 0213180A             EXTU    .S2     B4,24,24,B4       ; |49| 
     452 0000029c 020C0236             STB     .D1T2   B4,*A3            ; |49| 
     453 000002a0 00000264             LDW     .D1T1   *A0,A0            ; |50| 
     454 000002a4 020031AA!            MVKL    .S2     _compacket+99,B4  ; |50| 
     455 000002a8 0200006A!            MVKH    .S2     _compacket+99,B4  ; |50| 
     456 000002ac 00002000             NOP             2
     457 000002b0 00009A7A             CMPEQ   .L2X    A0,B4,B0          ; |50| 
     458 000002b4 30003E28!    [!B0]   MVKL    .S1     _compacket+124,A0 ; |54| 
     459 000002b8 30000068!    [!B0]   MVKH    .S1     _compacket+124,A0 ; |54| 
     460 000002bc 32000940     [!B0]   MV      .D1     A0,A4             ; |54| 
     461 000002c0 30100264     [!B0]   LDW     .D1T1   *A4,A0            ; |54| 
     462 000002c4 20003E28!    [ B0]   MVKL    .S1     _compacket+124,A0 ; |51| 
     463 000002c8 2200002A!    [ B0]   MVKL    .S2     _compacket,B4     ; |51| 
     464 000002cc 20000068!    [ B0]   MVKH    .S1     _compacket+124,A0 ; |51| 
     465 000002d0 2200006A!    [ B0]   MVKH    .S2     _compacket,B4     ; |51| 
     466                    
     467 000002d4 00000A29             MVKL    .S1     0x2000014,A0      ; |56| 
     468 000002d8 31802059  || [!B0]   ADD     .L1     1,A0,A3           ; |54| 
     469 000002dc 22000276  || [ B0]   STW     .D1T2   B4,*A0            ; |51| 
     470                    
     471 000002e0 00010069             MVKH    .S1     0x2000014,A0      ; |56| 
     472 000002e4 31900274  || [!B0]   STW     .D1T1   A3,*A4            ; |54| 
     473                    
     474 000002e8 00000264             LDW     .D1T1   *A0,A0            ; |56| 
     475 000002ec 00006000             NOP             4
     476 000002f0 008027A0             AND     .S1     1,A0,A1           ; |56| 
     477 000002f4 8FFFF290     [ A1]   B       .S1     L5                ; |56| 
     478 000002f8 00006000             NOP             4
     479 000002fc 820008C2     [ A1]   ZERO    .D2     B4                ; |49| 
     480                               ; BRANCH OCCURS                   ; |56| 
     481                    ;** --------------------------------------------------------------------------*
     482 00000300           L6:    
     483 00000300 00000428             MVKL    .S1     0x2000008,A0      ; |58| 
     484 00000304 00010068             MVKH    .S1     0x2000008,A0      ; |58| 
     485 00000308 00000264             LDW     .D1T1   *A0,A0            ; |58| 
     486 0000030c 00002000             NOP             2
     487                    ;** --------------------------------------------------------------------------*
     488 00000310           L7:    
     489 00000310 00002000             NOP             2
     490 00000314 0001E7A0             AND     .S1     15,A0,A0          ; |58| 
     491 00000318 00802A58             CMPEQ   .L1     A0,1,A1           ; |58| 
     492 0000031c 9FFFB610     [!A1]   B       .S1     L1                ; |58| 
     493 00000320 003C22F4             STW     .D2T1   A0,*+SP(4)        ; |58| 
     494 00000324 923C22E6     [!A1]   LDW     .D2T2   *+SP(4),B4        ; |26| 
     495 00000328 83BE82E6     [ A1]   LDW     .D2T2   *+SP(80),B7       ; |59| 
TMS320C6x COFF Assembler         Version 4.10     Sat Jun 08 23:16:34 2024
Copyright (c) 1996-2001 Texas Instruments Incorporated
temp\interrupt.asm                                                   PAGE   10

     496 0000032c 833E62E6     [ A1]   LDW     .D2T2   *+SP(76),B6       ; |59| 
     497 00000330 82BE42E6     [ A1]   LDW     .D2T2   *+SP(72),B5       ; |59| 
     498                               ; BRANCH OCCURS                   ; |58| 
     499                    ;** --------------------------------------------------------------------------*
     500 00000334 023E22E6             LDW     .D2T2   *+SP(68),B4       ; |59| 
     501                    ;** --------------------------------------------------------------------------*
     502 00000338           L8:    
     503 00000338 01BE02E6             LDW     .D2T2   *+SP(64),B3       ; |59| 
     504 0000033c 013DE2E6             LDW     .D2T2   *+SP(60),B2       ; |59| 
     505 00000340 00BDC2E6             LDW     .D2T2   *+SP(56),B1       ; |59| 
     506 00000344 003DA2E6             LDW     .D2T2   *+SP(52),B0       ; |59| 
     507 00000348 04BD82E4             LDW     .D2T1   *+SP(48),A9       ; |59| 
     508 0000034c 043D62E4             LDW     .D2T1   *+SP(44),A8       ; |59| 
     509 00000350 03BD42E4             LDW     .D2T1   *+SP(40),A7       ; |59| 
     510 00000354 033D22E4             LDW     .D2T1   *+SP(36),A6       ; |59| 
     511 00000358 02BD02E4             LDW     .D2T1   *+SP(32),A5       ; |59| 
     512 0000035c 023CE2E4             LDW     .D2T1   *+SP(28),A4       ; |59| 
     513 00000360 01BCC2E4             LDW     .D2T1   *+SP(24),A3       ; |59| 
     514 00000364 013CA2E4             LDW     .D2T1   *+SP(20),A2       ; |59| 
     515 00000368 00BC82E4             LDW     .D2T1   *+SP(16),A1       ; |59| 
     516 0000036c 003C62E4             LDW     .D2T1   *+SP(12),A0       ; |59| 
     517                    
     518 00000370 001800E3             B       .S2     IRP               ; |59| 
     519 00000374 043EA2E6  ||         LDW     .D2T2   *+SP(84),B8       ; |59| 
     520                    
     521 00000378 04BED2E6             LDW     .D2T2   *++SP(88),B9      ; |59| 
     522 0000037c 00006000             NOP             4
     523                               ; BRANCH OCCURS                   ; |59| 
     524                    
     525                    
     526 00000380                   .sect   ".text"
     527                            .global _ISRtimer0
     528                    
     529                    ;******************************************************************************
     530                    ;* FUNCTION NAME: _ISRtimer0                                                  *
     531                    ;*                                                                            *
     532                    ;*   Regs Modified     : A0,A1,A2,A3,A4,A5,A6,A7,A8,A9,A10,A11,A12,A13,A14,   *
     533                    ;*                           A15,B0,B1,B2,B3,B4,B5,B6,B7,B8,B9,B10,B11,B12,   *
     534                    ;*                           B13,SP                                           *
     535                    ;*   Regs Used         : A0,A1,A2,A3,A4,A5,A6,A7,A8,A9,A10,A11,A12,A13,A14,   *
     536                    ;*                           A15,B0,B1,B2,B3,B4,B5,B6,B7,B8,B9,B10,B11,B12,   *
     537                    ;*                           B13,SP                                           *
     538                    ;*   Local Frame Size  : 0 Args + 16 Auto + 124 Save = 140 byte               *
     539                    ;******************************************************************************
     540 00000380           _ISRtimer0:
     541                    ;** --------------------------------------------------------------------------*
     542 00000380 07FFB852             ADDK    .S2     -144,SP           ; |97| 
     543 00000384 023F62F6             STW     .D2T2   B4,*+SP(108)      ; |97| 
     544 00000388 01BF42F6             STW     .D2T2   B3,*+SP(104)      ; |97| 
     545 0000038c 058022FE             STW     .D2T2   B11,*+SP(136)     ; |97| 
     546 00000390 050021FE             STW     .D2T2   B10,*+SP(132)     ; |97| 
     547 00000394 048020FE             STW     .D2T2   B9,*+SP(128)      ; |97| 
     548 00000398 043FE2F6             STW     .D2T2   B8,*+SP(124)      ; |97| 
     549 0000039c 03BFC2F6             STW     .D2T2   B7,*+SP(120)      ; |97| 
     550 000003a0 033FA2F6             STW     .D2T2   B6,*+SP(116)      ; |97| 
TMS320C6x COFF Assembler         Version 4.10     Sat Jun 08 23:16:34 2024
Copyright (c) 1996-2001 Texas Instruments Incorporated
temp\interrupt.asm                                                   PAGE   11

     551 000003a4 02BF82F6             STW     .D2T2   B5,*+SP(112)      ; |97| 
     552 000003a8 013F22F6             STW     .D2T2   B2,*+SP(100)      ; |97| 
     553 000003ac 00BF02F6             STW     .D2T2   B1,*+SP(96)       ; |97| 
     554 000003b0 003EE2F6             STW     .D2T2   B0,*+SP(92)       ; |97| 
     555 000003b4 07BEC2F4             STW     .D2T1   A15,*+SP(88)      ; |97| 
     556 000003b8 073EA2F4             STW     .D2T1   A14,*+SP(84)      ; |97| 
     557 000003bc 06BE82F4             STW     .D2T1   A13,*+SP(80)      ; |97| 
     558 000003c0 063E62F4             STW     .D2T1   A12,*+SP(76)      ; |97| 
     559 000003c4 05BE42F4             STW     .D2T1   A11,*+SP(72)      ; |97| 
     560 000003c8 053E22F4             STW     .D2T1   A10,*+SP(68)      ; |97| 
     561 000003cc 04BE02F4             STW     .D2T1   A9,*+SP(64)       ; |97| 
     562 000003d0 043DE2F4             STW     .D2T1   A8,*+SP(60)       ; |97| 
     563 000003d4 03BDC2F4             STW     .D2T1   A7,*+SP(56)       ; |97| 
     564 000003d8 033DA2F4             STW     .D2T1   A6,*+SP(52)       ; |97| 
     565                    
     566 000003e0 02BD82F5             STW     .D2T1   A5,*+SP(48)       ; |97| 
     567 000003e4 0200002A! ||         MVKL    .S2     _GetPendulumPos,B4 ; |102| 
     568                    
     569 000003e8 023D62F5             STW     .D2T1   A4,*+SP(44)       ; |97| 
     570 000003ec 0200006A! ||         MVKH    .S2     _GetPendulumPos,B4 ; |102| 
     571                    
     572 000003f0 00100363             B       .S2     B4                ; |102| 
     573 000003f4 060023FE  ||         STW     .D2T2   B12,*+SP(140)     ; |97| 
     574                    
     575 000003f8 01BD42F4             STW     .D2T1   A3,*+SP(40)       ; |97| 
     576 000003fc 013D22F4             STW     .D2T1   A2,*+SP(36)       ; |97| 
     577 00000400 00BD02F4             STW     .D2T1   A1,*+SP(32)       ; |97| 
     578                    
     579 00000404 003CE2F5             STW     .D2T1   A0,*+SP(28)       ; |97| 
     580 00000408 01820A2A' ||         MVKL    .S2     RL2,B3            ; |102| 
     581                    
     582 0000040c 0180006B'            MVKH    .S2     RL2,B3            ; |102| 
     583 00000410 068024FE  ||         STW     .D2T2   B13,*+SP(144)     ; |97| 
     584                    
     585 00000414           RL2:       ; CALL OCCURS                     ; |102| 
     586 00000414 00000028!            MVKL    .S1     _GetCartPos,A0    ; |103| 
     587 00000418 00000068!            MVKH    .S1     _GetCartPos,A0    ; |103| 
     588 0000041c 00001362             B       .S2X    A0                ; |103| 
     589 00000420 0200142A-            MVKL    .S2     _y_pend,B4        ; |102| 
     590 00000424 0200006A-            MVKH    .S2     _y_pend,B4        ; |102| 
     591 00000428 01821A2A'            MVKL    .S2     RL4,B3            ; |103| 
     592 0000042c 021002F4             STW     .D2T1   A4,*B4            ; |102| 
     593 00000430 0180006A'            MVKH    .S2     RL4,B3            ; |103| 
     594 00000434           RL4:       ; CALL OCCURS                     ; |103| 
     595 00000434 02001A2A-            MVKL    .S2     _y_cart,B4        ; |103| 
     596 00000438 0280002A!            MVKL    .S2     _R_pend,B5        ; |106| 
     597                    
     598 00000440 0310105B             MV      .L2X    A4,B6             ; |103| 
     599 00000444 0200006B- ||         MVKH    .S2     _y_cart,B4        ; |103| 
     600 00000448 00001428- ||         MVKL    .S1     _y_pend,A0        ; |106| 
     601                    
     602 0000044c 031002F7             STW     .D2T2   B6,*B4            ; |103| 
     603 00000450 00000069- ||         MVKH    .S1     _y_pend,A0        ; |106| 
     604 00000454 0280006A! ||         MVKH    .S2     _R_pend,B5        ; |106| 
     605                    
TMS320C6x COFF Assembler         Version 4.10     Sat Jun 08 23:16:34 2024
Copyright (c) 1996-2001 Texas Instruments Incorporated
temp\interrupt.asm                                                   PAGE   12

     606 00000458 00000265             LDW     .D1T1   *A0,A0            ; |106| 
     607 0000045c 021402E6  ||         LDW     .D2T2   *B5,B4            ; |106| 
     608                    
     609 00000460 02801428-            MVKL    .S1     _y_pend,A5        ; |115| 
     610 00000464 02800068-            MVKH    .S1     _y_pend,A5        ; |115| 
     611 00000468 00002000             NOP             2
     612 0000046c 0280923A             SUBSP   .L2X    B4,A0,B5          ; |106| 
     613 00000470 01801A28-            MVKL    .S1     _y_cart,A3        ; |107| 
     614 00000474 00001628-            MVKL    .S1     _err_pend,A0      ; |106| 
     615                    
     616 00000478 0200002B!            MVKL    .S2     _R_cart,B4        ; |107| 
     617 0000047c 00000068- ||         MVKH    .S1     _err_pend,A0      ; |106| 
     618                    
     619 00000480 01800069-            MVKH    .S1     _y_cart,A3        ; |107| 
     620 00000484 0200006B! ||         MVKH    .S2     _R_cart,B4        ; |107| 
     621 00000488 02800276  ||         STW     .D1T2   B5,*A0            ; |106| 
     622                    
     623 0000048c 000C0265             LDW     .D1T1   *A3,A0            ; |107| 
     624 00000490 021002E6  ||         LDW     .D2T2   *B4,B4            ; |107| 
     625                    
     626 00000494 00006000             NOP             4
     627 00000498 018092B8             SUBSP   .L1X    B4,A0,A3          ; |107| 
     628 0000049c 02001C2A-            MVKL    .S2     _err_cart,B4      ; |107| 
     629 000004a0 0200006A-            MVKH    .S2     _err_cart,B4      ; |107| 
     630 000004a4 00001428-            MVKL    .S1     _y_pend,A0        ; |110| 
     631                    
     632 000004a8 00000069-            MVKH    .S1     _y_pend,A0        ; |110| 
     633 000004ac 019002F4  ||         STW     .D2T1   A3,*B4            ; |107| 
     634                    
     635 000004b0 02000264             LDW     .D1T1   *A0,A4            ; |110| 
     636 000004b4 00000C28-            MVKL    .S1     _mostPlusPos,A0   ; |111| 
     637 000004b8 00000068-            MVKH    .S1     _mostPlusPos,A0   ; |111| 
     638 000004bc 0200142A-            MVKL    .S2     _y_pend,B4        ; |111| 
     639 000004c0 018008C0             ZERO    .D1     A3                ; |110| 
     640                    
     641 000004c4 0200006B-            MVKH    .S2     _y_pend,B4        ; |111| 
     642 000004c8 008C8E60  ||         CMPGTSP .S1     A4,A3,A1          ; |110| 
     643                    
     644 000004cc 821002E7     [ A1]   LDW     .D2T2   *B4,B4            ; |111| 
     645 000004d0 81800264  || [ A1]   LDW     .D1T1   *A0,A3            ; |111| 
     646                    
     647 000004d4 00000000             NOP             1
     648 000004d8 80000E10     [ A1]   B       .S1     L9                ; |112| 
     649 000004dc 00002000             NOP             2
     650 000004e0 800C9E62     [ A1]   CMPLTSP .S2X    A3,B4,B0          ; |111| 
     651 000004e4 82000C2A-    [ A1]   MVKL    .S2     _mostPlusPos,B4   ; |111| 
     652 000004e8 8200006A-    [ A1]   MVKH    .S2     _mostPlusPos,B4   ; |111| 
     653                               ; BRANCH OCCURS                   ; |112| 
     654                    ;** --------------------------------------------------------------------------*
     655 000004ec 02140264             LDW     .D1T1   *A5,A4            ; |115| 
     656 000004f0 0200142A-            MVKL    .S2     _y_pend,B4        ; |116| 
     657 000004f4 0200006A-            MVKH    .S2     _y_pend,B4        ; |116| 
     658 000004f8 00002000             NOP             2
     659 000004fc 008C8EA0             CMPLTSP .S1     A4,A3,A1          ; |115| 
     660 00000500 90000A10     [!A1]   B       .S1     L10               ; |115| 
TMS320C6x COFF Assembler         Version 4.10     Sat Jun 08 23:16:34 2024
Copyright (c) 1996-2001 Texas Instruments Incorporated
temp\interrupt.asm                                                   PAGE   13

     661 00000504 00000E28-            MVKL    .S1     _mostMinusPos,A0  ; |116| 
     662 00000508 00000068-            MVKH    .S1     _mostMinusPos,A0  ; |116| 
     663                    
     664 0000050c 90000029!    [!A1]   MVKL    .S1     _mode,A0          ; |120| 
     665 00000510 821002E7  || [ A1]   LDW     .D2T2   *B4,B4            ; |116| 
     666 00000514 81800264  || [ A1]   LDW     .D1T1   *A0,A3            ; |116| 
     667                    
     668 00000518 90000068!    [!A1]   MVKH    .S1     _mode,A0          ; |120| 
     669 0000051c 90000264     [!A1]   LDW     .D1T1   *A0,A0            ; |120| 
     670                               ; BRANCH OCCURS                   ; |115| 
     671                    ;** --------------------------------------------------------------------------*
     672 00000520 00002000             NOP             2
     673 00000524 000C9EA2             CMPGTSP .S2X    A3,B4,B0          ; |116| 
     674 00000528 02000E2A-            MVKL    .S2     _mostMinusPos,B4  ; |116| 
     675 0000052c 0200006A-            MVKH    .S2     _mostMinusPos,B4  ; |116| 
     676                    ;** --------------------------------------------------------------------------*
     677 00000530           L9:    
     678 00000530 00001428-            MVKL    .S1     _y_pend,A0        ; |116| 
     679 00000534 00000068-            MVKH    .S1     _y_pend,A0        ; |116| 
     680 00000538 20000264     [ B0]   LDW     .D1T1   *A0,A0            ; |116| 
     681 0000053c 00006000             NOP             4
     682 00000540 201002F4     [ B0]   STW     .D2T1   A0,*B4            ; |116| 
     683 00000544 00000028!            MVKL    .S1     _mode,A0          ; |120| 
     684 00000548 00000068!            MVKH    .S1     _mode,A0          ; |120| 
     685 0000054c 00000264             LDW     .D1T1   *A0,A0            ; |120| 
     686                    ;** --------------------------------------------------------------------------*
     687 00000550           L10:    
     688 00000550 03001628-            MVKL    .S1     _err_pend,A6      ; |121| 
     689 00000554 03000068-            MVKH    .S1     _err_pend,A6      ; |121| 
     690 00000558 00002000             NOP             2
     691 0000055c 00802A58             CMPEQ   .L1     A0,1,A1           ; |120| 
     692 00000560 90004C10     [!A1]   B       .S1     L12               ; |120| 
     693 00000564 028008C0             ZERO    .D1     A5                ; |121| 
     694 00000568 02A09068             MVKH    .S1     0x41200000,A5     ; |121| 
     695 0000056c 826666AA     [ A1]   MVKL    .S2     0xbd4ccccd,B4     ; |129| 
     696                    
     697 00000570 8200042B-    [ A1]   MVKL    .S2     _prevErr_cart,B4  ; |129| 
     698 00000574 90001429- || [!A1]   MVKL    .S1     _y_pend,A0        ; |139| 
     699 00000578 823C62F6  || [ A1]   STW     .D2T2   B4,*+SP(12)       ; |129| 
     700                    
     701 00000580 8200062B-    [ A1]   MVKL    .S2     _sumErr_cart,B4   ; |129| 
     702 00000584 823C82F6  || [ A1]   STW     .D2T2   B4,*+SP(16)       ; |129| 
     703                    
     704                               ; BRANCH OCCURS                   ; |120| 
     705                    ;** --------------------------------------------------------------------------*
     706                    
     707 00000588 025B8BAB             MVKL    .S2     0xb951b717,B4     ; |129| 
     708 0000058c 001011A0  ||         MV      .S1X    B4,A0             ; |129| 
     709                    
     710 00000590 023C62E7             LDW     .D2T2   *+SP(12),B4       ; |129| 
     711 00000594 031001A2  ||         MV      .S2     B4,B6
     712                    
     713 00000598 07001628-            MVKL    .S1     _err_pend,A14     ; |121| 
     714 0000059c 0400162A-            MVKL    .S2     _err_pend,B8      ; |124| 
     715 000005a0 03800028-            MVKL    .S1     _prevErr_pend,A7  ; |125| 
TMS320C6x COFF Assembler         Version 4.10     Sat Jun 08 23:16:34 2024
Copyright (c) 1996-2001 Texas Instruments Incorporated
temp\interrupt.asm                                                   PAGE   14

     716 000005a4 0280002A-            MVKL    .S2     _prevErr_pend,B5  ; |124| 
     717 000005a8 025EA66A             MVKH    .S2     0xbd4ccccd,B4     ; |129| 
     718 000005ac 023C62F6             STW     .D2T2   B4,*+SP(12)       ; |129| 
     719 000005b0 023C82E6             LDW     .D2T2   *+SP(16),B4       ; |124| 
     720 000005b4 05E666A8             MVKL    .S1     0xbe4ccccd,A11    ; |129| 
     721                    
     722 000005b8 0580182B-            MVKL    .S2     _u_pend,B11       ; |124| 
     723 000005bc 02000228- ||         MVKL    .S1     _sumErr_pend,A4   ; |123| 
     724                    
     725 000005c0 0183DC2B'            MVKL    .S2     RL6,B3            ; |134| 
     726 000005c4 01001C28- ||         MVKL    .S1     _err_cart,A2      ; |129| 
     727                    
     728 000005c8 04001629-            MVKL    .S1     _err_pend,A8      ; |125| 
     729 000005cc 00801C2A- ||         MVKL    .S2     _err_cart,B1      ; |128| 
     730                    
     731 000005d0 0200006B-            MVKH    .S2     _prevErr_cart,B4  ; |129| 
     732 000005d4 00801C28- ||         MVKL    .S1     _err_cart,A1      ; |129| 
     733                    
     734 000005e0 023C82F7             STW     .D2T2   B4,*+SP(16)       ; |123| 
     735 000005e4 05001629- ||         MVKL    .S1     _err_pend,A10     ; |124| 
     736 000005e8 0380002A! ||         MVKL    .S2     _PWMOut,B7        ; |134| 
     737                    
     738 000005ec 07980265             LDW     .D1T1   *A6,A15           ; |121| 
     739 000005f0 04801E29- ||         MVKL    .S1     _u_cart,A9        ; |129| 
     740 000005f4 0100042A- ||         MVKL    .S2     _prevErr_cart,B2  ; |130| 
     741                    
     742 000005f8 05001E2B-            MVKL    .S2     _u_cart,B10       ; |133| 
     743 000005fc 06001C28- ||         MVKL    .S1     _err_cart,A12     ; |130| 
     744                    
     745 00000600 0680162B-            MVKL    .S2     _err_pend,B13     ; |123| 
     746 00000604 06801829- ||         MVKL    .S1     _u_pend,A13       ; |133| 
     747 00000608 060428C2  ||         ZERO    .D2     B12               ; |121| 
     748                    
     749 0000060c 0660906B             MVKH    .S2     0xc1200000,B12    ; |121| 
     750 00000610 07000069- ||         MVKH    .S1     _err_pend,A14     ; |121| 
     751 00000614 048428C2  ||         ZERO    .D2     B9                ; |124| 
     752                    
     753 00000618 03800069-            MVKH    .S1     _prevErr_pend,A7  ; |125| 
     754 0000061c 04A0D06A  ||         MVKH    .S2     0x41a00000,B9     ; |124| 
     755                    
     756 00000620 0295EE61             CMPGTSP .S1     A15,A5,A5         ; |121| 
     757 00000624 0400006A- ||         MVKH    .S2     _err_pend,B8      ; |124| 
     758                    
     759 00000628 00143DDB             XOR     .L2X    1,A5,B0           ; |121| 
     760 0000062c 0280006B- ||         MVKH    .S2     _prevErr_pend,B5  ; |124| 
     761 00000630 05DF2668  ||         MVKH    .S1     0xbe4ccccd,A11    ; |129| 
     762                    
     763 00000634 22B80265     [ B0]   LDW     .D1T1   *A14,A5           ; |121| 
     764 00000638 0580006B- ||         MVKH    .S2     _u_pend,B11       ; |124| 
     765 0000063c 02000068- ||         MVKH    .S1     _sumErr_pend,A4   ; |123| 
     766                    
     767 00000640 0180006B'            MVKH    .S2     RL6,B3            ; |134| 
     768 00000644 01000068- ||         MVKH    .S1     _err_cart,A2      ; |129| 
     769                    
     770 00000648 04000069-            MVKH    .S1     _err_pend,A8      ; |125| 
TMS320C6x COFF Assembler         Version 4.10     Sat Jun 08 23:16:34 2024
Copyright (c) 1996-2001 Texas Instruments Incorporated
temp\interrupt.asm                                                   PAGE   15

     771 0000064c 0080006A- ||         MVKH    .S2     _err_cart,B1      ; |128| 
     772                    
     773 00000650 0380006B!            MVKH    .S2     _PWMOut,B7        ; |134| 
     774 00000654 00800068- ||         MVKH    .S1     _err_cart,A1      ; |129| 
     775                    
     776 00000658 05000069-            MVKH    .S1     _err_pend,A10     ; |124| 
     777 0000065c 0100006A- ||         MVKH    .S2     _prevErr_cart,B2  ; |130| 
     778                    
     779 00000660 26159E63     [ B0]   CMPLTSP .S2X    A5,B12,B12        ; |121| 
     780 00000664 04800068- ||         MVKH    .S1     _u_cart,A9        ; |129| 
     781                    
     782 00000668 20302DDB     [ B0]   XOR     .L2     1,B12,B0          ; |121| 
     783 0000066c 0500006B- ||         MVKH    .S2     _u_cart,B10       ; |133| 
     784 00000670 06000068- ||         MVKH    .S1     _err_cart,A12     ; |130| 
     785                    
     786 00000674 30002B91     [!B0]   B       .S1     L11               ; |121| 
     787 00000678 0200105B  ||         MV      .L2X    A0,B4             ; |124| 
     788 0000067c 035CA8EA  ||         MVKH    .S2     0xb951b717,B6     ; |129| 
     789                    
     790 00000680 0200006B-            MVKH    .S2     _sumErr_cart,B4   ; |129| 
     791 00000684 06800068- ||         MVKH    .S1     _u_pend,A13       ; |133| 
     792                    
     793 00000688 0200062B-            MVKL    .S2     _sumErr_cart,B4   ; |128| 
     794 0000068c 00101059  ||         MV      .L1X    B4,A0             ; |129| 
     795 00000690 03000228- ||         MVKL    .S1     _sumErr_pend,A6   ; |124| 
     796                    
     797 000006a0 03000069-            MVKH    .S1     _sumErr_pend,A6   ; |124| 
     798 000006a4 0200006B- ||         MVKH    .S2     _sumErr_cart,B4   ; |128| 
     799 000006a8 030428C3  ||         ZERO    .D2     B6                ; |124| 
     800 000006ac 01981058  ||         MV      .L1X    B6,A3             ; |125| 
     801                    
     802 000006b0 02340943             MV      .D2     B13,B4            ; |128| 
     803 000006b4 02901059  ||         MV      .L1X    B4,A5             ; |128| 
     804 000006b8 07AE14A9  ||         MVKL    .S1     0x3e0f5c29,A15    ; |124| 
     805 000006bc 0320906A  ||         MVKH    .S2     0x41200000,B6     ; |124| 
     806                    
     807 000006c0 0200006B-            MVKH    .S2     _err_pend,B4      ; |123| 
     808 000006c4 079F07E8  ||         MVKH    .S1     0x3e0f5c29,A15    ; |124| 
     809                    
     810                               ; BRANCH OCCURS                   ; |121| 
     811                    ;** --------------------------------------------------------------------------*
     812                    
     813 000006c8 021002E7             LDW     .D2T2   *B4,B4            ; |123| 
     814 000006cc 07100264  ||         LDW     .D1T1   *A4,A14           ; |123| 
     815                    
     816 000006d0 00006000             NOP             4
     817 000006d4 0711D218             ADDSP   .L1X    B4,A14,A14        ; |123| 
     818 000006d8 00004000             NOP             3
     819 000006dc 07100274             STW     .D1T1   A14,*A4           ; |123| 
     820                    
     821 000006e0 03180265             LDW     .D1T1   *A6,A6            ; |124| 
     822 000006e4 029402E6  ||         LDW     .D2T2   *B5,B5            ; |124| 
     823                    
     824 000006e8 02280265             LDW     .D1T1   *A10,A4           ; |124| 
     825 000006ec 022002E6  ||         LDW     .D2T2   *B8,B4            ; |124| 
TMS320C6x COFF Assembler         Version 4.10     Sat Jun 08 23:16:34 2024
Copyright (c) 1996-2001 Texas Instruments Incorporated
temp\interrupt.asm                                                   PAGE   16

     826                    
     827 000006f0 00006000             NOP             4
     828                    
     829 000006f4 023CCE01             MPYSP   .M1     A6,A15,A4         ; |124| 
     830 000006f8 02248E03  ||         MPYSP   .M2     B4,B9,B4          ; |124| 
     831 000006fc 029492BA  ||         SUBSP   .L2X    A4,B5,B5          ; |124| 
     832                    
     833 00000700 00004000             NOP             3
     834                    
     835 00000704 0210921B             ADDSP   .L2X    A4,B4,B4          ; |124| 
     836 00000708 0298AE02  ||         MPYSP   .M2     B5,B6,B5          ; |124| 
     837                    
     838 0000070c 00004000             NOP             3
     839 00000710 0210A21A             ADDSP   .L2     B5,B4,B4          ; |124| 
     840 00000714 00004000             NOP             3
     841 00000718 022C02F6             STW     .D2T2   B4,*B11           ; |124| 
     842 0000071c 02200264             LDW     .D1T1   *A8,A4            ; |125| 
     843 00000720 00006000             NOP             4
     844 00000724 021C0274             STW     .D1T1   A4,*A7            ; |125| 
     845                    
     846 00000728 020402E7             LDW     .D2T2   *B1,B4            ; |128| 
     847 0000072c 02140264  ||         LDW     .D1T1   *A5,A4            ; |128| 
     848                    
     849 00000730 00006000             NOP             4
     850 00000734 02109218             ADDSP   .L1X    B4,A4,A4          ; |128| 
     851 00000738 020011A2             MV      .S2X    A0,B4             ; |128| 
     852 0000073c 00002000             NOP             2
     853 00000740 02140274             STW     .D1T1   A4,*A5            ; |128| 
     854 00000744 029002E6             LDW     .D2T2   *B4,B5            ; |129| 
     855 00000748 023C82E6             LDW     .D2T2   *+SP(16),B4       ; |129| 
     856 0000074c 00040264             LDW     .D1T1   *A1,A0            ; |129| 
     857 00000750 02080264             LDW     .D1T1   *A2,A4            ; |129| 
     858 00000754 00002000             NOP             2
     859 00000758 031002E6             LDW     .D2T2   *B4,B6            ; |129| 
     860 0000075c 023C62E6             LDW     .D2T2   *+SP(12),B4
     861 00000760 00004000             NOP             3
     862 00000764 031812BA             SUBSP   .L2X    A0,B6,B6          ; |129| 
     863                    
     864 00000768 002C8E01             MPYSP   .M1     A4,A11,A0         ; |129| 
     865 0000076c 028CBE02  ||         MPYSP   .M2X    B5,A3,B5
     866                    
     867 00000770 00004000             NOP             3
     868                    
     869 00000774 0210CE03             MPYSP   .M2     B6,B4,B4          ; |129| 
     870 00000778 00141218  ||         ADDSP   .L1X    B5,A0,A0          ; |129| 
     871                    
     872 0000077c 00004000             NOP             3
     873 00000780 00101218             ADDSP   .L1X    B4,A0,A0          ; |129| 
     874 00000784 00004000             NOP             3
     875 00000788 00240274             STW     .D1T1   A0,*A9            ; |129| 
     876 0000078c 02300266             LDW     .D1T2   *A12,B4           ; |130| 
     877 00000790 00006000             NOP             4
     878 00000794 020802F6             STW     .D2T2   B4,*B2            ; |130| 
     879                    
     880 00000798 022802E7             LDW     .D2T2   *B10,B4           ; |133| 
TMS320C6x COFF Assembler         Version 4.10     Sat Jun 08 23:16:34 2024
Copyright (c) 1996-2001 Texas Instruments Incorporated
temp\interrupt.asm                                                   PAGE   17

     881 0000079c 00340264  ||         LDW     .D1T1   *A13,A0           ; |133| 
     882                    
     883 000007a0 00004000             NOP             3
     884 000007a4 001C0362             B       .S2     B7                ; |134| 
     885 000007a8 0200921A             ADDSP   .L2X    B4,A0,B4          ; |133| 
     886 000007ac 00004000             NOP             3
     887                    
     888 000007b0 021011A1             MV      .S1X    B4,A4             ; |133| 
     889 000007b4 023C22F6  ||         STW     .D2T2   B4,*+SP(4)        ; |133| 
     890                    
     891 000007b8           RL6:       ; CALL OCCURS                     ; |134| 
     892 000007b8 023C42F4             STW     .D2T1   A4,*+SP(8)        ; |134| 
     893                    ;** --------------------------------------------------------------------------*
     894 000007bc           L11:    
     895 000007bc 00001428-            MVKL    .S1     _y_pend,A0        ; |139| 
     896                    ;** --------------------------------------------------------------------------*
     897 000007c0           L12:    
     898                    
     899 000007c0 0200102B-            MVKL    .S2     _prevPendPos,B4   ; |139| 
     900 000007c4 00000068- ||         MVKH    .S1     _y_pend,A0        ; |139| 
     901                    
     902 000007c8 00000265             LDW     .D1T1   *A0,A0            ; |139| 
     903 000007cc 0280002A! ||         MVKL    .S2     _UMAddData,B5     ; |142| 
     904                    
     905 000007d0 0400142A-            MVKL    .S2     _y_pend,B8        ; |142| 
     906 000007d4 03801A2A-            MVKL    .S2     _y_cart,B7        ; |142| 
     907 000007d8 0200006A-            MVKH    .S2     _prevPendPos,B4   ; |139| 
     908 000007dc 0280006A!            MVKH    .S2     _UMAddData,B5     ; |142| 
     909                    
     910 000007e0 001002F5             STW     .D2T1   A0,*B4            ; |139| 
     911 000007e4 0400006A- ||         MVKH    .S2     _y_pend,B8        ; |142| 
     912                    
     913 000007e8 033C42E7             LDW     .D2T2   *+SP(8),B6        ; |142| 
     914 000007ec 00000029! ||         MVKL    .S1     _R_swup_cart,A0   ; |142| 
     915 000007f0 0380006A- ||         MVKH    .S2     _y_cart,B7        ; |142| 
     916                    
     917 000007f4 00140363             B       .S2     B5                ; |142| 
     918 000007f8 00000069! ||         MVKH    .S1     _R_swup_cart,A0   ; |142| 
     919 000007fc 022002E4  ||         LDW     .D2T1   *B8,A4            ; |142| 
     920                    
     921 00000800 02000267             LDW     .D1T2   *A0,B4            ; |142| 
     922 00000804 031C02E4  ||         LDW     .D2T1   *B7,A6            ; |142| 
     923                    
     924 00000808 01840A2A'            MVKL    .S2     RL8,B3            ; |142| 
     925 0000080c 0180006A'            MVKH    .S2     RL8,B3            ; |142| 
     926 00000810 00002000             NOP             2
     927 00000814           RL8:       ; CALL OCCURS                     ; |142| 
     928 00000814 00000028!            MVKL    .S1     _TINTCnt,A0       ; |145| 
     929 00000818 00000068!            MVKH    .S1     _TINTCnt,A0       ; |145| 
     930 0000081c 01800264             LDW     .D1T1   *A0,A3            ; |145| 
     931 00000820 020000AA             MVK     .S2     1,B4              ; |146| 
     932 00000824 00004000             NOP             3
     933                    
     934 00000828 01801229-            MVKL    .S1     _TFlag,A3         ; |146| 
     935 0000082c 020C2940  ||         ADD     .D1     1,A3,A4           ; |145| 
TMS320C6x COFF Assembler         Version 4.10     Sat Jun 08 23:16:34 2024
Copyright (c) 1996-2001 Texas Instruments Incorporated
temp\interrupt.asm                                                   PAGE   18

     936                    
     937 00000830 02000275             STW     .D1T1   A4,*A0            ; |145| 
     938 00000834 01800068- ||         MVKH    .S1     _TFlag,A3         ; |146| 
     939                    
     940 00000838 020C0276             STW     .D1T2   B4,*A3            ; |146| 
     941 0000083c 068024EE             LDW     .D2T2   *+SP(144),B13     ; |147| 
     942 00000840 060023EE             LDW     .D2T2   *+SP(140),B12     ; |147| 
     943 00000844 058022EE             LDW     .D2T2   *+SP(136),B11     ; |147| 
     944 00000848 050021EE             LDW     .D2T2   *+SP(132),B10     ; |147| 
     945 0000084c 048020EE             LDW     .D2T2   *+SP(128),B9      ; |147| 
     946 00000850 013F22E6             LDW     .D2T2   *+SP(100),B2      ; |147| 
     947 00000854 00BF02E6             LDW     .D2T2   *+SP(96),B1       ; |147| 
     948 00000858 003EE2E6             LDW     .D2T2   *+SP(92),B0       ; |147| 
     949 0000085c 07BEC2E4             LDW     .D2T1   *+SP(88),A15      ; |147| 
     950 00000860 073EA2E4             LDW     .D2T1   *+SP(84),A14      ; |147| 
     951 00000864 06BE82E4             LDW     .D2T1   *+SP(80),A13      ; |147| 
     952 00000868 063E62E4             LDW     .D2T1   *+SP(76),A12      ; |147| 
     953 0000086c 05BE42E4             LDW     .D2T1   *+SP(72),A11      ; |147| 
     954 00000870 053E22E4             LDW     .D2T1   *+SP(68),A10      ; |147| 
     955 00000874 04BE02E4             LDW     .D2T1   *+SP(64),A9       ; |147| 
     956 00000878 043DE2E4             LDW     .D2T1   *+SP(60),A8       ; |147| 
     957 0000087c 03BDC2E4             LDW     .D2T1   *+SP(56),A7       ; |147| 
     958 00000880 02BD82E4             LDW     .D2T1   *+SP(48),A5       ; |147| 
     959 00000884 013D22E4             LDW     .D2T1   *+SP(36),A2       ; |147| 
     960 00000888 00BD02E4             LDW     .D2T1   *+SP(32),A1       ; |147| 
     961 0000088c 02BF82E6             LDW     .D2T2   *+SP(112),B5      ; |147| 
     962 00000890 043FE2E6             LDW     .D2T2   *+SP(124),B8      ; |147| 
     963 00000894 03BFC2E6             LDW     .D2T2   *+SP(120),B7      ; |147| 
     964 00000898 01BF42E6             LDW     .D2T2   *+SP(104),B3      ; |147| 
     965 0000089c 033FA2E6             LDW     .D2T2   *+SP(116),B6      ; |147| 
     966 000008a0 033DA2E4             LDW     .D2T1   *+SP(52),A6       ; |147| 
     967 000008a4 003CE2E4             LDW     .D2T1   *+SP(28),A0       ; |147| 
     968 000008a8 023D62E4             LDW     .D2T1   *+SP(44),A4       ; |147| 
     969                    
     970 000008ac 001800E3             B       .S2     IRP               ; |147| 
     971 000008b0 023F62E6  ||         LDW     .D2T2   *+SP(108),B4      ; |147| 
     972                    
     973 000008b4 01BD42E4             LDW     .D2T1   *+SP(40),A3       ; |147| 
     974 000008b8 07804852             ADDK    .S2     144,SP            ; |147| 
     975 000008bc 00004000             NOP             3
     976                               ; BRANCH OCCURS                   ; |147| 
     977                    
     978                    
     979                    ;******************************************************************************
     980                    ;* UNDEFINED EXTERNAL REFERENCES                                              *
     981                    ;******************************************************************************
     982                            .global _SendByte
     983                            .global _PWMOut
     984                            .global _GetCartPos
     985                            .global _GetPendulumPos
     986                            .global _UMAddData
     987                            .global _compacket
     988                            .global _respacket
     989                            .global _TINTCnt
     990                            .global _R_pend
TMS320C6x COFF Assembler         Version 4.10     Sat Jun 08 23:16:34 2024
Copyright (c) 1996-2001 Texas Instruments Incorporated
temp\interrupt.asm                                                   PAGE   19

     991                            .global _R_cart
     992                            .global _R_swup_cart
     993                            .global _mode

No Assembly Errors, No Assembly Warnings
