TMS320C6x COFF Assembler         Version 4.10     Wed Jun 05 12:31:22 2024
Copyright (c) 1996-2001 Texas Instruments Incorporated
temp\interrupt.asm                                                   PAGE    1

       1                    ;******************************************************************************
       2                    ;* TMS320C6x ANSI C Codegen                                      Version 4.10 *
       3                    ;* Date/Time created: Wed Jun 05 12:31:22 2024                                *
       4                    ;******************************************************************************
       5                    
       6                    ;******************************************************************************
       7                    ;* GLOBAL FILE PARAMETERS                                                     *
       8                    ;*                                                                            *
       9                    ;*   Architecture      : TMS320C670x                                          *
      10                    ;*   Optimization      : Disabled                                             *
      11                    ;*   Optimizing for    : Compile time, Ease of Development                    *
      12                    ;*                       Based on options: no -o, no -ms                      *
      13                    ;*   Endian            : Little                                               *
      14                    ;*   Interrupt Thrshld : Disabled                                             *
      15                    ;*   Memory Model      : Large                                                *
      16                    ;*   Calls to RTS      : Far                                                  *
      17                    ;*   Pipelining        : Disabled                                             *
      18                    ;*   Memory Aliases    : Presume are aliases (pessimistic)                    *
      19                    ;*   Debug Info        : No Debug Info                                        *
      20                    ;*                                                                            *
      21                    ;******************************************************************************
      22                    
      23                            .asg    A15, FP
      24                            .asg    B14, DP
      25                            .asg    B15, SP
      26                            .global $bss
      27                    
      28                    
      29 00000000                   .sect   ".cinit"
      30                            .align  8
      31 00000000 00000004          .field          4,32
      32 00000004 00000000-         .field          _TFlag+0,32
      33 00000008 00000000          .field          0,32                    ; _TFlag @ 0
      34 00000000                   .sect   ".text"
      35                            .global _TFlag
      36 00000000           _TFlag: .usect  .far,4,4
      37 00000004           _refer$1:       .usect  .far,4,4
      38                    
      39 0000000c                   .sect   ".cinit"
      40                            .align  8
      41 00000010 00000004          .field          4,32
      42 00000014 00000008-         .field          _sum_error$2+0,32
      43 00000018 00000000          .word   000000000h              ; _sum_error$2 @ 0
      44 00000000                   .sect   ".text"
      45 00000008           _sum_error$2:   .usect  .far,4,4
      46                    
      47 0000001c                   .sect   ".cinit"
      48                            .align  8
      49 00000020 00000004          .field          4,32
      50 00000024 0000000C-         .field          _prev_error$3+0,32
      51 00000028 00000000          .word   000000000h              ; _prev_error$3 @ 0
      52 00000000                   .sect   ".text"
      53 0000000c           _prev_error$3:  .usect  .far,4,4
      54                    
      55 0000002c                   .sect   ".cinit"
TMS320C6x COFF Assembler         Version 4.10     Wed Jun 05 12:31:22 2024
Copyright (c) 1996-2001 Texas Instruments Incorporated
temp\interrupt.asm                                                   PAGE    2

      56                            .align  8
      57 00000030 00000004          .field          4,32
      58 00000034 00000010-         .field          _refer_d$4+0,32
      59 00000038 00000000          .word   000000000h              ; _refer_d$4 @ 0
      60 00000000                   .sect   ".text"
      61 00000010           _refer_d$4:     .usect  .far,4,4
      62                    
      63 0000003c                   .sect   ".cinit"
      64                            .align  8
      65 00000040 00000004          .field          4,32
      66 00000044 00000014-         .field          _sum_error_d$5+0,32
      67 00000048 00000000          .word   000000000h              ; _sum_error_d$5 @ 0
      68 00000000                   .sect   ".text"
      69 00000014           _sum_error_d$5: .usect  .far,4,4
      70                    
      71 0000004c                   .sect   ".cinit"
      72                            .align  8
      73 00000050 00000004          .field          4,32
      74 00000054 00000018-         .field          _prev_error_d$6+0,32
      75 00000058 00000000          .word   000000000h              ; _prev_error_d$6 @ 0
      76 00000000                   .sect   ".text"
      77 00000018           _prev_error_d$6:        .usect  .far,4,4
      78                    ;       acp6x -q -D_FAR_RTS=1 --large_model=3 --version=6701 -m --i_output_file C:\Users\user\AppData\
      79 00000000                   .sect   ".text"
      80                            .global _ISRextint4
      81                    
      82                    ;******************************************************************************
      83                    ;* FUNCTION NAME: _ISRextint4                                                 *
      84                    ;*                                                                            *
      85                    ;*   Regs Modified     :                                                      *
      86                    ;*   Regs Used         :                                                      *
      87                    ;*   Local Frame Size  : 0 Args + 0 Auto + 0 Save = 0 byte                    *
      88                    ;******************************************************************************
      89 00000000           _ISRextint4:
      90                    ;** --------------------------------------------------------------------------*
      91 00000000 001800E2             B       .S2     IRP               ; |11| 
      92 00000004 00008000             NOP             5
      93                               ; BRANCH OCCURS                   ; |11| 
      94                    
      95                    
      96 00000008                   .sect   ".text"
      97                            .global _ISRextint5
      98                    
      99                    ;******************************************************************************
     100                    ;* FUNCTION NAME: _ISRextint5                                                 *
     101                    ;*                                                                            *
     102                    ;*   Regs Modified     :                                                      *
     103                    ;*   Regs Used         :                                                      *
     104                    ;*   Local Frame Size  : 0 Args + 0 Auto + 0 Save = 0 byte                    *
     105                    ;******************************************************************************
     106 00000008           _ISRextint5:
     107                    ;** --------------------------------------------------------------------------*
     108 00000008 001800E2             B       .S2     IRP               ; |17| 
     109 0000000c 00008000             NOP             5
     110                               ; BRANCH OCCURS                   ; |17| 
TMS320C6x COFF Assembler         Version 4.10     Wed Jun 05 12:31:22 2024
Copyright (c) 1996-2001 Texas Instruments Incorporated
temp\interrupt.asm                                                   PAGE    3

     111                    
     112                    
     113 00000010                   .sect   ".text"
     114                            .global _c_int08
     115                    
     116                    ;******************************************************************************
     117                    ;* FUNCTION NAME: _c_int08                                                    *
     118                    ;*                                                                            *
     119                    ;*   Regs Modified     :                                                      *
     120                    ;*   Regs Used         :                                                      *
     121                    ;*   Local Frame Size  : 0 Args + 0 Auto + 0 Save = 0 byte                    *
     122                    ;******************************************************************************
     123 00000010           _c_int08:
     124                    ;** --------------------------------------------------------------------------*
     125 00000010 001800E2             B       .S2     IRP               ; |29| 
     126 00000014 00008000             NOP             5
     127                               ; BRANCH OCCURS                   ; |29| 
     128                    
     129                    
     130 00000018                   .sect   ".text"
     131                            .global _c_int09
     132                    
     133                    ;******************************************************************************
     134                    ;* FUNCTION NAME: _c_int09                                                    *
     135                    ;*                                                                            *
     136                    ;*   Regs Modified     :                                                      *
     137                    ;*   Regs Used         :                                                      *
     138                    ;*   Local Frame Size  : 0 Args + 0 Auto + 0 Save = 0 byte                    *
     139                    ;******************************************************************************
     140 00000018           _c_int09:
     141                    ;** --------------------------------------------------------------------------*
     142 00000018 001800E2             B       .S2     IRP               ; |35| 
     143 0000001c 00008000             NOP             5
     144                               ; BRANCH OCCURS                   ; |35| 
     145                    
     146                    
     147 00000020                   .sect   ".text"
     148                            .global _ISRNMI
     149                    
     150                    ;******************************************************************************
     151                    ;* FUNCTION NAME: _ISRNMI                                                     *
     152                    ;*                                                                            *
     153                    ;*   Regs Modified     :                                                      *
     154                    ;*   Regs Used         :                                                      *
     155                    ;*   Local Frame Size  : 0 Args + 0 Auto + 0 Save = 0 byte                    *
     156                    ;******************************************************************************
     157 00000020           _ISRNMI:
     158                    ;** --------------------------------------------------------------------------*
     159 00000020 001800E2             B       .S2     IRP               ; |30| 
     160 00000024 00008000             NOP             5
     161                               ; BRANCH OCCURS                   ; |30| 
     162                    
     163                    
     164 00000028                   .sect   ".text"
     165                            .global _ISRextint6
TMS320C6x COFF Assembler         Version 4.10     Wed Jun 05 12:31:22 2024
Copyright (c) 1996-2001 Texas Instruments Incorporated
temp\interrupt.asm                                                   PAGE    4

     166                    
     167                    ;******************************************************************************
     168                    ;* FUNCTION NAME: _ISRextint6                                                 *
     169                    ;*                                                                            *
     170                    ;*   Regs Modified     : A0,A1,A2,A3,A4,A5,A6,A7,A8,A9,B0,B1,B2,B3,B4,B5,B6,  *
     171                    ;*                           B7,B8,B9,SP                                      *
     172                    ;*   Regs Used         : A0,A1,A2,A3,A4,A5,A6,A7,A8,A9,B0,B1,B2,B3,B4,B5,B6,  *
     173                    ;*                           B7,B8,B9,SP                                      *
     174                    ;*   Local Frame Size  : 0 Args + 4 Auto + 84 Save = 88 byte                  *
     175                    ;******************************************************************************
     176 00000028           _ISRextint6:
     177                    ;** --------------------------------------------------------------------------*
     178 00000028 04BED4F6             STW     .D2T2   B9,*SP--(88)      ; |33| 
     179 0000002c 003C62F4             STW     .D2T1   A0,*+SP(12)       ; |33| 
     180 00000030 03BE82F6             STW     .D2T2   B7,*+SP(80)       ; |33| 
     181 00000034 033E62F6             STW     .D2T2   B6,*+SP(76)       ; |33| 
     182 00000038 02BE42F6             STW     .D2T2   B5,*+SP(72)       ; |33| 
     183 0000003c 023E22F6             STW     .D2T2   B4,*+SP(68)       ; |33| 
     184 00000040 01BE02F6             STW     .D2T2   B3,*+SP(64)       ; |33| 
     185 00000044 013DE2F6             STW     .D2T2   B2,*+SP(60)       ; |33| 
     186 00000048 00BDC2F6             STW     .D2T2   B1,*+SP(56)       ; |33| 
     187 0000004c 003DA2F6             STW     .D2T2   B0,*+SP(52)       ; |33| 
     188 00000050 04BD82F4             STW     .D2T1   A9,*+SP(48)       ; |33| 
     189 00000054 043D62F4             STW     .D2T1   A8,*+SP(44)       ; |33| 
     190 00000058 03BD42F4             STW     .D2T1   A7,*+SP(40)       ; |33| 
     191 0000005c 033D22F4             STW     .D2T1   A6,*+SP(36)       ; |33| 
     192 00000060 02BD02F4             STW     .D2T1   A5,*+SP(32)       ; |33| 
     193 00000064 023CE2F4             STW     .D2T1   A4,*+SP(28)       ; |33| 
     194 00000068 01BCC2F4             STW     .D2T1   A3,*+SP(24)       ; |33| 
     195 0000006c 013CA2F4             STW     .D2T1   A2,*+SP(20)       ; |33| 
     196                    
     197 00000070 00BC82F5             STW     .D2T1   A1,*+SP(16)       ; |33| 
     198 00000074 00000428  ||         MVKL    .S1     0x2000008,A0      ; |36| 
     199                    
     200 00000078 00010069             MVKH    .S1     0x2000008,A0      ; |36| 
     201 0000007c 043EA2F6  ||         STW     .D2T2   B8,*+SP(84)       ; |33| 
     202                    
     203 00000080 00000264             LDW     .D1T1   *A0,A0            ; |36| 
     204 00000084 00006000             NOP             4
     205 00000088 0001E7A0             AND     .S1     15,A0,A0          ; |36| 
     206 0000008c 00802A58             CMPEQ   .L1     A0,1,A1           ; |36| 
     207 00000090 80005710     [ A1]   B       .S1     L8                ; |36| 
     208 00000094 003C22F4             STW     .D2T1   A0,*+SP(4)        ; |36| 
     209 00000098 83BE82E6     [ A1]   LDW     .D2T2   *+SP(80),B7       ; |70| 
     210 0000009c 833E62E6     [ A1]   LDW     .D2T2   *+SP(76),B6       ; |70| 
     211 000000a0 82BE42E6     [ A1]   LDW     .D2T2   *+SP(72),B5       ; |70| 
     212 000000a4 823E22E6     [ A1]   LDW     .D2T2   *+SP(68),B4       ; |70| 
     213                               ; BRANCH OCCURS                   ; |36| 
     214                    ;** --------------------------------------------------------------------------*
     215 000000a8 023C22E6             LDW     .D2T2   *+SP(4),B4        ; |37| 
     216 000000ac 00004000             NOP             3
     217                    ;** --------------------------------------------------------------------------*
     218                    ;**   BEGIN LOOP L1
     219                    ;** --------------------------------------------------------------------------*
     220 000000b0           L1:    
TMS320C6x COFF Assembler         Version 4.10     Wed Jun 05 12:31:22 2024
Copyright (c) 1996-2001 Texas Instruments Incorporated
temp\interrupt.asm                                                   PAGE    5

     221 000000b0 00000000             NOP             1
     222 000000b4 00108A5A             CMPEQ   .L2     B4,4,B0           ; |37| 
     223 000000b8 30002510     [!B0]   B       .S1     L3                ; |37| 
     224                    
     225 000000c0 323C22E7     [!B0]   LDW     .D2T2   *+SP(4),B4        ; |49| 
     226 000000c4 20000A28  || [ B0]   MVKL    .S1     0x2000014,A0      ; |38| 
     227                    
     228 000000c8 20010068     [ B0]   MVKH    .S1     0x2000014,A0      ; |38| 
     229 000000cc 20000264     [ B0]   LDW     .D1T1   *A0,A0            ; |38| 
     230 000000d0 00002000             NOP             2
     231                               ; BRANCH OCCURS                   ; |37| 
     232                    ;** --------------------------------------------------------------------------*
     233 000000d4 00002000             NOP             2
     234 000000d8 008027A0             AND     .S1     1,A0,A1           ; |38| 
     235 000000dc 90004A10     [!A1]   B       .S1     L7                ; |38| 
     236 000000e0 90000428     [!A1]   MVKL    .S1     0x2000008,A0      ; |69| 
     237 000000e4 90010068     [!A1]   MVKH    .S1     0x2000008,A0      ; |69| 
     238                    
     239 000000e8 820428C3     [ A1]   ZERO    .D2     B4                ; |39| 
     240 000000ec 82803E2B! || [ A1]   MVKL    .S2     _compacket+124,B5 ; |39| 
     241 000000f0 90000264  || [!A1]   LDW     .D1T1   *A0,A0            ; |69| 
     242                    
     243 000000f4 8201006A     [ A1]   MVKH    .S2     0x2000000,B4      ; |39| 
     244                    
     245 000000f8 8280006B!    [ A1]   MVKH    .S2     _compacket+124,B5 ; |39| 
     246 000000fc 821002E6  || [ A1]   LDW     .D2T2   *B4,B4            ; |39| 
     247                    
     248                               ; BRANCH OCCURS                   ; |38| 
     249                    ;** --------------------------------------------------------------------------*
     250 00000100 029402E6             LDW     .D2T2   *B5,B5            ; |39| 
     251 00000104 00000000             NOP             1
     252                    ;*----------------------------------------------------------------------------*
     253                    ;*   SOFTWARE PIPELINE INFORMATION
     254                    ;*      Disqualified loop: software pipelining disabled
     255                    ;*----------------------------------------------------------------------------*
     256 00000108           L2:    
     257 00000108 00003E28!            MVKL    .S1     _compacket+124,A0 ; |40| 
     258 0000010c 00000068!            MVKH    .S1     _compacket+124,A0 ; |40| 
     259 00000110 0213180A             EXTU    .S2     B4,24,24,B4       ; |39| 
     260 00000114 021402B6             STB     .D2T2   B4,*B5            ; |39| 
     261 00000118 01800264             LDW     .D1T1   *A0,A3            ; |40| 
     262 0000011c 00000028!            MVKL    .S1     _SendByte,A0      ; |40| 
     263 00000120 00000068!            MVKH    .S1     _SendByte,A0      ; |40| 
     264 00000124 01809C2A'            MVKL    .S2     RL0,B3            ; |40| 
     265 00000128 00001362             B       .S2X    A0                ; |40| 
     266 0000012c 020C0224             LDB     .D1T1   *A3,A4            ; |40| 
     267 00000130 0180006A'            MVKH    .S2     RL0,B3            ; |40| 
     268 00000134 00004000             NOP             3
     269 00000138           RL0:       ; CALL OCCURS                     ; |40| 
     270 00000138 02003E2A!            MVKL    .S2     _compacket+124,B4 ; |41| 
     271 0000013c 0200006A!            MVKH    .S2     _compacket+124,B4 ; |41| 
     272 00000140 021002E6             LDW     .D2T2   *B4,B4            ; |41| 
     273 00000144 000031A8!            MVKL    .S1     _compacket+99,A0  ; |41| 
     274 00000148 00000068!            MVKH    .S1     _compacket+99,A0  ; |41| 
     275 0000014c 00002000             NOP             2
TMS320C6x COFF Assembler         Version 4.10     Wed Jun 05 12:31:22 2024
Copyright (c) 1996-2001 Texas Instruments Incorporated
temp\interrupt.asm                                                   PAGE    6

     276 00000150 00901A78             CMPEQ   .L1X    B4,A0,A1          ; |41| 
     277 00000154 92003E2A!    [!A1]   MVKL    .S2     _compacket+124,B4 ; |45| 
     278 00000158 9200006A!    [!A1]   MVKH    .S2     _compacket+124,B4 ; |45| 
     279 0000015c 929002E6     [!A1]   LDW     .D2T2   *B4,B5            ; |45| 
     280 00000160 82003E2A!    [ A1]   MVKL    .S2     _compacket+124,B4 ; |42| 
     281 00000164 80000028!    [ A1]   MVKL    .S1     _compacket,A0     ; |42| 
     282 00000168 8200006A!    [ A1]   MVKH    .S2     _compacket+124,B4 ; |42| 
     283 0000016c 80000068!    [ A1]   MVKH    .S1     _compacket,A0     ; |42| 
     284                    
     285 00000170 02800A2B             MVKL    .S2     0x2000014,B5      ; |47| 
     286 00000174 93142942  || [!A1]   ADD     .D2     1,B5,B6           ; |45| 
     287                    
     288 00000178 931002F6     [!A1]   STW     .D2T2   B6,*B4            ; |45| 
     289                    
     290 00000180 801002F5     [ A1]   STW     .D2T1   A0,*B4            ; |42| 
     291 00000184 0281006A  ||         MVKH    .S2     0x2000014,B5      ; |47| 
     292                    
     293 00000188 021402E6             LDW     .D2T2   *B5,B4            ; |47| 
     294 0000018c 00006000             NOP             4
     295 00000190 001027A2             AND     .S2     1,B4,B0           ; |47| 
     296 00000194 2FFFF110     [ B0]   B       .S1     L2                ; |47| 
     297                    
     298 00000198 220428C3     [ B0]   ZERO    .D2     B4                ; |39| 
     299 0000019c 22803E2A! || [ B0]   MVKL    .S2     _compacket+124,B5 ; |39| 
     300                    
     301 000001a0 2201006A     [ B0]   MVKH    .S2     0x2000000,B4      ; |39| 
     302                    
     303 000001a4 2280006B!    [ B0]   MVKH    .S2     _compacket+124,B5 ; |39| 
     304 000001a8 221002E6  || [ B0]   LDW     .D2T2   *B4,B4            ; |39| 
     305                    
     306 000001ac 229402E6     [ B0]   LDW     .D2T2   *B5,B5            ; |39| 
     307 000001b0 00000000             NOP             1
     308                               ; BRANCH OCCURS                   ; |47| 
     309                    ;** --------------------------------------------------------------------------*
     310 000001b4 00002E10             B       .S1     L7                ; |48| 
     311 000001b8 00000428             MVKL    .S1     0x2000008,A0      ; |69| 
     312 000001bc 00010068             MVKH    .S1     0x2000008,A0      ; |69| 
     313 000001c0 00000264             LDW     .D1T1   *A0,A0            ; |69| 
     314 000001c4 00002000             NOP             2
     315                               ; BRANCH OCCURS                   ; |48| 
     316                    ;** --------------------------------------------------------------------------*
     317 000001c8           L3:    
     318 000001c8 00104A5A             CMPEQ   .L2     B4,2,B0           ; |49| 
     319 000001cc 30001090     [!B0]   B       .S1     L4                ; |49| 
     320 000001d0 2200642A!    [ B0]   MVKL    .S2     _respacket+200,B4 ; |50| 
     321 000001d4 00004000             NOP             3
     322 000001d8 323C22E6     [!B0]   LDW     .D2T2   *+SP(4),B4        ; |58| 
     323                               ; BRANCH OCCURS                   ; |49| 
     324                    ;** --------------------------------------------------------------------------*
     325 000001dc 0200006A!            MVKH    .S2     _respacket+200,B4 ; |50| 
     326 000001e0 029002E6             LDW     .D2T2   *B4,B5            ; |50| 
     327 000001e4 00006000             NOP             4
     328 000001e8 00140ADA             CMPGT   .L2     B5,0,B0           ; |50| 
     329                    
     330 000001ec 20006629!    [ B0]   MVKL    .S1     _respacket+204,A0 ; |51| 
TMS320C6x COFF Assembler         Version 4.10     Wed Jun 05 12:31:22 2024
Copyright (c) 1996-2001 Texas Instruments Incorporated
temp\interrupt.asm                                                   PAGE    7

     331 000001f0 029429C2  ||         SUB     .D2     B5,1,B5           ; |50| 
     332                    
     333 000001f4 20000069!    [ B0]   MVKH    .S1     _respacket+204,A0 ; |51| 
     334 000001f8 029002F6  ||         STW     .D2T2   B5,*B4            ; |50| 
     335                    
     336 000001fc 21800264     [ B0]   LDW     .D1T1   *A0,A3            ; |51| 
     337 00000200 22000028!    [ B0]   MVKL    .S1     _respacket,A4     ; |51| 
     338 00000204 22000068!    [ B0]   MVKH    .S1     _respacket,A4     ; |51| 
     339 00000208 30000228     [!B0]   MVKL    .S1     0x2000004,A0      ; |54| 
     340 0000020c 3200682A!    [!B0]   MVKL    .S2     _respacket+208,B4 ; |55| 
     341 00000210 228C2940     [ B0]   ADD     .D1     1,A3,A5           ; |51| 
     342 00000214 22800274     [ B0]   STW     .D1T1   A5,*A0            ; |51| 
     343                    
     344 00000218 00002011             B       .S1     L6                ; |57| 
     345 0000021c 200C8A24  || [ B0]   LDB     .D1T1   *+A3[A4],A0       ; |51| 
     346                    
     347 00000220 30010068     [!B0]   MVKH    .S1     0x2000004,A0      ; |54| 
     348 00000224 328000AA     [!B0]   MVK     .S2     1,B5              ; |54| 
     349                    
     350 00000228 328428C3     [!B0]   ZERO    .D2     B5                ; |55| 
     351 0000022c 220840FB  || [ B0]   ZERO    .L2     B4                ; |51| 
     352 00000230 3200006B! || [!B0]   MVKH    .S2     _respacket+208,B4 ; |55| 
     353 00000234 32800276  || [!B0]   STW     .D1T2   B5,*A0            ; |54| 
     354                    
     355 00000238 2201006B     [ B0]   MVKH    .S2     0x2000000,B4      ; |51| 
     356 0000023c 329002F6  || [!B0]   STW     .D2T2   B5,*B4            ; |55| 
     357                    
     358 00000240 201002F4     [ B0]   STW     .D2T1   A0,*B4            ; |51| 
     359                               ; BRANCH OCCURS                   ; |57| 
     360                    ;** --------------------------------------------------------------------------*
     361 00000244           L4:    
     362 00000244 00006000             NOP             4
     363 00000248 00118A5A             CMPEQ   .L2     B4,12,B0          ; |58| 
     364 0000024c 30001810     [!B0]   B       .S1     L6                ; |58| 
     365 00000250 00002000             NOP             2
     366 00000254 20000A28     [ B0]   MVKL    .S1     0x2000014,A0      ; |59| 
     367 00000258 20010068     [ B0]   MVKH    .S1     0x2000014,A0      ; |59| 
     368 0000025c 20000264     [ B0]   LDW     .D1T1   *A0,A0            ; |59| 
     369                               ; BRANCH OCCURS                   ; |58| 
     370                    ;** --------------------------------------------------------------------------*
     371 00000260 00006000             NOP             4
     372 00000264 008027A0             AND     .S1     1,A0,A1           ; |59| 
     373 00000268 90001410     [!A1]   B       .S1     L6                ; |59| 
     374 0000026c 00006000             NOP             4
     375 00000270 820008C2     [ A1]   ZERO    .D2     B4                ; |60| 
     376                               ; BRANCH OCCURS                   ; |59| 
     377                    ;*----------------------------------------------------------------------------*
     378                    ;*   SOFTWARE PIPELINE INFORMATION
     379                    ;*      Disqualified loop: software pipelining disabled
     380                    ;*----------------------------------------------------------------------------*
     381 00000274           L5:    
     382                    
     383 00000274 0201006B             MVKH    .S2     0x2000000,B4      ; |60| 
     384 00000278 00003E28! ||         MVKL    .S1     _compacket+124,A0 ; |60| 
     385                    
TMS320C6x COFF Assembler         Version 4.10     Wed Jun 05 12:31:22 2024
Copyright (c) 1996-2001 Texas Instruments Incorporated
temp\interrupt.asm                                                   PAGE    8

     386 00000280 021002E7             LDW     .D2T2   *B4,B4            ; |60| 
     387 00000284 00000068! ||         MVKH    .S1     _compacket+124,A0 ; |60| 
     388                    
     389 00000288 01800264             LDW     .D1T1   *A0,A3            ; |60| 
     390 0000028c 00003E28!            MVKL    .S1     _compacket+124,A0 ; |61| 
     391 00000290 00000068!            MVKH    .S1     _compacket+124,A0 ; |61| 
     392 00000294 00000000             NOP             1
     393 00000298 0213180A             EXTU    .S2     B4,24,24,B4       ; |60| 
     394 0000029c 020C0236             STB     .D1T2   B4,*A3            ; |60| 
     395 000002a0 00000264             LDW     .D1T1   *A0,A0            ; |61| 
     396 000002a4 020031AA!            MVKL    .S2     _compacket+99,B4  ; |61| 
     397 000002a8 0200006A!            MVKH    .S2     _compacket+99,B4  ; |61| 
     398 000002ac 00002000             NOP             2
     399 000002b0 00009A7A             CMPEQ   .L2X    A0,B4,B0          ; |61| 
     400 000002b4 30003E28!    [!B0]   MVKL    .S1     _compacket+124,A0 ; |65| 
     401 000002b8 30000068!    [!B0]   MVKH    .S1     _compacket+124,A0 ; |65| 
     402 000002bc 32000940     [!B0]   MV      .D1     A0,A4             ; |65| 
     403 000002c0 30100264     [!B0]   LDW     .D1T1   *A4,A0            ; |65| 
     404 000002c4 20003E28!    [ B0]   MVKL    .S1     _compacket+124,A0 ; |62| 
     405 000002c8 2200002A!    [ B0]   MVKL    .S2     _compacket,B4     ; |62| 
     406 000002cc 20000068!    [ B0]   MVKH    .S1     _compacket+124,A0 ; |62| 
     407 000002d0 2200006A!    [ B0]   MVKH    .S2     _compacket,B4     ; |62| 
     408                    
     409 000002d4 00000A29             MVKL    .S1     0x2000014,A0      ; |67| 
     410 000002d8 31802059  || [!B0]   ADD     .L1     1,A0,A3           ; |65| 
     411 000002dc 22000276  || [ B0]   STW     .D1T2   B4,*A0            ; |62| 
     412                    
     413 000002e0 00010069             MVKH    .S1     0x2000014,A0      ; |67| 
     414 000002e4 31900274  || [!B0]   STW     .D1T1   A3,*A4            ; |65| 
     415                    
     416 000002e8 00000264             LDW     .D1T1   *A0,A0            ; |67| 
     417 000002ec 00006000             NOP             4
     418 000002f0 008027A0             AND     .S1     1,A0,A1           ; |67| 
     419 000002f4 8FFFF290     [ A1]   B       .S1     L5                ; |67| 
     420 000002f8 00006000             NOP             4
     421 000002fc 820008C2     [ A1]   ZERO    .D2     B4                ; |60| 
     422                               ; BRANCH OCCURS                   ; |67| 
     423                    ;** --------------------------------------------------------------------------*
     424 00000300           L6:    
     425 00000300 00000428             MVKL    .S1     0x2000008,A0      ; |69| 
     426 00000304 00010068             MVKH    .S1     0x2000008,A0      ; |69| 
     427 00000308 00000264             LDW     .D1T1   *A0,A0            ; |69| 
     428 0000030c 00002000             NOP             2
     429                    ;** --------------------------------------------------------------------------*
     430 00000310           L7:    
     431 00000310 00002000             NOP             2
     432 00000314 0001E7A0             AND     .S1     15,A0,A0          ; |69| 
     433 00000318 00802A58             CMPEQ   .L1     A0,1,A1           ; |69| 
     434 0000031c 9FFFB610     [!A1]   B       .S1     L1                ; |69| 
     435 00000320 003C22F4             STW     .D2T1   A0,*+SP(4)        ; |69| 
     436 00000324 923C22E6     [!A1]   LDW     .D2T2   *+SP(4),B4        ; |37| 
     437 00000328 83BE82E6     [ A1]   LDW     .D2T2   *+SP(80),B7       ; |70| 
     438 0000032c 833E62E6     [ A1]   LDW     .D2T2   *+SP(76),B6       ; |70| 
     439 00000330 82BE42E6     [ A1]   LDW     .D2T2   *+SP(72),B5       ; |70| 
     440                               ; BRANCH OCCURS                   ; |69| 
TMS320C6x COFF Assembler         Version 4.10     Wed Jun 05 12:31:22 2024
Copyright (c) 1996-2001 Texas Instruments Incorporated
temp\interrupt.asm                                                   PAGE    9

     441                    ;** --------------------------------------------------------------------------*
     442 00000334 023E22E6             LDW     .D2T2   *+SP(68),B4       ; |70| 
     443                    ;** --------------------------------------------------------------------------*
     444 00000338           L8:    
     445 00000338 01BE02E6             LDW     .D2T2   *+SP(64),B3       ; |70| 
     446 0000033c 013DE2E6             LDW     .D2T2   *+SP(60),B2       ; |70| 
     447 00000340 00BDC2E6             LDW     .D2T2   *+SP(56),B1       ; |70| 
     448 00000344 003DA2E6             LDW     .D2T2   *+SP(52),B0       ; |70| 
     449 00000348 04BD82E4             LDW     .D2T1   *+SP(48),A9       ; |70| 
     450 0000034c 043D62E4             LDW     .D2T1   *+SP(44),A8       ; |70| 
     451 00000350 03BD42E4             LDW     .D2T1   *+SP(40),A7       ; |70| 
     452 00000354 033D22E4             LDW     .D2T1   *+SP(36),A6       ; |70| 
     453 00000358 02BD02E4             LDW     .D2T1   *+SP(32),A5       ; |70| 
     454 0000035c 023CE2E4             LDW     .D2T1   *+SP(28),A4       ; |70| 
     455 00000360 01BCC2E4             LDW     .D2T1   *+SP(24),A3       ; |70| 
     456 00000364 013CA2E4             LDW     .D2T1   *+SP(20),A2       ; |70| 
     457 00000368 00BC82E4             LDW     .D2T1   *+SP(16),A1       ; |70| 
     458 0000036c 003C62E4             LDW     .D2T1   *+SP(12),A0       ; |70| 
     459                    
     460 00000370 001800E3             B       .S2     IRP               ; |70| 
     461 00000374 043EA2E6  ||         LDW     .D2T2   *+SP(84),B8       ; |70| 
     462                    
     463 00000378 04BED2E6             LDW     .D2T2   *++SP(88),B9      ; |70| 
     464 0000037c 00006000             NOP             4
     465                               ; BRANCH OCCURS                   ; |70| 
     466                    
     467                    
     468 00000380                   .sect   ".text"
     469                            .global _ISRtimer0
     470                    
     471                    ;******************************************************************************
     472                    ;* FUNCTION NAME: _ISRtimer0                                                  *
     473                    ;*                                                                            *
     474                    ;*   Regs Modified     : A0,A1,A2,A3,A4,A5,A6,A7,A8,A9,A10,A11,B0,B1,B2,B3,B4,*
     475                    ;*                           B5,B6,B7,B8,B9,B10,B11,B12,B13,SP                *
     476                    ;*   Regs Used         : A0,A1,A2,A3,A4,A5,A6,A7,A8,A9,A10,A11,B0,B1,B2,B3,B4,*
     477                    ;*                           B5,B6,B7,B8,B9,B10,B11,B12,B13,SP                *
     478                    ;*   Local Frame Size  : 0 Args + 8 Auto + 108 Save = 116 byte                *
     479                    ;******************************************************************************
     480 00000380           _ISRtimer0:
     481                    ;** --------------------------------------------------------------------------*
     482 00000380 06BFD4F6             STW     .D2T2   B13,*SP--(120)    ; |75| 
     483 00000384 02BEC2F6             STW     .D2T2   B5,*+SP(88)       ; |75| 
     484 00000388 003CA2F4             STW     .D2T1   A0,*+SP(20)       ; |75| 
     485 0000038c 023EA2F6             STW     .D2T2   B4,*+SP(84)       ; |75| 
     486 00000390 033EE2F6             STW     .D2T2   B6,*+SP(92)       ; |75| 
     487 00000394 01BD02F4             STW     .D2T1   A3,*+SP(32)       ; |75| 
     488 00000398 03BF02F6             STW     .D2T2   B7,*+SP(96)       ; |75| 
     489 0000039c 00BCC2F4             STW     .D2T1   A1,*+SP(24)       ; |75| 
     490 000003a0 013CE2F4             STW     .D2T1   A2,*+SP(28)       ; |75| 
     491 000003a4 023D22F4             STW     .D2T1   A4,*+SP(36)       ; |75| 
     492 000003a8 02BD42F4             STW     .D2T1   A5,*+SP(40)       ; |75| 
     493 000003ac 033D62F4             STW     .D2T1   A6,*+SP(44)       ; |75| 
     494 000003b0 03BD82F4             STW     .D2T1   A7,*+SP(48)       ; |75| 
     495 000003b4 043DA2F4             STW     .D2T1   A8,*+SP(52)       ; |75| 
TMS320C6x COFF Assembler         Version 4.10     Wed Jun 05 12:31:22 2024
Copyright (c) 1996-2001 Texas Instruments Incorporated
temp\interrupt.asm                                                   PAGE   10

     496 000003b8 04BDC2F4             STW     .D2T1   A9,*+SP(56)       ; |75| 
     497 000003bc 053DE2F4             STW     .D2T1   A10,*+SP(60)      ; |75| 
     498 000003c0 05BE02F4             STW     .D2T1   A11,*+SP(64)      ; |75| 
     499 000003c4 003E22F6             STW     .D2T2   B0,*+SP(68)       ; |75| 
     500 000003c8 00BE42F6             STW     .D2T2   B1,*+SP(72)       ; |75| 
     501 000003cc 013E62F6             STW     .D2T2   B2,*+SP(76)       ; |75| 
     502 000003d0 01BE82F6             STW     .D2T2   B3,*+SP(80)       ; |75| 
     503 000003d4 043F22F6             STW     .D2T2   B8,*+SP(100)      ; |75| 
     504 000003d8 04BF42F6             STW     .D2T2   B9,*+SP(104)      ; |75| 
     505 000003dc 053F62F6             STW     .D2T2   B10,*+SP(108)     ; |75| 
     506 000003e0 05BF82F6             STW     .D2T2   B11,*+SP(112)     ; |75| 
     507                    
     508 000003e4 063FA2F7             STW     .D2T2   B12,*+SP(116)     ; |75| 
     509 000003e8 0280002B! ||         MVKL    .S2     _angle_d,B5       ; |89| 
     510 000003ec 000428C0  ||         ZERO    .D1     A0                ; |77| 
     511                    
     512 000003f0 00000029!            MVKL    .S1     _con_input_d,A0   ; |88| 
     513 000003f4 003C22F5  ||         STW     .D2T1   A0,*+SP(4)        ; |77| 
     514 000003f8 0200002B! ||         MVKL    .S2     _con_input,B4     ; |90| 
     515 000003fc 030420FA  ||         ZERO    .L2     B6                ; |84| 
     516                    
     517 00000400 00000069!            MVKH    .S1     _con_input_d,A0   ; |88| 
     518 00000404 033C42F7  ||         STW     .D2T2   B6,*+SP(8)        ; |84| 
     519 00000408 0280006B! ||         MVKH    .S2     _angle_d,B5       ; |89| 
     520 0000040c 018428C0  ||         ZERO    .D1     A3                ; |88| 
     521                    
     522 00000410 01800275             STW     .D1T1   A3,*A0            ; |88| 
     523 00000414 0200006B! ||         MVKH    .S2     _con_input,B4     ; |90| 
     524 00000418 038428C2  ||         ZERO    .D2     B7                ; |89| 
     525                    
     526 00000420 028420FB             ZERO    .L2     B5                ; |90| 
     527 00000424 039402F7  ||         STW     .D2T2   B7,*B5            ; |89| 
     528 00000428 00000029! ||         MVKL    .S1     _error,A0         ; |91| 
     529 0000042c 0300002A! ||         MVKL    .S2     _angle,B6         ; |92| 
     530                    
     531 00000430 029002F7             STW     .D2T2   B5,*B4            ; |90| 
     532 00000434 00000069! ||         MVKH    .S1     _error,A0         ; |91| 
     533 00000438 0300006A! ||         MVKH    .S2     _angle,B6         ; |92| 
     534                    
     535 00000440 01800275             STW     .D1T1   A3,*A0            ; |91| 
     536 00000444 0200202A  ||         MVKL    .S2     0x2000040,B4      ; |96| 
     537                    
     538 00000448 029802F7             STW     .D2T2   B5,*B6            ; |92| 
     539 0000044c 0201006A  ||         MVKH    .S2     0x2000040,B4      ; |96| 
     540                    
     541 00000450 021002E6             LDW     .D2T2   *B4,B4            ; |96| 
     542 00000454 02002028             MVKL    .S1     0x2000040,A4      ; |96| 
     543 00000458 02010068             MVKH    .S1     0x2000040,A4      ; |96| 
     544 0000045c 01800028-            MVKL    .S1     _TFlag,A3         ; |97| 
     545 00000460 01800068-            MVKH    .S1     _TFlag,A3         ; |97| 
     546 00000464 02100A5A             CMPEQ   .L2     B4,0,B4           ; |96| 
     547                    
     548 00000468 020000AB             MVK     .S2     1,B4              ; |97| 
     549 0000046c 02100277  ||         STW     .D1T2   B4,*A4            ; |96| 
     550 00000470 00000028! ||         MVKL    .S1     _TINTCnt,A0       ; |99| 
TMS320C6x COFF Assembler         Version 4.10     Wed Jun 05 12:31:22 2024
Copyright (c) 1996-2001 Texas Instruments Incorporated
temp\interrupt.asm                                                   PAGE   11

     551                    
     552 00000474 020C0277             STW     .D1T2   B4,*A3            ; |97| 
     553 00000478 00000068! ||         MVKH    .S1     _TINTCnt,A0       ; |99| 
     554                    
     555 0000047c 01800264             LDW     .D1T1   *A0,A3            ; |99| 
     556 00000480 01825A2A'            MVKL    .S2     RL2,B3            ; |103| 
     557 00000484 0200022A-            MVKL    .S2     _refer$1,B4       ; |102| 
     558 00000488 020008C0             ZERO    .D1     A4                ; |102| 
     559 0000048c 0200006A-            MVKH    .S2     _refer$1,B4       ; |102| 
     560                    
     561 00000490 01800029!            MVKL    .S1     _GetAngle,A3      ; |103| 
     562 00000494 028C2940  ||         ADD     .D1     1,A3,A5           ; |99| 
     563                    
     564 00000498 01800068!            MVKH    .S1     _GetAngle,A3      ; |103| 
     565 0000049c 000C1362             B       .S2X    A3                ; |103| 
     566 000004a0 02219A68             MVKH    .S1     0x43340000,A4     ; |102| 
     567 000004a4 0180006A'            MVKH    .S2     RL2,B3            ; |103| 
     568 000004a8 00000000             NOP             1
     569 000004ac 02800274             STW     .D1T1   A5,*A0            ; |99| 
     570 000004b0 021002F4             STW     .D2T1   A4,*B4            ; |102| 
     571 000004b4           RL2:       ; CALL OCCURS                     ; |103| 
     572 000004b4 0200002A!            MVKL    .S2     _angle,B4         ; |103| 
     573                    
     574 000004b8 0200006B!            MVKH    .S2     _angle,B4         ; |103| 
     575 000004bc 00000028! ||         MVKL    .S1     _angle,A0         ; |105| 
     576                    
     577 000004c0 021002F5             STW     .D2T1   A4,*B4            ; |103| 
     578 000004c4 00000068! ||         MVKH    .S1     _angle,A0         ; |105| 
     579                    
     580 000004c8 0200022B-            MVKL    .S2     _refer$1,B4       ; |105| 
     581 000004cc 00000264  ||         LDW     .D1T1   *A0,A0            ; |105| 
     582                    
     583 000004d0 0200006A-            MVKH    .S2     _refer$1,B4       ; |105| 
     584 000004d4 021002E6             LDW     .D2T2   *B4,B4            ; |105| 
     585 000004d8 0182B02A'            MVKL    .S2     RL4,B3            ; |111| 
     586 000004dc 0180006A'            MVKH    .S2     RL4,B3            ; |111| 
     587 000004e0 000000A0             SPDP    .S1     A0,A1:A0          ; |105| 
     588 000004e4 00000000             NOP             1
     589                    
     590 000004e8 00040B21             ABSDP   .S1     A1:A0,A1:A0       ; |105| 
     591 000004ec 021000A2  ||         SPDP    .S2     B4,B5:B4          ; |105| 
     592                    
     593 000004f0 00000000             NOP             1
     594 000004f4 0200933A             SUBDP   .L2X    B5:B4,A1:A0,B5:B4 ; |105| 
     595 000004f8 0000A000             NOP             6
     596 000004fc 0214813A             DPSP    .L2     B5:B4,B4          ; |105| 
     597 00000500 00000028!            MVKL    .S1     _error,A0         ; |105| 
     598 00000504 00000068!            MVKH    .S1     _error,A0         ; |105| 
     599 00000508 01800028!            MVKL    .S1     _angle,A3         ; |106| 
     600                    
     601 0000050c 02000277             STW     .D1T2   B4,*A0            ; |105| 
     602 00000510 01800068! ||         MVKH    .S1     _angle,A3         ; |106| 
     603                    
     604 00000514 020C0264             LDW     .D1T1   *A3,A4            ; |106| 
     605 00000518 00000028!            MVKL    .S1     _error,A0         ; |107| 
TMS320C6x COFF Assembler         Version 4.10     Wed Jun 05 12:31:22 2024
Copyright (c) 1996-2001 Texas Instruments Incorporated
temp\interrupt.asm                                                   PAGE   12

     606 0000051c 018008C0             ZERO    .D1     A3                ; |106| 
     607 00000520 00000068!            MVKH    .S1     _error,A0         ; |107| 
     608 00000524 020008C2             ZERO    .D2     B4                ; |107| 
     609 00000528 008C8E60             CMPGTSP .S1     A4,A3,A1          ; |106| 
     610 0000052c 81800264     [ A1]   LDW     .D1T1   *A0,A3            ; |107| 
     611 00000530 025FC06A             MVKH    .S2     0xbf800000,B4     ; |107| 
     612 00000534 00004000             NOP             3
     613                    
     614 00000538 0200002B!            MVKL    .S2     _GetAngleDist,B4  ; |111| 
     615 0000053c 828C9E02  || [ A1]   MPYSP   .M2X    B4,A3,B5          ; |107| 
     616                    
     617 00000540 0200006A!            MVKH    .S2     _GetAngleDist,B4  ; |111| 
     618 00000544 00100362             B       .S2     B4                ; |111| 
     619 00000548 00002000             NOP             2
     620 0000054c 01800828-            MVKL    .S1     _refer_d$4,A3     ; |110| 
     621                    
     622 00000550 028428C3             ZERO    .D2     B5                ; |110| 
     623 00000554 01800069- ||         MVKH    .S1     _refer_d$4,A3     ; |110| 
     624 00000558 82800276  || [ A1]   STW     .D1T2   B5,*A0            ; |107| 
     625                    
     626 0000055c 028C0276             STW     .D1T2   B5,*A3            ; |110| 
     627 00000560           RL4:       ; CALL OCCURS                     ; |111| 
     628 00000560 00000028!            MVKL    .S1     _angle_d,A0       ; |113| 
     629 00000564 01800028!            MVKL    .S1     _angle_d,A3       ; |111| 
     630                    
     631 00000568 0200082B-            MVKL    .S2     _refer_d$4,B4     ; |113| 
     632 0000056c 01800068! ||         MVKH    .S1     _angle_d,A3       ; |111| 
     633                    
     634 00000570 0200006B-            MVKH    .S2     _refer_d$4,B4     ; |113| 
     635 00000574 020C0275  ||         STW     .D1T1   A4,*A3            ; |111| 
     636 00000578 00000068! ||         MVKH    .S1     _angle_d,A0       ; |113| 
     637                    
     638 00000580 021002E7             LDW     .D2T2   *B4,B4            ; |113| 
     639 00000584 00000264  ||         LDW     .D1T1   *A0,A0            ; |113| 
     640                    
     641 00000588 00F00028             MVKL    .S1     0x4065e000,A1     ; |118| 
     642 0000058c 06A0002A             MVKL    .S2     0xc59c4000,B13    ; |120| 
     643 00000590 00A032E8             MVKH    .S1     0x4065e000,A1     ; |118| 
     644 00000594 06000A2A-            MVKL    .S2     _sum_error_d$5,B12 ; |121| 
     645 00000598 0200923A             SUBSP   .L2X    B4,A0,B4          ; |113| 
     646 0000059c 000008C0             ZERO    .D1     A0                ; |118| 
     647 000005a0 0300002A!            MVKL    .S2     _startFlag,B6     ; |118| 
     648 000005a4 0300006A!            MVKH    .S2     _startFlag,B6     ; |118| 
     649                    
     650 000005a8 020425E3             ZERO    .S2     B4                ; |115| 
     651 000005ac 023C42F7  ||         STW     .D2T2   B4,*+SP(8)        ; |113| 
     652 000005b0 0290005A  ||         MV      .L2     B4,B5             ; |113| 
     653                    
     654 000005b4 025FC06A             MVKH    .S2     0xbf800000,B4     ; |115| 
     655 000005b8 02948E02             MPYSP   .M2     B4,B5,B5          ; |115| 
     656 000005bc 0200002A!            MVKL    .S2     _angle,B4         ; |118| 
     657 000005c0 0200006A!            MVKH    .S2     _angle,B4         ; |118| 
     658 000005c4 06E2CE6A             MVKH    .S2     0xc59c4000,B13    ; |120| 
     659 000005c8 02BC42F6             STW     .D2T2   B5,*+SP(8)        ; |115| 
     660 000005cc 021002E6             LDW     .D2T2   *B4,B4            ; |118| 
TMS320C6x COFF Assembler         Version 4.10     Wed Jun 05 12:31:22 2024
Copyright (c) 1996-2001 Texas Instruments Incorporated
temp\interrupt.asm                                                   PAGE   13

     661 000005d0 0600006A-            MVKH    .S2     _sum_error_d$5,B12 ; |121| 
     662 000005d4 0000002A!            MVKL    .S2     _startFlag,B0     ; |124| 
     663 000005d8 0400002A!            MVKL    .S2     _con_input,B8     ; |126| 
     664 000005dc 030000A8             MVK     .S1     1,A6              ; |119| 
     665 000005e0 021000A2             SPDP    .S2     B4,B5:B4          ; |118| 
     666 000005e4 010008C2             ZERO    .D2     B2                ; |129| 
     667 000005e8 02148B22             ABSDP   .S2     B5:B4,B5:B4       ; |118| 
     668 000005ec 04000A28-            MVKL    .S1     _sum_error_d$5,A8 ; |129| 
     669 000005f0 00101A60             CMPLTDP .S1X    B5:B4,A1:A0,A0    ; |118| 
     670 000005f4 0080062A-            MVKL    .S2     _prev_error$3,B1  ; |126| 
     671 000005f8 008022A0             XOR     .S1     1,A0,A1           ; |118| 
     672 000005fc 829802E6     [ A1]   LDW     .D2T2   *B6,B5            ; |118| 
     673 00000600 030008C2             ZERO    .D2     B6                ; |126| 
     674 00000604 0320506A             MVKH    .S2     0x40a00000,B6     ; |126| 
     675 00000608 00000028!            MVKL    .S1     _startFlag,A0     ; |119| 
     676 0000060c 00000068!            MVKH    .S1     _startFlag,A0     ; |119| 
     677                    
     678 00000610 80941A59     [ A1]   CMPEQ   .L1X    B5,0,A1           ; |118| 
     679 00000614 0180042A- ||         MVKL    .S2     _sum_error$2,B3   ; |120| 
     680                    
     681 00000618 0180006B-            MVKH    .S2     _sum_error$2,B3   ; |120| 
     682 0000061c 83000274  || [ A1]   STW     .D1T1   A6,*A0            ; |119| 
     683                    
     684 00000620 0480002B!            MVKL    .S2     _con_input,B9     ; |130| 
     685 00000624 868C02F7  || [ A1]   STW     .D2T2   B13,*B3           ; |120| 
     686 00000628 000428C0  ||         ZERO    .D1     A0                ; |121| 
     687                    
     688 0000062c 05CCCD2B             MVKL    .S2     0x3e19999a,B11    ; |129| 
     689 00000630 803002F4  || [ A1]   STW     .D2T1   A0,*B12           ; |121| 
     690                    
     691 00000634 0500002B!            MVKL    .S2     _PWMOut,B10       ; |131| 
     692 00000638 008428C0  ||         ZERO    .D1     A1                ; |126| 
     693                    
     694 00000640 009F8069             MVKH    .S1     0x3f000000,A1     ; |126| 
     695 00000644 0000006A! ||         MVKH    .S2     _startFlag,B0     ; |124| 
     696                    
     697 00000648 011F406A             MVKH    .S2     0x3e800000,B2     ; |129| 
     698                    
     699 0000064c 0400006B!            MVKH    .S2     _con_input,B8     ; |126| 
     700 00000650 04800428- ||         MVKL    .S1     _sum_error$2,A9   ; |126| 
     701                    
     702 00000654 0080006B-            MVKH    .S2     _prev_error$3,B1  ; |126| 
     703 00000658 03800028! ||         MVKL    .S1     _con_input_d,A7   ; |130| 
     704                    
     705 00000660 000002E7             LDW     .D2T2   *B0,B0            ; |124| 
     706 00000664 0480006B! ||         MVKH    .S2     _con_input,B9     ; |130| 
     707 00000668 04000068- ||         MVKH    .S1     _sum_error_d$5,A8 ; |129| 
     708                    
     709 0000066c 04800069-            MVKH    .S1     _sum_error$2,A9   ; |126| 
     710 00000670 059F0CEA  ||         MVKH    .S2     0x3e19999a,B11    ; |129| 
     711                    
     712 00000674 0500006B!            MVKH    .S2     _PWMOut,B10       ; |131| 
     713 00000678 03800069! ||         MVKH    .S1     _con_input_d,A7   ; |130| 
     714 0000067c 010428C0  ||         ZERO    .D1     A2                ; |126| 
     715                    
TMS320C6x COFF Assembler         Version 4.10     Wed Jun 05 12:31:22 2024
Copyright (c) 1996-2001 Texas Instruments Incorporated
temp\interrupt.asm                                                   PAGE   14

     716 00000680 0120E469             MVKH    .S1     0x41c80000,A2     ; |126| 
     717 00000684 03800C2A- ||         MVKL    .S2     _prev_error_d$6,B7 ; |129| 
     718                    
     719 00000688 0380006B-            MVKH    .S2     _prev_error_d$6,B7 ; |129| 
     720 0000068c 03000028! ||         MVKL    .S1     _error,A6         ; |126| 
     721                    
     722 00000690 03000069!            MVKH    .S1     _error,A6         ; |126| 
     723 00000694 00002A5B  ||         CMPEQ   .L2     B0,1,B0           ; |124| 
     724 00000698 0183D42A' ||         MVKL    .S2     RL6,B3            ; |131| 
     725                    
     726 000006a0 30002113     [!B0]   B       .S2     L9                ; |124| 
     727 000006a4 02800028! ||         MVKL    .S1     _error,A5         ; |126| 
     728                    
     729 000006a8 02000429-            MVKL    .S1     _sum_error$2,A4   ; |125| 
     730 000006ac 0180006A' ||         MVKH    .S2     RL6,B3            ; |131| 
     731                    
     732 000006b0 02800069!            MVKH    .S1     _error,A5         ; |126| 
     733 000006b4 0280002A! ||         MVKL    .S2     _error,B5         ; |125| 
     734                    
     735 000006b8 01800029!            MVKL    .S1     _con_input_d,A3   ; |129| 
     736 000006bc 02000A2A- ||         MVKL    .S2     _sum_error_d$5,B4 ; |128| 
     737                    
     738 000006c0 02000069-            MVKH    .S1     _sum_error$2,A4   ; |125| 
     739 000006c4 0200006A- ||         MVKH    .S2     _sum_error_d$5,B4 ; |128| 
     740                    
     741 000006c8 01800069!            MVKH    .S1     _con_input_d,A3   ; |129| 
     742 000006cc 0280006B! ||         MVKH    .S2     _error,B5         ; |125| 
     743 000006d0 00101059  ||         MV      .L1X    B4,A0             ; |128| 
     744 000006d4 050428C0  ||         ZERO    .D1     A10               ; |129| 
     745                    
     746                               ; BRANCH OCCURS                   ; |124| 
     747                    ;** --------------------------------------------------------------------------*
     748                    
     749 000006d8 021402E7             LDW     .D2T2   *B5,B4            ; |125| 
     750 000006dc 05900264  ||         LDW     .D1T1   *A4,A11           ; |125| 
     751                    
     752 000006e0 00006000             NOP             4
     753 000006e4 022C921A             ADDSP   .L2X    B4,A11,B4         ; |125| 
     754 000006e8 00004000             NOP             3
     755 000006ec 02100276             STW     .D1T2   B4,*A4            ; |125| 
     756 000006f0 02180264             LDW     .D1T1   *A6,A4            ; |126| 
     757 000006f4 02940264             LDW     .D1T1   *A5,A5            ; |126| 
     758                    
     759 000006f8 03240265             LDW     .D1T1   *A9,A6            ; |126| 
     760 000006fc 020402E6  ||         LDW     .D2T2   *B1,B4            ; |126| 
     761                    
     762 00000700 00004000             NOP             3
     763 00000704 02088E00             MPYSP   .M1     A4,A2,A4          ; |126| 
     764                    
     765 00000708 0284CE01             MPYSP   .M1     A6,A1,A5          ; |126| 
     766 0000070c 0210B2BA  ||         SUBSP   .L2X    A5,B4,B4          ; |126| 
     767                    
     768 00000710 00004000             NOP             3
     769                    
     770 00000714 0210A219             ADDSP   .L1     A5,A4,A4          ; |126| 
TMS320C6x COFF Assembler         Version 4.10     Wed Jun 05 12:31:22 2024
Copyright (c) 1996-2001 Texas Instruments Incorporated
temp\interrupt.asm                                                   PAGE   15

     771 00000718 02188E02  ||         MPYSP   .M2     B4,B6,B4          ; |126| 
     772                    
     773 0000071c 00004000             NOP             3
     774 00000720 0210921A             ADDSP   .L2X    B4,A4,B4          ; |126| 
     775 00000724 00004000             NOP             3
     776 00000728 022002F6             STW     .D2T2   B4,*B8            ; |126| 
     777                    
     778 0000072c 023C42E7             LDW     .D2T2   *+SP(8),B4        ; |128| 
     779 00000730 02000264  ||         LDW     .D1T1   *A0,A4            ; |128| 
     780                    
     781 00000734 00006000             NOP             4
     782 00000738 02109218             ADDSP   .L1X    B4,A4,A4          ; |128| 
     783 0000073c 00004000             NOP             3
     784 00000740 02000274             STW     .D1T1   A4,*A0            ; |128| 
     785 00000744 023C42E6             LDW     .D2T2   *+SP(8),B4        ; |129| 
     786                    
     787 00000748 00200265             LDW     .D1T1   *A8,A0            ; |129| 
     788 0000074c 031C02E6  ||         LDW     .D2T2   *B7,B6            ; |129| 
     789                    
     790 00000750 00004000             NOP             3
     791 00000754 02900942             MV      .D2     B4,B5             ; |129| 
     792                    
     793 00000760 00280E01             MPYSP   .M1     A0,A10,A0         ; |129| 
     794 00000764 0218A23B  ||         SUBSP   .L2     B5,B6,B4          ; |129| 
     795 00000768 02888E02  ||         MPYSP   .M2     B4,B2,B5          ; |129| 
     796                    
     797 0000076c 00004000             NOP             3
     798                    
     799 00000770 00141219             ADDSP   .L1X    A0,B5,A0          ; |129| 
     800 00000774 022C8E02  ||         MPYSP   .M2     B4,B11,B4         ; |129| 
     801                    
     802 00000778 00004000             NOP             3
     803 0000077c 00101218             ADDSP   .L1X    B4,A0,A0          ; |129| 
     804 00000780 00004000             NOP             3
     805 00000784 000C0274             STW     .D1T1   A0,*A3            ; |129| 
     806                    
     807 00000788 022402E7             LDW     .D2T2   *B9,B4            ; |130| 
     808 0000078c 001C0264  ||         LDW     .D1T1   *A7,A0            ; |130| 
     809                    
     810 00000790 00004000             NOP             3
     811 00000794 00280362             B       .S2     B10               ; |131| 
     812 00000798 0200923A             SUBSP   .L2X    B4,A0,B4          ; |130| 
     813 0000079c 00004000             NOP             3
     814                    
     815 000007a0 023C22F7             STW     .D2T2   B4,*+SP(4)        ; |130| 
     816 000007a4 021011A0  ||         MV      .S1X    B4,A4             ; |130| 
     817                    
     818 000007a8           RL6:       ; CALL OCCURS                     ; |131| 
     819                    ;** --------------------------------------------------------------------------*
     820 000007a8           L9:    
     821 000007a8 00000028!            MVKL    .S1     _error,A0         ; |134| 
     822 000007ac 00000068!            MVKH    .S1     _error,A0         ; |134| 
     823 000007b0 00000264             LDW     .D1T1   *A0,A0            ; |134| 
     824 000007b4 0200062A-            MVKL    .S2     _prev_error$3,B4  ; |134| 
     825 000007b8 0200006A-            MVKH    .S2     _prev_error$3,B4  ; |134| 
TMS320C6x COFF Assembler         Version 4.10     Wed Jun 05 12:31:22 2024
Copyright (c) 1996-2001 Texas Instruments Incorporated
temp\interrupt.asm                                                   PAGE   16

     826 000007bc 0380062A-            MVKL    .S2     _prev_error$3,B7  ; |137| 
     827 000007c0 0280002A!            MVKL    .S2     _UMAddData,B5     ; |137| 
     828 000007c4 001002F4             STW     .D2T1   A0,*B4            ; |134| 
     829 000007c8 033C42E6             LDW     .D2T2   *+SP(8),B6        ; |135| 
     830 000007cc 01800C28-            MVKL    .S1     _prev_error_d$6,A3 ; |135| 
     831                    
     832 000007d0 0380006B-            MVKH    .S2     _prev_error$3,B7  ; |137| 
     833 000007d4 02000028! ||         MVKL    .S1     _angle_d,A4       ; |137| 
     834                    
     835 000007d8 0280006B!            MVKH    .S2     _UMAddData,B5     ; |137| 
     836 000007dc 01800068- ||         MVKH    .S1     _prev_error_d$6,A3 ; |135| 
     837                    
     838 000007e0 0200002B!            MVKL    .S2     _error,B4         ; |137| 
     839 000007e4 02000068! ||         MVKH    .S1     _angle_d,A4       ; |137| 
     840                    
     841 000007e8 030C0277             STW     .D1T2   B6,*A3            ; |135| 
     842 000007ec 00000429- ||         MVKL    .S1     _sum_error$2,A0   ; |137| 
     843 000007f0 0200006A! ||         MVKH    .S2     _error,B4         ; |137| 
     844                    
     845 00000800 00140363             B       .S2     B5                ; |137| 
     846 00000804 03100267  ||         LDW     .D1T2   *A4,B6            ; |137| 
     847 00000808 031C02E5  ||         LDW     .D2T1   *B7,A6            ; |137| 
     848 0000080c 00000068- ||         MVKH    .S1     _sum_error$2,A0   ; |137| 
     849                    
     850 00000810 02000267             LDW     .D1T2   *A0,B4            ; |137| 
     851 00000814 021002E4  ||         LDW     .D2T1   *B4,A4            ; |137| 
     852                    
     853 00000818 0184122A'            MVKL    .S2     RL8,B3            ; |137| 
     854 0000081c 0180006A'            MVKH    .S2     RL8,B3            ; |137| 
     855 00000820 00002000             NOP             2
     856 00000824           RL8:       ; CALL OCCURS                     ; |137| 
     857 00000824 063FA2E6             LDW     .D2T2   *+SP(116),B12     ; |140| 
     858 00000828 05BF82E6             LDW     .D2T2   *+SP(112),B11     ; |140| 
     859 0000082c 053F62E6             LDW     .D2T2   *+SP(108),B10     ; |140| 
     860 00000830 04BF42E6             LDW     .D2T2   *+SP(104),B9      ; |140| 
     861 00000834 043F22E6             LDW     .D2T2   *+SP(100),B8      ; |140| 
     862 00000838 013E62E6             LDW     .D2T2   *+SP(76),B2       ; |140| 
     863 0000083c 00BE42E6             LDW     .D2T2   *+SP(72),B1       ; |140| 
     864 00000840 003E22E6             LDW     .D2T2   *+SP(68),B0       ; |140| 
     865 00000844 05BE02E4             LDW     .D2T1   *+SP(64),A11      ; |140| 
     866 00000848 053DE2E4             LDW     .D2T1   *+SP(60),A10      ; |140| 
     867 0000084c 04BDC2E4             LDW     .D2T1   *+SP(56),A9       ; |140| 
     868 00000850 043DA2E4             LDW     .D2T1   *+SP(52),A8       ; |140| 
     869 00000854 03BD82E4             LDW     .D2T1   *+SP(48),A7       ; |140| 
     870 00000858 02BD42E4             LDW     .D2T1   *+SP(40),A5       ; |140| 
     871 0000085c 013CE2E4             LDW     .D2T1   *+SP(28),A2       ; |140| 
     872 00000860 00BCC2E4             LDW     .D2T1   *+SP(24),A1       ; |140| 
     873 00000864 02BEC2E6             LDW     .D2T2   *+SP(88),B5       ; |140| 
     874 00000868 01BD02E4             LDW     .D2T1   *+SP(32),A3       ; |140| 
     875 0000086c 03BF02E6             LDW     .D2T2   *+SP(96),B7       ; |140| 
     876 00000870 003CA2E4             LDW     .D2T1   *+SP(20),A0       ; |140| 
     877 00000874 01BE82E6             LDW     .D2T2   *+SP(80),B3       ; |140| 
     878 00000878 023EA2E6             LDW     .D2T2   *+SP(84),B4       ; |140| 
     879 0000087c 033D62E4             LDW     .D2T1   *+SP(44),A6       ; |140| 
     880 00000880 023D22E4             LDW     .D2T1   *+SP(36),A4       ; |140| 
TMS320C6x COFF Assembler         Version 4.10     Wed Jun 05 12:31:22 2024
Copyright (c) 1996-2001 Texas Instruments Incorporated
temp\interrupt.asm                                                   PAGE   17

     881                    
     882 00000884 033EE2E7             LDW     .D2T2   *+SP(92),B6       ; |140| 
     883 00000888 001800E2  ||         B       .S2     IRP               ; |140| 
     884                    
     885 0000088c 06BFD2E6             LDW     .D2T2   *++SP(120),B13    ; |140| 
     886 00000890 00006000             NOP             4
     887                               ; BRANCH OCCURS                   ; |140| 
     888                    
     889                    
     890                    ;******************************************************************************
     891                    ;* UNDEFINED EXTERNAL REFERENCES                                              *
     892                    ;******************************************************************************
     893                            .global _SendByte
     894                            .global _GetAngle
     895                            .global _GetAngleDist
     896                            .global _PWMOut
     897                            .global _UMAddData
     898                            .global _compacket
     899                            .global _respacket
     900                            .global _TINTCnt
     901                            .global _angle
     902                            .global _error
     903                            .global _angle_d
     904                            .global _startFlag
     905                            .global _con_input_d
     906                            .global _con_input

No Assembly Errors, No Assembly Warnings
