TMS320C6x COFF Assembler         Version 4.10     Wed Jun 05 12:28:29 2024
Copyright (c) 1996-2001 Texas Instruments Incorporated
temp\main.asm                                                        PAGE    1

       1                    ;******************************************************************************
       2                    ;* TMS320C6x ANSI C Codegen                                      Version 4.10 *
       3                    ;* Date/Time created: Wed Jun 05 12:28:29 2024                                *
       4                    ;******************************************************************************
       5                    
       6                    ;******************************************************************************
       7                    ;* GLOBAL FILE PARAMETERS                                                     *
       8                    ;*                                                                            *
       9                    ;*   Architecture      : TMS320C670x                                          *
      10                    ;*   Optimization      : Disabled                                             *
      11                    ;*   Optimizing for    : Compile time, Ease of Development                    *
      12                    ;*                       Based on options: no -o, no -ms                      *
      13                    ;*   Endian            : Little                                               *
      14                    ;*   Interrupt Thrshld : Disabled                                             *
      15                    ;*   Memory Model      : Large                                                *
      16                    ;*   Calls to RTS      : Far                                                  *
      17                    ;*   Pipelining        : Disabled                                             *
      18                    ;*   Memory Aliases    : Presume are aliases (pessimistic)                    *
      19                    ;*   Debug Info        : No Debug Info                                        *
      20                    ;*                                                                            *
      21                    ;******************************************************************************
      22                    
      23                            .asg    A15, FP
      24                            .asg    B14, DP
      25                            .asg    B15, SP
      26                            .global $bss
      27                    
      28                    
      29 00000000                   .sect   ".cinit"
      30                            .align  8
      31 00000000 00000004          .field          4,32
      32 00000004 00000000-         .field          _con_input_d+0,32
      33 00000008 00000000          .word   000000000h              ; _con_input_d @ 0
      34 00000000                   .sect   ".text"
      35                            .global _con_input_d
      36 00000000           _con_input_d:   .usect  .far,4,4
      37                    
      38 0000000c                   .sect   ".cinit"
      39                            .align  8
      40 00000010 00000004          .field          4,32
      41 00000014 00000004-         .field          _con_input+0,32
      42 00000018 00000000          .word   000000000h              ; _con_input @ 0
      43 00000000                   .sect   ".text"
      44                            .global _con_input
      45 00000004           _con_input:     .usect  .far,4,4
      46                    
      47 0000001c                   .sect   ".cinit"
      48                            .align  8
      49 00000020 00000004          .field          4,32
      50 00000024 00000008-         .field          _angle_d+0,32
      51 00000028 00000000          .word   000000000h              ; _angle_d @ 0
      52 00000000                   .sect   ".text"
      53                            .global _angle_d
      54 00000008           _angle_d:       .usect  .far,4,4
      55                    
TMS320C6x COFF Assembler         Version 4.10     Wed Jun 05 12:28:29 2024
Copyright (c) 1996-2001 Texas Instruments Incorporated
temp\main.asm                                                        PAGE    2

      56 0000002c                   .sect   ".cinit"
      57                            .align  8
      58 00000030 00000004          .field          4,32
      59 00000034 0000000C-         .field          _angle+0,32
      60 00000038 00000000          .word   000000000h              ; _angle @ 0
      61 00000000                   .sect   ".text"
      62                            .global _angle
      63 0000000c           _angle: .usect  .far,4,4
      64                    
      65 0000003c                   .sect   ".cinit"
      66                            .align  8
      67 00000040 00000004          .field          4,32
      68 00000044 00000010-         .field          _error+0,32
      69 00000048 00000000          .word   000000000h              ; _error @ 0
      70 00000000                   .sect   ".text"
      71                            .global _error
      72 00000010           _error: .usect  .far,4,4
      73                    
      74 0000004c                   .sect   ".cinit"
      75                            .align  8
      76 00000050 00000004          .field          4,32
      77 00000054 00000014-         .field          _error_d+0,32
      78 00000058 00000000          .word   000000000h              ; _error_d @ 0
      79 00000000                   .sect   ".text"
      80                            .global _error_d
      81 00000014           _error_d:       .usect  .far,4,4
      82                    
      83 0000005c                   .sect   ".cinit"
      84                            .align  8
      85 00000060 00000004          .field          4,32
      86 00000064 00000018-         .field          _state+0,32
      87 00000068 00000000          .field          0,32                    ; _state @ 0
      88 00000000                   .sect   ".text"
      89                            .global _state
      90 00000018           _state: .usect  .far,4,4
      91                            .global _t
      92 0000001c           _t:     .usect  .far,4,4
      93                    
      94 0000006c                   .sect   ".cinit"
      95                            .align  8
      96 00000070 00000004          .field          4,32
      97 00000074 00000020-         .field          _startFlag+0,32
      98 00000078 00000000          .field          0,32                    ; _startFlag @ 0
      99 00000000                   .sect   ".text"
     100                            .global _startFlag
     101 00000020           _startFlag:     .usect  .far,4,4
     102                    
     103 0000007c                   .sect   ".cinit"
     104                            .align  8
     105 00000080 00000004          .field          4,32
     106 00000084 00000024-         .field          _i+0,32
     107 00000088 00000000          .field          0,32                    ; _i @ 0
     108 00000000                   .sect   ".text"
     109                            .global _i
     110 00000024           _i:     .usect  .far,4,4
TMS320C6x COFF Assembler         Version 4.10     Wed Jun 05 12:28:29 2024
Copyright (c) 1996-2001 Texas Instruments Incorporated
temp\main.asm                                                        PAGE    3

     111                            .global _TINTCnt
     112 00000028           _TINTCnt:       .usect  .far,4,4
     113                    ;       acp6x -q -D_FAR_RTS=1 --large_model=3 --version=6701 -m --i_output_file C:\Users\user\AppData\
     114 00000000                   .sect   ".text"
     115                            .global _InitEXINTF
     116                    
     117                    ;******************************************************************************
     118                    ;* FUNCTION NAME: _InitEXINTF                                                 *
     119                    ;*                                                                            *
     120                    ;*   Regs Modified     : A0,A3,A4,B4,B5,B6                                    *
     121                    ;*   Regs Used         : A0,A3,A4,B3,B4,B5,B6                                 *
     122                    ;*   Local Frame Size  : 0 Args + 0 Auto + 0 Save = 0 byte                    *
     123                    ;******************************************************************************
     124 00000000           _InitEXINTF:
     125                    ;** --------------------------------------------------------------------------*
     126 00000000 000008C0             ZERO    .D1     A0                ; |18| 
     127 00000004 0000C068             MVKH    .S1     0x1800000,A0      ; |18| 
     128 00000008 02000264             LDW     .D1T1   *A0,A4            ; |18| 
     129 0000000c 0280042A             MVKL    .S2     0x1800008,B5      ; |21| 
     130 00000010 030290AA             MVKL    .S2     0x21520521,B6     ; |33| 
     131 00000014 000C0362             B       .S2     B3                ; |43| 
     132                    
     133 00000018 0200082B             MVKL    .S2     0x1800010,B4      ; |33| 
     134 0000001c 018190A8  ||         MVKL    .S1     0xd00321,A3       ; |21| 
     135                    
     136 00000020 021065C9             CLR     .S1     A4,3,5,A4         ; |18| 
     137 00000024 0280C06A  ||         MVKH    .S2     0x1800008,B5      ; |21| 
     138                    
     139 00000028 02000275             STW     .D1T1   A4,*A0            ; |18| 
     140 0000002c 0310A96B  ||         MVKH    .S2     0x21520521,B6     ; |33| 
     141 00000030 01806868  ||         MVKH    .S1     0xd00321,A3       ; |21| 
     142                    
     143 00000034 019402F5             STW     .D2T1   A3,*B5            ; |21| 
     144 00000038 0200C06A  ||         MVKH    .S2     0x1800010,B4      ; |33| 
     145                    
     146 0000003c 031002F6             STW     .D2T2   B6,*B4            ; |33| 
     147                               ; BRANCH OCCURS                   ; |43| 
     148                    
     149                    
     150 00000040                   .sect   ".text"
     151                            .global _InitTimer
     152                    
     153                    ;******************************************************************************
     154                    ;* FUNCTION NAME: _InitTimer                                                  *
     155                    ;*                                                                            *
     156                    ;*   Regs Modified     : A0,A3,B4,B5                                          *
     157                    ;*   Regs Used         : A0,A3,B3,B4,B5                                       *
     158                    ;*   Local Frame Size  : 0 Args + 0 Auto + 0 Save = 0 byte                    *
     159                    ;******************************************************************************
     160 00000040           _InitTimer:
     161                    ;** --------------------------------------------------------------------------*
     162 00000040 020008C2             ZERO    .D2     B4                ; |48| 
     163 00000044 0200CA6A             MVKH    .S2     0x1940000,B4      ; |48| 
     164 00000048 029002E6             LDW     .D2T2   *B4,B5            ; |48| 
     165 0000004c 00000228             MVKL    .S1     0x1940004,A0      ; |51| 
TMS320C6x COFF Assembler         Version 4.10     Wed Jun 05 12:28:29 2024
Copyright (c) 1996-2001 Texas Instruments Incorporated
temp\main.asm                                                        PAGE    4

     166 00000050 0000CA68             MVKH    .S1     0x1940004,A0      ; |51| 
     167 00000054 018008C0             ZERO    .D1     A3                ; |54| 
     168 00000058 0180CA68             MVKH    .S1     0x1940000,A3      ; |54| 
     169 0000005c 0295098A             SET     .S2     B5,8,9,B5         ; |48| 
     170                    
     171 00000060 0227102B             MVK     .S2     20000,B4          ; |51| 
     172 00000064 029002F6  ||         STW     .D2T2   B5,*B4            ; |48| 
     173                    
     174 00000068 02000276             STW     .D1T2   B4,*A0            ; |51| 
     175 0000006c 000C0264             LDW     .D1T1   *A3,A0            ; |54| 
     176 00000070 000C0362             B       .S2     B3                ; |55| 
     177 00000074 00004000             NOP             3
     178 00000078 0000C788             SET     .S1     A0,6,7,A0         ; |54| 
     179 0000007c 000C0274             STW     .D1T1   A0,*A3            ; |54| 
     180                               ; BRANCH OCCURS                   ; |55| 
     181                    
     182                    
     183 00000080                   .sect   ".text"
     184                            .global _InitINT
     185                    
     186                    ;******************************************************************************
     187                    ;* FUNCTION NAME: _InitINT                                                    *
     188                    ;*                                                                            *
     189                    ;*   Regs Modified     : A0,B4                                                *
     190                    ;*   Regs Used         : A0,B3,B4                                             *
     191                    ;*   Local Frame Size  : 0 Args + 0 Auto + 0 Save = 0 byte                    *
     192                    ;******************************************************************************
     193 00000080           _InitINT:
     194                    ;** --------------------------------------------------------------------------*
     195 00000080 021003E2             MVC     .S2     IER,B4            ; |60| 
     196 00000084 00202128             MVK     .S1     16450,A0          ; |60| 
     197 00000088 020096E2             OR      .S2X    A0,B4,B4          ; |60| 
     198 0000008c 021003A2             MVC     .S2     B4,IER            ; |60| 
     199 00000090 000C0362             B       .S2     B3                ; |61| 
     200 00000094 00008000             NOP             5
     201                               ; BRANCH OCCURS                   ; |61| 
     202                    
     203                    
     204 00000098                   .sect   ".text"
     205                            .global _GIE
     206                    
     207                    ;******************************************************************************
     208                    ;* FUNCTION NAME: _GIE                                                        *
     209                    ;*                                                                            *
     210                    ;*   Regs Modified     : B4                                                   *
     211                    ;*   Regs Used         : B3,B4                                                *
     212                    ;*   Local Frame Size  : 0 Args + 0 Auto + 0 Save = 0 byte                    *
     213                    ;******************************************************************************
     214 00000098           _GIE:
     215                    ;** --------------------------------------------------------------------------*
     216 00000098 020403E2             MVC     .S2     CSR,B4            ; |66| 
     217 0000009c 021026A2             OR      .S2     1,B4,B4           ; |66| 
     218 000000a0 009003A2             MVC     .S2     B4,CSR            ; |66| 
     219 000000a4 000C0362             B       .S2     B3                ; |67| 
     220 000000a8 00008000             NOP             5
TMS320C6x COFF Assembler         Version 4.10     Wed Jun 05 12:28:29 2024
Copyright (c) 1996-2001 Texas Instruments Incorporated
temp\main.asm                                                        PAGE    5

     221                               ; BRANCH OCCURS                   ; |67| 
     222                    
     223                    
     224 000000ac                   .sect   ".text"
     225                            .global _delay_us
     226                    
     227                    ;******************************************************************************
     228                    ;* FUNCTION NAME: _delay_us                                                   *
     229                    ;*                                                                            *
     230                    ;*   Regs Modified     : B0,B4,B5,B6,SP                                       *
     231                    ;*   Regs Used         : A4,B0,B3,B4,B5,B6,SP                                 *
     232                    ;*   Local Frame Size  : 0 Args + 4 Auto + 0 Save = 4 byte                    *
     233                    ;******************************************************************************
     234 000000ac           _delay_us:
     235                    ;** --------------------------------------------------------------------------*
     236 000000ac 021011A2             MV      .S2X    A4,B4             ; |71| 
     237 000000b0 02908CA2             SHL     .S2     B4,4,B5           ; |74| 
     238                    
     239 000000b4 020425E3             ZERO    .S2     B4                ; |74| 
     240 000000b8 02949AC2  ||         SUBAH   .D2     B5,B4,B5          ; |74| 
     241                    
     242 000000bc 00148BFA             CMPLTU  .L2     B4,B5,B0          ; |74| 
     243 000000c0 30000710     [!B0]   B       .S1     L2                ; |74| 
     244 000000c4 07BD09C2             SUB     .D2     SP,8,SP           ; |71| 
     245 000000c8 023C22F4             STW     .D2T1   A4,*+SP(4)        ; |71| 
     246 000000cc 22BC22E6     [ B0]   LDW     .D2T2   *+SP(4),B5        ; |74| 
     247 000000d0 00002000             NOP             2
     248                               ; BRANCH OCCURS                   ; |74| 
     249                    ;** --------------------------------------------------------------------------*
     250 000000d4 00002000             NOP             2
     251                    ;*----------------------------------------------------------------------------*
     252                    ;*   SOFTWARE PIPELINE INFORMATION
     253                    ;*      Disqualified loop: software pipelining disabled
     254                    ;*----------------------------------------------------------------------------*
     255 000000d8           L1:    
     256 000000d8 03148CA2             SHL     .S2     B5,4,B6           ; |74| 
     257                    
     258 000000e0 0298BAC3             SUBAH   .D2     B6,B5,B5          ; |74| 
     259 000000e4 021021A2  ||         ADD     .S2     1,B4,B4           ; |74| 
     260                    
     261 000000e8 00148BFA             CMPLTU  .L2     B4,B5,B0          ; |74| 
     262 000000ec 2FFFFF10     [ B0]   B       .S1     L1                ; |74| 
     263 000000f0 22BC22E6     [ B0]   LDW     .D2T2   *+SP(4),B5        ; |74| 
     264 000000f4 00006000             NOP             4
     265                               ; BRANCH OCCURS                   ; |74| 
     266                    ;** --------------------------------------------------------------------------*
     267 000000f8           L2:    
     268 000000f8 000C0362             B       .S2     B3                ; |75| 
     269 000000fc 07BD0942             ADD     .D2     8,SP,SP           ; |75| 
     270 00000100 00006000             NOP             4
     271                               ; BRANCH OCCURS                   ; |75| 
     272                    
     273                    
     274 00000104                   .sect   ".text"
     275                            .global _delay_ms
TMS320C6x COFF Assembler         Version 4.10     Wed Jun 05 12:28:29 2024
Copyright (c) 1996-2001 Texas Instruments Incorporated
temp\main.asm                                                        PAGE    6

     276                    
     277                    ;******************************************************************************
     278                    ;* FUNCTION NAME: _delay_ms                                                   *
     279                    ;*                                                                            *
     280                    ;*   Regs Modified     : A4,B0,B3,B4,B5,B6,B7,B9,SP                           *
     281                    ;*   Regs Used         : A4,B0,B3,B4,B5,B6,B7,B9,SP                           *
     282                    ;*   Local Frame Size  : 0 Args + 4 Auto + 0 Save = 4 byte                    *
     283                    ;******************************************************************************
     284 00000104           _delay_ms:
     285                    ;** --------------------------------------------------------------------------*
     286 00000104 038008C2             ZERO    .D2     B7                ; |82| 
     287 00000108 0010FBFA             CMPLTU  .L2X    B7,A4,B0
     288 0000010c 30000B10     [!B0]   B       .S1     L4                ; |82| 
     289 00000110 07BD09C2             SUB     .D2     SP,8,SP           ; |79| 
     290 00000114 023C22F4             STW     .D2T1   A4,*+SP(4)        ; |79| 
     291 00000118 048C005A             MV      .L2     B3,B9             ; |79| 
     292 0000011c 2200562A'    [ B0]   MVKL    .S2     _delay_us,B4      ; |83| 
     293 00000120 2200006A'    [ B0]   MVKH    .S2     _delay_us,B4      ; |83| 
     294                               ; BRANCH OCCURS                   ; |82| 
     295                    ;*----------------------------------------------------------------------------*
     296                    ;*   SOFTWARE PIPELINE INFORMATION
     297                    ;*      Disqualified loop: software pipelining disabled
     298                    ;*----------------------------------------------------------------------------*
     299 00000124           L3:    
     300 00000124 00100362             B       .S2     B4                ; |83| 
     301 00000128 01809C2A'            MVKL    .S2     RL0,B3            ; |83| 
     302 0000012c 0180006A'            MVKH    .S2     RL0,B3            ; |83| 
     303 00000130 0201F428             MVK     .S1     0x3e8,A4          ; |83| 
     304 00000134 00002000             NOP             2
     305 00000138           RL0:       ; CALL OCCURS                     ; |83| 
     306 00000138 023C22E6             LDW     .D2T2   *+SP(4),B4        ; |84| 
     307 0000013c 039C2942             ADD     .D2     1,B7,B7           ; |84| 
     308 00000140 00004000             NOP             3
     309 00000144 0010EBFA             CMPLTU  .L2     B7,B4,B0          ; |84| 
     310 00000148 2FFFFC90     [ B0]   B       .S1     L3                ; |84| 
     311 0000014c 2200562A'    [ B0]   MVKL    .S2     _delay_us,B4      ; |83| 
     312 00000150 2200006A'    [ B0]   MVKH    .S2     _delay_us,B4      ; |83| 
     313 00000154 00004000             NOP             3
     314                               ; BRANCH OCCURS                   ; |84| 
     315                    ;** --------------------------------------------------------------------------*
     316 00000158           L4:    
     317 00000158 00240362             B       .S2     B9                ; |85| 
     318 0000015c 07BD0942             ADD     .D2     8,SP,SP           ; |85| 
     319 00000160 00006000             NOP             4
     320                               ; BRANCH OCCURS                   ; |85| 
     321                    
     322                    
     323 00000164                   .sect   ".text"
     324                            .global _WaitTFlag
     325                    
     326                    ;******************************************************************************
     327                    ;* FUNCTION NAME: _WaitTFlag                                                  *
     328                    ;*                                                                            *
     329                    ;*   Regs Modified     : A0,A1,A3                                             *
     330                    ;*   Regs Used         : A0,A1,A3,B3                                          *
TMS320C6x COFF Assembler         Version 4.10     Wed Jun 05 12:28:29 2024
Copyright (c) 1996-2001 Texas Instruments Incorporated
temp\main.asm                                                        PAGE    7

     331                    ;*   Local Frame Size  : 0 Args + 0 Auto + 0 Save = 0 byte                    *
     332                    ;******************************************************************************
     333 00000164           _WaitTFlag:
     334                    ;** --------------------------------------------------------------------------*
     335 00000164 00000028!            MVKL    .S1     _TFlag,A0         ; |90| 
     336 00000168 00000068!            MVKH    .S1     _TFlag,A0         ; |90| 
     337 0000016c 00800264             LDW     .D1T1   *A0,A1            ; |90| 
     338 00000170 00006000             NOP             4
     339 00000174 80000810     [ A1]   B       .S1     L6                ; |90| 
     340 00000178 90000028!    [!A1]   MVKL    .S1     _TFlag,A0         ; |90| 
     341 0000017c 90000068!    [!A1]   MVKH    .S1     _TFlag,A0         ; |90| 
     342 00000180 90800264     [!A1]   LDW     .D1T1   *A0,A1            ; |90| 
     343 00000184 00002000             NOP             2
     344                               ; BRANCH OCCURS                   ; |90| 
     345                    ;*----------------------------------------------------------------------------*
     346                    ;*   SOFTWARE PIPELINE INFORMATION
     347                    ;*      Disqualified loop: software pipelining disabled
     348                    ;*----------------------------------------------------------------------------*
     349 00000188           L5:    
     350 00000188 00002000             NOP             2
     351 0000018c 90000110     [!A1]   B       .S1     L5                ; |90| 
     352 00000190 90000028!    [!A1]   MVKL    .S1     _TFlag,A0         ; |90| 
     353 00000194 90000068!    [!A1]   MVKH    .S1     _TFlag,A0         ; |90| 
     354 00000198 90800264     [!A1]   LDW     .D1T1   *A0,A1            ; |90| 
     355 0000019c 00002000             NOP             2
     356                               ; BRANCH OCCURS                   ; |90| 
     357                    ;** --------------------------------------------------------------------------*
     358 000001a0           L6:    
     359 000001a0 000C0362             B       .S2     B3                ; |92| 
     360 000001a4 00000028!            MVKL    .S1     _TFlag,A0         ; |91| 
     361 000001a8 00000068!            MVKH    .S1     _TFlag,A0         ; |91| 
     362 000001ac 018008C0             ZERO    .D1     A3                ; |91| 
     363 000001b0 01800274             STW     .D1T1   A3,*A0            ; |91| 
     364 000001b4 00000000             NOP             1
     365                               ; BRANCH OCCURS                   ; |92| 
     366                    
     367                    
     368 000001b8                   .sect   ".text"
     369                            .global _WaitTFlagCnt
     370                    
     371                    ;******************************************************************************
     372                    ;* FUNCTION NAME: _WaitTFlagCnt                                               *
     373                    ;*                                                                            *
     374                    ;*   Regs Modified     : A0,A1,A3,B0,B3,B4,B5,B9,SP                           *
     375                    ;*   Regs Used         : A0,A1,A3,A4,B0,B3,B4,B5,B9,SP                        *
     376                    ;*   Local Frame Size  : 0 Args + 8 Auto + 0 Save = 8 byte                    *
     377                    ;******************************************************************************
     378 000001b8           _WaitTFlagCnt:
     379                    ;** --------------------------------------------------------------------------*
     380                    
     381 000001b8 07BD09C3             SUB     .D2     SP,8,SP           ; |96| 
     382 000001bc 00000028! ||         MVKL    .S1     _TFlag,A0         ; |99| 
     383                    
     384 000001c0 023C22F5             STW     .D2T1   A4,*+SP(4)        ; |96| 
     385 000001c4 00000069! ||         MVKH    .S1     _TFlag,A0         ; |99| 
TMS320C6x COFF Assembler         Version 4.10     Wed Jun 05 12:28:29 2024
Copyright (c) 1996-2001 Texas Instruments Incorporated
temp\main.asm                                                        PAGE    8

     386 000001c8 018428C0  ||         ZERO    .D1     A3                ; |99| 
     387                    
     388 000001cc 01800274             STW     .D1T1   A3,*A0            ; |99| 
     389 000001d0 02BC22E6             LDW     .D2T2   *+SP(4),B5        ; |101| 
     390 000001d4 020008C2             ZERO    .D2     B4                ; |101| 
     391 000001d8 023C42F6             STW     .D2T2   B4,*+SP(8)        ; |101| 
     392 000001dc 048C01A2             MV      .S2     B3,B9             ; |96| 
     393 000001e0 00000000             NOP             1
     394 000001e4 00148BFA             CMPLTU  .L2     B4,B5,B0          ; |101| 
     395 000001e8 30000A10     [!B0]   B       .S1     L8                ; |101| 
     396 000001ec 2000B228'    [ B0]   MVKL    .S1     _WaitTFlag,A0     ; |102| 
     397 000001f0 20000068'    [ B0]   MVKH    .S1     _WaitTFlag,A0     ; |102| 
     398 000001f4 00004000             NOP             3
     399                               ; BRANCH OCCURS                   ; |101| 
     400                    ;*----------------------------------------------------------------------------*
     401                    ;*   SOFTWARE PIPELINE INFORMATION
     402                    ;*      Disqualified loop: software pipelining disabled
     403                    ;*----------------------------------------------------------------------------*
     404 000001f8           L7:    
     405 000001f8 00001362             B       .S2X    A0                ; |102| 
     406 000001fc 0181042A'            MVKL    .S2     RL2,B3            ; |102| 
     407 00000200 0180006A'            MVKH    .S2     RL2,B3            ; |102| 
     408 00000204 00004000             NOP             3
     409 00000208           RL2:       ; CALL OCCURS                     ; |102| 
     410 00000208 023C42E6             LDW     .D2T2   *+SP(8),B4        ; |103| 
     411 0000020c 02BC22E6             LDW     .D2T2   *+SP(4),B5        ; |103| 
     412 00000210 00004000             NOP             3
     413 00000214 02102942             ADD     .D2     1,B4,B4           ; |103| 
     414 00000218 00148BFA             CMPLTU  .L2     B4,B5,B0          ; |103| 
     415 0000021c 2FFFFF10     [ B0]   B       .S1     L7                ; |103| 
     416 00000220 023C42F6             STW     .D2T2   B4,*+SP(8)        ; |103| 
     417 00000224 2000B228'    [ B0]   MVKL    .S1     _WaitTFlag,A0     ; |102| 
     418 00000228 20000068'    [ B0]   MVKH    .S1     _WaitTFlag,A0     ; |102| 
     419 0000022c 00002000             NOP             2
     420                               ; BRANCH OCCURS                   ; |103| 
     421                    ;** --------------------------------------------------------------------------*
     422 00000230           L8:    
     423 00000230 00240362             B       .S2     B9                ; |104| 
     424 00000234 07BD0942             ADD     .D2     8,SP,SP           ; |104| 
     425 00000238 00006000             NOP             4
     426                               ; BRANCH OCCURS                   ; |104| 
     427                    
     428                    
     429 0000023c                   .sect   ".text"
     430                            .global _PWMOut
     431                    
     432                    ;******************************************************************************
     433                    ;* FUNCTION NAME: _PWMOut                                                     *
     434                    ;*                                                                            *
     435                    ;*   Regs Modified     : A0,A3,B0,B1,B4,B5,B6,SP                              *
     436                    ;*   Regs Used         : A0,A3,A4,B0,B1,B3,B4,B5,B6,SP                        *
     437                    ;*   Local Frame Size  : 0 Args + 4 Auto + 0 Save = 4 byte                    *
     438                    ;******************************************************************************
     439 0000023c           _PWMOut:
     440                    ;** --------------------------------------------------------------------------*
TMS320C6x COFF Assembler         Version 4.10     Wed Jun 05 12:28:29 2024
Copyright (c) 1996-2001 Texas Instruments Incorporated
temp\main.asm                                                        PAGE    9

     441 0000023c 020008C2             ZERO    .D2     B4                ; |108| 
     442                    
     443 00000240 0221226B             MVKH    .S2     0x42440000,B4     ; |108| 
     444 00000244 0290105A  ||         MV      .L2X    A4,B5             ; |107| 
     445                    
     446 00000248 0010AE62             CMPGTSP .S2     B5,B4,B0          ; |108| 
     447 0000024c 20000A90     [ B0]   B       .S1     L9                ; |108| 
     448 00000250 018008C0             ZERO    .D1     A3                ; |109| 
     449                    
     450 00000254 01E12269             MVKH    .S1     0xc2440000,A3     ; |109| 
     451 00000258 07BD09C3  ||         SUB     .D2     SP,8,SP           ; |107| 
     452 0000025c 000428C0  ||         ZERO    .D1     A0                ; |108| 
     453                    
     454 00000260 00212269             MVKH    .S1     0x42440000,A0     ; |108| 
     455 00000264 023C22F5  ||         STW     .D2T1   A4,*+SP(4)        ; |107| 
     456 00000268 031011A2  ||         MV      .S2X    A4,B6             ; |107| 
     457                    
     458 0000026c 203C22F5     [ B0]   STW     .D2T1   A0,*+SP(4)        ; |108| 
     459 00000270 008CDEA3  ||         CMPLTSP .S2X    B6,A3,B1          ; |109| 
     460 00000274 30004428  || [!B0]   MVKL    .S1     0x2000088,A0      ; |109| 
     461                    
     462 00000280 30010069     [!B0]   MVKH    .S1     0x2000088,A0      ; |109| 
     463 00000284 318428C1  || [!B0]   ZERO    .D1     A3                ; |109| 
     464 00000288 223C22E6  || [ B0]   LDW     .D2T2   *+SP(4),B4        ; |111| 
     465                    
     466                               ; BRANCH OCCURS                   ; |108| 
     467                    ;** --------------------------------------------------------------------------*
     468 0000028c 41800274     [ B1]   STW     .D1T1   A3,*A0            ; |109| 
     469 00000290 023C22E6             LDW     .D2T2   *+SP(4),B4        ; |111| 
     470                    ;** --------------------------------------------------------------------------*
     471 00000294           L9:    
     472 00000294 000008C0             ZERO    .D1     A0                ; |111| 
     473 00000298 00212468             MVKH    .S1     0x42480000,A0     ; |111| 
     474 0000029c 07BD0942             ADD     .D2     8,SP,SP           ; |112| 
     475 000002a0 00000000             NOP             1
     476 000002a4 0280921A             ADDSP   .L2X    A0,B4,B5          ; |111| 
     477 000002a8 026666AA             MVKL    .S2     0x4223cccd,B4     ; |111| 
     478 000002ac 022111EA             MVKH    .S2     0x4223cccd,B4     ; |111| 
     479 000002b0 00004428             MVKL    .S1     0x2000088,A0      ; |111| 
     480 000002b4 02148E02             MPYSP   .M2     B4,B5,B4          ; |111| 
     481 000002b8 00010068             MVKH    .S1     0x2000088,A0      ; |111| 
     482 000002bc 00000000             NOP             1
     483 000002c0 000C0362             B       .S2     B3                ; |112| 
     484 000002c4 0210017A             SPTRUNC .L2     B4,B4             ; |111| 
     485 000002c8 00004000             NOP             3
     486 000002cc 02000276             STW     .D1T2   B4,*A0            ; |111| 
     487                               ; BRANCH OCCURS                   ; |112| 
     488                    
     489                    
     490 000002d0                   .sect   ".text"
     491                            .global _GetAngle
     492                    
     493                    ;******************************************************************************
     494                    ;* FUNCTION NAME: _GetAngle                                                   *
     495                    ;*                                                                            *
TMS320C6x COFF Assembler         Version 4.10     Wed Jun 05 12:28:29 2024
Copyright (c) 1996-2001 Texas Instruments Incorporated
temp\main.asm                                                        PAGE   10

     496                    ;*   Regs Modified     : A0,A1,A2,A3,A4,A5,A6,A7,A8,A9,B0,B1,B2,B3,B4,B5,B6,  *
     497                    ;*                           B7,B8,B9,SP                                      *
     498                    ;*   Regs Used         : A0,A1,A2,A3,A4,A5,A6,A7,A8,A9,B0,B1,B2,B3,B4,B5,B6,  *
     499                    ;*                           B7,B8,B9,SP                                      *
     500                    ;*   Local Frame Size  : 0 Args + 8 Auto + 4 Save = 12 byte                   *
     501                    ;******************************************************************************
     502 000002d0           _GetAngle:
     503                    ;** --------------------------------------------------------------------------*
     504                    
     505 000002d0 018428C1             ZERO    .D1     A3                ; |115| 
     506 000002d4 00010629  ||         MVKL    .S1     0x200020c,A0      ; |118| 
     507 000002d8 01BC94F6  ||         STW     .D2T2   B3,*SP--(16)      ; |114| 
     508                    
     509 000002e0 01BC22F5             STW     .D2T1   A3,*+SP(4)        ; |115| 
     510 000002e4 00010068  ||         MVKH    .S1     0x200020c,A0      ; |118| 
     511                    
     512 000002e8 00000264             LDW     .D1T1   *A0,A0            ; |118| 
     513 000002ec 0280002A!            MVKL    .S2     __divf,B5         ; |119| 
     514 000002f0 00004000             NOP             3
     515 000002f4 00021008             EXTU    .S1     A0,16,16,A0       ; |118| 
     516 000002f8 003C82D4             STH     .D2T1   A0,*+SP(8)        ; |118| 
     517 000002fc 023C82C6             LDH     .D2T2   *+SP(8),B4        ; |119| 
     518 00000300 000008C0             ZERO    .D1     A0                ; |119| 
     519 00000304 00004000             NOP             3
     520 00000308 0310095A             INTSP   .L2     B4,B6             ; |119| 
     521 0000030c 0280006A!            MVKH    .S2     __divf,B5         ; |119| 
     522 00000310 00140362             B       .S2     B5                ; |119| 
     523 00000314 0021DA68             MVKH    .S1     0x43b40000,A0     ; |119| 
     524 00000318 02181E00             MPYSP   .M1X    A0,B6,A4          ; |119| 
     525 0000031c 0181962A'            MVKL    .S2     RL4,B3            ; |119| 
     526                    
     527 00000320 020428C3             ZERO    .D2     B4                ; |119| 
     528 00000324 0180006A' ||         MVKH    .S2     RL4,B3            ; |119| 
     529                    
     530 00000328 0222406A             MVKH    .S2     0x44800000,B4     ; |119| 
     531 0000032c           RL4:       ; CALL OCCURS                     ; |119| 
     532 0000032c 023C22F4             STW     .D2T1   A4,*+SP(4)        ; |119| 
     533 00000330 01BC92E6             LDW     .D2T2   *++SP(16),B3      ; |122| 
     534 00000334 00006000             NOP             4
     535 00000338 000C0362             B       .S2     B3                ; |122| 
     536 0000033c 00008000             NOP             5
     537                               ; BRANCH OCCURS                   ; |122| 
     538                    
     539                    
     540 00000340                   .sect   ".text"
     541                            .global _GetAngleDist
     542                    
     543                    ;******************************************************************************
     544                    ;* FUNCTION NAME: _GetAngleDist                                               *
     545                    ;*                                                                            *
     546                    ;*   Regs Modified     : A0,A1,A2,A3,A4,A5,A6,A7,A8,A9,B0,B1,B2,B3,B4,B5,B6,  *
     547                    ;*                           B7,B8,B9,SP                                      *
     548                    ;*   Regs Used         : A0,A1,A2,A3,A4,A5,A6,A7,A8,A9,B0,B1,B2,B3,B4,B5,B6,  *
     549                    ;*                           B7,B8,B9,SP                                      *
     550                    ;*   Local Frame Size  : 0 Args + 8 Auto + 4 Save = 12 byte                   *
TMS320C6x COFF Assembler         Version 4.10     Wed Jun 05 12:28:29 2024
Copyright (c) 1996-2001 Texas Instruments Incorporated
temp\main.asm                                                        PAGE   11

     551                    ;******************************************************************************
     552 00000340           _GetAngleDist:
     553                    ;** --------------------------------------------------------------------------*
     554                    
     555 00000340 018428C1             ZERO    .D1     A3                ; |125| 
     556 00000344 00010829  ||         MVKL    .S1     0x2000210,A0      ; |128| 
     557 00000348 01BC94F6  ||         STW     .D2T2   B3,*SP--(16)      ; |124| 
     558                    
     559 0000034c 01BC22F5             STW     .D2T1   A3,*+SP(4)        ; |125| 
     560 00000350 00010068  ||         MVKH    .S1     0x2000210,A0      ; |128| 
     561                    
     562 00000354 00000264             LDW     .D1T1   *A0,A0            ; |128| 
     563 00000358 0280002A!            MVKL    .S2     __divf,B5         ; |129| 
     564 0000035c 00004000             NOP             3
     565 00000360 00021008             EXTU    .S1     A0,16,16,A0       ; |128| 
     566 00000364 003C82D4             STH     .D2T1   A0,*+SP(8)        ; |128| 
     567 00000368 023C82C6             LDH     .D2T2   *+SP(8),B4        ; |129| 
     568 0000036c 000008C0             ZERO    .D1     A0                ; |129| 
     569 00000370 00004000             NOP             3
     570 00000374 0310095A             INTSP   .L2     B4,B6             ; |129| 
     571 00000378 0280006A!            MVKH    .S2     __divf,B5         ; |129| 
     572 0000037c 00140362             B       .S2     B5                ; |129| 
     573 00000380 0021DA68             MVKH    .S1     0x43b40000,A0     ; |129| 
     574 00000384 02181E00             MPYSP   .M1X    A0,B6,A4          ; |129| 
     575 00000388 0181CC2A'            MVKL    .S2     RL6,B3            ; |129| 
     576                    
     577 0000038c 020428C3             ZERO    .D2     B4                ; |129| 
     578 00000390 0180006A' ||         MVKH    .S2     RL6,B3            ; |129| 
     579                    
     580 00000394 0222406A             MVKH    .S2     0x44800000,B4     ; |129| 
     581 00000398           RL6:       ; CALL OCCURS                     ; |129| 
     582 00000398 023C22F4             STW     .D2T1   A4,*+SP(4)        ; |129| 
     583 0000039c 01BC92E6             LDW     .D2T2   *++SP(16),B3      ; |132| 
     584 000003a0 00006000             NOP             4
     585 000003a4 000C0362             B       .S2     B3                ; |132| 
     586 000003a8 00008000             NOP             5
     587                               ; BRANCH OCCURS                   ; |132| 
     588                    
     589                    
     590 000003ac                   .sect   ".text"
     591                            .global _main
     592                    
     593                    ;******************************************************************************
     594                    ;* FUNCTION NAME: _main                                                       *
     595                    ;*                                                                            *
     596                    ;*   Regs Modified     : A0,A1,A2,A3,A4,A5,A6,A7,A8,A9,B0,B1,B2,B3,B4,B5,B6,  *
     597                    ;*                           B7,B8,B9,SP                                      *
     598                    ;*   Regs Used         : A0,A1,A2,A3,A4,A5,A6,A7,A8,A9,B0,B1,B2,B3,B4,B5,B6,  *
     599                    ;*                           B7,B8,B9,SP                                      *
     600                    ;*   Local Frame Size  : 24 Args + 0 Auto + 4 Save = 28 byte                  *
     601                    ;******************************************************************************
     602 000003ac           _main:
     603                    ;** --------------------------------------------------------------------------*
     604 000003ac 00000028'            MVKL    .S1     _InitEXINTF,A0    ; |151| 
     605 000003b0 00000068'            MVKH    .S1     _InitEXINTF,A0    ; |151| 
TMS320C6x COFF Assembler         Version 4.10     Wed Jun 05 12:28:29 2024
Copyright (c) 1996-2001 Texas Instruments Incorporated
temp\main.asm                                                        PAGE   12

     606 000003b4 00001362             B       .S2X    A0                ; |151| 
     607 000003b8 01BD14F6             STW     .D2T2   B3,*SP--(32)      ; |150| 
     608 000003bc 0181E42A'            MVKL    .S2     RL8,B3            ; |151| 
     609 000003c0 0180006A'            MVKH    .S2     RL8,B3            ; |151| 
     610 000003c4 00002000             NOP             2
     611 000003c8           RL8:       ; CALL OCCURS                     ; |151| 
     612 000003c8 00002028'            MVKL    .S1     _InitTimer,A0     ; |152| 
     613 000003cc 00000068'            MVKH    .S1     _InitTimer,A0     ; |152| 
     614 000003d0 00001362             B       .S2X    A0                ; |152| 
     615 000003d4 0181F02A'            MVKL    .S2     RL10,B3           ; |152| 
     616 000003d8 0180006A'            MVKH    .S2     RL10,B3           ; |152| 
     617 000003dc 00004000             NOP             3
     618 000003e0           RL10:      ; CALL OCCURS                     ; |152| 
     619 000003e0 0200002A!            MVKL    .S2     _InitUART,B4      ; |153| 
     620 000003e4 0200006A!            MVKH    .S2     _InitUART,B4      ; |153| 
     621 000003e8 00100362             B       .S2     B4                ; |153| 
     622 000003ec 0181FC2A'            MVKL    .S2     RL12,B3           ; |153| 
     623 000003f0 0180006A'            MVKH    .S2     RL12,B3           ; |153| 
     624 000003f4 00004000             NOP             3
     625 000003f8           RL12:      ; CALL OCCURS                     ; |153| 
     626 000003f8 00004028'            MVKL    .S1     _InitINT,A0       ; |154| 
     627 000003fc 00000068'            MVKH    .S1     _InitINT,A0       ; |154| 
     628 00000400 00001362             B       .S2X    A0                ; |154| 
     629 00000404 0182082A'            MVKL    .S2     RL14,B3           ; |154| 
     630 00000408 0180006A'            MVKH    .S2     RL14,B3           ; |154| 
     631 0000040c 00004000             NOP             3
     632 00000410           RL14:      ; CALL OCCURS                     ; |154| 
     633 00000410 00000028!            MVKL    .S1     _InitUSBMon,A0    ; |155| 
     634 00000414 00000068!            MVKH    .S1     _InitUSBMon,A0    ; |155| 
     635 00000418 00001362             B       .S2X    A0                ; |155| 
     636 0000041c 0182142A'            MVKL    .S2     RL16,B3           ; |155| 
     637 00000420 0180006A'            MVKH    .S2     RL16,B3           ; |155| 
     638 00000424 00004000             NOP             3
     639 00000428           RL16:      ; CALL OCCURS                     ; |155| 
     640 00000428 00000028!            MVKL    .S1     _sprintf,A0       ; |157| 
     641                    
     642 0000042c 00000069!            MVKH    .S1     _sprintf,A0       ; |157| 
     643 00000430 0280002A! ||         MVKL    .S2     _tmp_string,B5    ; |157| 
     644                    
     645 00000434 00001362             B       .S2X    A0                ; |157| 
     646 00000438 01822A2A'            MVKL    .S2     RL18,B3           ; |157| 
     647 0000043c 0280006A!            MVKH    .S2     _tmp_string,B5    ; |157| 
     648 00000440 0200002A+            MVKL    .S2     SL1+0,B4          ; |157| 
     649 00000444 0200006A+            MVKH    .S2     SL1+0,B4          ; |157| 
     650                    
     651 00000448 0180006B'            MVKH    .S2     RL18,B3           ; |157| 
     652 0000044c 021411A1  ||         MV      .S1X    B5,A4             ; |157| 
     653 00000450 023C22F6  ||         STW     .D2T2   B4,*+SP(4)        ; |157| 
     654                    
     655 00000454           RL18:      ; CALL OCCURS                     ; |157| 
     656 00000454 00000028!            MVKL    .S1     _Report,A0        ; |157| 
     657 00000458 00000068!            MVKH    .S1     _Report,A0        ; |157| 
     658 0000045c 00001362             B       .S2X    A0                ; |157| 
     659 00000460 0182362A'            MVKL    .S2     RL20,B3           ; |157| 
     660 00000464 0180006A'            MVKH    .S2     RL20,B3           ; |157| 
TMS320C6x COFF Assembler         Version 4.10     Wed Jun 05 12:28:29 2024
Copyright (c) 1996-2001 Texas Instruments Incorporated
temp\main.asm                                                        PAGE   13

     661 00000468 00004000             NOP             3
     662 0000046c           RL20:      ; CALL OCCURS                     ; |157| 
     663 0000046c 0003F428             MVK     .S1     2024,A0           ; |158| 
     664                    
     665 00000470 00000029!            MVKL    .S1     _sprintf,A0       ; |158| 
     666 00000474 003C42F4  ||         STW     .D2T1   A0,*+SP(8)        ; |158| 
     667                    
     668 00000478 00000069!            MVKH    .S1     _sprintf,A0       ; |158| 
     669 0000047c 020002AA+ ||         MVKL    .S2     SL2+0,B4          ; |158| 
     670                    
     671 00000480 00001362             B       .S2X    A0                ; |158| 
     672 00000484 0200006A+            MVKH    .S2     SL2+0,B4          ; |158| 
     673 00000488 0280002A!            MVKL    .S2     _tmp_string,B5    ; |158| 
     674 0000048c 0280006A!            MVKH    .S2     _tmp_string,B5    ; |158| 
     675 00000490 0182502A'            MVKL    .S2     RL22,B3           ; |158| 
     676                    
     677 00000494 023C22F7             STW     .D2T2   B4,*+SP(4)        ; |158| 
     678 00000498 0180006B' ||         MVKH    .S2     RL22,B3           ; |158| 
     679 0000049c 021411A0  ||         MV      .S1X    B5,A4             ; |158| 
     680                    
     681 000004a0           RL22:      ; CALL OCCURS                     ; |158| 
     682 000004a0 00000028!            MVKL    .S1     _Report,A0        ; |158| 
     683 000004a4 00000068!            MVKH    .S1     _Report,A0        ; |158| 
     684 000004a8 00001362             B       .S2X    A0                ; |158| 
     685 000004ac 01825C2A'            MVKL    .S2     RL24,B3           ; |158| 
     686 000004b0 0180006A'            MVKH    .S2     RL24,B3           ; |158| 
     687 000004b4 00004000             NOP             3
     688 000004b8           RL24:      ; CALL OCCURS                     ; |158| 
     689 000004b8 02000F2A+            MVKL    .S2     SL3+0,B4          ; |159| 
     690 000004bc 0281FE2A             MVKL    .S2     0x20003fc,B5      ; |159| 
     691 000004c0 0200006A+            MVKH    .S2     SL3+0,B4          ; |159| 
     692                    
     693 000004c4 0281006B             MVKH    .S2     0x20003fc,B5      ; |159| 
     694 000004c8 023C22F6  ||         STW     .D2T2   B4,*+SP(4)        ; |159| 
     695                    
     696 000004cc 021402E6             LDW     .D2T2   *B5,B4            ; |159| 
     697 000004d0 01800028!            MVKL    .S1     _sprintf,A3       ; |159| 
     698 000004d4 0001FE28             MVKL    .S1     0x20003fc,A0      ; |159| 
     699 000004d8 00010068             MVKH    .S1     0x20003fc,A0      ; |159| 
     700 000004dc 01800068!            MVKH    .S1     _sprintf,A3       ; |159| 
     701 000004e0 0212180A             EXTU    .S2     B4,16,24,B4       ; |159| 
     702 000004e4 023C42F6             STW     .D2T2   B4,*+SP(8)        ; |159| 
     703 000004e8 00000264             LDW     .D1T1   *A0,A0            ; |159| 
     704 000004ec 000C1362             B       .S2X    A3                ; |159| 
     705 000004f0 0182842A'            MVKL    .S2     RL26,B3           ; |159| 
     706 000004f4 0180006A'            MVKH    .S2     RL26,B3           ; |159| 
     707 000004f8 02000028!            MVKL    .S1     _tmp_string,A4    ; |159| 
     708 000004fc 00031808             EXTU    .S1     A0,24,24,A0       ; |159| 
     709                    
     710 00000500 003C62F5             STW     .D2T1   A0,*+SP(12)       ; |159| 
     711 00000504 02000068! ||         MVKH    .S1     _tmp_string,A4    ; |159| 
     712                    
     713 00000508           RL26:      ; CALL OCCURS                     ; |159| 
     714 00000508 00000028!            MVKL    .S1     _Report,A0        ; |159| 
     715 0000050c 00000068!            MVKH    .S1     _Report,A0        ; |159| 
TMS320C6x COFF Assembler         Version 4.10     Wed Jun 05 12:28:29 2024
Copyright (c) 1996-2001 Texas Instruments Incorporated
temp\main.asm                                                        PAGE   14

     716 00000510 00001362             B       .S2X    A0                ; |159| 
     717 00000514 0182902A'            MVKL    .S2     RL28,B3           ; |159| 
     718 00000518 0180006A'            MVKH    .S2     RL28,B3           ; |159| 
     719 0000051c 00004000             NOP             3
     720 00000520           RL28:      ; CALL OCCURS                     ; |159| 
     721                    ;** --------------------------------------------------------------------------*
     722 00000520 00004C28'            MVKL    .S1     _GIE,A0           ; |163| 
     723 00000524 00000068'            MVKH    .S1     _GIE,A0           ; |163| 
     724 00000528 00001362             B       .S2X    A0                ; |163| 
     725 0000052c 0200002A!            MVKL    .S2     _TFlag,B4         ; |161| 
     726 00000530 0182A42A'            MVKL    .S2     RL30,B3           ; |163| 
     727 00000534 0200006A!            MVKH    .S2     _TFlag,B4         ; |161| 
     728 00000538 018008C0             ZERO    .D1     A3                ; |161| 
     729                    
     730 00000540 019002F5             STW     .D2T1   A3,*B4            ; |161| 
     731 00000544 0180006A' ||         MVKH    .S2     RL30,B3           ; |163| 
     732                    
     733 00000548           RL30:      ; CALL OCCURS                     ; |163| 
     734 00000548 0280262A             MVKL    .S2     0x200004c,B5      ; |165| 
     735 0000054c 0300402A             MVKL    .S2     0x2000080,B6      ; |166| 
     736 00000550 0380422A             MVKL    .S2     0x2000084,B7      ; |167| 
     737 00000554 0281006A             MVKH    .S2     0x200004c,B5      ; |165| 
     738 00000558 0301006A             MVKH    .S2     0x2000080,B6      ; |166| 
     739                    
     740 00000560 000000A9             MVK     .S1     1,A0              ; |165| 
     741 00000564 0381006A  ||         MVKH    .S2     0x2000084,B7      ; |167| 
     742                    
     743 00000568 001402F5             STW     .D2T1   A0,*B5            ; |165| 
     744 0000056c 0200142A- ||         MVKL    .S2     _TINTCnt,B4       ; |169| 
     745                    
     746 00000570 00040029             MVK     .S1     2048,A0           ; |167| 
     747 00000574 001802F5  ||         STW     .D2T1   A0,*B6            ; |166| 
     748 00000578 0200006A- ||         MVKH    .S2     _TINTCnt,B4       ; |169| 
     749                    
     750 00000580 00000E29-            MVKL    .S1     _t,A0             ; |171| 
     751 00000584 001C02F5  ||         STW     .D2T1   A0,*B7            ; |167| 
     752 00000588 030425E3  ||         ZERO    .S2     B6                ; |171| 
     753 0000058c 028840FA  ||         ZERO    .L2     B5                ; |169| 
     754                    
     755 00000590 029002F7             STW     .D2T2   B5,*B4            ; |169| 
     756 00000594 00000069- ||         MVKH    .S1     _t,A0             ; |171| 
     757 00000598 0320F86A  ||         MVKH    .S2     0x41f00000,B6     ; |171| 
     758                    
     759 0000059c 03000276             STW     .D1T2   B6,*A0            ; |171| 
     760                    ;** --------------------------------------------------------------------------*
     761                    ;**   BEGIN LOOP L10
     762                    ;** --------------------------------------------------------------------------*
     763 000005a0           L10:    
     764 000005a0 000018A8+            MVKL    .S1     SL4+0,A0          ; |174| 
     765                    
     766 000005a4 00000069+            MVKH    .S1     SL4+0,A0          ; |174| 
     767 000005a8 0200042A- ||         MVKL    .S2     _angle_d,B4       ; |174| 
     768                    
     769 000005ac 003C22F5             STW     .D2T1   A0,*+SP(4)        ; |174| 
     770 000005b0 0200006A- ||         MVKH    .S2     _angle_d,B4       ; |174| 
TMS320C6x COFF Assembler         Version 4.10     Wed Jun 05 12:28:29 2024
Copyright (c) 1996-2001 Texas Instruments Incorporated
temp\main.asm                                                        PAGE   15

     771                    
     772 000005b4 021002E6             LDW     .D2T2   *B4,B4            ; |174| 
     773                    ;** --------------------------------------------------------------------------*
     774                    ;**   BEGIN LOOP L11
     775                    ;** --------------------------------------------------------------------------*
     776 000005b8           L11:    
     777 000005b8 00000000             NOP             1
     778                    ;*----------------------------------------------------------------------------*
     779                    ;*   SOFTWARE PIPELINE INFORMATION
     780                    ;*      Disqualified loop: software pipelining disabled
     781                    ;*----------------------------------------------------------------------------*
     782 000005bc           L12:    
     783 000005bc 02000028!            MVKL    .S1     _tmp_string,A4    ; |174| 
     784 000005c0 0183002A'            MVKL    .S2     RL32,B3           ; |174| 
     785 000005c4 0180006A'            MVKH    .S2     RL32,B3           ; |174| 
     786 000005c8 021000A2             SPDP    .S2     B4,B5:B4          ; |174| 
     787 000005cc 00000628-            MVKL    .S1     _angle,A0         ; |174| 
     788 000005d0 023C42F6             STW     .D2T2   B4,*+SP(8)        ; |174| 
     789                    
     790 000005d4 00000069-            MVKH    .S1     _angle,A0         ; |174| 
     791 000005d8 02BC62F6  ||         STW     .D2T2   B5,*+SP(12)       ; |174| 
     792                    
     793 000005dc 00000264             LDW     .D1T1   *A0,A0            ; |174| 
     794 000005e0 0200002A!            MVKL    .S2     _sprintf,B4       ; |174| 
     795 000005e4 0200006A!            MVKH    .S2     _sprintf,B4       ; |174| 
     796 000005e8 00100362             B       .S2     B4                ; |174| 
     797 000005ec 02000068!            MVKH    .S1     _tmp_string,A4    ; |174| 
     798 000005f0 000000A0             SPDP    .S1     A0,A1:A0          ; |174| 
     799 000005f4 00000000             NOP             1
     800 000005f8 003C82F4             STW     .D2T1   A0,*+SP(16)       ; |174| 
     801 000005fc 00BCA2F4             STW     .D2T1   A1,*+SP(20)       ; |174| 
     802 00000600           RL32:      ; CALL OCCURS                     ; |174| 
     803 00000600 00000028!            MVKL    .S1     _Report,A0        ; |174| 
     804 00000604 00000068!            MVKH    .S1     _Report,A0        ; |174| 
     805 00000608 00001362             B       .S2X    A0                ; |174| 
     806 0000060c 01830C2A'            MVKL    .S2     RL34,B3           ; |174| 
     807 00000610 0180006A'            MVKH    .S2     RL34,B3           ; |174| 
     808 00000614 00004000             NOP             3
     809 00000618           RL34:      ; CALL OCCURS                     ; |174| 
     810 00000618 0200102A-            MVKL    .S2     _startFlag,B4     ; |176| 
     811 0000061c 0200006A-            MVKH    .S2     _startFlag,B4     ; |176| 
     812 00000620 001002E6             LDW     .D2T2   *B4,B0            ; |176| 
     813 00000624 00006000             NOP             4
     814 00000628 2FFFF390     [ B0]   B       .S1     L12               ; |176| 
     815 0000062c 200018A8+    [ B0]   MVKL    .S1     SL4+0,A0          ; |174| 
     816                    
     817 00000630 2200042B-    [ B0]   MVKL    .S2     _angle_d,B4       ; |174| 
     818 00000634 20000068+ || [ B0]   MVKH    .S1     SL4+0,A0          ; |174| 
     819                    
     820 00000640 30001229-    [!B0]   MVKL    .S1     _i,A0             ; |177| 
     821 00000644 2200006B- || [ B0]   MVKH    .S2     _angle_d,B4       ; |174| 
     822 00000648 203C22F4  || [ B0]   STW     .D2T1   A0,*+SP(4)        ; |174| 
     823                    
     824 0000064c 30000069-    [!B0]   MVKH    .S1     _i,A0             ; |177| 
     825 00000650 221002E6  || [ B0]   LDW     .D2T2   *B4,B4            ; |174| 
TMS320C6x COFF Assembler         Version 4.10     Wed Jun 05 12:28:29 2024
Copyright (c) 1996-2001 Texas Instruments Incorporated
temp\main.asm                                                        PAGE   16

     826                    
     827 00000654 30000264     [!B0]   LDW     .D1T1   *A0,A0            ; |177| 
     828                               ; BRANCH OCCURS                   ; |176| 
     829                    ;** --------------------------------------------------------------------------*
     830 00000658 00006000             NOP             4
     831 0000065c 00806AD8             CMPGT   .L1     A0,3,A1           ; |177| 
     832 00000660 8FFFEB10     [ A1]   B       .S1     L11               ; |177| 
     833 00000664 92811E2A'    [!A1]   MVKL    .S2     _PWMOut,B5        ; |178| 
     834 00000668 800018A8+    [ A1]   MVKL    .S1     SL4+0,A0          ; |174| 
     835                    
     836 0000066c 8200042B-    [ A1]   MVKL    .S2     _angle_d,B4       ; |174| 
     837 00000670 80000068+ || [ A1]   MVKH    .S1     SL4+0,A0          ; |174| 
     838                    
     839 00000674 8200006B-    [ A1]   MVKH    .S2     _angle_d,B4       ; |174| 
     840 00000678 803C22F4  || [ A1]   STW     .D2T1   A0,*+SP(4)        ; |174| 
     841                    
     842 0000067c 821002E6     [ A1]   LDW     .D2T2   *B4,B4            ; |174| 
     843                               ; BRANCH OCCURS                   ; |177| 
     844                    ;** --------------------------------------------------------------------------*
     845 00000680 02000E2A-            MVKL    .S2     _t,B4             ; |178| 
     846 00000684 0280006A'            MVKH    .S2     _PWMOut,B5        ; |178| 
     847 00000688 0200006A-            MVKH    .S2     _t,B4             ; |178| 
     848 0000068c 00140362             B       .S2     B5                ; |178| 
     849 00000690 021002E4             LDW     .D2T1   *B4,A4            ; |178| 
     850 00000694 0183502A'            MVKL    .S2     RL36,B3           ; |178| 
     851 00000698 0180006A'            MVKH    .S2     RL36,B3           ; |178| 
     852 0000069c 00002000             NOP             2
     853 000006a0           RL36:      ; CALL OCCURS                     ; |178| 
     854 000006a0 0000DC28'            MVKL    .S1     _WaitTFlagCnt,A0  ; |179| 
     855 000006a4 00000068'            MVKH    .S1     _WaitTFlagCnt,A0  ; |179| 
     856 000006a8 00001362             B       .S2X    A0                ; |179| 
     857 000006ac 0183602A'            MVKL    .S2     RL38,B3           ; |179| 
     858 000006b0 0180006A'            MVKH    .S2     RL38,B3           ; |179| 
     859 000006b4 0200FA28             MVK     .S1     0x1f4,A4          ; |179| 
     860 000006b8 00002000             NOP             2
     861 000006c0           RL38:      ; CALL OCCURS                     ; |179| 
     862                    
     863 000006c0 00011E29'            MVKL    .S1     _PWMOut,A0        ; |180| 
     864 000006c4 02000E2A- ||         MVKL    .S2     _t,B4             ; |180| 
     865                    
     866 000006c8 00000069'            MVKH    .S1     _PWMOut,A0        ; |180| 
     867 000006cc 0200006A- ||         MVKH    .S2     _t,B4             ; |180| 
     868                    
     869 000006d0 00001363             B       .S2X    A0                ; |180| 
     870 000006d4 021002E6  ||         LDW     .D2T2   *B4,B4            ; |180| 
     871                    
     872 000006d8 018008C0             ZERO    .D1     A3                ; |180| 
     873 000006dc 0183762A'            MVKL    .S2     RL40,B3           ; |180| 
     874 000006e0 018FFF88             SET     .S1     A3,31,31,A3       ; |180| 
     875 000006e4 0180006A'            MVKH    .S2     RL40,B3           ; |180| 
     876 000006e8 021072E0             XOR     .S1X    B4,A3,A4          ; |180| 
     877 000006ec           RL40:      ; CALL OCCURS                     ; |180| 
     878 000006ec 0200DC2A'            MVKL    .S2     _WaitTFlagCnt,B4  ; |181| 
     879 000006f0 0200006A'            MVKH    .S2     _WaitTFlagCnt,B4  ; |181| 
     880 000006f4 00100362             B       .S2     B4                ; |181| 
TMS320C6x COFF Assembler         Version 4.10     Wed Jun 05 12:28:29 2024
Copyright (c) 1996-2001 Texas Instruments Incorporated
temp\main.asm                                                        PAGE   17

     881 000006f8 0183842A'            MVKL    .S2     RL42,B3           ; |181| 
     882 000006fc 0200FA28             MVK     .S1     0x1f4,A4          ; |181| 
     883 00000700 0180006A'            MVKH    .S2     RL42,B3           ; |181| 
     884 00000704 00002000             NOP             2
     885 00000708           RL42:      ; CALL OCCURS                     ; |181| 
     886 00000708 00000E28-            MVKL    .S1     _t,A0             ; |183| 
     887 0000070c 00000068-            MVKH    .S1     _t,A0             ; |183| 
     888 00000710 00000264             LDW     .D1T1   *A0,A0            ; |183| 
     889 00000714 028A3D2A             MVKL    .S2     0x4004147a,B5     ; |183| 
     890 00000718 02A0026A             MVKH    .S2     0x4004147a,B5     ; |183| 
     891 0000071c 02570A2A             MVKL    .S2     0xe147ae14,B4     ; |183| 
     892 00000720 0270A3EA             MVKH    .S2     0xe147ae14,B4     ; |183| 
     893 00000724 000000A0             SPDP    .S1     A0,A1:A0          ; |183| 
     894 00000728 00000000             NOP             1
     895 0000072c 0200931A             ADDDP   .L2X    B5:B4,A1:A0,B5:B4 ; |183| 
     896 00000730 0000A000             NOP             6
     897 00000734 0214813A             DPSP    .L2     B5:B4,B4          ; |183| 
     898 00000738 01801228-            MVKL    .S1     _i,A3             ; |184| 
     899 0000073c 00000E28-            MVKL    .S1     _t,A0             ; |183| 
     900 00000740 00000068-            MVKH    .S1     _t,A0             ; |183| 
     901                    
     902 00000744 01800069-            MVKH    .S1     _i,A3             ; |184| 
     903 00000748 02000276  ||         STW     .D1T2   B4,*A0            ; |183| 
     904                    
     905 0000074c 000C0264             LDW     .D1T1   *A3,A0            ; |184| 
     906 00000750 0FFFCC10             B       .S1     L10               ; |187| 
     907 00000754 00004000             NOP             3
     908 00000758 00002940             ADD     .D1     1,A0,A0           ; |184| 
     909 0000075c 000C0274             STW     .D1T1   A0,*A3            ; |184| 
     910                               ; BRANCH OCCURS                   ; |187| 
     911                    
     912                    
     913                    ;******************************************************************************
     914                    ;* STRINGS                                                                    *
     915                    ;******************************************************************************
     916 00000000                   .sect   ".const"
     917 00000000 0000000D  SL1:    .string 13,10,13,10,0
         00000001 0000000A 
         00000002 0000000D 
         00000003 0000000A 
         00000004 00000000 
     918 00000005 0000004D  SL2:    .string "Mechatronics Course %d",13,10,0
         00000006 00000065 
         00000007 00000063 
         00000008 00000068 
         00000009 00000061 
         0000000a 00000074 
         0000000b 00000072 
         0000000c 0000006F 
         0000000d 0000006E 
         0000000e 00000069 
         0000000f 00000063 
         00000010 00000073 
         00000011 00000020 
         00000012 00000043 
TMS320C6x COFF Assembler         Version 4.10     Wed Jun 05 12:28:29 2024
Copyright (c) 1996-2001 Texas Instruments Incorporated
temp\main.asm                                                        PAGE   18

         00000013 0000006F 
         00000014 00000075 
         00000015 00000072 
         00000016 00000073 
         00000017 00000065 
         00000018 00000020 
         00000019 00000025 
         0000001a 00000064 
         0000001b 0000000D 
         0000001c 0000000A 
         0000001d 00000000 
     919 0000001e 00000046  SL3:    .string "FPGA Ver%2x.%02x",13,10,0
         0000001f 00000050 
         00000020 00000047 
         00000021 00000041 
         00000022 00000020 
         00000023 00000056 
         00000024 00000065 
         00000025 00000072 
         00000026 00000025 
         00000027 00000032 
         00000028 00000078 
         00000029 0000002E 
         0000002a 00000025 
         0000002b 00000030 
         0000002c 00000032 
         0000002d 00000078 
         0000002e 0000000D 
         0000002f 0000000A 
         00000030 00000000 
     920 00000031 00000043  SL4:    .string "Cart_A: %f, Pendulum_A: %f",13,10,0
         00000032 00000061 
         00000033 00000072 
         00000034 00000074 
         00000035 0000005F 
         00000036 00000041 
         00000037 0000003A 
         00000038 00000020 
         00000039 00000025 
         0000003a 00000066 
         0000003b 0000002C 
         0000003c 00000020 
         0000003d 00000050 
         0000003e 00000065 
         0000003f 0000006E 
         00000040 00000064 
         00000041 00000075 
         00000042 0000006C 
         00000043 00000075 
         00000044 0000006D 
         00000045 0000005F 
         00000046 00000041 
         00000047 0000003A 
         00000048 00000020 
         00000049 00000025 
TMS320C6x COFF Assembler         Version 4.10     Wed Jun 05 12:28:29 2024
Copyright (c) 1996-2001 Texas Instruments Incorporated
temp\main.asm                                                        PAGE   19

         0000004a 00000066 
         0000004b 0000000D 
         0000004c 0000000A 
         0000004d 00000000 
     921                    ;******************************************************************************
     922                    ;* UNDEFINED EXTERNAL REFERENCES                                              *
     923                    ;******************************************************************************
     924                            .global _sprintf
     925                            .global _InitUART
     926                            .global _Report
     927                            .global _InitUSBMon
     928                            .global _tmp_string
     929                            .global _TFlag
     930                            .global __divf

No Assembly Errors, No Assembly Warnings
