TMS320C6x COFF Assembler         Version 4.10     Tue May 28 15:51:30 2024
Copyright (c) 1996-2001 Texas Instruments Incorporated
temp\main.asm                                                        PAGE    1

       1                    ;******************************************************************************
       2                    ;* TMS320C6x ANSI C Codegen                                      Version 4.10 *
       3                    ;* Date/Time created: Tue May 28 15:51:30 2024                                *
       4                    ;******************************************************************************
       5                    
       6                    ;******************************************************************************
       7                    ;* GLOBAL FILE PARAMETERS                                                     *
       8                    ;*                                                                            *
       9                    ;*   Architecture      : TMS320C670x                                          *
      10                    ;*   Optimization      : Disabled                                             *
      11                    ;*   Optimizing for    : Compile time, Ease of Development                    *
      12                    ;*                       Based on options: no -o, no -ms                      *
      13                    ;*   Endian            : Little                                               *
      14                    ;*   Interrupt Thrshld : Disabled                                             *
      15                    ;*   Memory Model      : Large                                                *
      16                    ;*   Calls to RTS      : Far                                                  *
      17                    ;*   Pipelining        : Disabled                                             *
      18                    ;*   Memory Aliases    : Presume are aliases (pessimistic)                    *
      19                    ;*   Debug Info        : No Debug Info                                        *
      20                    ;*                                                                            *
      21                    ;******************************************************************************
      22                    
      23                            .asg    A15, FP
      24                            .asg    B14, DP
      25                            .asg    B15, SP
      26                            .global $bss
      27                    
      28                            .global _TINTCnt
      29 00000000           _TINTCnt:       .usect  .far,4,4
      30                            .global _timerCheckCnt
      31 00000004           _timerCheckCnt: .usect  .far,4,4
      32                    
      33 00000000                   .sect   ".cinit"
      34                            .align  8
      35 00000000 00000004          .field          4,32
      36 00000004 00000008-         .field          _R_pend+0,32
      37 00000008 43340000          .word   043340000h              ; _R_pend @ 0
      38 00000000                   .sect   ".text"
      39                            .global _R_pend
      40 00000008           _R_pend:        .usect  .far,4,4
      41                    
      42 0000000c                   .sect   ".cinit"
      43                            .align  8
      44 00000010 00000004          .field          4,32
      45 00000014 0000000C-         .field          _R_cart+0,32
      46 00000018 00000000          .word   000000000h              ; _R_cart @ 0
      47 00000000                   .sect   ".text"
      48                            .global _R_cart
      49 0000000c           _R_cart:        .usect  .far,4,4
      50                    ;       acp6x -q -D_FAR_RTS=1 --large_model=3 --version=6701 -m --i_output_file C:\Users\hge42\AppData
      51 00000000                   .sect   ".text"
      52                            .global _InitEXINTF
      53                    
      54                    ;******************************************************************************
      55                    ;* FUNCTION NAME: _InitEXINTF                                                 *
TMS320C6x COFF Assembler         Version 4.10     Tue May 28 15:51:30 2024
Copyright (c) 1996-2001 Texas Instruments Incorporated
temp\main.asm                                                        PAGE    2

      56                    ;*                                                                            *
      57                    ;*   Regs Modified     : A0,A3,A4,B4,B5,B6                                    *
      58                    ;*   Regs Used         : A0,A3,A4,B3,B4,B5,B6                                 *
      59                    ;*   Local Frame Size  : 0 Args + 0 Auto + 0 Save = 0 byte                    *
      60                    ;******************************************************************************
      61 00000000           _InitEXINTF:
      62                    ;** --------------------------------------------------------------------------*
      63 00000000 000008C0             ZERO    .D1     A0                ; |18| 
      64 00000004 0000C068             MVKH    .S1     0x1800000,A0      ; |18| 
      65 00000008 02000264             LDW     .D1T1   *A0,A4            ; |18| 
      66 0000000c 0280042A             MVKL    .S2     0x1800008,B5      ; |21| 
      67 00000010 030290AA             MVKL    .S2     0x21520521,B6     ; |33| 
      68 00000014 000C0362             B       .S2     B3                ; |43| 
      69                    
      70 00000018 0200082B             MVKL    .S2     0x1800010,B4      ; |33| 
      71 0000001c 018190A8  ||         MVKL    .S1     0xd00321,A3       ; |21| 
      72                    
      73 00000020 021065C9             CLR     .S1     A4,3,5,A4         ; |18| 
      74 00000024 0280C06A  ||         MVKH    .S2     0x1800008,B5      ; |21| 
      75                    
      76 00000028 02000275             STW     .D1T1   A4,*A0            ; |18| 
      77 0000002c 0310A96B  ||         MVKH    .S2     0x21520521,B6     ; |33| 
      78 00000030 01806868  ||         MVKH    .S1     0xd00321,A3       ; |21| 
      79                    
      80 00000034 019402F5             STW     .D2T1   A3,*B5            ; |21| 
      81 00000038 0200C06A  ||         MVKH    .S2     0x1800010,B4      ; |33| 
      82                    
      83 0000003c 031002F6             STW     .D2T2   B6,*B4            ; |33| 
      84                               ; BRANCH OCCURS                   ; |43| 
      85                    
      86                    
      87 00000040                   .sect   ".text"
      88                            .global _InitTimer
      89                    
      90                    ;******************************************************************************
      91                    ;* FUNCTION NAME: _InitTimer                                                  *
      92                    ;*                                                                            *
      93                    ;*   Regs Modified     : A0,A3,B4,B5                                          *
      94                    ;*   Regs Used         : A0,A3,B3,B4,B5                                       *
      95                    ;*   Local Frame Size  : 0 Args + 0 Auto + 0 Save = 0 byte                    *
      96                    ;******************************************************************************
      97 00000040           _InitTimer:
      98                    ;** --------------------------------------------------------------------------*
      99 00000040 020008C2             ZERO    .D2     B4                ; |48| 
     100 00000044 0200CA6A             MVKH    .S2     0x1940000,B4      ; |48| 
     101 00000048 029002E6             LDW     .D2T2   *B4,B5            ; |48| 
     102 0000004c 00000228             MVKL    .S1     0x1940004,A0      ; |51| 
     103 00000050 0000CA68             MVKH    .S1     0x1940004,A0      ; |51| 
     104 00000054 018008C0             ZERO    .D1     A3                ; |54| 
     105 00000058 0180CA68             MVKH    .S1     0x1940000,A3      ; |54| 
     106 0000005c 0295098A             SET     .S2     B5,8,9,B5         ; |48| 
     107                    
     108 00000060 0227102B             MVK     .S2     20000,B4          ; |51| 
     109 00000064 029002F6  ||         STW     .D2T2   B5,*B4            ; |48| 
     110                    
TMS320C6x COFF Assembler         Version 4.10     Tue May 28 15:51:30 2024
Copyright (c) 1996-2001 Texas Instruments Incorporated
temp\main.asm                                                        PAGE    3

     111 00000068 02000276             STW     .D1T2   B4,*A0            ; |51| 
     112 0000006c 000C0264             LDW     .D1T1   *A3,A0            ; |54| 
     113 00000070 000C0362             B       .S2     B3                ; |55| 
     114 00000074 00004000             NOP             3
     115 00000078 0000C788             SET     .S1     A0,6,7,A0         ; |54| 
     116 0000007c 000C0274             STW     .D1T1   A0,*A3            ; |54| 
     117                               ; BRANCH OCCURS                   ; |55| 
     118                    
     119                    
     120 00000080                   .sect   ".text"
     121                            .global _InitINT
     122                    
     123                    ;******************************************************************************
     124                    ;* FUNCTION NAME: _InitINT                                                    *
     125                    ;*                                                                            *
     126                    ;*   Regs Modified     : A0,B4                                                *
     127                    ;*   Regs Used         : A0,B3,B4                                             *
     128                    ;*   Local Frame Size  : 0 Args + 0 Auto + 0 Save = 0 byte                    *
     129                    ;******************************************************************************
     130 00000080           _InitINT:
     131                    ;** --------------------------------------------------------------------------*
     132 00000080 021003E2             MVC     .S2     IER,B4            ; |60| 
     133 00000084 00202128             MVK     .S1     16450,A0          ; |60| 
     134 00000088 020096E2             OR      .S2X    A0,B4,B4          ; |60| 
     135 0000008c 021003A2             MVC     .S2     B4,IER            ; |60| 
     136 00000090 000C0362             B       .S2     B3                ; |61| 
     137 00000094 00008000             NOP             5
     138                               ; BRANCH OCCURS                   ; |61| 
     139                    
     140                    
     141 00000098                   .sect   ".text"
     142                            .global _GIE
     143                    
     144                    ;******************************************************************************
     145                    ;* FUNCTION NAME: _GIE                                                        *
     146                    ;*                                                                            *
     147                    ;*   Regs Modified     : B4                                                   *
     148                    ;*   Regs Used         : B3,B4                                                *
     149                    ;*   Local Frame Size  : 0 Args + 0 Auto + 0 Save = 0 byte                    *
     150                    ;******************************************************************************
     151 00000098           _GIE:
     152                    ;** --------------------------------------------------------------------------*
     153 00000098 020403E2             MVC     .S2     CSR,B4            ; |66| 
     154 0000009c 021026A2             OR      .S2     1,B4,B4           ; |66| 
     155 000000a0 009003A2             MVC     .S2     B4,CSR            ; |66| 
     156 000000a4 000C0362             B       .S2     B3                ; |67| 
     157 000000a8 00008000             NOP             5
     158                               ; BRANCH OCCURS                   ; |67| 
     159                    
     160                    
     161 000000ac                   .sect   ".text"
     162                            .global _delay_us
     163                    
     164                    ;******************************************************************************
     165                    ;* FUNCTION NAME: _delay_us                                                   *
TMS320C6x COFF Assembler         Version 4.10     Tue May 28 15:51:30 2024
Copyright (c) 1996-2001 Texas Instruments Incorporated
temp\main.asm                                                        PAGE    4

     166                    ;*                                                                            *
     167                    ;*   Regs Modified     : B0,B4,B5,B6,SP                                       *
     168                    ;*   Regs Used         : A4,B0,B3,B4,B5,B6,SP                                 *
     169                    ;*   Local Frame Size  : 0 Args + 4 Auto + 0 Save = 4 byte                    *
     170                    ;******************************************************************************
     171 000000ac           _delay_us:
     172                    ;** --------------------------------------------------------------------------*
     173 000000ac 021011A2             MV      .S2X    A4,B4             ; |71| 
     174 000000b0 02908CA2             SHL     .S2     B4,4,B5           ; |74| 
     175                    
     176 000000b4 020425E3             ZERO    .S2     B4                ; |74| 
     177 000000b8 02949AC2  ||         SUBAH   .D2     B5,B4,B5          ; |74| 
     178                    
     179 000000bc 00148BFA             CMPLTU  .L2     B4,B5,B0          ; |74| 
     180 000000c0 30000710     [!B0]   B       .S1     L2                ; |74| 
     181 000000c4 07BD09C2             SUB     .D2     SP,8,SP           ; |71| 
     182 000000c8 023C22F4             STW     .D2T1   A4,*+SP(4)        ; |71| 
     183 000000cc 22BC22E6     [ B0]   LDW     .D2T2   *+SP(4),B5        ; |74| 
     184 000000d0 00002000             NOP             2
     185                               ; BRANCH OCCURS                   ; |74| 
     186                    ;** --------------------------------------------------------------------------*
     187 000000d4 00002000             NOP             2
     188                    ;*----------------------------------------------------------------------------*
     189                    ;*   SOFTWARE PIPELINE INFORMATION
     190                    ;*      Disqualified loop: software pipelining disabled
     191                    ;*----------------------------------------------------------------------------*
     192 000000d8           L1:    
     193 000000d8 03148CA2             SHL     .S2     B5,4,B6           ; |74| 
     194                    
     195 000000e0 0298BAC3             SUBAH   .D2     B6,B5,B5          ; |74| 
     196 000000e4 021021A2  ||         ADD     .S2     1,B4,B4           ; |74| 
     197                    
     198 000000e8 00148BFA             CMPLTU  .L2     B4,B5,B0          ; |74| 
     199 000000ec 2FFFFF10     [ B0]   B       .S1     L1                ; |74| 
     200 000000f0 22BC22E6     [ B0]   LDW     .D2T2   *+SP(4),B5        ; |74| 
     201 000000f4 00006000             NOP             4
     202                               ; BRANCH OCCURS                   ; |74| 
     203                    ;** --------------------------------------------------------------------------*
     204 000000f8           L2:    
     205 000000f8 000C0362             B       .S2     B3                ; |75| 
     206 000000fc 07BD0942             ADD     .D2     8,SP,SP           ; |75| 
     207 00000100 00006000             NOP             4
     208                               ; BRANCH OCCURS                   ; |75| 
     209                    
     210                    
     211 00000104                   .sect   ".text"
     212                            .global _delay_ms
     213                    
     214                    ;******************************************************************************
     215                    ;* FUNCTION NAME: _delay_ms                                                   *
     216                    ;*                                                                            *
     217                    ;*   Regs Modified     : A4,B0,B3,B4,B5,B6,B7,B9,SP                           *
     218                    ;*   Regs Used         : A4,B0,B3,B4,B5,B6,B7,B9,SP                           *
     219                    ;*   Local Frame Size  : 0 Args + 4 Auto + 0 Save = 4 byte                    *
     220                    ;******************************************************************************
TMS320C6x COFF Assembler         Version 4.10     Tue May 28 15:51:30 2024
Copyright (c) 1996-2001 Texas Instruments Incorporated
temp\main.asm                                                        PAGE    5

     221 00000104           _delay_ms:
     222                    ;** --------------------------------------------------------------------------*
     223 00000104 038008C2             ZERO    .D2     B7                ; |82| 
     224 00000108 0010FBFA             CMPLTU  .L2X    B7,A4,B0
     225 0000010c 30000B10     [!B0]   B       .S1     L4                ; |82| 
     226 00000110 07BD09C2             SUB     .D2     SP,8,SP           ; |79| 
     227 00000114 023C22F4             STW     .D2T1   A4,*+SP(4)        ; |79| 
     228 00000118 048C005A             MV      .L2     B3,B9             ; |79| 
     229 0000011c 2200562A'    [ B0]   MVKL    .S2     _delay_us,B4      ; |83| 
     230 00000120 2200006A'    [ B0]   MVKH    .S2     _delay_us,B4      ; |83| 
     231                               ; BRANCH OCCURS                   ; |82| 
     232                    ;*----------------------------------------------------------------------------*
     233                    ;*   SOFTWARE PIPELINE INFORMATION
     234                    ;*      Disqualified loop: software pipelining disabled
     235                    ;*----------------------------------------------------------------------------*
     236 00000124           L3:    
     237 00000124 00100362             B       .S2     B4                ; |83| 
     238 00000128 01809C2A'            MVKL    .S2     RL0,B3            ; |83| 
     239 0000012c 0180006A'            MVKH    .S2     RL0,B3            ; |83| 
     240 00000130 0201F428             MVK     .S1     0x3e8,A4          ; |83| 
     241 00000134 00002000             NOP             2
     242 00000138           RL0:       ; CALL OCCURS                     ; |83| 
     243 00000138 023C22E6             LDW     .D2T2   *+SP(4),B4        ; |84| 
     244 0000013c 039C2942             ADD     .D2     1,B7,B7           ; |84| 
     245 00000140 00004000             NOP             3
     246 00000144 0010EBFA             CMPLTU  .L2     B7,B4,B0          ; |84| 
     247 00000148 2FFFFC90     [ B0]   B       .S1     L3                ; |84| 
     248 0000014c 2200562A'    [ B0]   MVKL    .S2     _delay_us,B4      ; |83| 
     249 00000150 2200006A'    [ B0]   MVKH    .S2     _delay_us,B4      ; |83| 
     250 00000154 00004000             NOP             3
     251                               ; BRANCH OCCURS                   ; |84| 
     252                    ;** --------------------------------------------------------------------------*
     253 00000158           L4:    
     254 00000158 00240362             B       .S2     B9                ; |85| 
     255 0000015c 07BD0942             ADD     .D2     8,SP,SP           ; |85| 
     256 00000160 00006000             NOP             4
     257                               ; BRANCH OCCURS                   ; |85| 
     258                    
     259                    
     260 00000164                   .sect   ".text"
     261                            .global _WaitTFlag
     262                    
     263                    ;******************************************************************************
     264                    ;* FUNCTION NAME: _WaitTFlag                                                  *
     265                    ;*                                                                            *
     266                    ;*   Regs Modified     : A0,A1,A3                                             *
     267                    ;*   Regs Used         : A0,A1,A3,B3                                          *
     268                    ;*   Local Frame Size  : 0 Args + 0 Auto + 0 Save = 0 byte                    *
     269                    ;******************************************************************************
     270 00000164           _WaitTFlag:
     271                    ;** --------------------------------------------------------------------------*
     272 00000164 00000028!            MVKL    .S1     _TFlag,A0         ; |90| 
     273 00000168 00000068!            MVKH    .S1     _TFlag,A0         ; |90| 
     274 0000016c 00800264             LDW     .D1T1   *A0,A1            ; |90| 
     275 00000170 00006000             NOP             4
TMS320C6x COFF Assembler         Version 4.10     Tue May 28 15:51:30 2024
Copyright (c) 1996-2001 Texas Instruments Incorporated
temp\main.asm                                                        PAGE    6

     276 00000174 80000810     [ A1]   B       .S1     L6                ; |90| 
     277 00000178 90000028!    [!A1]   MVKL    .S1     _TFlag,A0         ; |90| 
     278 0000017c 90000068!    [!A1]   MVKH    .S1     _TFlag,A0         ; |90| 
     279 00000180 90800264     [!A1]   LDW     .D1T1   *A0,A1            ; |90| 
     280 00000184 00002000             NOP             2
     281                               ; BRANCH OCCURS                   ; |90| 
     282                    ;*----------------------------------------------------------------------------*
     283                    ;*   SOFTWARE PIPELINE INFORMATION
     284                    ;*      Disqualified loop: software pipelining disabled
     285                    ;*----------------------------------------------------------------------------*
     286 00000188           L5:    
     287 00000188 00002000             NOP             2
     288 0000018c 90000110     [!A1]   B       .S1     L5                ; |90| 
     289 00000190 90000028!    [!A1]   MVKL    .S1     _TFlag,A0         ; |90| 
     290 00000194 90000068!    [!A1]   MVKH    .S1     _TFlag,A0         ; |90| 
     291 00000198 90800264     [!A1]   LDW     .D1T1   *A0,A1            ; |90| 
     292 0000019c 00002000             NOP             2
     293                               ; BRANCH OCCURS                   ; |90| 
     294                    ;** --------------------------------------------------------------------------*
     295 000001a0           L6:    
     296 000001a0 000C0362             B       .S2     B3                ; |92| 
     297 000001a4 00000028!            MVKL    .S1     _TFlag,A0         ; |91| 
     298 000001a8 00000068!            MVKH    .S1     _TFlag,A0         ; |91| 
     299 000001ac 018008C0             ZERO    .D1     A3                ; |91| 
     300 000001b0 01800274             STW     .D1T1   A3,*A0            ; |91| 
     301 000001b4 00000000             NOP             1
     302                               ; BRANCH OCCURS                   ; |92| 
     303                    
     304                    
     305 000001b8                   .sect   ".text"
     306                            .global _WaitTFlagCnt
     307                    
     308                    ;******************************************************************************
     309                    ;* FUNCTION NAME: _WaitTFlagCnt                                               *
     310                    ;*                                                                            *
     311                    ;*   Regs Modified     : A0,A1,A3,B0,B3,B4,B5,B9,SP                           *
     312                    ;*   Regs Used         : A0,A1,A3,A4,B0,B3,B4,B5,B9,SP                        *
     313                    ;*   Local Frame Size  : 0 Args + 8 Auto + 0 Save = 8 byte                    *
     314                    ;******************************************************************************
     315 000001b8           _WaitTFlagCnt:
     316                    ;** --------------------------------------------------------------------------*
     317                    
     318 000001b8 07BD09C3             SUB     .D2     SP,8,SP           ; |96| 
     319 000001bc 00000028! ||         MVKL    .S1     _TFlag,A0         ; |99| 
     320                    
     321 000001c0 023C22F5             STW     .D2T1   A4,*+SP(4)        ; |96| 
     322 000001c4 00000069! ||         MVKH    .S1     _TFlag,A0         ; |99| 
     323 000001c8 018428C0  ||         ZERO    .D1     A3                ; |99| 
     324                    
     325 000001cc 01800274             STW     .D1T1   A3,*A0            ; |99| 
     326 000001d0 02BC22E6             LDW     .D2T2   *+SP(4),B5        ; |101| 
     327 000001d4 020008C2             ZERO    .D2     B4                ; |101| 
     328 000001d8 023C42F6             STW     .D2T2   B4,*+SP(8)        ; |101| 
     329 000001dc 048C01A2             MV      .S2     B3,B9             ; |96| 
     330 000001e0 00000000             NOP             1
TMS320C6x COFF Assembler         Version 4.10     Tue May 28 15:51:30 2024
Copyright (c) 1996-2001 Texas Instruments Incorporated
temp\main.asm                                                        PAGE    7

     331 000001e4 00148BFA             CMPLTU  .L2     B4,B5,B0          ; |101| 
     332 000001e8 30000A10     [!B0]   B       .S1     L8                ; |101| 
     333 000001ec 2000B228'    [ B0]   MVKL    .S1     _WaitTFlag,A0     ; |102| 
     334 000001f0 20000068'    [ B0]   MVKH    .S1     _WaitTFlag,A0     ; |102| 
     335 000001f4 00004000             NOP             3
     336                               ; BRANCH OCCURS                   ; |101| 
     337                    ;*----------------------------------------------------------------------------*
     338                    ;*   SOFTWARE PIPELINE INFORMATION
     339                    ;*      Disqualified loop: software pipelining disabled
     340                    ;*----------------------------------------------------------------------------*
     341 000001f8           L7:    
     342 000001f8 00001362             B       .S2X    A0                ; |102| 
     343 000001fc 0181042A'            MVKL    .S2     RL2,B3            ; |102| 
     344 00000200 0180006A'            MVKH    .S2     RL2,B3            ; |102| 
     345 00000204 00004000             NOP             3
     346 00000208           RL2:       ; CALL OCCURS                     ; |102| 
     347 00000208 023C42E6             LDW     .D2T2   *+SP(8),B4        ; |103| 
     348 0000020c 02BC22E6             LDW     .D2T2   *+SP(4),B5        ; |103| 
     349 00000210 00004000             NOP             3
     350 00000214 02102942             ADD     .D2     1,B4,B4           ; |103| 
     351 00000218 00148BFA             CMPLTU  .L2     B4,B5,B0          ; |103| 
     352 0000021c 2FFFFF10     [ B0]   B       .S1     L7                ; |103| 
     353 00000220 023C42F6             STW     .D2T2   B4,*+SP(8)        ; |103| 
     354 00000224 2000B228'    [ B0]   MVKL    .S1     _WaitTFlag,A0     ; |102| 
     355 00000228 20000068'    [ B0]   MVKH    .S1     _WaitTFlag,A0     ; |102| 
     356 0000022c 00002000             NOP             2
     357                               ; BRANCH OCCURS                   ; |103| 
     358                    ;** --------------------------------------------------------------------------*
     359 00000230           L8:    
     360 00000230 00240362             B       .S2     B9                ; |104| 
     361 00000234 07BD0942             ADD     .D2     8,SP,SP           ; |104| 
     362 00000238 00006000             NOP             4
     363                               ; BRANCH OCCURS                   ; |104| 
     364                    
     365                    
     366 0000023c                   .sect   ".text"
     367                            .global _PWMOut
     368                    
     369                    ;******************************************************************************
     370                    ;* FUNCTION NAME: _PWMOut                                                     *
     371                    ;*                                                                            *
     372                    ;*   Regs Modified     : A0,A1,A2,A3,A4,A5,A6,A7,A8,A9,B0,B1,B2,B3,B4,B5,B6,  *
     373                    ;*                           B7,B8,B9,SP                                      *
     374                    ;*   Regs Used         : A0,A1,A2,A3,A4,A5,A6,A7,A8,A9,B0,B1,B2,B3,B4,B5,B6,  *
     375                    ;*                           B7,B8,B9,SP                                      *
     376                    ;*   Local Frame Size  : 0 Args + 8 Auto + 4 Save = 12 byte                   *
     377                    ;******************************************************************************
     378 0000023c           _PWMOut:
     379                    ;** --------------------------------------------------------------------------*
     380 0000023c 021011A2             MV      .S2X    A4,B4             ; |107| 
     381 00000240 021000A2             SPDP    .S2     B4,B5:B4          ; |116| 
     382 00000244 030008C2             ZERO    .D2     B6                ; |116| 
     383 00000248 03E0002A             MVKL    .S2     0xc048c000,B7     ; |116| 
     384 0000024c 03E0246A             MVKH    .S2     0xc048c000,B7     ; |116| 
     385                    
TMS320C6x COFF Assembler         Version 4.10     Tue May 28 15:51:30 2024
Copyright (c) 1996-2001 Texas Instruments Incorporated
temp\main.asm                                                        PAGE    8

     386 00000250 00188AA3             CMPLTDP .S2     B5:B4,B7:B6,B0    ; |116| 
     387 00000254 000428C1  ||         ZERO    .D1     A0                ; |117| 
     388 00000258 01BC94F6  ||         STW     .D2T2   B3,*SP--(16)      ; |107| 
     389                    
     390 00000260 023C22F5             STW     .D2T1   A4,*+SP(4)        ; |107| 
     391 00000264 00612368  ||         MVKH    .S1     0xc2460000,A0     ; |117| 
     392                    
     393 00000268 203C22F4     [ B0]   STW     .D2T1   A0,*+SP(4)        ; |117| 
     394 0000026c 023C22E6             LDW     .D2T2   *+SP(4),B4        ; |120| 
     395 00000270 00E00028             MVKL    .S1     0x4048c000,A1     ; |120| 
     396 00000274 000008C0             ZERO    .D1     A0                ; |120| 
     397 00000278 0181702A'            MVKL    .S2     RL4,B3            ; |125| 
     398 0000027c 0180006A'            MVKH    .S2     RL4,B3            ; |125| 
     399 00000280 021000A2             SPDP    .S2     B4,B5:B4          ; |120| 
     400 00000284 00A02468             MVKH    .S1     0x4048c000,A1     ; |120| 
     401 00000288 00901AA0             CMPGTDP .S1X    B5:B4,A1:A0,A1    ; |120| 
     402 0000028c 0400002A!            MVKL    .S2     __divd,B8         ; |125| 
     403 00000290 00212368             MVKH    .S1     0x42460000,A0     ; |121| 
     404 00000294 803C22F4     [ A1]   STW     .D2T1   A0,*+SP(4)        ; |121| 
     405 00000298 023C22E6             LDW     .D2T2   *+SP(4),B4        ; |125| 
     406 0000029c 000008C0             ZERO    .D1     A0                ; |125| 
     407 000002a0 00212468             MVKH    .S1     0x42480000,A0     ; |125| 
     408 000002a4 0400006A!            MVKH    .S2     __divd,B8         ; |125| 
     409 000002a8 00000000             NOP             1
     410 000002ac 0280921A             ADDSP   .L2X    A0,B4,B5          ; |125| 
     411 000002b0 0278002A             MVKL    .S2     0x457ff000,B4     ; |125| 
     412 000002b4 0222BFEA             MVKH    .S2     0x457ff000,B4     ; |125| 
     413 000002b8 00000000             NOP             1
     414 000002bc 02148E02             MPYSP   .M2     B4,B5,B4          ; |125| 
     415 000002c0 028008C2             ZERO    .D2     B5                ; |125| 
     416 000002c4 02A02CEA             MVKH    .S2     0x40590000,B5     ; |125| 
     417 000002c8 00200362             B       .S2     B8                ; |125| 
     418 000002cc 031000A2             SPDP    .S2     B4,B7:B6          ; |125| 
     419 000002d0 020008C2             ZERO    .D2     B4                ; |125| 
     420 000002d4 021811A0             MV      .S1X    B6,A4             ; |125| 
     421 000002d8 00000000             NOP             1
     422 000002dc 029C11A0             MV      .S1X    B7,A5             ; |125| 
     423 000002e0           RL4:       ; CALL OCCURS                     ; |125| 
     424 000002e0 00148138             DPSP    .L1     A5:A4,A0          ; |125| 
     425 000002e4 00004000             NOP             3
     426 000002e8 020011A2             MV      .S2X    A0,B4             ; |125| 
     427 000002ec 0210017A             SPTRUNC .L2     B4,B4             ; |127| 
     428 000002f0 003C42F4             STW     .D2T1   A0,*+SP(8)        ; |125| 
     429 000002f4 00004428             MVKL    .S1     0x2000088,A0      ; |127| 
     430 000002f8 00010068             MVKH    .S1     0x2000088,A0      ; |127| 
     431 000002fc 02000276             STW     .D1T2   B4,*A0            ; |127| 
     432 00000300 023C22E4             LDW     .D2T1   *+SP(4),A4        ; |129| 
     433 00000304 01BC92E6             LDW     .D2T2   *++SP(16),B3      ; |130| 
     434 00000308 00006000             NOP             4
     435 0000030c 000C0362             B       .S2     B3                ; |130| 
     436 00000310 00008000             NOP             5
     437                               ; BRANCH OCCURS                   ; |130| 
     438                    
     439                    
     440 00000314                   .sect   ".text"
TMS320C6x COFF Assembler         Version 4.10     Tue May 28 15:51:30 2024
Copyright (c) 1996-2001 Texas Instruments Incorporated
temp\main.asm                                                        PAGE    9

     441                            .global _GetCartPos
     442                    
     443                    ;******************************************************************************
     444                    ;* FUNCTION NAME: _GetCartPos                                                 *
     445                    ;*                                                                            *
     446                    ;*   Regs Modified     : A0,A1,A3,A4,B4,B5,B6,SP                              *
     447                    ;*   Regs Used         : A0,A1,A3,A4,B3,B4,B5,B6,SP                           *
     448                    ;*   Local Frame Size  : 0 Args + 12 Auto + 0 Save = 12 byte                  *
     449                    ;******************************************************************************
     450 00000314           _GetCartPos:
     451                    ;** --------------------------------------------------------------------------*
     452 00000314 0201062A             MVKL    .S2     0x200020c,B4      ; |139| 
     453 00000318 0201006A             MVKH    .S2     0x200020c,B4      ; |139| 
     454 0000031c 021002E6             LDW     .D2T2   *B4,B4            ; |139| 
     455 00000320 00006000             NOP             4
     456                    
     457 00000324 0212100B             EXTU    .S2     B4,16,16,B4       ; |139| 
     458 00000328 07BE09C2  ||         SUB     .D2     SP,16,SP          ; |133| 
     459                    
     460 0000032c 023C42D6             STH     .D2T2   B4,*+SP(4)        ; |139| 
     461 00000330 02BC42C6             LDH     .D2T2   *+SP(4),B5        ; |142| 
     462 00000334 033C42C6             LDH     .D2T2   *+SP(4),B6        ; |142| 
     463 00000338 023C42C6             LDH     .D2T2   *+SP(4),B4        ; |143| 
     464 0000033c 00002000             NOP             2
     465                    
     466 00000340 01BFFFA9             MVK     .S1     32767,A3          ; |142| 
     467 00000344 000428C0  ||         ZERO    .D1     A0                ; |143| 
     468                    
     469 00000348 00947AF9             CMPGT   .L1X    B5,A3,A1          ; |142| 
     470 0000034c 000000E8  ||         MVKH    .S1     0x10000,A0        ; |143| 
     471                    
     472 00000350 933C42F7     [!A1]   STW     .D2T2   B6,*+SP(8)        ; |142| 
     473 00000354 020090FA  ||         SUB     .L2X    B4,A0,B4          ; |143| 
     474                    
     475 00000358 823C42F6     [ A1]   STW     .D2T2   B4,*+SP(8)        ; |143| 
     476 0000035c 023C42E6             LDW     .D2T2   *+SP(8),B4        ; |146| 
     477 00000360 00006000             NOP             4
     478 00000364 0210073A             INTDP   .L2     B4,B5:B4          ; |146| 
     479 00000368 00002000             NOP             2
     480 0000036c 00C00028             MVKL    .S1     0x3fd68000,A1     ; |146| 
     481                    
     482 00000370 009FEB69             MVKH    .S1     0x3fd68000,A1     ; |146| 
     483 00000374 000848C0  ||         ZERO    .D1     A0                ; |146| 
     484                    
     485 00000378 00101700             MPYDP   .M1X    A1:A0,B5:B4,A1:A0 ; |146| 
     486 0000037c 0000E000             NOP             8
     487 00000380 000C0362             B       .S2     B3                ; |148| 
     488 00000384 00040138             DPSP    .L1     A1:A0,A0          ; |146| 
     489 00000388 00004000             NOP             3
     490                    
     491 0000038c 07800853             ADDK    .S2     16,SP             ; |148| 
     492 00000390 003C62F5  ||         STW     .D2T1   A0,*+SP(12)       ; |146| 
     493 00000394 02000940  ||         MV      .D1     A0,A4             ; |146| 
     494                    
     495                               ; BRANCH OCCURS                   ; |148| 
TMS320C6x COFF Assembler         Version 4.10     Tue May 28 15:51:30 2024
Copyright (c) 1996-2001 Texas Instruments Incorporated
temp\main.asm                                                        PAGE   10

     496                    
     497                    
     498 00000398                   .sect   ".text"
     499                            .global _GetPendulumPos
     500                    
     501                    ;******************************************************************************
     502                    ;* FUNCTION NAME: _GetPendulumPos                                             *
     503                    ;*                                                                            *
     504                    ;*   Regs Modified     : A0,A1,A3,A4,B4,B5,B6,SP                              *
     505                    ;*   Regs Used         : A0,A1,A3,A4,B3,B4,B5,B6,SP                           *
     506                    ;*   Local Frame Size  : 0 Args + 12 Auto + 0 Save = 12 byte                  *
     507                    ;******************************************************************************
     508 00000398           _GetPendulumPos:
     509                    ;** --------------------------------------------------------------------------*
     510 00000398 0201082A             MVKL    .S2     0x2000210,B4      ; |156| 
     511 0000039c 0201006A             MVKH    .S2     0x2000210,B4      ; |156| 
     512 000003a0 021002E6             LDW     .D2T2   *B4,B4            ; |156| 
     513 000003a4 00006000             NOP             4
     514                    
     515 000003a8 0212100B             EXTU    .S2     B4,16,16,B4       ; |156| 
     516 000003ac 07BE09C2  ||         SUB     .D2     SP,16,SP          ; |150| 
     517                    
     518 000003b0 023C42D6             STH     .D2T2   B4,*+SP(4)        ; |156| 
     519 000003b4 02BC42C6             LDH     .D2T2   *+SP(4),B5        ; |159| 
     520 000003b8 033C42C6             LDH     .D2T2   *+SP(4),B6        ; |159| 
     521 000003bc 023C42C6             LDH     .D2T2   *+SP(4),B4        ; |160| 
     522 000003c0 00002000             NOP             2
     523                    
     524 000003c4 01BFFFA9             MVK     .S1     32767,A3          ; |159| 
     525 000003c8 000428C0  ||         ZERO    .D1     A0                ; |160| 
     526                    
     527 000003cc 00947AF9             CMPGT   .L1X    B5,A3,A1          ; |159| 
     528 000003d0 000000E8  ||         MVKH    .S1     0x10000,A0        ; |160| 
     529                    
     530 000003d4 933C42F7     [!A1]   STW     .D2T2   B6,*+SP(8)        ; |159| 
     531 000003d8 020090FA  ||         SUB     .L2X    B4,A0,B4          ; |160| 
     532                    
     533 000003dc 823C42F6     [ A1]   STW     .D2T2   B4,*+SP(8)        ; |160| 
     534 000003e0 023C42E6             LDW     .D2T2   *+SP(8),B4        ; |163| 
     535 000003e4 00006000             NOP             4
     536 000003e8 0210073A             INTDP   .L2     B4,B5:B4          ; |163| 
     537 000003ec 00002000             NOP             2
     538 000003f0 00C00028             MVKL    .S1     0x3fd68000,A1     ; |163| 
     539                    
     540 000003f4 009FEB69             MVKH    .S1     0x3fd68000,A1     ; |163| 
     541 000003f8 000848C0  ||         ZERO    .D1     A0                ; |163| 
     542                    
     543 000003fc 00101700             MPYDP   .M1X    A1:A0,B5:B4,A1:A0 ; |163| 
     544 00000400 0000E000             NOP             8
     545 00000404 000C0362             B       .S2     B3                ; |166| 
     546 00000408 00040138             DPSP    .L1     A1:A0,A0          ; |163| 
     547 0000040c 00004000             NOP             3
     548                    
     549 00000410 07800853             ADDK    .S2     16,SP             ; |166| 
     550 00000414 003C62F5  ||         STW     .D2T1   A0,*+SP(12)       ; |163| 
TMS320C6x COFF Assembler         Version 4.10     Tue May 28 15:51:30 2024
Copyright (c) 1996-2001 Texas Instruments Incorporated
temp\main.asm                                                        PAGE   11

     551 00000418 02000940  ||         MV      .D1     A0,A4             ; |163| 
     552                    
     553                               ; BRANCH OCCURS                   ; |166| 
     554                    
     555                    
     556 0000041c                   .sect   ".text"
     557                            .global _main
     558                    
     559                    ;******************************************************************************
     560                    ;* FUNCTION NAME: _main                                                       *
     561                    ;*                                                                            *
     562                    ;*   Regs Modified     : A0,A1,A2,A3,A4,A5,A6,A7,A8,A9,B0,B1,B2,B3,B4,B5,B6,  *
     563                    ;*                           B7,B8,B9,SP                                      *
     564                    ;*   Regs Used         : A0,A1,A2,A3,A4,A5,A6,A7,A8,A9,B0,B1,B2,B3,B4,B5,B6,  *
     565                    ;*                           B7,B8,B9,SP                                      *
     566                    ;*   Local Frame Size  : 16 Args + 0 Auto + 4 Save = 20 byte                  *
     567                    ;******************************************************************************
     568 0000041c           _main:
     569                    ;** --------------------------------------------------------------------------*
     570 0000041c 00000028'            MVKL    .S1     _InitEXINTF,A0    ; |178| 
     571 00000420 00000068'            MVKH    .S1     _InitEXINTF,A0    ; |178| 
     572 00000424 00001362             B       .S2X    A0                ; |178| 
     573 00000428 01BCD4F6             STW     .D2T2   B3,*SP--(24)      ; |177| 
     574 0000042c 01821C2A'            MVKL    .S2     RL10,B3           ; |178| 
     575 00000430 0180006A'            MVKH    .S2     RL10,B3           ; |178| 
     576 00000434 00002000             NOP             2
     577 00000438           RL10:      ; CALL OCCURS                     ; |178| 
     578 00000438 00002028'            MVKL    .S1     _InitTimer,A0     ; |179| 
     579 0000043c 00000068'            MVKH    .S1     _InitTimer,A0     ; |179| 
     580 00000440 00001362             B       .S2X    A0                ; |179| 
     581 00000444 0182282A'            MVKL    .S2     RL12,B3           ; |179| 
     582 00000448 0180006A'            MVKH    .S2     RL12,B3           ; |179| 
     583 0000044c 00004000             NOP             3
     584 00000450           RL12:      ; CALL OCCURS                     ; |179| 
     585 00000450 0200002A!            MVKL    .S2     _InitUART,B4      ; |180| 
     586 00000454 0200006A!            MVKH    .S2     _InitUART,B4      ; |180| 
     587 00000458 00100362             B       .S2     B4                ; |180| 
     588 0000045c 0182342A'            MVKL    .S2     RL14,B3           ; |180| 
     589 00000460 0180006A'            MVKH    .S2     RL14,B3           ; |180| 
     590 00000464 00004000             NOP             3
     591 00000468           RL14:      ; CALL OCCURS                     ; |180| 
     592 00000468 00004028'            MVKL    .S1     _InitINT,A0       ; |181| 
     593 0000046c 00000068'            MVKH    .S1     _InitINT,A0       ; |181| 
     594 00000470 00001362             B       .S2X    A0                ; |181| 
     595 00000474 0182402A'            MVKL    .S2     RL16,B3           ; |181| 
     596 00000478 0180006A'            MVKH    .S2     RL16,B3           ; |181| 
     597 0000047c 00004000             NOP             3
     598 00000480           RL16:      ; CALL OCCURS                     ; |181| 
     599 00000480 00000028!            MVKL    .S1     _InitUSBMon,A0    ; |182| 
     600 00000484 00000068!            MVKH    .S1     _InitUSBMon,A0    ; |182| 
     601 00000488 00001362             B       .S2X    A0                ; |182| 
     602 0000048c 01824C2A'            MVKL    .S2     RL18,B3           ; |182| 
     603 00000490 0180006A'            MVKH    .S2     RL18,B3           ; |182| 
     604 00000494 00004000             NOP             3
     605 00000498           RL18:      ; CALL OCCURS                     ; |182| 
TMS320C6x COFF Assembler         Version 4.10     Tue May 28 15:51:30 2024
Copyright (c) 1996-2001 Texas Instruments Incorporated
temp\main.asm                                                        PAGE   12

     606 00000498 00000028!            MVKL    .S1     _sprintf,A0       ; |184| 
     607                    
     608 000004a0 00000069!            MVKH    .S1     _sprintf,A0       ; |184| 
     609 000004a4 0280002A+ ||         MVKL    .S2     SL1+0,B5          ; |184| 
     610                    
     611 000004a8 00001362             B       .S2X    A0                ; |184| 
     612 000004ac 0182662A'            MVKL    .S2     RL20,B3           ; |184| 
     613 000004b0 0280006A+            MVKH    .S2     SL1+0,B5          ; |184| 
     614 000004b4 0200002A!            MVKL    .S2     _tmp_string,B4    ; |184| 
     615 000004b8 0200006A!            MVKH    .S2     _tmp_string,B4    ; |184| 
     616                    
     617 000004c0 0180006B'            MVKH    .S2     RL20,B3           ; |184| 
     618 000004c4 02BC22F7  ||         STW     .D2T2   B5,*+SP(4)        ; |184| 
     619 000004c8 021011A0  ||         MV      .S1X    B4,A4             ; |184| 
     620                    
     621 000004cc           RL20:      ; CALL OCCURS                     ; |184| 
     622 000004cc 00000028!            MVKL    .S1     _Report,A0        ; |184| 
     623 000004d0 00000068!            MVKH    .S1     _Report,A0        ; |184| 
     624 000004d4 00001362             B       .S2X    A0                ; |184| 
     625 000004d8 0182722A'            MVKL    .S2     RL22,B3           ; |184| 
     626 000004dc 0180006A'            MVKH    .S2     RL22,B3           ; |184| 
     627 000004e0 00004000             NOP             3
     628 000004e4           RL22:      ; CALL OCCURS                     ; |184| 
     629 000004e4 0003F428             MVK     .S1     2024,A0           ; |185| 
     630                    
     631 000004e8 00000029!            MVKL    .S1     _sprintf,A0       ; |185| 
     632 000004ec 003C42F4  ||         STW     .D2T1   A0,*+SP(8)        ; |185| 
     633                    
     634 000004f0 00000069!            MVKH    .S1     _sprintf,A0       ; |185| 
     635 000004f4 0280002A! ||         MVKL    .S2     _tmp_string,B5    ; |185| 
     636                    
     637 000004f8 00001362             B       .S2X    A0                ; |185| 
     638 000004fc 020002AA+            MVKL    .S2     SL2+0,B4          ; |185| 
     639 00000500 0280006A!            MVKH    .S2     _tmp_string,B5    ; |185| 
     640 00000504 0200006A+            MVKH    .S2     SL2+0,B4          ; |185| 
     641 00000508 01828C2A'            MVKL    .S2     RL24,B3           ; |185| 
     642                    
     643 0000050c 0180006B'            MVKH    .S2     RL24,B3           ; |185| 
     644 00000510 023C22F7  ||         STW     .D2T2   B4,*+SP(4)        ; |185| 
     645 00000514 021411A0  ||         MV      .S1X    B5,A4             ; |185| 
     646                    
     647 00000518           RL24:      ; CALL OCCURS                     ; |185| 
     648 00000518 00000028!            MVKL    .S1     _Report,A0        ; |185| 
     649 0000051c 00000068!            MVKH    .S1     _Report,A0        ; |185| 
     650 00000520 00001362             B       .S2X    A0                ; |185| 
     651 00000524 0182982A'            MVKL    .S2     RL26,B3           ; |185| 
     652 00000528 0180006A'            MVKH    .S2     RL26,B3           ; |185| 
     653 0000052c 00004000             NOP             3
     654 00000530           RL26:      ; CALL OCCURS                     ; |185| 
     655 00000530 02000F2A+            MVKL    .S2     SL3+0,B4          ; |186| 
     656 00000534 0281FE2A             MVKL    .S2     0x20003fc,B5      ; |186| 
     657 00000538 0200006A+            MVKH    .S2     SL3+0,B4          ; |186| 
     658                    
     659 00000540 023C22F7             STW     .D2T2   B4,*+SP(4)        ; |186| 
     660 00000544 0281006A  ||         MVKH    .S2     0x20003fc,B5      ; |186| 
TMS320C6x COFF Assembler         Version 4.10     Tue May 28 15:51:30 2024
Copyright (c) 1996-2001 Texas Instruments Incorporated
temp\main.asm                                                        PAGE   13

     661                    
     662 00000548 021402E6             LDW     .D2T2   *B5,B4            ; |186| 
     663 0000054c 0001FE28             MVKL    .S1     0x20003fc,A0      ; |186| 
     664 00000550 00010068             MVKH    .S1     0x20003fc,A0      ; |186| 
     665 00000554 02000028!            MVKL    .S1     _tmp_string,A4    ; |186| 
     666 00000558 0182C42A'            MVKL    .S2     RL28,B3           ; |186| 
     667 0000055c 0212180A             EXTU    .S2     B4,16,24,B4       ; |186| 
     668 00000560 023C42F6             STW     .D2T2   B4,*+SP(8)        ; |186| 
     669                    
     670 00000564 00000029!            MVKL    .S1     _sprintf,A0       ; |186| 
     671 00000568 01800264  ||         LDW     .D1T1   *A0,A3            ; |186| 
     672                    
     673 0000056c 00000068!            MVKH    .S1     _sprintf,A0       ; |186| 
     674 00000570 00001362             B       .S2X    A0                ; |186| 
     675 00000574 02000068!            MVKH    .S1     _tmp_string,A4    ; |186| 
     676 00000578 0180006A'            MVKH    .S2     RL28,B3           ; |186| 
     677 0000057c 00000000             NOP             1
     678 00000580 018F1808             EXTU    .S1     A3,24,24,A3       ; |186| 
     679 00000584 01BC62F4             STW     .D2T1   A3,*+SP(12)       ; |186| 
     680 00000588           RL28:      ; CALL OCCURS                     ; |186| 
     681 00000588 00000028!            MVKL    .S1     _Report,A0        ; |186| 
     682 0000058c 00000068!            MVKH    .S1     _Report,A0        ; |186| 
     683 00000590 00001362             B       .S2X    A0                ; |186| 
     684 00000594 0182D02A'            MVKL    .S2     RL30,B3           ; |186| 
     685 00000598 0180006A'            MVKH    .S2     RL30,B3           ; |186| 
     686 0000059c 00004000             NOP             3
     687 000005a0           RL30:      ; CALL OCCURS                     ; |186| 
     688                    ;** --------------------------------------------------------------------------*
     689 000005a0 00004C28'            MVKL    .S1     _GIE,A0           ; |190| 
     690 000005a4 00000068'            MVKH    .S1     _GIE,A0           ; |190| 
     691 000005a8 00001362             B       .S2X    A0                ; |190| 
     692 000005ac 0200002A!            MVKL    .S2     _TFlag,B4         ; |188| 
     693 000005b0 0182E42A'            MVKL    .S2     RL32,B3           ; |190| 
     694 000005b4 0200006A!            MVKH    .S2     _TFlag,B4         ; |188| 
     695 000005b8 028008C2             ZERO    .D2     B5                ; |188| 
     696                    
     697 000005c0 029002F7             STW     .D2T2   B5,*B4            ; |188| 
     698 000005c4 0180006A' ||         MVKH    .S2     RL32,B3           ; |190| 
     699                    
     700 000005c8           RL32:      ; CALL OCCURS                     ; |190| 
     701 000005c8 0380DC2A'            MVKL    .S2     _WaitTFlagCnt,B7  ; |195| 
     702 000005cc 0300462A             MVKL    .S2     0x200008c,B6      ; |193| 
     703 000005d0 0380006A'            MVKH    .S2     _WaitTFlagCnt,B7  ; |195| 
     704 000005d4 0301006A             MVKH    .S2     0x200008c,B6      ; |193| 
     705 000005d8 0280262A             MVKL    .S2     0x200004c,B5      ; |191| 
     706 000005dc 001C0362             B       .S2     B7                ; |195| 
     707 000005e0 0281006A             MVKH    .S2     0x200004c,B5      ; |191| 
     708                    
     709 000005e4 0200402B             MVKL    .S2     0x2000080,B4      ; |192| 
     710 000005e8 000000A8  ||         MVK     .S1     1,A0              ; |191| 
     711                    
     712 000005ec 001402F5             STW     .D2T1   A0,*B5            ; |191| 
     713 000005f0 0201006A  ||         MVKH    .S2     0x2000080,B4      ; |192| 
     714                    
     715 000005f4 001002F5             STW     .D2T1   A0,*B4            ; |192| 
TMS320C6x COFF Assembler         Version 4.10     Tue May 28 15:51:30 2024
Copyright (c) 1996-2001 Texas Instruments Incorporated
temp\main.asm                                                        PAGE   14

     716 000005f8 0183062A' ||         MVKL    .S2     RL34,B3           ; |195| 
     717                    
     718 00000600 001802F5             STW     .D2T1   A0,*B6            ; |193| 
     719 00000604 0180006B' ||         MVKH    .S2     RL34,B3           ; |195| 
     720 00000608 0201F428  ||         MVK     .S1     0x3e8,A4          ; |195| 
     721                    
     722 0000060c           RL34:      ; CALL OCCURS                     ; |195| 
     723 0000060c 00000028-            MVKL    .S1     _TINTCnt,A0       ; |197| 
     724                    ;** --------------------------------------------------------------------------*
     725                    ;**   BEGIN LOOP L9
     726                    ;** --------------------------------------------------------------------------*
     727 00000610           L9:    
     728                    
     729 00000610 00000069-            MVKH    .S1     _TINTCnt,A0       ; |197| 
     730 00000614 018428C0  ||         ZERO    .D1     A3                ; |197| 
     731                    
     732 00000618 01800274             STW     .D1T1   A3,*A0            ; |197| 
     733 0000061c 00002628             MVKL    .S1     0x200004c,A0      ; |200| 
     734 00000620 00010068             MVKH    .S1     0x200004c,A0      ; |200| 
     735 00000624 01800264             LDW     .D1T1   *A0,A3            ; |200| 
     736 00000628 00002000             NOP             2
     737                    ;*----------------------------------------------------------------------------*
     738                    ;*   SOFTWARE PIPELINE INFORMATION
     739                    ;*      Disqualified loop: software pipelining disabled
     740                    ;*----------------------------------------------------------------------------*
     741 0000062c           L10:    
     742 0000062c 0200002A-            MVKL    .S2     _TINTCnt,B4       ; |203| 
     743 00000630 0200006A-            MVKH    .S2     _TINTCnt,B4       ; |203| 
     744 00000634 018C22A0             XOR     .S1     1,A3,A3           ; |200| 
     745 00000638 01800274             STW     .D1T1   A3,*A0            ; |200| 
     746 0000063c 021002E6             LDW     .D2T2   *B4,B4            ; |203| 
     747 00000640 0281F42A             MVK     .S2     1000,B5           ; |203| 
     748 00000644 00004000             NOP             3
     749 00000648 001489FA             CMPGTU  .L2     B4,B5,B0          ; |203| 
     750 0000064c 3FFFFD90     [!B0]   B       .S1     L10               ; |203| 
     751 00000650 30002628     [!B0]   MVKL    .S1     0x200004c,A0      ; |200| 
     752 00000654 30010068     [!B0]   MVKH    .S1     0x200004c,A0      ; |200| 
     753                    
     754 00000658 20000229-    [ B0]   MVKL    .S1     _timerCheckCnt,A0 ; |205| 
     755 0000065c 31800264  || [!B0]   LDW     .D1T1   *A0,A3            ; |200| 
     756                    
     757 00000660 20000068-    [ B0]   MVKH    .S1     _timerCheckCnt,A0 ; |205| 
     758 00000664 21800264     [ B0]   LDW     .D1T1   *A0,A3            ; |205| 
     759                               ; BRANCH OCCURS                   ; |203| 
     760                    ;** --------------------------------------------------------------------------*
     761 00000668 020018AA+            MVKL    .S2     SL4+0,B4          ; |206| 
     762 0000066c 0280022A-            MVKL    .S2     _timerCheckCnt,B5 ; |206| 
     763 00000670 0200006A+            MVKH    .S2     SL4+0,B4          ; |206| 
     764 00000674 0280006A-            MVKH    .S2     _timerCheckCnt,B5 ; |206| 
     765 00000678 018C2940             ADD     .D1     1,A3,A3           ; |205| 
     766                    
     767 00000680 00000029!            MVKL    .S1     _sprintf,A0       ; |206| 
     768 00000684 01800274  ||         STW     .D1T1   A3,*A0            ; |205| 
     769                    
     770 00000688 023C22F7             STW     .D2T2   B4,*+SP(4)        ; |206| 
TMS320C6x COFF Assembler         Version 4.10     Tue May 28 15:51:30 2024
Copyright (c) 1996-2001 Texas Instruments Incorporated
temp\main.asm                                                        PAGE   15

     771 0000068c 00000068! ||         MVKH    .S1     _sprintf,A0       ; |206| 
     772                    
     773 00000690 00001363             B       .S2X    A0                ; |206| 
     774 00000694 021402E6  ||         LDW     .D2T2   *B5,B4            ; |206| 
     775                    
     776 00000698 0183582A'            MVKL    .S2     RL36,B3           ; |206| 
     777 0000069c 0180006A'            MVKH    .S2     RL36,B3           ; |206| 
     778 000006a0 00000000             NOP             1
     779 000006a4 02000028!            MVKL    .S1     _tmp_string,A4    ; |206| 
     780                    
     781 000006a8 02000069!            MVKH    .S1     _tmp_string,A4    ; |206| 
     782 000006ac 023C42F6  ||         STW     .D2T2   B4,*+SP(8)        ; |206| 
     783                    
     784 000006b0           RL36:      ; CALL OCCURS                     ; |206| 
     785 000006b0 00000028!            MVKL    .S1     _Report,A0        ; |206| 
     786 000006b4 00000068!            MVKH    .S1     _Report,A0        ; |206| 
     787 000006b8 00001362             B       .S2X    A0                ; |206| 
     788 000006bc 0183642A'            MVKL    .S2     RL38,B3           ; |206| 
     789 000006c0 0180006A'            MVKH    .S2     RL38,B3           ; |206| 
     790 000006c4 00004000             NOP             3
     791 000006c8           RL38:      ; CALL OCCURS                     ; |206| 
     792 000006c8 0001CC28'            MVKL    .S1     _GetPendulumPos,A0 ; |209| 
     793 000006cc 00000068'            MVKH    .S1     _GetPendulumPos,A0 ; |209| 
     794 000006d0 00001362             B       .S2X    A0                ; |209| 
     795 000006d4 0183702A'            MVKL    .S2     RL42,B3           ; |209| 
     796 000006d8 0180006A'            MVKH    .S2     RL42,B3           ; |209| 
     797 000006dc 00004000             NOP             3
     798 000006e0           RL42:      ; CALL OCCURS                     ; |209| 
     799 000006e0 031010A2             SPDP    .S2X    A4,B7:B6          ; |209| 
     800 000006e4 00000028!            MVKL    .S1     _sprintf,A0       ; |209| 
     801                    
     802 000006e8 00000069!            MVKH    .S1     _sprintf,A0       ; |209| 
     803 000006ec 048026AA+ ||         MVKL    .S2     SL5+0,B9          ; |209| 
     804                    
     805 000006f0 00001362             B       .S2X    A0                ; |209| 
     806 000006f4 0400002A!            MVKL    .S2     _tmp_string,B8    ; |209| 
     807 000006f8 0480006A+            MVKH    .S2     SL5+0,B9          ; |209| 
     808                    
     809 00000700 0400006B!            MVKH    .S2     _tmp_string,B8    ; |209| 
     810 00000704 0298005B  ||         MV      .L2     B6,B5             ; |209| 
     811 00000708 04BC22F6  ||         STW     .D2T2   B9,*+SP(4)        ; |209| 
     812                    
     813 0000070c 021C005B             MV      .L2     B7,B4             ; |209| 
     814 00000710 0183962B' ||         MVKL    .S2     RL44,B3           ; |209| 
     815 00000714 02BC42F6  ||         STW     .D2T2   B5,*+SP(8)        ; |209| 
     816                    
     817 00000720 022011A1             MV      .S1X    B8,A4             ; |209| 
     818 00000724 0180006B' ||         MVKH    .S2     RL44,B3           ; |209| 
     819 00000728 023C62F6  ||         STW     .D2T2   B4,*+SP(12)       ; |209| 
     820                    
     821 0000072c           RL44:      ; CALL OCCURS                     ; |209| 
     822 0000072c 00000028!            MVKL    .S1     _Report,A0        ; |209| 
     823 00000730 00000068!            MVKH    .S1     _Report,A0        ; |209| 
     824 00000734 00001362             B       .S2X    A0                ; |209| 
     825 00000738 0183A22A'            MVKL    .S2     RL46,B3           ; |209| 
TMS320C6x COFF Assembler         Version 4.10     Tue May 28 15:51:30 2024
Copyright (c) 1996-2001 Texas Instruments Incorporated
temp\main.asm                                                        PAGE   16

     826 0000073c 0180006A'            MVKH    .S2     RL46,B3           ; |209| 
     827 00000740 00004000             NOP             3
     828 00000744           RL46:      ; CALL OCCURS                     ; |209| 
     829 00000744 00018A28'            MVKL    .S1     _GetCartPos,A0    ; |212| 
     830 00000748 00000068'            MVKH    .S1     _GetCartPos,A0    ; |212| 
     831 0000074c 00001362             B       .S2X    A0                ; |212| 
     832 00000750 0183AE2A'            MVKL    .S2     RL50,B3           ; |212| 
     833 00000754 0180006A'            MVKH    .S2     RL50,B3           ; |212| 
     834 00000758 00004000             NOP             3
     835 0000075c           RL50:      ; CALL OCCURS                     ; |212| 
     836 0000075c 021000A0             SPDP    .S1     A4,A5:A4          ; |212| 
     837 00000760 0183CE2A'            MVKL    .S2     RL52,B3           ; |212| 
     838 00000764 00140940             MV      .D1     A5,A0             ; |212| 
     839                    
     840 00000768 00000029!            MVKL    .S1     _sprintf,A0       ; |212| 
     841 0000076c 003C62F4  ||         STW     .D2T1   A0,*+SP(12)       ; |212| 
     842                    
     843 00000770 00000068!            MVKH    .S1     _sprintf,A0       ; |212| 
     844 00000774 00001362             B       .S2X    A0                ; |212| 
     845 00000778 0280322A+            MVKL    .S2     SL6+0,B5          ; |212| 
     846 0000077c 0280006A+            MVKH    .S2     SL6+0,B5          ; |212| 
     847 00000780 0200002A!            MVKL    .S2     _tmp_string,B4    ; |212| 
     848                    
     849 00000784 0200006B!            MVKH    .S2     _tmp_string,B4    ; |212| 
     850 00000788 01900941  ||         MV      .D1     A4,A3             ; |212| 
     851 0000078c 02BC22F6  ||         STW     .D2T2   B5,*+SP(4)        ; |212| 
     852                    
     853 00000790 0180006B'            MVKH    .S2     RL52,B3           ; |212| 
     854 00000794 021011A1  ||         MV      .S1X    B4,A4             ; |212| 
     855 00000798 01BC42F4  ||         STW     .D2T1   A3,*+SP(8)        ; |212| 
     856                    
     857 0000079c           RL52:      ; CALL OCCURS                     ; |212| 
     858 0000079c 00000028!            MVKL    .S1     _Report,A0        ; |212| 
     859 000007a0 00000068!            MVKH    .S1     _Report,A0        ; |212| 
     860 000007a4 00001362             B       .S2X    A0                ; |212| 
     861 000007a8 0183DA2A'            MVKL    .S2     RL54,B3           ; |212| 
     862 000007ac 0180006A'            MVKH    .S2     RL54,B3           ; |212| 
     863 000007b0 00004000             NOP             3
     864 000007b4           RL54:      ; CALL OCCURS                     ; |212| 
     865 000007b4 0200002A!            MVKL    .S2     _sprintf,B4       ; |213| 
     866 000007b8 0200006A!            MVKH    .S2     _sprintf,B4       ; |213| 
     867 000007bc 00100362             B       .S2     B4                ; |213| 
     868 000007c0 02803DAA+            MVKL    .S2     SL7+0,B5          ; |213| 
     869 000007c4 0280006A+            MVKH    .S2     SL7+0,B5          ; |213| 
     870 000007c8 02000028!            MVKL    .S1     _tmp_string,A4    ; |213| 
     871 000007cc 0183EE2A'            MVKL    .S2     RL56,B3           ; |213| 
     872                    
     873 000007d0 02000069!            MVKH    .S1     _tmp_string,A4    ; |213| 
     874 000007d4 0180006B' ||         MVKH    .S2     RL56,B3           ; |213| 
     875 000007d8 02BC22F6  ||         STW     .D2T2   B5,*+SP(4)        ; |213| 
     876                    
     877 000007dc           RL56:      ; CALL OCCURS                     ; |213| 
     878 000007dc 0200002A!            MVKL    .S2     _Report,B4        ; |213| 
     879 000007e0 0200006A!            MVKH    .S2     _Report,B4        ; |213| 
     880 000007e4 00100362             B       .S2     B4                ; |213| 
TMS320C6x COFF Assembler         Version 4.10     Tue May 28 15:51:30 2024
Copyright (c) 1996-2001 Texas Instruments Incorporated
temp\main.asm                                                        PAGE   17

     881 000007e8 0183FA2A'            MVKL    .S2     RL58,B3           ; |213| 
     882 000007ec 0180006A'            MVKH    .S2     RL58,B3           ; |213| 
     883 000007f0 00004000             NOP             3
     884 000007f4           RL58:      ; CALL OCCURS                     ; |213| 
     885 000007f4 0FFFC610             B       .S1     L9                ; |216| 
     886 000007f8 00000028-            MVKL    .S1     _TINTCnt,A0       ; |197| 
     887 000007fc 00006000             NOP             4
     888                               ; BRANCH OCCURS                   ; |216| 
     889                    
     890                    
     891                    ;******************************************************************************
     892                    ;* STRINGS                                                                    *
     893                    ;******************************************************************************
     894 00000000                   .sect   ".const"
     895 00000000 0000000D  SL1:    .string 13,10,13,10,0
         00000001 0000000A 
         00000002 0000000D 
         00000003 0000000A 
         00000004 00000000 
     896 00000005 0000004D  SL2:    .string "Mechatronics Course %d",13,10,0
         00000006 00000065 
         00000007 00000063 
         00000008 00000068 
         00000009 00000061 
         0000000a 00000074 
         0000000b 00000072 
         0000000c 0000006F 
         0000000d 0000006E 
         0000000e 00000069 
         0000000f 00000063 
         00000010 00000073 
         00000011 00000020 
         00000012 00000043 
         00000013 0000006F 
         00000014 00000075 
         00000015 00000072 
         00000016 00000073 
         00000017 00000065 
         00000018 00000020 
         00000019 00000025 
         0000001a 00000064 
         0000001b 0000000D 
         0000001c 0000000A 
         0000001d 00000000 
     897 0000001e 00000046  SL3:    .string "FPGA Ver%2x.%02x",13,10,0
         0000001f 00000050 
         00000020 00000047 
         00000021 00000041 
         00000022 00000020 
         00000023 00000056 
         00000024 00000065 
         00000025 00000072 
         00000026 00000025 
         00000027 00000032 
         00000028 00000078 
TMS320C6x COFF Assembler         Version 4.10     Tue May 28 15:51:30 2024
Copyright (c) 1996-2001 Texas Instruments Incorporated
temp\main.asm                                                        PAGE   18

         00000029 0000002E 
         0000002a 00000025 
         0000002b 00000030 
         0000002c 00000032 
         0000002d 00000078 
         0000002e 0000000D 
         0000002f 0000000A 
         00000030 00000000 
     898 00000031 0000003D  SL4:    .string "==== Timer Check: %d ====",13,10,0
         00000032 0000003D 
         00000033 0000003D 
         00000034 0000003D 
         00000035 00000020 
         00000036 00000054 
         00000037 00000069 
         00000038 0000006D 
         00000039 00000065 
         0000003a 00000072 
         0000003b 00000020 
         0000003c 00000043 
         0000003d 00000068 
         0000003e 00000065 
         0000003f 00000063 
         00000040 0000006B 
         00000041 0000003A 
         00000042 00000020 
         00000043 00000025 
         00000044 00000064 
         00000045 00000020 
         00000046 0000003D 
         00000047 0000003D 
         00000048 0000003D 
         00000049 0000003D 
         0000004a 0000000D 
         0000004b 0000000A 
         0000004c 00000000 
     899 0000004d 00000070  SL5:    .string "pendulum pos: %6.2f ",13,10,0
         0000004e 00000065 
         0000004f 0000006E 
         00000050 00000064 
         00000051 00000075 
         00000052 0000006C 
         00000053 00000075 
         00000054 0000006D 
         00000055 00000020 
         00000056 00000070 
         00000057 0000006F 
         00000058 00000073 
         00000059 0000003A 
         0000005a 00000020 
         0000005b 00000025 
         0000005c 00000036 
         0000005d 0000002E 
         0000005e 00000032 
         0000005f 00000066 
TMS320C6x COFF Assembler         Version 4.10     Tue May 28 15:51:30 2024
Copyright (c) 1996-2001 Texas Instruments Incorporated
temp\main.asm                                                        PAGE   19

         00000060 00000020 
         00000061 0000000D 
         00000062 0000000A 
         00000063 00000000 
     900 00000064 00000063  SL6:    .string "cart encoder: %6.2f ",13,10,0
         00000065 00000061 
         00000066 00000072 
         00000067 00000074 
         00000068 00000020 
         00000069 00000065 
         0000006a 0000006E 
         0000006b 00000063 
         0000006c 0000006F 
         0000006d 00000064 
         0000006e 00000065 
         0000006f 00000072 
         00000070 0000003A 
         00000071 00000020 
         00000072 00000025 
         00000073 00000036 
         00000074 0000002E 
         00000075 00000032 
         00000076 00000066 
         00000077 00000020 
         00000078 0000000D 
         00000079 0000000A 
         0000007a 00000000 
     901 0000007b 0000000D  SL7:    .string 13,10,0
         0000007c 0000000A 
         0000007d 00000000 
     902                    ;******************************************************************************
     903                    ;* UNDEFINED EXTERNAL REFERENCES                                              *
     904                    ;******************************************************************************
     905                            .global _sprintf
     906                            .global _InitUART
     907                            .global _Report
     908                            .global _InitUSBMon
     909                            .global _tmp_string
     910                            .global _TFlag
     911                            .global __divd

No Assembly Errors, No Assembly Warnings
