TMS320C6x COFF Assembler         Version 4.10     Thu May 30 11:25:39 2024
Copyright (c) 1996-2001 Texas Instruments Incorporated
temp\main.asm                                                        PAGE    1

       1                    ;******************************************************************************
       2                    ;* TMS320C6x ANSI C Codegen                                      Version 4.10 *
       3                    ;* Date/Time created: Thu May 30 11:25:39 2024                                *
       4                    ;******************************************************************************
       5                    
       6                    ;******************************************************************************
       7                    ;* GLOBAL FILE PARAMETERS                                                     *
       8                    ;*                                                                            *
       9                    ;*   Architecture      : TMS320C670x                                          *
      10                    ;*   Optimization      : Disabled                                             *
      11                    ;*   Optimizing for    : Compile time, Ease of Development                    *
      12                    ;*                       Based on options: no -o, no -ms                      *
      13                    ;*   Endian            : Little                                               *
      14                    ;*   Interrupt Thrshld : Disabled                                             *
      15                    ;*   Memory Model      : Large                                                *
      16                    ;*   Calls to RTS      : Far                                                  *
      17                    ;*   Pipelining        : Disabled                                             *
      18                    ;*   Memory Aliases    : Presume are aliases (pessimistic)                    *
      19                    ;*   Debug Info        : No Debug Info                                        *
      20                    ;*                                                                            *
      21                    ;******************************************************************************
      22                    
      23                            .asg    A15, FP
      24                            .asg    B14, DP
      25                            .asg    B15, SP
      26                            .global $bss
      27                    
      28                            .global _TINTCnt
      29 00000000           _TINTCnt:       .usect  .far,4,4
      30                            .global _timerCheckCnt
      31 00000004           _timerCheckCnt: .usect  .far,4,4
      32                    
      33 00000000                   .sect   ".cinit"
      34                            .align  8
      35 00000000 00000004          .field          4,32
      36 00000004 00000008-         .field          _R_pend+0,32
      37 00000008 43340000          .word   043340000h              ; _R_pend @ 0
      38 00000000                   .sect   ".text"
      39                            .global _R_pend
      40 00000008           _R_pend:        .usect  .far,4,4
      41                    
      42 0000000c                   .sect   ".cinit"
      43                            .align  8
      44 00000010 00000004          .field          4,32
      45 00000014 0000000C-         .field          _R_cart+0,32
      46 00000018 00000000          .word   000000000h              ; _R_cart @ 0
      47 00000000                   .sect   ".text"
      48                            .global _R_cart
      49 0000000c           _R_cart:        .usect  .far,4,4
      50                    
      51 0000001c                   .sect   ".cinit"
      52                            .align  8
      53 00000020 00000004          .field          4,32
      54 00000024 00000010-         .field          _R_swup_cart+0,32
      55 00000028 00000000          .word   000000000h              ; _R_swup_cart @ 0
TMS320C6x COFF Assembler         Version 4.10     Thu May 30 11:25:39 2024
Copyright (c) 1996-2001 Texas Instruments Incorporated
temp\main.asm                                                        PAGE    2

      56 00000000                   .sect   ".text"
      57                            .global _R_swup_cart
      58 00000010           _R_swup_cart:   .usect  .far,4,4
      59                            .global _mode
      60 00000014           _mode:  .usect  .far,4,4
      61                    ;       acp6x -q -D_FAR_RTS=1 --large_model=3 --version=6701 -m --i_output_file C:\Users\hge42\AppData
      62 00000000                   .sect   ".text"
      63                            .global _InitEXINTF
      64                    
      65                    ;******************************************************************************
      66                    ;* FUNCTION NAME: _InitEXINTF                                                 *
      67                    ;*                                                                            *
      68                    ;*   Regs Modified     : A0,A3,A4,B4,B5,B6                                    *
      69                    ;*   Regs Used         : A0,A3,A4,B3,B4,B5,B6                                 *
      70                    ;*   Local Frame Size  : 0 Args + 0 Auto + 0 Save = 0 byte                    *
      71                    ;******************************************************************************
      72 00000000           _InitEXINTF:
      73                    ;** --------------------------------------------------------------------------*
      74 00000000 000008C0             ZERO    .D1     A0                ; |32| 
      75 00000004 0000C068             MVKH    .S1     0x1800000,A0      ; |32| 
      76 00000008 02000264             LDW     .D1T1   *A0,A4            ; |32| 
      77 0000000c 0280042A             MVKL    .S2     0x1800008,B5      ; |35| 
      78 00000010 030290AA             MVKL    .S2     0x21520521,B6     ; |47| 
      79 00000014 000C0362             B       .S2     B3                ; |57| 
      80                    
      81 00000018 0200082B             MVKL    .S2     0x1800010,B4      ; |47| 
      82 0000001c 018190A8  ||         MVKL    .S1     0xd00321,A3       ; |35| 
      83                    
      84 00000020 021065C9             CLR     .S1     A4,3,5,A4         ; |32| 
      85 00000024 0280C06A  ||         MVKH    .S2     0x1800008,B5      ; |35| 
      86                    
      87 00000028 02000275             STW     .D1T1   A4,*A0            ; |32| 
      88 0000002c 0310A96B  ||         MVKH    .S2     0x21520521,B6     ; |47| 
      89 00000030 01806868  ||         MVKH    .S1     0xd00321,A3       ; |35| 
      90                    
      91 00000034 019402F5             STW     .D2T1   A3,*B5            ; |35| 
      92 00000038 0200C06A  ||         MVKH    .S2     0x1800010,B4      ; |47| 
      93                    
      94 0000003c 031002F6             STW     .D2T2   B6,*B4            ; |47| 
      95                               ; BRANCH OCCURS                   ; |57| 
      96                    
      97                    
      98 00000040                   .sect   ".text"
      99                            .global _InitTimer
     100                    
     101                    ;******************************************************************************
     102                    ;* FUNCTION NAME: _InitTimer                                                  *
     103                    ;*                                                                            *
     104                    ;*   Regs Modified     : A0,A3,B4,B5                                          *
     105                    ;*   Regs Used         : A0,A3,B3,B4,B5                                       *
     106                    ;*   Local Frame Size  : 0 Args + 0 Auto + 0 Save = 0 byte                    *
     107                    ;******************************************************************************
     108 00000040           _InitTimer:
     109                    ;** --------------------------------------------------------------------------*
     110 00000040 020008C2             ZERO    .D2     B4                ; |62| 
TMS320C6x COFF Assembler         Version 4.10     Thu May 30 11:25:39 2024
Copyright (c) 1996-2001 Texas Instruments Incorporated
temp\main.asm                                                        PAGE    3

     111 00000044 0200CA6A             MVKH    .S2     0x1940000,B4      ; |62| 
     112 00000048 029002E6             LDW     .D2T2   *B4,B5            ; |62| 
     113 0000004c 00000228             MVKL    .S1     0x1940004,A0      ; |65| 
     114 00000050 0000CA68             MVKH    .S1     0x1940004,A0      ; |65| 
     115 00000054 018008C0             ZERO    .D1     A3                ; |68| 
     116 00000058 0180CA68             MVKH    .S1     0x1940000,A3      ; |68| 
     117 0000005c 0295098A             SET     .S2     B5,8,9,B5         ; |62| 
     118                    
     119 00000060 0227102B             MVK     .S2     20000,B4          ; |65| 
     120 00000064 029002F6  ||         STW     .D2T2   B5,*B4            ; |62| 
     121                    
     122 00000068 02000276             STW     .D1T2   B4,*A0            ; |65| 
     123 0000006c 000C0264             LDW     .D1T1   *A3,A0            ; |68| 
     124 00000070 000C0362             B       .S2     B3                ; |69| 
     125 00000074 00004000             NOP             3
     126 00000078 0000C788             SET     .S1     A0,6,7,A0         ; |68| 
     127 0000007c 000C0274             STW     .D1T1   A0,*A3            ; |68| 
     128                               ; BRANCH OCCURS                   ; |69| 
     129                    
     130                    
     131 00000080                   .sect   ".text"
     132                            .global _InitINT
     133                    
     134                    ;******************************************************************************
     135                    ;* FUNCTION NAME: _InitINT                                                    *
     136                    ;*                                                                            *
     137                    ;*   Regs Modified     : A0,B4                                                *
     138                    ;*   Regs Used         : A0,B3,B4                                             *
     139                    ;*   Local Frame Size  : 0 Args + 0 Auto + 0 Save = 0 byte                    *
     140                    ;******************************************************************************
     141 00000080           _InitINT:
     142                    ;** --------------------------------------------------------------------------*
     143 00000080 021003E2             MVC     .S2     IER,B4            ; |74| 
     144 00000084 00202128             MVK     .S1     16450,A0          ; |74| 
     145 00000088 020096E2             OR      .S2X    A0,B4,B4          ; |74| 
     146 0000008c 021003A2             MVC     .S2     B4,IER            ; |74| 
     147 00000090 000C0362             B       .S2     B3                ; |75| 
     148 00000094 00008000             NOP             5
     149                               ; BRANCH OCCURS                   ; |75| 
     150                    
     151                    
     152 00000098                   .sect   ".text"
     153                            .global _GIE
     154                    
     155                    ;******************************************************************************
     156                    ;* FUNCTION NAME: _GIE                                                        *
     157                    ;*                                                                            *
     158                    ;*   Regs Modified     : B4                                                   *
     159                    ;*   Regs Used         : B3,B4                                                *
     160                    ;*   Local Frame Size  : 0 Args + 0 Auto + 0 Save = 0 byte                    *
     161                    ;******************************************************************************
     162 00000098           _GIE:
     163                    ;** --------------------------------------------------------------------------*
     164 00000098 020403E2             MVC     .S2     CSR,B4            ; |80| 
     165 0000009c 021026A2             OR      .S2     1,B4,B4           ; |80| 
TMS320C6x COFF Assembler         Version 4.10     Thu May 30 11:25:39 2024
Copyright (c) 1996-2001 Texas Instruments Incorporated
temp\main.asm                                                        PAGE    4

     166 000000a0 009003A2             MVC     .S2     B4,CSR            ; |80| 
     167 000000a4 000C0362             B       .S2     B3                ; |81| 
     168 000000a8 00008000             NOP             5
     169                               ; BRANCH OCCURS                   ; |81| 
     170                    
     171                    
     172 000000ac                   .sect   ".text"
     173                            .global _delay_us
     174                    
     175                    ;******************************************************************************
     176                    ;* FUNCTION NAME: _delay_us                                                   *
     177                    ;*                                                                            *
     178                    ;*   Regs Modified     : B0,B4,B5,B6,SP                                       *
     179                    ;*   Regs Used         : A4,B0,B3,B4,B5,B6,SP                                 *
     180                    ;*   Local Frame Size  : 0 Args + 4 Auto + 0 Save = 4 byte                    *
     181                    ;******************************************************************************
     182 000000ac           _delay_us:
     183                    ;** --------------------------------------------------------------------------*
     184 000000ac 021011A2             MV      .S2X    A4,B4             ; |85| 
     185 000000b0 02908CA2             SHL     .S2     B4,4,B5           ; |88| 
     186                    
     187 000000b4 020425E3             ZERO    .S2     B4                ; |88| 
     188 000000b8 02949AC2  ||         SUBAH   .D2     B5,B4,B5          ; |88| 
     189                    
     190 000000bc 00148BFA             CMPLTU  .L2     B4,B5,B0          ; |88| 
     191 000000c0 30000710     [!B0]   B       .S1     L2                ; |88| 
     192 000000c4 07BD09C2             SUB     .D2     SP,8,SP           ; |85| 
     193 000000c8 023C22F4             STW     .D2T1   A4,*+SP(4)        ; |85| 
     194 000000cc 22BC22E6     [ B0]   LDW     .D2T2   *+SP(4),B5        ; |88| 
     195 000000d0 00002000             NOP             2
     196                               ; BRANCH OCCURS                   ; |88| 
     197                    ;** --------------------------------------------------------------------------*
     198 000000d4 00002000             NOP             2
     199                    ;*----------------------------------------------------------------------------*
     200                    ;*   SOFTWARE PIPELINE INFORMATION
     201                    ;*      Disqualified loop: software pipelining disabled
     202                    ;*----------------------------------------------------------------------------*
     203 000000d8           L1:    
     204 000000d8 03148CA2             SHL     .S2     B5,4,B6           ; |88| 
     205                    
     206 000000e0 0298BAC3             SUBAH   .D2     B6,B5,B5          ; |88| 
     207 000000e4 021021A2  ||         ADD     .S2     1,B4,B4           ; |88| 
     208                    
     209 000000e8 00148BFA             CMPLTU  .L2     B4,B5,B0          ; |88| 
     210 000000ec 2FFFFF10     [ B0]   B       .S1     L1                ; |88| 
     211 000000f0 22BC22E6     [ B0]   LDW     .D2T2   *+SP(4),B5        ; |88| 
     212 000000f4 00006000             NOP             4
     213                               ; BRANCH OCCURS                   ; |88| 
     214                    ;** --------------------------------------------------------------------------*
     215 000000f8           L2:    
     216 000000f8 000C0362             B       .S2     B3                ; |89| 
     217 000000fc 07BD0942             ADD     .D2     8,SP,SP           ; |89| 
     218 00000100 00006000             NOP             4
     219                               ; BRANCH OCCURS                   ; |89| 
     220                    
TMS320C6x COFF Assembler         Version 4.10     Thu May 30 11:25:39 2024
Copyright (c) 1996-2001 Texas Instruments Incorporated
temp\main.asm                                                        PAGE    5

     221                    
     222 00000104                   .sect   ".text"
     223                            .global _delay_ms
     224                    
     225                    ;******************************************************************************
     226                    ;* FUNCTION NAME: _delay_ms                                                   *
     227                    ;*                                                                            *
     228                    ;*   Regs Modified     : A4,B0,B3,B4,B5,B6,B7,B9,SP                           *
     229                    ;*   Regs Used         : A4,B0,B3,B4,B5,B6,B7,B9,SP                           *
     230                    ;*   Local Frame Size  : 0 Args + 4 Auto + 0 Save = 4 byte                    *
     231                    ;******************************************************************************
     232 00000104           _delay_ms:
     233                    ;** --------------------------------------------------------------------------*
     234 00000104 038008C2             ZERO    .D2     B7                ; |96| 
     235 00000108 0010FBFA             CMPLTU  .L2X    B7,A4,B0
     236 0000010c 30000B10     [!B0]   B       .S1     L4                ; |96| 
     237 00000110 07BD09C2             SUB     .D2     SP,8,SP           ; |93| 
     238 00000114 023C22F4             STW     .D2T1   A4,*+SP(4)        ; |93| 
     239 00000118 048C005A             MV      .L2     B3,B9             ; |93| 
     240 0000011c 2200562A'    [ B0]   MVKL    .S2     _delay_us,B4      ; |97| 
     241 00000120 2200006A'    [ B0]   MVKH    .S2     _delay_us,B4      ; |97| 
     242                               ; BRANCH OCCURS                   ; |96| 
     243                    ;*----------------------------------------------------------------------------*
     244                    ;*   SOFTWARE PIPELINE INFORMATION
     245                    ;*      Disqualified loop: software pipelining disabled
     246                    ;*----------------------------------------------------------------------------*
     247 00000124           L3:    
     248 00000124 00100362             B       .S2     B4                ; |97| 
     249 00000128 01809C2A'            MVKL    .S2     RL0,B3            ; |97| 
     250 0000012c 0180006A'            MVKH    .S2     RL0,B3            ; |97| 
     251 00000130 0201F428             MVK     .S1     0x3e8,A4          ; |97| 
     252 00000134 00002000             NOP             2
     253 00000138           RL0:       ; CALL OCCURS                     ; |97| 
     254 00000138 023C22E6             LDW     .D2T2   *+SP(4),B4        ; |98| 
     255 0000013c 039C2942             ADD     .D2     1,B7,B7           ; |98| 
     256 00000140 00004000             NOP             3
     257 00000144 0010EBFA             CMPLTU  .L2     B7,B4,B0          ; |98| 
     258 00000148 2FFFFC90     [ B0]   B       .S1     L3                ; |98| 
     259 0000014c 2200562A'    [ B0]   MVKL    .S2     _delay_us,B4      ; |97| 
     260 00000150 2200006A'    [ B0]   MVKH    .S2     _delay_us,B4      ; |97| 
     261 00000154 00004000             NOP             3
     262                               ; BRANCH OCCURS                   ; |98| 
     263                    ;** --------------------------------------------------------------------------*
     264 00000158           L4:    
     265 00000158 00240362             B       .S2     B9                ; |99| 
     266 0000015c 07BD0942             ADD     .D2     8,SP,SP           ; |99| 
     267 00000160 00006000             NOP             4
     268                               ; BRANCH OCCURS                   ; |99| 
     269                    
     270                    
     271 00000164                   .sect   ".text"
     272                            .global _WaitTFlag
     273                    
     274                    ;******************************************************************************
     275                    ;* FUNCTION NAME: _WaitTFlag                                                  *
TMS320C6x COFF Assembler         Version 4.10     Thu May 30 11:25:39 2024
Copyright (c) 1996-2001 Texas Instruments Incorporated
temp\main.asm                                                        PAGE    6

     276                    ;*                                                                            *
     277                    ;*   Regs Modified     : A0,A1,A3                                             *
     278                    ;*   Regs Used         : A0,A1,A3,B3                                          *
     279                    ;*   Local Frame Size  : 0 Args + 0 Auto + 0 Save = 0 byte                    *
     280                    ;******************************************************************************
     281 00000164           _WaitTFlag:
     282                    ;** --------------------------------------------------------------------------*
     283 00000164 00000028!            MVKL    .S1     _TFlag,A0         ; |104| 
     284 00000168 00000068!            MVKH    .S1     _TFlag,A0         ; |104| 
     285 0000016c 00800264             LDW     .D1T1   *A0,A1            ; |104| 
     286 00000170 00006000             NOP             4
     287 00000174 80000810     [ A1]   B       .S1     L6                ; |104| 
     288 00000178 90000028!    [!A1]   MVKL    .S1     _TFlag,A0         ; |104| 
     289 0000017c 90000068!    [!A1]   MVKH    .S1     _TFlag,A0         ; |104| 
     290 00000180 90800264     [!A1]   LDW     .D1T1   *A0,A1            ; |104| 
     291 00000184 00002000             NOP             2
     292                               ; BRANCH OCCURS                   ; |104| 
     293                    ;*----------------------------------------------------------------------------*
     294                    ;*   SOFTWARE PIPELINE INFORMATION
     295                    ;*      Disqualified loop: software pipelining disabled
     296                    ;*----------------------------------------------------------------------------*
     297 00000188           L5:    
     298 00000188 00002000             NOP             2
     299 0000018c 90000110     [!A1]   B       .S1     L5                ; |104| 
     300 00000190 90000028!    [!A1]   MVKL    .S1     _TFlag,A0         ; |104| 
     301 00000194 90000068!    [!A1]   MVKH    .S1     _TFlag,A0         ; |104| 
     302 00000198 90800264     [!A1]   LDW     .D1T1   *A0,A1            ; |104| 
     303 0000019c 00002000             NOP             2
     304                               ; BRANCH OCCURS                   ; |104| 
     305                    ;** --------------------------------------------------------------------------*
     306 000001a0           L6:    
     307 000001a0 000C0362             B       .S2     B3                ; |106| 
     308 000001a4 00000028!            MVKL    .S1     _TFlag,A0         ; |105| 
     309 000001a8 00000068!            MVKH    .S1     _TFlag,A0         ; |105| 
     310 000001ac 018008C0             ZERO    .D1     A3                ; |105| 
     311 000001b0 01800274             STW     .D1T1   A3,*A0            ; |105| 
     312 000001b4 00000000             NOP             1
     313                               ; BRANCH OCCURS                   ; |106| 
     314                    
     315                    
     316 000001b8                   .sect   ".text"
     317                            .global _WaitTFlagCnt
     318                    
     319                    ;******************************************************************************
     320                    ;* FUNCTION NAME: _WaitTFlagCnt                                               *
     321                    ;*                                                                            *
     322                    ;*   Regs Modified     : A0,A1,A3,B0,B3,B4,B5,B9,SP                           *
     323                    ;*   Regs Used         : A0,A1,A3,A4,B0,B3,B4,B5,B9,SP                        *
     324                    ;*   Local Frame Size  : 0 Args + 8 Auto + 0 Save = 8 byte                    *
     325                    ;******************************************************************************
     326 000001b8           _WaitTFlagCnt:
     327                    ;** --------------------------------------------------------------------------*
     328                    
     329 000001b8 07BD09C3             SUB     .D2     SP,8,SP           ; |110| 
     330 000001bc 00000028! ||         MVKL    .S1     _TFlag,A0         ; |113| 
TMS320C6x COFF Assembler         Version 4.10     Thu May 30 11:25:39 2024
Copyright (c) 1996-2001 Texas Instruments Incorporated
temp\main.asm                                                        PAGE    7

     331                    
     332 000001c0 023C22F5             STW     .D2T1   A4,*+SP(4)        ; |110| 
     333 000001c4 00000069! ||         MVKH    .S1     _TFlag,A0         ; |113| 
     334 000001c8 018428C0  ||         ZERO    .D1     A3                ; |113| 
     335                    
     336 000001cc 01800274             STW     .D1T1   A3,*A0            ; |113| 
     337 000001d0 02BC22E6             LDW     .D2T2   *+SP(4),B5        ; |115| 
     338 000001d4 020008C2             ZERO    .D2     B4                ; |115| 
     339 000001d8 023C42F6             STW     .D2T2   B4,*+SP(8)        ; |115| 
     340 000001dc 048C01A2             MV      .S2     B3,B9             ; |110| 
     341 000001e0 00000000             NOP             1
     342 000001e4 00148BFA             CMPLTU  .L2     B4,B5,B0          ; |115| 
     343 000001e8 30000A10     [!B0]   B       .S1     L8                ; |115| 
     344 000001ec 2000B228'    [ B0]   MVKL    .S1     _WaitTFlag,A0     ; |116| 
     345 000001f0 20000068'    [ B0]   MVKH    .S1     _WaitTFlag,A0     ; |116| 
     346 000001f4 00004000             NOP             3
     347                               ; BRANCH OCCURS                   ; |115| 
     348                    ;*----------------------------------------------------------------------------*
     349                    ;*   SOFTWARE PIPELINE INFORMATION
     350                    ;*      Disqualified loop: software pipelining disabled
     351                    ;*----------------------------------------------------------------------------*
     352 000001f8           L7:    
     353 000001f8 00001362             B       .S2X    A0                ; |116| 
     354 000001fc 0181042A'            MVKL    .S2     RL2,B3            ; |116| 
     355 00000200 0180006A'            MVKH    .S2     RL2,B3            ; |116| 
     356 00000204 00004000             NOP             3
     357 00000208           RL2:       ; CALL OCCURS                     ; |116| 
     358 00000208 023C42E6             LDW     .D2T2   *+SP(8),B4        ; |117| 
     359 0000020c 02BC22E6             LDW     .D2T2   *+SP(4),B5        ; |117| 
     360 00000210 00004000             NOP             3
     361 00000214 02102942             ADD     .D2     1,B4,B4           ; |117| 
     362 00000218 00148BFA             CMPLTU  .L2     B4,B5,B0          ; |117| 
     363 0000021c 2FFFFF10     [ B0]   B       .S1     L7                ; |117| 
     364 00000220 023C42F6             STW     .D2T2   B4,*+SP(8)        ; |117| 
     365 00000224 2000B228'    [ B0]   MVKL    .S1     _WaitTFlag,A0     ; |116| 
     366 00000228 20000068'    [ B0]   MVKH    .S1     _WaitTFlag,A0     ; |116| 
     367 0000022c 00002000             NOP             2
     368                               ; BRANCH OCCURS                   ; |117| 
     369                    ;** --------------------------------------------------------------------------*
     370 00000230           L8:    
     371 00000230 00240362             B       .S2     B9                ; |118| 
     372 00000234 07BD0942             ADD     .D2     8,SP,SP           ; |118| 
     373 00000238 00006000             NOP             4
     374                               ; BRANCH OCCURS                   ; |118| 
     375                    
     376                    
     377 0000023c                   .sect   ".text"
     378                            .global _PWMOut
     379                    
     380                    ;******************************************************************************
     381                    ;* FUNCTION NAME: _PWMOut                                                     *
     382                    ;*                                                                            *
     383                    ;*   Regs Modified     : A0,A1,A2,A3,A4,A5,A6,A7,A8,A9,B0,B1,B2,B3,B4,B5,B6,  *
     384                    ;*                           B7,B8,B9,SP                                      *
     385                    ;*   Regs Used         : A0,A1,A2,A3,A4,A5,A6,A7,A8,A9,B0,B1,B2,B3,B4,B5,B6,  *
TMS320C6x COFF Assembler         Version 4.10     Thu May 30 11:25:39 2024
Copyright (c) 1996-2001 Texas Instruments Incorporated
temp\main.asm                                                        PAGE    8

     386                    ;*                           B7,B8,B9,SP                                      *
     387                    ;*   Local Frame Size  : 0 Args + 8 Auto + 4 Save = 12 byte                   *
     388                    ;******************************************************************************
     389 0000023c           _PWMOut:
     390                    ;** --------------------------------------------------------------------------*
     391 0000023c 021011A2             MV      .S2X    A4,B4             ; |121| 
     392 00000240 021000A2             SPDP    .S2     B4,B5:B4          ; |130| 
     393 00000244 030008C2             ZERO    .D2     B6                ; |130| 
     394 00000248 03E0002A             MVKL    .S2     0xc048c000,B7     ; |130| 
     395 0000024c 03E0246A             MVKH    .S2     0xc048c000,B7     ; |130| 
     396                    
     397 00000250 00188AA3             CMPLTDP .S2     B5:B4,B7:B6,B0    ; |130| 
     398 00000254 000428C1  ||         ZERO    .D1     A0                ; |131| 
     399 00000258 01BC94F6  ||         STW     .D2T2   B3,*SP--(16)      ; |121| 
     400                    
     401 00000260 023C22F5             STW     .D2T1   A4,*+SP(4)        ; |121| 
     402 00000264 00612368  ||         MVKH    .S1     0xc2460000,A0     ; |131| 
     403                    
     404 00000268 203C22F4     [ B0]   STW     .D2T1   A0,*+SP(4)        ; |131| 
     405 0000026c 023C22E6             LDW     .D2T2   *+SP(4),B4        ; |134| 
     406 00000270 00E00028             MVKL    .S1     0x4048c000,A1     ; |134| 
     407 00000274 000008C0             ZERO    .D1     A0                ; |134| 
     408 00000278 0181702A'            MVKL    .S2     RL4,B3            ; |139| 
     409 0000027c 0180006A'            MVKH    .S2     RL4,B3            ; |139| 
     410 00000280 021000A2             SPDP    .S2     B4,B5:B4          ; |134| 
     411 00000284 00A02468             MVKH    .S1     0x4048c000,A1     ; |134| 
     412 00000288 00901AA0             CMPGTDP .S1X    B5:B4,A1:A0,A1    ; |134| 
     413 0000028c 0400002A!            MVKL    .S2     __divd,B8         ; |139| 
     414 00000290 00212368             MVKH    .S1     0x42460000,A0     ; |135| 
     415 00000294 803C22F4     [ A1]   STW     .D2T1   A0,*+SP(4)        ; |135| 
     416 00000298 023C22E6             LDW     .D2T2   *+SP(4),B4        ; |139| 
     417 0000029c 000008C0             ZERO    .D1     A0                ; |139| 
     418 000002a0 00212468             MVKH    .S1     0x42480000,A0     ; |139| 
     419 000002a4 0400006A!            MVKH    .S2     __divd,B8         ; |139| 
     420 000002a8 00000000             NOP             1
     421 000002ac 0280921A             ADDSP   .L2X    A0,B4,B5          ; |139| 
     422 000002b0 0278002A             MVKL    .S2     0x457ff000,B4     ; |139| 
     423 000002b4 0222BFEA             MVKH    .S2     0x457ff000,B4     ; |139| 
     424 000002b8 00000000             NOP             1
     425 000002bc 02148E02             MPYSP   .M2     B4,B5,B4          ; |139| 
     426 000002c0 028008C2             ZERO    .D2     B5                ; |139| 
     427 000002c4 02A02CEA             MVKH    .S2     0x40590000,B5     ; |139| 
     428 000002c8 00200362             B       .S2     B8                ; |139| 
     429 000002cc 031000A2             SPDP    .S2     B4,B7:B6          ; |139| 
     430 000002d0 020008C2             ZERO    .D2     B4                ; |139| 
     431 000002d4 021811A0             MV      .S1X    B6,A4             ; |139| 
     432 000002d8 00000000             NOP             1
     433 000002dc 029C11A0             MV      .S1X    B7,A5             ; |139| 
     434 000002e0           RL4:       ; CALL OCCURS                     ; |139| 
     435 000002e0 00148138             DPSP    .L1     A5:A4,A0          ; |139| 
     436 000002e4 00004000             NOP             3
     437 000002e8 020011A2             MV      .S2X    A0,B4             ; |139| 
     438 000002ec 0210017A             SPTRUNC .L2     B4,B4             ; |141| 
     439 000002f0 003C42F4             STW     .D2T1   A0,*+SP(8)        ; |139| 
     440 000002f4 00004428             MVKL    .S1     0x2000088,A0      ; |141| 
TMS320C6x COFF Assembler         Version 4.10     Thu May 30 11:25:39 2024
Copyright (c) 1996-2001 Texas Instruments Incorporated
temp\main.asm                                                        PAGE    9

     441 000002f8 00010068             MVKH    .S1     0x2000088,A0      ; |141| 
     442 000002fc 02000276             STW     .D1T2   B4,*A0            ; |141| 
     443 00000300 023C22E4             LDW     .D2T1   *+SP(4),A4        ; |143| 
     444 00000304 01BC92E6             LDW     .D2T2   *++SP(16),B3      ; |144| 
     445 00000308 00006000             NOP             4
     446 0000030c 000C0362             B       .S2     B3                ; |144| 
     447 00000310 00008000             NOP             5
     448                               ; BRANCH OCCURS                   ; |144| 
     449                    
     450                    
     451 00000314                   .sect   ".text"
     452                            .global _GetCartPos
     453                    
     454                    ;******************************************************************************
     455                    ;* FUNCTION NAME: _GetCartPos                                                 *
     456                    ;*                                                                            *
     457                    ;*   Regs Modified     : A0,A1,A3,A4,B4,B5,B6,SP                              *
     458                    ;*   Regs Used         : A0,A1,A3,A4,B3,B4,B5,B6,SP                           *
     459                    ;*   Local Frame Size  : 0 Args + 12 Auto + 0 Save = 12 byte                  *
     460                    ;******************************************************************************
     461 00000314           _GetCartPos:
     462                    ;** --------------------------------------------------------------------------*
     463 00000314 0201062A             MVKL    .S2     0x200020c,B4      ; |152| 
     464 00000318 0201006A             MVKH    .S2     0x200020c,B4      ; |152| 
     465 0000031c 021002E6             LDW     .D2T2   *B4,B4            ; |152| 
     466 00000320 00006000             NOP             4
     467                    
     468 00000324 0212100B             EXTU    .S2     B4,16,16,B4       ; |152| 
     469 00000328 07BE09C2  ||         SUB     .D2     SP,16,SP          ; |146| 
     470                    
     471 0000032c 023C42D6             STH     .D2T2   B4,*+SP(4)        ; |152| 
     472 00000330 02BC42C6             LDH     .D2T2   *+SP(4),B5        ; |155| 
     473 00000334 033C42C6             LDH     .D2T2   *+SP(4),B6        ; |155| 
     474 00000338 023C42C6             LDH     .D2T2   *+SP(4),B4        ; |156| 
     475 0000033c 00002000             NOP             2
     476                    
     477 00000340 01BFFFA9             MVK     .S1     32767,A3          ; |155| 
     478 00000344 000428C0  ||         ZERO    .D1     A0                ; |156| 
     479                    
     480 00000348 00947AF9             CMPGT   .L1X    B5,A3,A1          ; |155| 
     481 0000034c 000000E8  ||         MVKH    .S1     0x10000,A0        ; |156| 
     482                    
     483 00000350 933C42F7     [!A1]   STW     .D2T2   B6,*+SP(8)        ; |155| 
     484 00000354 020090FA  ||         SUB     .L2X    B4,A0,B4          ; |156| 
     485                    
     486 00000358 823C42F6     [ A1]   STW     .D2T2   B4,*+SP(8)        ; |156| 
     487 0000035c 023C42E6             LDW     .D2T2   *+SP(8),B4        ; |159| 
     488 00000360 00006000             NOP             4
     489 00000364 0210073A             INTDP   .L2     B4,B5:B4          ; |159| 
     490 00000368 00002000             NOP             2
     491 0000036c 00C00028             MVKL    .S1     0x3fd68000,A1     ; |159| 
     492                    
     493 00000370 009FEB69             MVKH    .S1     0x3fd68000,A1     ; |159| 
     494 00000374 000848C0  ||         ZERO    .D1     A0                ; |159| 
     495                    
TMS320C6x COFF Assembler         Version 4.10     Thu May 30 11:25:39 2024
Copyright (c) 1996-2001 Texas Instruments Incorporated
temp\main.asm                                                        PAGE   10

     496 00000378 00101700             MPYDP   .M1X    A1:A0,B5:B4,A1:A0 ; |159| 
     497 0000037c 0000E000             NOP             8
     498 00000380 000C0362             B       .S2     B3                ; |161| 
     499 00000384 00040138             DPSP    .L1     A1:A0,A0          ; |159| 
     500 00000388 00004000             NOP             3
     501                    
     502 0000038c 07800853             ADDK    .S2     16,SP             ; |161| 
     503 00000390 003C62F5  ||         STW     .D2T1   A0,*+SP(12)       ; |159| 
     504 00000394 02000940  ||         MV      .D1     A0,A4             ; |159| 
     505                    
     506                               ; BRANCH OCCURS                   ; |161| 
     507                    
     508                    
     509 00000398                   .sect   ".text"
     510                            .global _GetPendulumPos
     511                    
     512                    ;******************************************************************************
     513                    ;* FUNCTION NAME: _GetPendulumPos                                             *
     514                    ;*                                                                            *
     515                    ;*   Regs Modified     : A0,A1,A3,A4,B4,B5,B6,SP                              *
     516                    ;*   Regs Used         : A0,A1,A3,A4,B3,B4,B5,B6,SP                           *
     517                    ;*   Local Frame Size  : 0 Args + 12 Auto + 0 Save = 12 byte                  *
     518                    ;******************************************************************************
     519 00000398           _GetPendulumPos:
     520                    ;** --------------------------------------------------------------------------*
     521 00000398 0201082A             MVKL    .S2     0x2000210,B4      ; |169| 
     522 0000039c 0201006A             MVKH    .S2     0x2000210,B4      ; |169| 
     523 000003a0 021002E6             LDW     .D2T2   *B4,B4            ; |169| 
     524 000003a4 00006000             NOP             4
     525                    
     526 000003a8 0212100B             EXTU    .S2     B4,16,16,B4       ; |169| 
     527 000003ac 07BE09C2  ||         SUB     .D2     SP,16,SP          ; |163| 
     528                    
     529 000003b0 023C42D6             STH     .D2T2   B4,*+SP(4)        ; |169| 
     530 000003b4 02BC42C6             LDH     .D2T2   *+SP(4),B5        ; |172| 
     531 000003b8 033C42C6             LDH     .D2T2   *+SP(4),B6        ; |172| 
     532 000003bc 023C42C6             LDH     .D2T2   *+SP(4),B4        ; |173| 
     533 000003c0 00002000             NOP             2
     534                    
     535 000003c4 01BFFFA9             MVK     .S1     32767,A3          ; |172| 
     536 000003c8 000428C0  ||         ZERO    .D1     A0                ; |173| 
     537                    
     538 000003cc 00947AF9             CMPGT   .L1X    B5,A3,A1          ; |172| 
     539 000003d0 000000E8  ||         MVKH    .S1     0x10000,A0        ; |173| 
     540                    
     541 000003d4 933C42F7     [!A1]   STW     .D2T2   B6,*+SP(8)        ; |172| 
     542 000003d8 020090FA  ||         SUB     .L2X    B4,A0,B4          ; |173| 
     543                    
     544 000003dc 823C42F6     [ A1]   STW     .D2T2   B4,*+SP(8)        ; |173| 
     545 000003e0 023C42E6             LDW     .D2T2   *+SP(8),B4        ; |176| 
     546 000003e4 00006000             NOP             4
     547 000003e8 0210073A             INTDP   .L2     B4,B5:B4          ; |176| 
     548 000003ec 00002000             NOP             2
     549 000003f0 00C00028             MVKL    .S1     0x3fd68000,A1     ; |176| 
     550                    
TMS320C6x COFF Assembler         Version 4.10     Thu May 30 11:25:39 2024
Copyright (c) 1996-2001 Texas Instruments Incorporated
temp\main.asm                                                        PAGE   11

     551 000003f4 009FEB69             MVKH    .S1     0x3fd68000,A1     ; |176| 
     552 000003f8 000848C0  ||         ZERO    .D1     A0                ; |176| 
     553                    
     554 000003fc 00101700             MPYDP   .M1X    A1:A0,B5:B4,A1:A0 ; |176| 
     555 00000400 0000E000             NOP             8
     556 00000404 000C0362             B       .S2     B3                ; |179| 
     557 00000408 00040138             DPSP    .L1     A1:A0,A0          ; |176| 
     558 0000040c 00004000             NOP             3
     559                    
     560 00000410 07800853             ADDK    .S2     16,SP             ; |179| 
     561 00000414 003C62F5  ||         STW     .D2T1   A0,*+SP(12)       ; |176| 
     562 00000418 02000940  ||         MV      .D1     A0,A4             ; |176| 
     563                    
     564                               ; BRANCH OCCURS                   ; |179| 
     565                    
     566                    
     567 0000041c                   .sect   ".text"
     568                            .global _swingUp
     569                    
     570                    ;******************************************************************************
     571                    ;* FUNCTION NAME: _swingUp                                                    *
     572                    ;*                                                                            *
     573                    ;*   Regs Modified     :                                                      *
     574                    ;*   Regs Used         : B3                                                   *
     575                    ;*   Local Frame Size  : 0 Args + 0 Auto + 0 Save = 0 byte                    *
     576                    ;******************************************************************************
     577 0000041c           _swingUp:
     578                    ;** --------------------------------------------------------------------------*
     579 0000041c 000C0362             B       .S2     B3                ; |183| 
     580 00000420 00008000             NOP             5
     581                               ; BRANCH OCCURS                   ; |183| 
     582                    
     583                    
     584 00000424                   .sect   ".text"
     585                            .global _main
     586                    
     587                    ;******************************************************************************
     588                    ;* FUNCTION NAME: _main                                                       *
     589                    ;*                                                                            *
     590                    ;*   Regs Modified     : A0,A1,A2,A3,A4,A5,A6,A7,A8,A9,B0,B1,B2,B3,B4,B5,B6,  *
     591                    ;*                           B7,B8,B9,SP                                      *
     592                    ;*   Regs Used         : A0,A1,A2,A3,A4,A5,A6,A7,A8,A9,B0,B1,B2,B3,B4,B5,B6,  *
     593                    ;*                           B7,B8,B9,SP                                      *
     594                    ;*   Local Frame Size  : 16 Args + 0 Auto + 4 Save = 20 byte                  *
     595                    ;******************************************************************************
     596 00000424           _main:
     597                    ;** --------------------------------------------------------------------------*
     598 00000424 00000028'            MVKL    .S1     _InitEXINTF,A0    ; |187| 
     599 00000428 00000068'            MVKH    .S1     _InitEXINTF,A0    ; |187| 
     600 0000042c 00001362             B       .S2X    A0                ; |187| 
     601 00000430 01BCD4F6             STW     .D2T2   B3,*SP--(24)      ; |186| 
     602 00000434 0182202A'            MVKL    .S2     RL10,B3           ; |187| 
     603 00000438 0180006A'            MVKH    .S2     RL10,B3           ; |187| 
     604 0000043c 00002000             NOP             2
     605 00000440           RL10:      ; CALL OCCURS                     ; |187| 
TMS320C6x COFF Assembler         Version 4.10     Thu May 30 11:25:39 2024
Copyright (c) 1996-2001 Texas Instruments Incorporated
temp\main.asm                                                        PAGE   12

     606 00000440 00002028'            MVKL    .S1     _InitTimer,A0     ; |188| 
     607 00000444 00000068'            MVKH    .S1     _InitTimer,A0     ; |188| 
     608 00000448 00001362             B       .S2X    A0                ; |188| 
     609 0000044c 01822C2A'            MVKL    .S2     RL12,B3           ; |188| 
     610 00000450 0180006A'            MVKH    .S2     RL12,B3           ; |188| 
     611 00000454 00004000             NOP             3
     612 00000458           RL12:      ; CALL OCCURS                     ; |188| 
     613 00000458 0200002A!            MVKL    .S2     _InitUART,B4      ; |189| 
     614 0000045c 0200006A!            MVKH    .S2     _InitUART,B4      ; |189| 
     615 00000460 00100362             B       .S2     B4                ; |189| 
     616 00000464 0182382A'            MVKL    .S2     RL14,B3           ; |189| 
     617 00000468 0180006A'            MVKH    .S2     RL14,B3           ; |189| 
     618 0000046c 00004000             NOP             3
     619 00000470           RL14:      ; CALL OCCURS                     ; |189| 
     620 00000470 00004028'            MVKL    .S1     _InitINT,A0       ; |190| 
     621 00000474 00000068'            MVKH    .S1     _InitINT,A0       ; |190| 
     622 00000478 00001362             B       .S2X    A0                ; |190| 
     623 0000047c 0182442A'            MVKL    .S2     RL16,B3           ; |190| 
     624 00000480 0180006A'            MVKH    .S2     RL16,B3           ; |190| 
     625 00000484 00004000             NOP             3
     626 00000488           RL16:      ; CALL OCCURS                     ; |190| 
     627 00000488 00000028!            MVKL    .S1     _InitUSBMon,A0    ; |191| 
     628 0000048c 00000068!            MVKH    .S1     _InitUSBMon,A0    ; |191| 
     629 00000490 00001362             B       .S2X    A0                ; |191| 
     630 00000494 0182502A'            MVKL    .S2     RL18,B3           ; |191| 
     631 00000498 0180006A'            MVKH    .S2     RL18,B3           ; |191| 
     632 0000049c 00004000             NOP             3
     633 000004a0           RL18:      ; CALL OCCURS                     ; |191| 
     634 000004a0 00000028!            MVKL    .S1     _sprintf,A0       ; |193| 
     635                    
     636 000004a4 00000069!            MVKH    .S1     _sprintf,A0       ; |193| 
     637 000004a8 0280002A+ ||         MVKL    .S2     SL1+0,B5          ; |193| 
     638                    
     639 000004ac 00001362             B       .S2X    A0                ; |193| 
     640 000004b0 0182662A'            MVKL    .S2     RL20,B3           ; |193| 
     641 000004b4 0280006A+            MVKH    .S2     SL1+0,B5          ; |193| 
     642 000004b8 0200002A!            MVKL    .S2     _tmp_string,B4    ; |193| 
     643 000004bc 0200006A!            MVKH    .S2     _tmp_string,B4    ; |193| 
     644                    
     645 000004c0 0180006B'            MVKH    .S2     RL20,B3           ; |193| 
     646 000004c4 02BC22F7  ||         STW     .D2T2   B5,*+SP(4)        ; |193| 
     647 000004c8 021011A0  ||         MV      .S1X    B4,A4             ; |193| 
     648                    
     649 000004cc           RL20:      ; CALL OCCURS                     ; |193| 
     650 000004cc 00000028!            MVKL    .S1     _Report,A0        ; |193| 
     651 000004d0 00000068!            MVKH    .S1     _Report,A0        ; |193| 
     652 000004d4 00001362             B       .S2X    A0                ; |193| 
     653 000004d8 0182722A'            MVKL    .S2     RL22,B3           ; |193| 
     654 000004dc 0180006A'            MVKH    .S2     RL22,B3           ; |193| 
     655 000004e0 00004000             NOP             3
     656 000004e4           RL22:      ; CALL OCCURS                     ; |193| 
     657 000004e4 0003F428             MVK     .S1     2024,A0           ; |194| 
     658                    
     659 000004e8 00000029!            MVKL    .S1     _sprintf,A0       ; |194| 
     660 000004ec 003C42F4  ||         STW     .D2T1   A0,*+SP(8)        ; |194| 
TMS320C6x COFF Assembler         Version 4.10     Thu May 30 11:25:39 2024
Copyright (c) 1996-2001 Texas Instruments Incorporated
temp\main.asm                                                        PAGE   13

     661                    
     662 000004f0 00000069!            MVKH    .S1     _sprintf,A0       ; |194| 
     663 000004f4 0280002A! ||         MVKL    .S2     _tmp_string,B5    ; |194| 
     664                    
     665 000004f8 00001362             B       .S2X    A0                ; |194| 
     666 000004fc 020002AA+            MVKL    .S2     SL2+0,B4          ; |194| 
     667 00000500 0280006A!            MVKH    .S2     _tmp_string,B5    ; |194| 
     668 00000504 0200006A+            MVKH    .S2     SL2+0,B4          ; |194| 
     669 00000508 01828C2A'            MVKL    .S2     RL24,B3           ; |194| 
     670                    
     671 0000050c 0180006B'            MVKH    .S2     RL24,B3           ; |194| 
     672 00000510 023C22F7  ||         STW     .D2T2   B4,*+SP(4)        ; |194| 
     673 00000514 021411A0  ||         MV      .S1X    B5,A4             ; |194| 
     674                    
     675 00000518           RL24:      ; CALL OCCURS                     ; |194| 
     676 00000518 00000028!            MVKL    .S1     _Report,A0        ; |194| 
     677 0000051c 00000068!            MVKH    .S1     _Report,A0        ; |194| 
     678 00000520 00001362             B       .S2X    A0                ; |194| 
     679 00000524 0182982A'            MVKL    .S2     RL26,B3           ; |194| 
     680 00000528 0180006A'            MVKH    .S2     RL26,B3           ; |194| 
     681 0000052c 00004000             NOP             3
     682 00000530           RL26:      ; CALL OCCURS                     ; |194| 
     683 00000530 02800F2A+            MVKL    .S2     SL3+0,B5          ; |195| 
     684 00000534 0280006A+            MVKH    .S2     SL3+0,B5          ; |195| 
     685 00000538 0201FE2A             MVKL    .S2     0x20003fc,B4      ; |195| 
     686                    
     687 00000540 02BC22F7             STW     .D2T2   B5,*+SP(4)        ; |195| 
     688 00000544 0201006A  ||         MVKH    .S2     0x20003fc,B4      ; |195| 
     689                    
     690 00000548 021002E6             LDW     .D2T2   *B4,B4            ; |195| 
     691 0000054c 0001FE28             MVKL    .S1     0x20003fc,A0      ; |195| 
     692 00000550 00010068             MVKH    .S1     0x20003fc,A0      ; |195| 
     693 00000554 02000028!            MVKL    .S1     _tmp_string,A4    ; |195| 
     694 00000558 0182C42A'            MVKL    .S2     RL28,B3           ; |195| 
     695 0000055c 0212180A             EXTU    .S2     B4,16,24,B4       ; |195| 
     696 00000560 023C42F6             STW     .D2T2   B4,*+SP(8)        ; |195| 
     697                    
     698 00000564 00000029!            MVKL    .S1     _sprintf,A0       ; |195| 
     699 00000568 01800264  ||         LDW     .D1T1   *A0,A3            ; |195| 
     700                    
     701 0000056c 00000068!            MVKH    .S1     _sprintf,A0       ; |195| 
     702 00000570 00001362             B       .S2X    A0                ; |195| 
     703 00000574 02000068!            MVKH    .S1     _tmp_string,A4    ; |195| 
     704 00000578 0180006A'            MVKH    .S2     RL28,B3           ; |195| 
     705 0000057c 018F1808             EXTU    .S1     A3,24,24,A3       ; |195| 
     706 00000580 01BC62F4             STW     .D2T1   A3,*+SP(12)       ; |195| 
     707 00000584 00000000             NOP             1
     708 00000588           RL28:      ; CALL OCCURS                     ; |195| 
     709 00000588 00000028!            MVKL    .S1     _Report,A0        ; |195| 
     710 0000058c 00000068!            MVKH    .S1     _Report,A0        ; |195| 
     711 00000590 00001362             B       .S2X    A0                ; |195| 
     712 00000594 0182D02A'            MVKL    .S2     RL30,B3           ; |195| 
     713 00000598 0180006A'            MVKH    .S2     RL30,B3           ; |195| 
     714 0000059c 00004000             NOP             3
     715 000005a0           RL30:      ; CALL OCCURS                     ; |195| 
TMS320C6x COFF Assembler         Version 4.10     Thu May 30 11:25:39 2024
Copyright (c) 1996-2001 Texas Instruments Incorporated
temp\main.asm                                                        PAGE   14

     716                    ;** --------------------------------------------------------------------------*
     717 000005a0 00004C28'            MVKL    .S1     _GIE,A0           ; |199| 
     718 000005a4 00000068'            MVKH    .S1     _GIE,A0           ; |199| 
     719 000005a8 00001362             B       .S2X    A0                ; |199| 
     720 000005ac 0200002A!            MVKL    .S2     _TFlag,B4         ; |197| 
     721 000005b0 0182E42A'            MVKL    .S2     RL32,B3           ; |199| 
     722 000005b4 0200006A!            MVKH    .S2     _TFlag,B4         ; |197| 
     723 000005b8 028008C2             ZERO    .D2     B5                ; |197| 
     724                    
     725 000005c0 029002F7             STW     .D2T2   B5,*B4            ; |197| 
     726 000005c4 0180006A' ||         MVKH    .S2     RL32,B3           ; |199| 
     727                    
     728 000005c8           RL32:      ; CALL OCCURS                     ; |199| 
     729                    
     730 000005c8 030000AB             MVK     .S2     1,B6              ; |201| 
     731 000005cc 0180DC28' ||         MVKL    .S1     _WaitTFlagCnt,A3  ; |204| 
     732                    
     733 000005d0 0280262B             MVKL    .S2     0x200004c,B5      ; |200| 
     734 000005d4 01800068' ||         MVKH    .S1     _WaitTFlagCnt,A3  ; |204| 
     735                    
     736 000005d8 000C1362             B       .S2X    A3                ; |204| 
     737                    
     738 000005e0 0281006B             MVKH    .S2     0x200004c,B5      ; |200| 
     739 000005e4 020000A8  ||         MVK     .S1     1,A4              ; |200| 
     740                    
     741 000005e8 0200462B             MVKL    .S2     0x200008c,B4      ; |202| 
     742 000005ec 00004028  ||         MVKL    .S1     0x2000080,A0      ; |201| 
     743                    
     744 000005f0 01830C2B'            MVKL    .S2     RL34,B3           ; |204| 
     745 000005f4 021402F5  ||         STW     .D2T1   A4,*B5            ; |200| 
     746 000005f8 00010068  ||         MVKH    .S1     0x2000080,A0      ; |201| 
     747                    
     748 00000600 03000277             STW     .D1T2   B6,*A0            ; |201| 
     749 00000604 0201006B  ||         MVKH    .S2     0x200008c,B4      ; |202| 
     750 00000608 028000A8  ||         MVK     .S1     1,A5              ; |202| 
     751                    
     752 0000060c 029002F5             STW     .D2T1   A5,*B4            ; |202| 
     753 00000610 0201F429  ||         MVK     .S1     0x3e8,A4          ; |204| 
     754 00000614 0180006A' ||         MVKH    .S2     RL34,B3           ; |204| 
     755                    
     756 00000618           RL34:      ; CALL OCCURS                     ; |204| 
     757 00000618 0200002A-            MVKL    .S2     _TINTCnt,B4       ; |206| 
     758                    
     759 00000620 0200006B-            MVKH    .S2     _TINTCnt,B4       ; |206| 
     760 00000624 00000A29- ||         MVKL    .S1     _mode,A0          ; |207| 
     761 00000628 028428C2  ||         ZERO    .D2     B5                ; |206| 
     762                    
     763 0000062c 029002F7             STW     .D2T2   B5,*B4            ; |206| 
     764 00000630 00000069- ||         MVKH    .S1     _mode,A0          ; |207| 
     765 00000634 018428C0  ||         ZERO    .D1     A3                ; |207| 
     766                    
     767 00000638 01800274             STW     .D1T1   A3,*A0            ; |207| 
     768 0000063c 00002628             MVKL    .S1     0x200004c,A0      ; |210| 
     769 00000640 00010068             MVKH    .S1     0x200004c,A0      ; |210| 
     770 00000644 01800264             LDW     .D1T1   *A0,A3            ; |210| 
TMS320C6x COFF Assembler         Version 4.10     Thu May 30 11:25:39 2024
Copyright (c) 1996-2001 Texas Instruments Incorporated
temp\main.asm                                                        PAGE   15

     771                    ;** --------------------------------------------------------------------------*
     772                    ;**   BEGIN LOOP L9
     773                    ;** --------------------------------------------------------------------------*
     774 00000648           L9:    
     775 00000648 00002000             NOP             2
     776                    ;*----------------------------------------------------------------------------*
     777                    ;*   SOFTWARE PIPELINE INFORMATION
     778                    ;*      Disqualified loop: software pipelining disabled
     779                    ;*----------------------------------------------------------------------------*
     780 0000064c           L10:    
     781 0000064c 02000A2A-            MVKL    .S2     _mode,B4          ; |212| 
     782 00000650 0200006A-            MVKH    .S2     _mode,B4          ; |212| 
     783 00000654 018C22A0             XOR     .S1     1,A3,A3           ; |210| 
     784 00000658 01800274             STW     .D1T1   A3,*A0            ; |210| 
     785 0000065c 001002E6             LDW     .D2T2   *B4,B0            ; |212| 
     786 00000660 00006000             NOP             4
     787 00000664 20000710     [ B0]   B       .S1     L11               ; |212| 
     788 00000668 30020E28'    [!B0]   MVKL    .S1     _swingUp,A0       ; |213| 
     789 0000066c 30000068'    [!B0]   MVKH    .S1     _swingUp,A0       ; |213| 
     790 00000670 20000028!    [ B0]   MVKL    .S1     _y_pend,A0        ; |217| 
     791 00000674 20000068!    [ B0]   MVKH    .S1     _y_pend,A0        ; |217| 
     792 00000678 20000264     [ B0]   LDW     .D1T1   *A0,A0            ; |217| 
     793                               ; BRANCH OCCURS                   ; |212| 
     794                    ;** --------------------------------------------------------------------------*
     795 0000067c 00001362             B       .S2X    A0                ; |213| 
     796 00000680 0183462A'            MVKL    .S2     RL36,B3           ; |213| 
     797 00000684 0180006A'            MVKH    .S2     RL36,B3           ; |213| 
     798 00000688 00004000             NOP             3
     799 0000068c           RL36:      ; CALL OCCURS                     ; |213| 
     800 0000068c 00000028!            MVKL    .S1     _y_pend,A0        ; |217| 
     801 00000690 00000068!            MVKH    .S1     _y_pend,A0        ; |217| 
     802 00000694 00000264             LDW     .D1T1   *A0,A0            ; |217| 
     803                    ;** --------------------------------------------------------------------------*
     804 00000698           L11:    
     805 00000698 020008C2             ZERO    .D2     B4                ; |217| 
     806 0000069c 0221956A             MVKH    .S2     0x432a0000,B4     ; |217| 
     807 000006a0 00002000             NOP             2
     808 000006a4 02009E62             CMPLTSP .S2X    A0,B4,B4          ; |217| 
     809 000006a8 001022A2             XOR     .S2     1,B4,B0           ; |217| 
     810 000006ac 3200002A!    [!B0]   MVKL    .S2     _y_pend,B4        ; |217| 
     811 000006b0 3200006A!    [!B0]   MVKH    .S2     _y_pend,B4        ; |217| 
     812 000006b4 321002E6     [!B0]   LDW     .D2T2   *B4,B4            ; |217| 
     813 000006b8 300008C0     [!B0]   ZERO    .D1     A0                ; |217| 
     814 000006bc 30219F68     [!B0]   MVKH    .S1     0x433e0000,A0     ; |217| 
     815 000006c0 00002000             NOP             2
     816 000006c4 32009E62     [!B0]   CMPGTSP .S2X    B4,A0,B4          ; |217| 
     817 000006c8 301022A2     [!B0]   XOR     .S2     1,B4,B0           ; |217| 
     818 000006cc 22800A2A-    [ B0]   MVKL    .S2     _mode,B5          ; |218| 
     819 000006d0 0200002A-            MVKL    .S2     _TINTCnt,B4       ; |222| 
     820                    
     821 000006d4 2280006B-    [ B0]   MVKH    .S2     _mode,B5          ; |218| 
     822 000006d8 200000A8  || [ B0]   MVK     .S1     1,A0              ; |218| 
     823                    
     824 000006e0 201402F5     [ B0]   STW     .D2T1   A0,*B5            ; |218| 
     825 000006e4 0200006A- ||         MVKH    .S2     _TINTCnt,B4       ; |222| 
TMS320C6x COFF Assembler         Version 4.10     Thu May 30 11:25:39 2024
Copyright (c) 1996-2001 Texas Instruments Incorporated
temp\main.asm                                                        PAGE   16

     826                    
     827 000006e8 021002E6             LDW     .D2T2   *B4,B4            ; |222| 
     828 000006ec 0000FA28             MVK     .S1     500,A0            ; |222| 
     829 000006f0 00004000             NOP             3
     830 000006f4 00901BF8             CMPGTU  .L1X    B4,A0,A1          ; |222| 
     831 000006f8 9FFFED90     [!A1]   B       .S1     L10               ; |222| 
     832                    
     833 00000700 8200022B-    [ A1]   MVKL    .S2     _timerCheckCnt,B4 ; |224| 
     834 00000704 90002628  || [!A1]   MVKL    .S1     0x200004c,A0      ; |210| 
     835                    
     836 00000708 8200006B-    [ A1]   MVKH    .S2     _timerCheckCnt,B4 ; |224| 
     837 0000070c 90010068  || [!A1]   MVKH    .S1     0x200004c,A0      ; |210| 
     838                    
     839 00000710 831002E7     [ A1]   LDW     .D2T2   *B4,B6            ; |224| 
     840 00000714 91800264  || [!A1]   LDW     .D1T1   *A0,A3            ; |210| 
     841                    
     842 00000718 00002000             NOP             2
     843                               ; BRANCH OCCURS                   ; |222| 
     844                    ;** --------------------------------------------------------------------------*
     845 0000071c 028018AA+            MVKL    .S2     SL4+0,B5          ; |225| 
     846 00000720 0280006A+            MVKH    .S2     SL4+0,B5          ; |225| 
     847 00000724 03982942             ADD     .D2     1,B6,B7           ; |224| 
     848                    
     849 00000728 039002F7             STW     .D2T2   B7,*B4            ; |224| 
     850 0000072c 0300022B- ||         MVKL    .S2     _timerCheckCnt,B6 ; |225| 
     851 00000730 00000028! ||         MVKL    .S1     _sprintf,A0       ; |225| 
     852                    
     853 00000734 02BC22F7             STW     .D2T2   B5,*+SP(4)        ; |225| 
     854 00000738 0300006B- ||         MVKH    .S2     _timerCheckCnt,B6 ; |225| 
     855 0000073c 00000068! ||         MVKH    .S1     _sprintf,A0       ; |225| 
     856                    
     857 00000740 00001363             B       .S2X    A0                ; |225| 
     858 00000744 029802E6  ||         LDW     .D2T2   *B6,B5            ; |225| 
     859                    
     860 00000748 0183B02A'            MVKL    .S2     RL38,B3           ; |225| 
     861 0000074c 0200002A!            MVKL    .S2     _tmp_string,B4    ; |225| 
     862 00000750 0200006A!            MVKH    .S2     _tmp_string,B4    ; |225| 
     863 00000754 021011A0             MV      .S1X    B4,A4             ; |225| 
     864                    
     865 00000758 02BC42F7             STW     .D2T2   B5,*+SP(8)        ; |225| 
     866 0000075c 0180006A' ||         MVKH    .S2     RL38,B3           ; |225| 
     867                    
     868 00000760           RL38:      ; CALL OCCURS                     ; |225| 
     869 00000760 00000028!            MVKL    .S1     _Report,A0        ; |225| 
     870 00000764 00000068!            MVKH    .S1     _Report,A0        ; |225| 
     871 00000768 00001362             B       .S2X    A0                ; |225| 
     872 0000076c 0183BC2A'            MVKL    .S2     RL40,B3           ; |225| 
     873 00000770 0180006A'            MVKH    .S2     RL40,B3           ; |225| 
     874 00000774 00004000             NOP             3
     875 00000778           RL40:      ; CALL OCCURS                     ; |225| 
     876 00000778 0001CC28'            MVKL    .S1     _GetPendulumPos,A0 ; |228| 
     877 0000077c 00000068'            MVKH    .S1     _GetPendulumPos,A0 ; |228| 
     878 00000780 00001362             B       .S2X    A0                ; |228| 
     879 00000784 0183C82A'            MVKL    .S2     RL44,B3           ; |228| 
     880 00000788 0180006A'            MVKH    .S2     RL44,B3           ; |228| 
TMS320C6x COFF Assembler         Version 4.10     Thu May 30 11:25:39 2024
Copyright (c) 1996-2001 Texas Instruments Incorporated
temp\main.asm                                                        PAGE   17

     881 0000078c 00004000             NOP             3
     882 00000790           RL44:      ; CALL OCCURS                     ; |228| 
     883 00000790 0200002A!            MVKL    .S2     _sprintf,B4       ; |228| 
     884 00000794 0200006A!            MVKH    .S2     _sprintf,B4       ; |228| 
     885                    
     886 00000798 00100363             B       .S2     B4                ; |228| 
     887 0000079c 031000A0  ||         SPDP    .S1     A4,A7:A6          ; |228| 
     888                    
     889 000007a0 028026AA+            MVKL    .S2     SL5+0,B5          ; |228| 
     890 000007a4 001C0940             MV      .D1     A7,A0             ; |228| 
     891                    
     892 000007a8 0280006B+            MVKH    .S2     SL5+0,B5          ; |228| 
     893 000007ac 003C62F4  ||         STW     .D2T1   A0,*+SP(12)       ; |228| 
     894                    
     895 000007b0 02BC22F7             STW     .D2T2   B5,*+SP(4)        ; |228| 
     896 000007b4 01980941  ||         MV      .D1     A6,A3             ; |228| 
     897 000007b8 02000029! ||         MVKL    .S1     _tmp_string,A4    ; |228| 
     898 000007bc 0183E62A' ||         MVKL    .S2     RL46,B3           ; |228| 
     899                    
     900 000007c0 01BC42F5             STW     .D2T1   A3,*+SP(8)        ; |228| 
     901 000007c4 02000069! ||         MVKH    .S1     _tmp_string,A4    ; |228| 
     902 000007c8 0180006A' ||         MVKH    .S2     RL46,B3           ; |228| 
     903                    
     904 000007cc           RL46:      ; CALL OCCURS                     ; |228| 
     905 000007cc 00000028!            MVKL    .S1     _Report,A0        ; |228| 
     906 000007d0 00000068!            MVKH    .S1     _Report,A0        ; |228| 
     907 000007d4 00001362             B       .S2X    A0                ; |228| 
     908 000007d8 0183F22A'            MVKL    .S2     RL48,B3           ; |228| 
     909 000007dc 0180006A'            MVKH    .S2     RL48,B3           ; |228| 
     910 000007e0 00004000             NOP             3
     911 000007e4           RL48:      ; CALL OCCURS                     ; |228| 
     912 000007e4 00018A28'            MVKL    .S1     _GetCartPos,A0    ; |231| 
     913 000007e8 00000068'            MVKH    .S1     _GetCartPos,A0    ; |231| 
     914 000007ec 00001362             B       .S2X    A0                ; |231| 
     915 000007f0 0183FE2A'            MVKL    .S2     RL52,B3           ; |231| 
     916 000007f4 0180006A'            MVKH    .S2     RL52,B3           ; |231| 
     917 000007f8 00004000             NOP             3
     918 000007fc           RL52:      ; CALL OCCURS                     ; |231| 
     919 000007fc 021000A0             SPDP    .S1     A4,A5:A4          ; |231| 
     920 00000800 0280322A+            MVKL    .S2     SL6+0,B5          ; |231| 
     921 00000804 00140940             MV      .D1     A5,A0             ; |231| 
     922                    
     923 00000808 00000029!            MVKL    .S1     _sprintf,A0       ; |231| 
     924 0000080c 003C62F4  ||         STW     .D2T1   A0,*+SP(12)       ; |231| 
     925                    
     926 00000810 00000068!            MVKH    .S1     _sprintf,A0       ; |231| 
     927 00000814 00001362             B       .S2X    A0                ; |231| 
     928 00000818 0280006A+            MVKH    .S2     SL6+0,B5          ; |231| 
     929 0000081c 0200002A!            MVKL    .S2     _tmp_string,B4    ; |231| 
     930                    
     931 00000820 01900941             MV      .D1     A4,A3             ; |231| 
     932 00000824 0200006A! ||         MVKH    .S2     _tmp_string,B4    ; |231| 
     933                    
     934 00000828 01841E2B'            MVKL    .S2     RL54,B3           ; |231| 
     935 0000082c 01BC42F4  ||         STW     .D2T1   A3,*+SP(8)        ; |231| 
TMS320C6x COFF Assembler         Version 4.10     Thu May 30 11:25:39 2024
Copyright (c) 1996-2001 Texas Instruments Incorporated
temp\main.asm                                                        PAGE   18

     936                    
     937 00000830 0180006B'            MVKH    .S2     RL54,B3           ; |231| 
     938 00000834 02BC22F7  ||         STW     .D2T2   B5,*+SP(4)        ; |231| 
     939 00000838 021011A0  ||         MV      .S1X    B4,A4             ; |231| 
     940                    
     941 0000083c           RL54:      ; CALL OCCURS                     ; |231| 
     942 0000083c 00000028!            MVKL    .S1     _Report,A0        ; |231| 
     943 00000840 00000068!            MVKH    .S1     _Report,A0        ; |231| 
     944 00000844 00001362             B       .S2X    A0                ; |231| 
     945 00000848 01842A2A'            MVKL    .S2     RL56,B3           ; |231| 
     946 0000084c 0180006A'            MVKH    .S2     RL56,B3           ; |231| 
     947 00000850 00004000             NOP             3
     948 00000854           RL56:      ; CALL OCCURS                     ; |231| 
     949 00000854 00000028!            MVKL    .S1     _sprintf,A0       ; |234| 
     950                    
     951 00000858 00000069!            MVKH    .S1     _sprintf,A0       ; |234| 
     952 0000085c 0200002A! ||         MVKL    .S2     _tmp_string,B4    ; |234| 
     953                    
     954 00000860 00001362             B       .S2X    A0                ; |234| 
     955 00000864 02803DAA+            MVKL    .S2     SL7+0,B5          ; |234| 
     956 00000868 0200006A!            MVKH    .S2     _tmp_string,B4    ; |234| 
     957 0000086c 0184402A'            MVKL    .S2     RL58,B3           ; |234| 
     958 00000870 0280006A+            MVKH    .S2     SL7+0,B5          ; |234| 
     959                    
     960 00000874 02BC22F7             STW     .D2T2   B5,*+SP(4)        ; |234| 
     961 00000878 021011A1  ||         MV      .S1X    B4,A4             ; |234| 
     962 0000087c 0180006A' ||         MVKH    .S2     RL58,B3           ; |234| 
     963                    
     964 00000880           RL58:      ; CALL OCCURS                     ; |234| 
     965 00000880 00000028!            MVKL    .S1     _Report,A0        ; |234| 
     966 00000884 00000068!            MVKH    .S1     _Report,A0        ; |234| 
     967 00000888 00001362             B       .S2X    A0                ; |234| 
     968 0000088c 01844C2A'            MVKL    .S2     RL60,B3           ; |234| 
     969 00000890 0180006A'            MVKH    .S2     RL60,B3           ; |234| 
     970 00000894 00004000             NOP             3
     971 00000898           RL60:      ; CALL OCCURS                     ; |234| 
     972 00000898 02004BAA+            MVKL    .S2     SL8+0,B4          ; |235| 
     973                    
     974 000008a0 00000029!            MVKL    .S1     _mostPlusPos,A0   ; |235| 
     975 000008a4 0200006A+ ||         MVKH    .S2     SL8+0,B4          ; |235| 
     976                    
     977 000008a8 00000069!            MVKH    .S1     _mostPlusPos,A0   ; |235| 
     978 000008ac 023C22F6  ||         STW     .D2T2   B4,*+SP(4)        ; |235| 
     979                    
     980 000008b0 00000264             LDW     .D1T1   *A0,A0            ; |235| 
     981 000008b4 0184722A'            MVKL    .S2     RL62,B3           ; |235| 
     982 000008b8 0200002A!            MVKL    .S2     _tmp_string,B4    ; |235| 
     983 000008bc 0200006A!            MVKH    .S2     _tmp_string,B4    ; |235| 
     984 000008c0 021011A0             MV      .S1X    B4,A4             ; |235| 
     985 000008c4 000000A0             SPDP    .S1     A0,A1:A0          ; |235| 
     986 000008c8 0180006A'            MVKH    .S2     RL62,B3           ; |235| 
     987                    
     988 000008cc 00000029!            MVKL    .S1     _sprintf,A0       ; |235| 
     989 000008d0 003C42F4  ||         STW     .D2T1   A0,*+SP(8)        ; |235| 
     990                    
TMS320C6x COFF Assembler         Version 4.10     Thu May 30 11:25:39 2024
Copyright (c) 1996-2001 Texas Instruments Incorporated
temp\main.asm                                                        PAGE   19

     991 000008d4 00000068!            MVKH    .S1     _sprintf,A0       ; |235| 
     992 000008d8 00001362             B       .S2X    A0                ; |235| 
     993 000008dc 00BC62F4             STW     .D2T1   A1,*+SP(12)       ; |235| 
     994 000008e0 00006000             NOP             4
     995 000008e4           RL62:      ; CALL OCCURS                     ; |235| 
     996                    ;** --------------------------------------------------------------------------*
     997 000008e4 00000028!            MVKL    .S1     _Report,A0        ; |235| 
     998 000008e8 00000068!            MVKH    .S1     _Report,A0        ; |235| 
     999 000008ec 00001362             B       .S2X    A0                ; |235| 
    1000 000008f0 01847E2A'            MVKL    .S2     RL64,B3           ; |235| 
    1001 000008f4 0180006A'            MVKH    .S2     RL64,B3           ; |235| 
    1002 000008f8 00004000             NOP             3
    1003 000008fc           RL64:      ; CALL OCCURS                     ; |235| 
    1004 000008fc 00005828+            MVKL    .S1     SL9+0,A0          ; |236| 
    1005                    
    1006 00000900 0200002B!            MVKL    .S2     _prevPendPos,B4   ; |236| 
    1007 00000904 00000068+ ||         MVKH    .S1     SL9+0,A0          ; |236| 
    1008                    
    1009 00000908 0200006B!            MVKH    .S2     _prevPendPos,B4   ; |236| 
    1010 0000090c 003C22F4  ||         STW     .D2T1   A0,*+SP(4)        ; |236| 
    1011                    
    1012 00000910 029002E6             LDW     .D2T2   *B4,B5            ; |236| 
    1013 00000914 0200002A!            MVKL    .S2     _sprintf,B4       ; |236| 
    1014 00000918 0200006A!            MVKH    .S2     _sprintf,B4       ; |236| 
    1015 0000091c 00100362             B       .S2     B4                ; |236| 
    1016 00000920 02000028!            MVKL    .S1     _tmp_string,A4    ; |236| 
    1017 00000924 031400A2             SPDP    .S2     B5,B7:B6          ; |236| 
    1018 00000928 02000068!            MVKH    .S1     _tmp_string,A4    ; |236| 
    1019                    
    1020 0000092c 033C42F7             STW     .D2T2   B6,*+SP(8)        ; |236| 
    1021 00000930 01849E2A' ||         MVKL    .S2     RL66,B3           ; |236| 
    1022                    
    1023 00000934 0180006B'            MVKH    .S2     RL66,B3           ; |236| 
    1024 00000938 03BC62F6  ||         STW     .D2T2   B7,*+SP(12)       ; |236| 
    1025                    
    1026 0000093c           RL66:      ; CALL OCCURS                     ; |236| 
    1027 0000093c 00000028!            MVKL    .S1     _Report,A0        ; |236| 
    1028 00000940 00000068!            MVKH    .S1     _Report,A0        ; |236| 
    1029 00000944 00001362             B       .S2X    A0                ; |236| 
    1030 00000948 0184AA2A'            MVKL    .S2     RL68,B3           ; |236| 
    1031 0000094c 0180006A'            MVKH    .S2     RL68,B3           ; |236| 
    1032 00000950 00004000             NOP             3
    1033 00000954           RL68:      ; CALL OCCURS                     ; |236| 
    1034 00000954 000064A8+            MVKL    .S1     SL10+0,A0         ; |237| 
    1035 00000958 01800028!            MVKL    .S1     _remainedAngleToTheGoal,A3 ; |237| 
    1036 0000095c 00000068+            MVKH    .S1     SL10+0,A0         ; |237| 
    1037                    
    1038 00000960 003C22F5             STW     .D2T1   A0,*+SP(4)        ; |237| 
    1039 00000964 01800068! ||         MVKH    .S1     _remainedAngleToTheGoal,A3 ; |237| 
    1040                    
    1041 00000968 000C0264             LDW     .D1T1   *A3,A0            ; |237| 
    1042 0000096c 0200002A!            MVKL    .S2     _sprintf,B4       ; |237| 
    1043 00000970 0200006A!            MVKH    .S2     _sprintf,B4       ; |237| 
    1044 00000974 00100362             B       .S2     B4                ; |237| 
    1045 00000978 0280002A!            MVKL    .S2     _tmp_string,B5    ; |237| 
TMS320C6x COFF Assembler         Version 4.10     Thu May 30 11:25:39 2024
Copyright (c) 1996-2001 Texas Instruments Incorporated
temp\main.asm                                                        PAGE   20

    1046 0000097c 000000A0             SPDP    .S1     A0,A1:A0          ; |237| 
    1047 00000980 0280006A!            MVKH    .S2     _tmp_string,B5    ; |237| 
    1048                    
    1049 00000984 00BC62F5             STW     .D2T1   A1,*+SP(12)       ; |237| 
    1050 00000988 0184CC2A' ||         MVKL    .S2     RL70,B3           ; |237| 
    1051                    
    1052 0000098c 021411A1             MV      .S1X    B5,A4             ; |237| 
    1053 00000990 003C42F5  ||         STW     .D2T1   A0,*+SP(8)        ; |237| 
    1054 00000994 0180006A' ||         MVKH    .S2     RL70,B3           ; |237| 
    1055                    
    1056 00000998           RL70:      ; CALL OCCURS                     ; |237| 
    1057 00000998 00000028!            MVKL    .S1     _Report,A0        ; |237| 
    1058 0000099c 00000068!            MVKH    .S1     _Report,A0        ; |237| 
    1059 000009a0 00001362             B       .S2X    A0                ; |237| 
    1060 000009a4 0184D82A'            MVKL    .S2     RL72,B3           ; |237| 
    1061 000009a8 0180006A'            MVKH    .S2     RL72,B3           ; |237| 
    1062 000009ac 00004000             NOP             3
    1063 000009b0           RL72:      ; CALL OCCURS                     ; |237| 
    1064 000009b0 0200002A!            MVKL    .S2     _sprintf,B4       ; |239| 
    1065 000009b4 0200006A!            MVKH    .S2     _sprintf,B4       ; |239| 
    1066 000009b8 00100362             B       .S2     B4                ; |239| 
    1067 000009bc 02000028!            MVKL    .S1     _tmp_string,A4    ; |239| 
    1068 000009c0 000076A8+            MVKL    .S1     SL11+0,A0         ; |239| 
    1069 000009c4 0184EC2A'            MVKL    .S2     RL74,B3           ; |239| 
    1070 000009c8 00000068+            MVKH    .S1     SL11+0,A0         ; |239| 
    1071                    
    1072 000009cc 02000069!            MVKH    .S1     _tmp_string,A4    ; |239| 
    1073 000009d0 003C22F5  ||         STW     .D2T1   A0,*+SP(4)        ; |239| 
    1074 000009d4 0180006A' ||         MVKH    .S2     RL74,B3           ; |239| 
    1075                    
    1076 000009d8           RL74:      ; CALL OCCURS                     ; |239| 
    1077 000009d8 00000028!            MVKL    .S1     _Report,A0        ; |239| 
    1078 000009dc 00000068!            MVKH    .S1     _Report,A0        ; |239| 
    1079 000009e0 00001362             B       .S2X    A0                ; |239| 
    1080 000009e4 0184F82A'            MVKL    .S2     RL76,B3           ; |239| 
    1081 000009e8 0180006A'            MVKH    .S2     RL76,B3           ; |239| 
    1082 000009ec 00004000             NOP             3
    1083 000009f0           RL76:      ; CALL OCCURS                     ; |239| 
    1084 000009f0 0FFF8D10             B       .S1     L9                ; |242| 
    1085 000009f4 0200002A-            MVKL    .S2     _TINTCnt,B4       ; |240| 
    1086                    
    1087 000009f8 028428C3             ZERO    .D2     B5                ; |240| 
    1088 000009fc 0200006A- ||         MVKH    .S2     _TINTCnt,B4       ; |240| 
    1089                    
    1090 00000a00 029002F7             STW     .D2T2   B5,*B4            ; |240| 
    1091 00000a04 00002628  ||         MVKL    .S1     0x200004c,A0      ; |210| 
    1092                    
    1093 00000a08 00010068             MVKH    .S1     0x200004c,A0      ; |210| 
    1094 00000a0c 01800264             LDW     .D1T1   *A0,A3            ; |210| 
    1095                               ; BRANCH OCCURS                   ; |242| 
    1096                    
    1097                    
    1098                    ;******************************************************************************
    1099                    ;* STRINGS                                                                    *
    1100                    ;******************************************************************************
TMS320C6x COFF Assembler         Version 4.10     Thu May 30 11:25:39 2024
Copyright (c) 1996-2001 Texas Instruments Incorporated
temp\main.asm                                                        PAGE   21

    1101 00000000                   .sect   ".const"
    1102 00000000 0000000D  SL1:    .string 13,10,13,10,0
         00000001 0000000A 
         00000002 0000000D 
         00000003 0000000A 
         00000004 00000000 
    1103 00000005 0000004D  SL2:    .string "Mechatronics Course %d",13,10,0
         00000006 00000065 
         00000007 00000063 
         00000008 00000068 
         00000009 00000061 
         0000000a 00000074 
         0000000b 00000072 
         0000000c 0000006F 
         0000000d 0000006E 
         0000000e 00000069 
         0000000f 00000063 
         00000010 00000073 
         00000011 00000020 
         00000012 00000043 
         00000013 0000006F 
         00000014 00000075 
         00000015 00000072 
         00000016 00000073 
         00000017 00000065 
         00000018 00000020 
         00000019 00000025 
         0000001a 00000064 
         0000001b 0000000D 
         0000001c 0000000A 
         0000001d 00000000 
    1104 0000001e 00000046  SL3:    .string "FPGA Ver%2x.%02x",13,10,0
         0000001f 00000050 
         00000020 00000047 
         00000021 00000041 
         00000022 00000020 
         00000023 00000056 
         00000024 00000065 
         00000025 00000072 
         00000026 00000025 
         00000027 00000032 
         00000028 00000078 
         00000029 0000002E 
         0000002a 00000025 
         0000002b 00000030 
         0000002c 00000032 
         0000002d 00000078 
         0000002e 0000000D 
         0000002f 0000000A 
         00000030 00000000 
    1105 00000031 0000003D  SL4:    .string "==== Timer Check: %d ====",13,10,0
         00000032 0000003D 
         00000033 0000003D 
         00000034 0000003D 
         00000035 00000020 
TMS320C6x COFF Assembler         Version 4.10     Thu May 30 11:25:39 2024
Copyright (c) 1996-2001 Texas Instruments Incorporated
temp\main.asm                                                        PAGE   22

         00000036 00000054 
         00000037 00000069 
         00000038 0000006D 
         00000039 00000065 
         0000003a 00000072 
         0000003b 00000020 
         0000003c 00000043 
         0000003d 00000068 
         0000003e 00000065 
         0000003f 00000063 
         00000040 0000006B 
         00000041 0000003A 
         00000042 00000020 
         00000043 00000025 
         00000044 00000064 
         00000045 00000020 
         00000046 0000003D 
         00000047 0000003D 
         00000048 0000003D 
         00000049 0000003D 
         0000004a 0000000D 
         0000004b 0000000A 
         0000004c 00000000 
    1106 0000004d 00000070  SL5:    .string "pendulum pos: %6.2f ",13,10,0
         0000004e 00000065 
         0000004f 0000006E 
         00000050 00000064 
         00000051 00000075 
         00000052 0000006C 
         00000053 00000075 
         00000054 0000006D 
         00000055 00000020 
         00000056 00000070 
         00000057 0000006F 
         00000058 00000073 
         00000059 0000003A 
         0000005a 00000020 
         0000005b 00000025 
         0000005c 00000036 
         0000005d 0000002E 
         0000005e 00000032 
         0000005f 00000066 
         00000060 00000020 
         00000061 0000000D 
         00000062 0000000A 
         00000063 00000000 
    1107 00000064 00000063  SL6:    .string "cart encoder: %6.2f ",13,10,0
         00000065 00000061 
         00000066 00000072 
         00000067 00000074 
         00000068 00000020 
         00000069 00000065 
         0000006a 0000006E 
         0000006b 00000063 
         0000006c 0000006F 
TMS320C6x COFF Assembler         Version 4.10     Thu May 30 11:25:39 2024
Copyright (c) 1996-2001 Texas Instruments Incorporated
temp\main.asm                                                        PAGE   23

         0000006d 00000064 
         0000006e 00000065 
         0000006f 00000072 
         00000070 0000003A 
         00000071 00000020 
         00000072 00000025 
         00000073 00000036 
         00000074 0000002E 
         00000075 00000032 
         00000076 00000066 
         00000077 00000020 
         00000078 0000000D 
         00000079 0000000A 
         0000007a 00000000 
    1108 0000007b 0000003C  SL7:    .string "<< Swing-up debugging >> ",13,10,0
         0000007c 0000003C 
         0000007d 00000020 
         0000007e 00000053 
         0000007f 00000077 
         00000080 00000069 
         00000081 0000006E 
         00000082 00000067 
         00000083 0000002D 
         00000084 00000075 
         00000085 00000070 
         00000086 00000020 
         00000087 00000064 
         00000088 00000065 
         00000089 00000062 
         0000008a 00000075 
         0000008b 00000067 
         0000008c 00000067 
         0000008d 00000069 
         0000008e 0000006E 
         0000008f 00000067 
         00000090 00000020 
         00000091 0000003E 
         00000092 0000003E 
         00000093 00000020 
         00000094 0000000D 
         00000095 0000000A 
         00000096 00000000 
    1109 00000097 00000020  SL8:    .string "   mostPlusPos: %6.2f ",13,10,0
         00000098 00000020 
         00000099 00000020 
         0000009a 0000006D 
         0000009b 0000006F 
         0000009c 00000073 
         0000009d 00000074 
         0000009e 00000050 
         0000009f 0000006C 
         000000a0 00000075 
         000000a1 00000073 
         000000a2 00000050 
         000000a3 0000006F 
TMS320C6x COFF Assembler         Version 4.10     Thu May 30 11:25:39 2024
Copyright (c) 1996-2001 Texas Instruments Incorporated
temp\main.asm                                                        PAGE   24

         000000a4 00000073 
         000000a5 0000003A 
         000000a6 00000020 
         000000a7 00000025 
         000000a8 00000036 
         000000a9 0000002E 
         000000aa 00000032 
         000000ab 00000066 
         000000ac 00000020 
         000000ad 0000000D 
         000000ae 0000000A 
         000000af 00000000 
    1110 000000b0 00000020  SL9:    .string "   prevPendPos: %6.2f ",13,10,0
         000000b1 00000020 
         000000b2 00000020 
         000000b3 00000070 
         000000b4 00000072 
         000000b5 00000065 
         000000b6 00000076 
         000000b7 00000050 
         000000b8 00000065 
         000000b9 0000006E 
         000000ba 00000064 
         000000bb 00000050 
         000000bc 0000006F 
         000000bd 00000073 
         000000be 0000003A 
         000000bf 00000020 
         000000c0 00000025 
         000000c1 00000036 
         000000c2 0000002E 
         000000c3 00000032 
         000000c4 00000066 
         000000c5 00000020 
         000000c6 0000000D 
         000000c7 0000000A 
         000000c8 00000000 
    1111 000000c9 00000020  SL10:   .string "   remainedAngleToTheGoal: %6.2f ",13,10,0
         000000ca 00000020 
         000000cb 00000020 
         000000cc 00000072 
         000000cd 00000065 
         000000ce 0000006D 
         000000cf 00000061 
         000000d0 00000069 
         000000d1 0000006E 
         000000d2 00000065 
         000000d3 00000064 
         000000d4 00000041 
         000000d5 0000006E 
         000000d6 00000067 
         000000d7 0000006C 
         000000d8 00000065 
         000000d9 00000054 
         000000da 0000006F 
TMS320C6x COFF Assembler         Version 4.10     Thu May 30 11:25:39 2024
Copyright (c) 1996-2001 Texas Instruments Incorporated
temp\main.asm                                                        PAGE   25

         000000db 00000054 
         000000dc 00000068 
         000000dd 00000065 
         000000de 00000047 
         000000df 0000006F 
         000000e0 00000061 
         000000e1 0000006C 
         000000e2 0000003A 
         000000e3 00000020 
         000000e4 00000025 
         000000e5 00000036 
         000000e6 0000002E 
         000000e7 00000032 
         000000e8 00000066 
         000000e9 00000020 
         000000ea 0000000D 
         000000eb 0000000A 
         000000ec 00000000 
    1112 000000ed 0000000D  SL11:   .string 13,10,0
         000000ee 0000000A 
         000000ef 00000000 
    1113                    ;******************************************************************************
    1114                    ;* UNDEFINED EXTERNAL REFERENCES                                              *
    1115                    ;******************************************************************************
    1116                            .global _sprintf
    1117                            .global _InitUART
    1118                            .global _Report
    1119                            .global _InitUSBMon
    1120                            .global _tmp_string
    1121                            .global _TFlag
    1122                            .global _y_pend
    1123                            .global _mostPlusPos
    1124                            .global _prevPendPos
    1125                            .global _remainedAngleToTheGoal
    1126                            .global __divd

No Assembly Errors, No Assembly Warnings
